#
# A fatal error has been detected by the Java Runtime Environment:
#
#  SIGSEGV (0xb) at pc=0x000000012dccd977, pid=21779, tid=64515
#
# JRE version: Java(TM) SE Runtime Environment (8.0_45-b14) (build 1.8.0_45-b14)
# Java VM: Java HotSpot(TM) 64-Bit Server VM (25.45-b02 mixed mode bsd-amd64 compressed oops)
# Problematic frame:
# C  [libCLIPSJNI2.jnilib+0x86977]  DestroyPMDependencies+0x27
#
# Failed to write core dump. Core dumps have been disabled. To enable core dumping, try "ulimit -c unlimited" before starting Java again
#
# If you would like to submit a bug report, please visit:
#   http://bugreport.java.com/bugreport/crash.jsp
# The crash happened outside the Java Virtual Machine in native code.
# See problematic frame for where to report the bug.
#

---------------  T H R E A D  ---------------

Current thread (0x00007fde6ab53000):  JavaThread "AWT-EventQueue-0" [_thread_in_native, id=64515, stack(0x0000700006329000,0x0000700006429000)]

siginfo: si_signo: 11 (SIGSEGV), si_code: 1 (SEGV_MAPERR), si_addr: 0x0000000000000010

Registers:
RAX=0x0000000000000008, RBX=0x000000012d94cca0, RCX=0x00007fde6ac4f400, RDX=0x00007fde6ac4f400
RSP=0x0000700006426490, RBP=0x0000700006426490, RSI=0x00007fde6f63add0, RDI=0x00007fde6f13cda0
R8 =0x000000000000000a, R9 =0x00007fde6f620002, R10=0x0000000000000001, R11=0x000000000000000d
R12=0x0000000000000000, R13=0x000000012d94cca0, R14=0x00007000064267a0, R15=0x00007fde6ab53000
RIP=0x000000012dccd977, EFLAGS=0x0000000000010202, ERR=0x0000000000000004
  TRAPNO=0x000000000000000e

Top of Stack: (sp=0x0000700006426490)
0x0000700006426490:   00007000064264c0 000000012dd1141f
0x00007000064264a0:   0000700006426500 000000012dcfc037
0x00007000064264b0:   00007fde6f4766b0 00007fde6f13cda0
0x00007000064264c0:   00007000064264f0 000000012dd0f7b4
0x00007000064264d0:   00007fde6f12aaf0 00007fde6f4766b0
0x00007000064264e0:   00007fde6f4766b0 00007fde6f13cda0
0x00007000064264f0:   0000700006426530 000000012dd104b6
0x0000700006426500:   0000700006426520 00007fde6f634d90
0x0000700006426510:   00007fde6f6348d0 000000006f13cda0
0x0000700006426520:   00007fde6f4ab9c0 00007fde6f13cda0
0x0000700006426530:   0000700006426560 000000012dc8dc6c
0x0000700006426540:   00007fde6f486840 00007fde6f4ab770
0x0000700006426550:   00007fde6f4ab9c0 00007fde6f13cda0
0x0000700006426560:   00007000064265a0 000000012dd35a7d
0x0000700006426570:   0000000000000000 0000000000000000
0x0000700006426580:   0000000000000000 00007fde6f5597f0
0x0000700006426590:   00007fde6f5597f0 00007fde6f13cda0
0x00007000064265a0:   00007000064265d0 000000012dd3598c
0x00007000064265b0:   00007fde6f5597f0 0000000000000000
0x00007000064265c0:   00007fde6f5597f0 00007fde6f13cda0
0x00007000064265d0:   0000700006426630 000000012dc6949c
0x00007000064265e0:   00007fde6f4728a0 0000000000000002
0x00007000064265f0:   00007fde6f559520 00007fde6f48cc90
0x0000700006426600:   00007fde6f5597f0 0000000000000000
0x0000700006426610:   0000000500000000 000000012dd35950
0x0000700006426620:   00007fde6f13cda0 00007fde6f13cda0
0x0000700006426630:   0000700006426660 000000012dd35219
0x0000700006426640:   0000000000000000 0000000000000000
0x0000700006426650:   0000000000000000 00007fde6f13cda0
0x0000700006426660:   00007000064266c0 000000012dc844b5
0x0000700006426670:   00007000064266f0 0000000000000001
0x0000700006426680:   00007000064266e8 00000000000113e4 

Instructions: (pc=0x000000012dccd977)
0x000000012dccd957:   f8 48 89 75 f0 48 8b 75 f0 48 8b 76 20 48 89 75
0x000000012dccd967:   e8 48 83 7d e8 00 0f 84 8d 00 00 00 48 8b 45 e8
0x000000012dccd977:   48 8b 40 08 48 89 45 e0 48 8b 45 e8 48 8b 4d f8
0x000000012dccd987:   48 8b 49 30 48 8b 89 d8 01 00 00 48 89 41 20 48 

Register to memory mapping:

RAX=0x0000000000000008 is an unknown value
RBX={method} {0x000000012d94cca0} 'destroyEnvironment' '(J)V' in 'net/sf/clipsrules/jni/Environment'
RCX=0x00007fde6ac4f400 is an unknown value
RDX=0x00007fde6ac4f400 is an unknown value
RSP=0x0000700006426490 is pointing into the stack for thread: 0x00007fde6ab53000
RBP=0x0000700006426490 is pointing into the stack for thread: 0x00007fde6ab53000
RSI=0x00007fde6f63add0 is an unknown value
RDI=0x00007fde6f13cda0 is an unknown value
R8 =0x000000000000000a is an unknown value
R9 =0x00007fde6f620002 is an unknown value
R10=0x0000000000000001 is an unknown value
R11=0x000000000000000d is an unknown value
R12=0x0000000000000000 is an unknown value
R13={method} {0x000000012d94cca0} 'destroyEnvironment' '(J)V' in 'net/sf/clipsrules/jni/Environment'
R14=0x00007000064267a0 is pointing into the stack for thread: 0x00007fde6ab53000
R15=0x00007fde6ab53000 is a thread


Stack: [0x0000700006329000,0x0000700006429000],  sp=0x0000700006426490,  free space=1013k
Native frames: (J=compiled Java code, j=interpreted, Vv=VM code, C=native code)
C  [libCLIPSJNI2.jnilib+0x86977]  DestroyPMDependencies+0x27
C  [libCLIPSJNI2.jnilib+0xca41f]  DestroyPartialMatch+0x8f
C  [libCLIPSJNI2.jnilib+0xc87b4]  DestroyAlphaBetaMemory+0x34
C  [libCLIPSJNI2.jnilib+0xc94b6]  DestroyAlphaMemory+0x46
C  [libCLIPSJNI2.jnilib+0x46c6c]  DestroyFactPatternNetwork+0x5c
C  [libCLIPSJNI2.jnilib+0xeea7d]  DestroyDeftemplate+0xdd
C  [libCLIPSJNI2.jnilib+0xee98c]  DestroyDeftemplateAction+0x3c
C  [libCLIPSJNI2.jnilib+0x2249c]  DoForAllConstructs+0xcc
C  [libCLIPSJNI2.jnilib+0xee219]  DeallocateDeftemplateData+0x49
C  [libCLIPSJNI2.jnilib+0x3d4b5]  DestroyEnvironment+0x85
C  [libCLIPSJNI2.jnilib+0xfbc81]  Java_net_sf_clipsrules_jni_Environment_destroyEnvironment+0x41
j  net.sf.clipsrules.jni.Environment.destroyEnvironment(J)V+0
j  net.sf.clipsrules.jni.Environment.destroy()V+5
j  org.clipsmonitor.clips.ClipsCore.clearInstance()V+13
j  org.clipsmonitor.core.MonitorCore.resetApplication()V+0
j  org.clipsmonitor.gui.ControlsTopComponent.resetButtonActionPerformed(Ljava/awt/event/ActionEvent;)V+4
j  org.clipsmonitor.gui.ControlsTopComponent.access$1000(Lorg/clipsmonitor/gui/ControlsTopComponent;Ljava/awt/event/ActionEvent;)V+2
j  org.clipsmonitor.gui.ControlsTopComponent$9.actionPerformed(Ljava/awt/event/ActionEvent;)V+5
j  javax.swing.AbstractButton.fireActionPerformed(Ljava/awt/event/ActionEvent;)V+83
j  javax.swing.AbstractButton$Handler.actionPerformed(Ljava/awt/event/ActionEvent;)V+5
j  javax.swing.DefaultButtonModel.fireActionPerformed(Ljava/awt/event/ActionEvent;)V+34
j  javax.swing.DefaultButtonModel.setPressed(Z)V+117
j  javax.swing.plaf.basic.BasicButtonListener.mouseReleased(Ljava/awt/event/MouseEvent;)V+35
j  java.awt.AWTEventMulticaster.mouseReleased(Ljava/awt/event/MouseEvent;)V+8
J 5995 C1 java.awt.Component.processMouseEvent(Ljava/awt/event/MouseEvent;)V (100 bytes) @ 0x0000000114532c6c [0x00000001145328e0+0x38c]

Java frames: (J=compiled Java code, j=interpreted, Vv=VM code)
j  net.sf.clipsrules.jni.Environment.destroyEnvironment(J)V+0
j  net.sf.clipsrules.jni.Environment.destroy()V+5
j  org.clipsmonitor.clips.ClipsCore.clearInstance()V+13
j  org.clipsmonitor.core.MonitorCore.resetApplication()V+0
j  org.clipsmonitor.gui.ControlsTopComponent.resetButtonActionPerformed(Ljava/awt/event/ActionEvent;)V+4
j  org.clipsmonitor.gui.ControlsTopComponent.access$1000(Lorg/clipsmonitor/gui/ControlsTopComponent;Ljava/awt/event/ActionEvent;)V+2
j  org.clipsmonitor.gui.ControlsTopComponent$9.actionPerformed(Ljava/awt/event/ActionEvent;)V+5
j  javax.swing.AbstractButton.fireActionPerformed(Ljava/awt/event/ActionEvent;)V+83
j  javax.swing.AbstractButton$Handler.actionPerformed(Ljava/awt/event/ActionEvent;)V+5
j  javax.swing.DefaultButtonModel.fireActionPerformed(Ljava/awt/event/ActionEvent;)V+34
j  javax.swing.DefaultButtonModel.setPressed(Z)V+117
j  javax.swing.plaf.basic.BasicButtonListener.mouseReleased(Ljava/awt/event/MouseEvent;)V+35
j  java.awt.AWTEventMulticaster.mouseReleased(Ljava/awt/event/MouseEvent;)V+8
J 5995 C1 java.awt.Component.processMouseEvent(Ljava/awt/event/MouseEvent;)V (100 bytes) @ 0x0000000114532c6c [0x00000001145328e0+0x38c]
J 5994 C1 javax.swing.JComponent.processMouseEvent(Ljava/awt/event/MouseEvent;)V (27 bytes) @ 0x00000001144c9fa4 [0x00000001144c9de0+0x1c4]
J 6312 C2 java.awt.Container.processEvent(Ljava/awt/AWTEvent;)V (22 bytes) @ 0x0000000114a59ee4 [0x0000000114a59dc0+0x124]
J 6302 C2 java.awt.Component.dispatchEventImpl(Ljava/awt/AWTEvent;)V (883 bytes) @ 0x0000000114a5eb6c [0x0000000114a5de20+0xd4c]
J 6621 C2 java.awt.Container.dispatchEventImpl(Ljava/awt/AWTEvent;)V (129 bytes) @ 0x0000000114b08008 [0x0000000114b07a60+0x5a8]
J 5649 C2 java.awt.LightweightDispatcher.retargetMouseEvent(Ljava/awt/Component;ILjava/awt/event/MouseEvent;)V (350 bytes) @ 0x0000000114994548 [0x0000000114993f80+0x5c8]
J 6621 C2 java.awt.Container.dispatchEventImpl(Ljava/awt/AWTEvent;)V (129 bytes) @ 0x0000000114b07d74 [0x0000000114b07a60+0x314]
J 6847 C1 java.awt.Window.dispatchEventImpl(Ljava/awt/AWTEvent;)V (23 bytes) @ 0x0000000114c0b80c [0x0000000114c0b220+0x5ec]
J 5696 C2 java.awt.EventQueue$3.run()Ljava/lang/Object; (5 bytes) @ 0x0000000113bee9c4 [0x0000000113bee640+0x384]
v  ~StubRoutines::call_stub
J 952  java.security.AccessController.doPrivileged(Ljava/security/PrivilegedAction;Ljava/security/AccessControlContext;)Ljava/lang/Object; (0 bytes) @ 0x0000000113caeea3 [0x0000000113caee40+0x63]
J 5724 C2 java.awt.EventQueue$4.run()Ljava/lang/Object; (5 bytes) @ 0x0000000113cf773c [0x0000000113cf7620+0x11c]
v  ~StubRoutines::call_stub
J 952  java.security.AccessController.doPrivileged(Ljava/security/PrivilegedAction;Ljava/security/AccessControlContext;)Ljava/lang/Object; (0 bytes) @ 0x0000000113caeea3 [0x0000000113caee40+0x63]
J 5701 C2 org.netbeans.core.TimableEventQueue.dispatchEvent(Ljava/awt/AWTEvent;)V (43 bytes) @ 0x00000001145b9f9c [0x00000001145b9740+0x85c]
J 5695 C2 java.awt.EventDispatchThread.pumpOneEventForFilters(I)V (295 bytes) @ 0x000000011469eab4 [0x000000011469e580+0x534]
j  java.awt.EventDispatchThread.pumpEventsForFilter(ILjava/awt/Conditional;Ljava/awt/EventFilter;)V+35
j  java.awt.EventDispatchThread.pumpEventsForHierarchy(ILjava/awt/Conditional;Ljava/awt/Component;)V+11
j  java.awt.EventDispatchThread.pumpEvents(ILjava/awt/Conditional;)V+4
j  java.awt.EventDispatchThread.pumpEvents(Ljava/awt/Conditional;)V+3
j  java.awt.EventDispatchThread.run()V+9
v  ~StubRoutines::call_stub

---------------  P R O C E S S  ---------------

Java Threads: ( => current thread )
  0x00007fde7272f800 JavaThread "Thread-28" [_thread_in_native, id=73051, stack(0x0000700006ac1000,0x0000700006bc1000)]
  0x00007fde72385000 JavaThread "Inactive RequestProcessor thread [Was:TimedSoftReference/org.openide.util.TimedSoftReference]" daemon [_thread_blocked, id=41307, stack(0x00007000065b2000,0x00007000066b2000)]
  0x00007fde72172000 JavaThread "RequestProcessor queue manager" daemon [_thread_blocked, id=77847, stack(0x0000700005e1a000,0x0000700005f1a000)]
  0x00007fde6a97d000 JavaThread "Thread-3" [_thread_blocked, id=4275, stack(0x0000700005f1d000,0x000070000601d000)]
  0x00007fde6a4e2800 JavaThread "DestroyJavaVM" [_thread_blocked, id=7171, stack(0x0000700004b5e000,0x0000700004c5e000)]
  0x00007fde6f8cf000 JavaThread "TimerQueue" daemon [_thread_blocked, id=75267, stack(0x00007000068bb000,0x00007000069bb000)]
  0x00007fde6a3d2000 JavaThread "Thread-2" daemon [_thread_blocked, id=74503, stack(0x00007000067b8000,0x00007000068b8000)]
  0x00007fde6a550000 JavaThread "File Watcher" daemon [_thread_blocked, id=71183, stack(0x00007000066b5000,0x00007000067b5000)]
  0x00007fde6b916000 JavaThread "Thread-1" daemon [_thread_in_native, id=68675, stack(0x00007000064af000,0x00007000065af000)]
=>0x00007fde6ab53000 JavaThread "AWT-EventQueue-0" [_thread_in_native, id=64515, stack(0x0000700006329000,0x0000700006429000)]
  0x00007fde6aaf2800 JavaThread "Java2D Disposer" daemon [_thread_blocked, id=64015, stack(0x0000700006226000,0x0000700006326000)]
  0x00007fde6aaf9800 JavaThread "Java2D Queue Flusher" daemon [_thread_blocked, id=60939, stack(0x0000700006123000,0x0000700006223000)]
  0x00007fde6a1bc000 JavaThread "AWT-Shutdown" [_thread_blocked, id=30751, stack(0x0000700005c11000,0x0000700005d11000)]
  0x00007fde6aa69000 JavaThread "AppKit Thread" daemon [_thread_in_native, id=775, stack(0x00007fff52bc3000,0x00007fff533c3000)]
  0x00007fde6b11e800 JavaThread "CLI Requests Server" daemon [_thread_in_native, id=20227, stack(0x0000700005a8b000,0x0000700005b8b000)]
  0x00007fde6b87c800 JavaThread "Active Reference Queue Daemon" daemon [_thread_blocked, id=19715, stack(0x0000700005988000,0x0000700005a88000)]
  0x00007fde6a85f000 JavaThread "Service Thread" daemon [_thread_blocked, id=18691, stack(0x0000700005782000,0x0000700005882000)]
  0x00007fde6b048800 JavaThread "C1 CompilerThread2" daemon [_thread_blocked, id=18179, stack(0x000070000567f000,0x000070000577f000)]
  0x00007fde6b047800 JavaThread "C2 CompilerThread1" daemon [_thread_blocked, id=17667, stack(0x000070000557c000,0x000070000567c000)]
  0x00007fde6b046000 JavaThread "C2 CompilerThread0" daemon [_thread_blocked, id=17155, stack(0x0000700005479000,0x0000700005579000)]
  0x00007fde6b022800 JavaThread "Signal Dispatcher" daemon [_thread_blocked, id=16643, stack(0x0000700005376000,0x0000700005476000)]
  0x00007fde6b015800 JavaThread "Finalizer" daemon [_thread_blocked, id=12547, stack(0x0000700005273000,0x0000700005373000)]
  0x00007fde6b015000 JavaThread "Reference Handler" daemon [_thread_blocked, id=12035, stack(0x0000700005170000,0x0000700005270000)]

Other Threads:
  0x00007fde6b807000 VMThread [stack: 0x000070000506d000,0x000070000516d000] [id=11523]
  0x00007fde6a834000 WatcherThread [stack: 0x0000700005885000,0x0000700005985000] [id=19203]

VM state:not at safepoint (normal execution)

VM Mutex/Monitor currently owned by a thread: None

Heap:
 PSYoungGen      total 654848K, used 328215K [0x0000000795580000, 0x00000007bf380000, 0x00000007c0000000)
  eden space 643072K, 49% used [0x0000000795580000,0x00000007a8a8dce0,0x00000007bc980000)
  from space 11776K, 99% used [0x00000007be780000,0x00000007bf2f8288,0x00000007bf300000)
  to   space 512K, 0% used [0x00000007bf300000,0x00000007bf300000,0x00000007bf380000)
 ParOldGen       total 104448K, used 44908K [0x0000000740000000, 0x0000000746600000, 0x0000000795580000)
  object space 104448K, 42% used [0x0000000740000000,0x0000000742bdb3c8,0x0000000746600000)
 Metaspace       used 35367K, capacity 37036K, committed 37248K, reserved 1081344K
  class space    used 4341K, capacity 4916K, committed 4992K, reserved 1048576K

Card table byte_map: [0x000000010e529000,0x000000010e92a000] byte_map_base: 0x000000010ab29000

Marking Bits: (ParMarkBitMap*) 0x000000010dac27a0
 Begin Bits: [0x000000010ebd5000, 0x0000000110bd5000)
 End Bits:   [0x0000000110bd5000, 0x0000000112bd5000)

Polling page: 0x000000010c8fd000

CodeCache: size=245760Kb used=19207Kb max_used=19218Kb free=226552Kb
 bounds [0x000000011393f000, 0x0000000114c2f000, 0x000000012293f000]
 total_blobs=6182 nmethods=5528 adapters=564
 compilation: enabled

Compilation events (10 events):
Event: 2487.166 Thread 0x00007fde6b048800 6870       3       org.openide.util.WeakSet$SharedKeyWeakHashMap::getEntry (74 bytes)
Event: 2487.168 Thread 0x00007fde6b048800 nmethod 6870 0x0000000114c1ed50 code [0x0000000114c1ef40, 0x0000000114c1f768]
Event: 2487.168 Thread 0x00007fde6b048800 6868       3       org.openide.util.WeakSet::contains (9 bytes)
Event: 2487.169 Thread 0x00007fde6b048800 nmethod 6868 0x0000000114c18ed0 code [0x0000000114c19040, 0x0000000114c19388]
Event: 2487.169 Thread 0x00007fde6b048800 6869       3       org.openide.util.WeakSet$SharedKeyWeakHashMap::containsKey (14 bytes)
Event: 2487.170 Thread 0x00007fde6b048800 nmethod 6869 0x0000000114c19b90 code [0x0000000114c19d00, 0x0000000114c19f68]
Event: 2487.170 Thread 0x00007fde6b048800 6871   !   3       org.openide.windows.TopComponent::getLookup (129 bytes)
Event: 2487.170 Thread 0x00007fde6b047800 6872       4       java.util.IdentityHashMap$IdentityHashMapIterator::nextIndex (72 bytes)
Event: 2487.172 Thread 0x00007fde6b048800 nmethod 6871 0x0000000114c1fad0 code [0x0000000114c1fd00, 0x0000000114c20f38]
Event: 2487.172 Thread 0x00007fde6b047800 nmethod 6872 0x0000000114c19890 code [0x0000000114c199e0, 0x0000000114c19ab8]

GC Heap History (10 events):
Event: 118.924 GC heap before
{Heap before GC invocations=23 (full 2):
 PSYoungGen      total 683520K, used 670822K [0x0000000795580000, 0x00000007bfe80000, 0x00000007c0000000)
  eden space 669696K, 100% used [0x0000000795580000,0x00000007be380000,0x00000007be380000)
  from space 13824K, 8% used [0x00000007bf100000,0x00000007bf2198e8,0x00000007bfe80000)
  to   space 13824K, 0% used [0x00000007be380000,0x00000007be380000,0x00000007bf100000)
 ParOldGen       total 104448K, used 39377K [0x0000000740000000, 0x0000000746600000, 0x0000000795580000)
  object space 104448K, 37% used [0x0000000740000000,0x0000000742674518,0x0000000746600000)
 Metaspace       used 34699K, capacity 36338K, committed 36480K, reserved 1081344K
  class space    used 4319K, capacity 4879K, committed 4992K, reserved 1048576K
Event: 118.932 GC heap after
Heap after GC invocations=23 (full 2):
 PSYoungGen      total 683520K, used 754K [0x0000000795580000, 0x00000007bff00000, 0x00000007c0000000)
  eden space 669696K, 0% used [0x0000000795580000,0x0000000795580000,0x00000007be380000)
  from space 13824K, 5% used [0x00000007be380000,0x00000007be43c8b8,0x00000007bf100000)
  to   space 13312K, 0% used [0x00000007bf200000,0x00000007bf200000,0x00000007bff00000)
 ParOldGen       total 104448K, used 39901K [0x0000000740000000, 0x0000000746600000, 0x0000000795580000)
  object space 104448K, 38% used [0x0000000740000000,0x00000007426f7448,0x0000000746600000)
 Metaspace       used 34699K, capacity 36338K, committed 36480K, reserved 1081344K
  class space    used 4319K, capacity 4879K, committed 4992K, reserved 1048576K
}
Event: 121.773 GC heap before
{Heap before GC invocations=24 (full 2):
 PSYoungGen      total 683520K, used 670450K [0x0000000795580000, 0x00000007bff00000, 0x00000007c0000000)
  eden space 669696K, 100% used [0x0000000795580000,0x00000007be380000,0x00000007be380000)
  from space 13824K, 5% used [0x00000007be380000,0x00000007be43c8b8,0x00000007bf100000)
  to   space 13312K, 0% used [0x00000007bf200000,0x00000007bf200000,0x00000007bff00000)
 ParOldGen       total 104448K, used 39901K [0x0000000740000000, 0x0000000746600000, 0x0000000795580000)
  object space 104448K, 38% used [0x0000000740000000,0x00000007426f7448,0x0000000746600000)
 Metaspace       used 34747K, capacity 36466K, committed 36736K, reserved 1081344K
  class space    used 4319K, capacity 4879K, committed 4992K, reserved 1048576K
Event: 121.776 GC heap after
Heap after GC invocations=24 (full 2):
 PSYoungGen      total 684544K, used 797K [0x0000000795580000, 0x00000007bfe80000, 0x00000007c0000000)
  eden space 671744K, 0% used [0x0000000795580000,0x0000000795580000,0x00000007be580000)
  from space 12800K, 6% used [0x00000007bf200000,0x00000007bf2c7628,0x00000007bfe80000)
  to   space 12800K, 0% used [0x00000007be580000,0x00000007be580000,0x00000007bf200000)
 ParOldGen       total 104448K, used 39909K [0x0000000740000000, 0x0000000746600000, 0x0000000795580000)
  object space 104448K, 38% used [0x0000000740000000,0x00000007426f9448,0x0000000746600000)
 Metaspace       used 34747K, capacity 36466K, committed 36736K, reserved 1081344K
  class space    used 4319K, capacity 4879K, committed 4992K, reserved 1048576K
}
Event: 141.104 GC heap before
{Heap before GC invocations=25 (full 2):
 PSYoungGen      total 684544K, used 672541K [0x0000000795580000, 0x00000007bfe80000, 0x00000007c0000000)
  eden space 671744K, 100% used [0x0000000795580000,0x00000007be580000,0x00000007be580000)
  from space 12800K, 6% used [0x00000007bf200000,0x00000007bf2c7628,0x00000007bfe80000)
  to   space 12800K, 0% used [0x00000007be580000,0x00000007be580000,0x00000007bf200000)
 ParOldGen       total 104448K, used 39909K [0x0000000740000000, 0x0000000746600000, 0x0000000795580000)
  object space 104448K, 38% used [0x0000000740000000,0x00000007426f9448,0x0000000746600000)
 Metaspace       used 34795K, capacity 36466K, committed 36736K, reserved 1081344K
  class space    used 4319K, capacity 4879K, committed 4992K, reserved 1048576K
Event: 141.107 GC heap after
Heap after GC invocations=25 (full 2):
 PSYoungGen      total 684544K, used 1388K [0x0000000795580000, 0x00000007bff00000, 0x00000007c0000000)
  eden space 671744K, 0% used [0x0000000795580000,0x0000000795580000,0x00000007be580000)
  from space 12800K, 10% used [0x00000007be580000,0x00000007be6db100,0x00000007bf200000)
  to   space 12288K, 0% used [0x00000007bf300000,0x00000007bf300000,0x00000007bff00000)
 ParOldGen       total 104448K, used 39917K [0x0000000740000000, 0x0000000746600000, 0x0000000795580000)
  object space 104448K, 38% used [0x0000000740000000,0x00000007426fb448,0x0000000746600000)
 Metaspace       used 34795K, capacity 36466K, committed 36736K, reserved 1081344K
  class space    used 4319K, capacity 4879K, committed 4992K, reserved 1048576K
}
Event: 164.949 GC heap before
{Heap before GC invocations=26 (full 2):
 PSYoungGen      total 684544K, used 673132K [0x0000000795580000, 0x00000007bff00000, 0x00000007c0000000)
  eden space 671744K, 100% used [0x0000000795580000,0x00000007be580000,0x00000007be580000)
  from space 12800K, 10% used [0x00000007be580000,0x00000007be6db100,0x00000007bf200000)
  to   space 12288K, 0% used [0x00000007bf300000,0x00000007bf300000,0x00000007bff00000)
 ParOldGen       total 104448K, used 39917K [0x0000000740000000, 0x0000000746600000, 0x0000000795580000)
  object space 104448K, 38% used [0x0000000740000000,0x00000007426fb448,0x0000000746600000)
 Metaspace       used 34826K, capacity 36530K, committed 36736K, reserved 1081344K
  class space    used 4319K, capacity 4879K, committed 4992K, reserved 1048576K
Event: 164.952 GC heap after
Heap after GC invocations=26 (full 2):
 PSYoungGen      total 685568K, used 1759K [0x0000000795580000, 0x00000007bfe80000, 0x00000007c0000000)
  eden space 673792K, 0% used [0x0000000795580000,0x0000000795580000,0x00000007be780000)
  from space 11776K, 14% used [0x00000007bf300000,0x00000007bf4b7fb8,0x00000007bfe80000)
  to   space 11776K, 0% used [0x00000007be780000,0x00000007be780000,0x00000007bf300000)
 ParOldGen       total 104448K, used 39925K [0x0000000740000000, 0x0000000746600000, 0x0000000795580000)
  object space 104448K, 38% used [0x0000000740000000,0x00000007426fd448,0x0000000746600000)
 Metaspace       used 34826K, capacity 36530K, committed 36736K, reserved 1081344K
  class space    used 4319K, capacity 4879K, committed 4992K, reserved 1048576K
}
Event: 2457.642 GC heap before
{Heap before GC invocations=27 (full 2):
 PSYoungGen      total 685568K, used 675551K [0x0000000795580000, 0x00000007bfe80000, 0x00000007c0000000)
  eden space 673792K, 100% used [0x0000000795580000,0x00000007be780000,0x00000007be780000)
  from space 11776K, 14% used [0x00000007bf300000,0x00000007bf4b7fb8,0x00000007bfe80000)
  to   space 11776K, 0% used [0x00000007be780000,0x00000007be780000,0x00000007bf300000)
 ParOldGen       total 104448K, used 39925K [0x0000000740000000, 0x0000000746600000, 0x0000000795580000)
  object space 104448K, 38% used [0x0000000740000000,0x00000007426fd448,0x0000000746600000)
 Metaspace       used 35152K, capacity 36838K, committed 36992K, reserved 1081344K
  class space    used 4339K, capacity 4915K, committed 4992K, reserved 1048576K
Event: 2457.657 GC heap after
Heap after GC invocations=27 (full 2):
 PSYoungGen      total 654848K, used 11744K [0x0000000795580000, 0x00000007bf380000, 0x00000007c0000000)
  eden space 643072K, 0% used [0x0000000795580000,0x0000000795580000,0x00000007bc980000)
  from space 11776K, 99% used [0x00000007be780000,0x00000007bf2f8288,0x00000007bf300000)
  to   space 512K, 0% used [0x00000007bf300000,0x00000007bf300000,0x00000007bf380000)
 ParOldGen       total 104448K, used 44908K [0x0000000740000000, 0x0000000746600000, 0x0000000795580000)
  object space 104448K, 42% used [0x0000000740000000,0x0000000742bdb3c8,0x0000000746600000)
 Metaspace       used 35152K, capacity 36838K, committed 36992K, reserved 1081344K
  class space    used 4339K, capacity 4915K, committed 4992K, reserved 1048576K
}

Deoptimization events (10 events):
Event: 2479.061 Thread 0x00007fde6ab53000 Uncommon trap: reason=unstable_if action=reinterpret pc=0x0000000114a23998 method=javax.swing.JComponent.paint(Ljava/awt/Graphics;)V @ 102
Event: 2479.098 Thread 0x00007fde6ab53000 Uncommon trap: reason=class_check action=maybe_recompile pc=0x0000000114869a34 method=java.awt.Container.getMouseEventTargetImpl(IIZLjava/awt/Container$EventTargetFilter;ZZ)Ljava/awt/Component; @ 191
Event: 2479.098 Thread 0x00007fde6ab53000 Uncommon trap: reason=unstable_if action=reinterpret pc=0x00000001143294e4 method=java.awt.LightweightDispatcher.processMouseEvent(Ljava/awt/event/MouseEvent;)Z @ 69
Event: 2479.536 Thread 0x00007fde6ab53000 Uncommon trap: reason=unstable_if action=reinterpret pc=0x0000000114adc2dc method=sun.java2d.pipe.PixelToParallelogramConverter.fillRect(Lsun/java2d/SunGraphics2D;IIII)V @ 2
Event: 2479.536 Thread 0x00007fde6ab53000 Uncommon trap: reason=unstable_if action=reinterpret pc=0x000000011431a5ec method=sun.java2d.pipe.PixelToParallelogramConverter.fillRect(Lsun/java2d/SunGraphics2D;IIII)V @ 7
Event: 2479.536 Thread 0x00007fde6ab53000 Uncommon trap: reason=unstable_if action=reinterpret pc=0x00000001145a28f4 method=sun.java2d.SunGraphics2D.setComposite(Ljava/awt/Composite;)V @ 5
Event: 2479.536 Thread 0x00007fde6ab53000 Uncommon trap: reason=unstable_if action=reinterpret pc=0x0000000114b10d8c method=sun.java2d.SunGraphics2D.checkFontInfo(Lsun/java2d/loops/FontInfo;Ljava/awt/Font;Ljava/awt/font/FontRenderContext;)Lsun/java2d/loops/FontInfo; @ 338
Event: 2479.572 Thread 0x00007fde6ab53000 Uncommon trap: reason=class_check action=maybe_recompile pc=0x000000011410f114 method=org.netbeans.core.windows.view.dnd.TopComponentDragSupport.eventDispatched(Ljava/awt/AWTEvent;)V @ 122
Event: 2480.376 Thread 0x00007fde6ab53000 Uncommon trap: reason=unstable_if action=reinterpret pc=0x0000000114b0b510 method=sun.java2d.pipe.BufferedMaskFill.MaskFill(Lsun/java2d/SunGraphics2D;Lsun/java2d/SurfaceData;Ljava/awt/Composite;IIII[BII)V @ 87
Event: 2485.031 Thread 0x00007fde6ab53000 Uncommon trap: reason=unstable_if action=reinterpret pc=0x0000000114b0d908 method=sun.java2d.pipe.BufferedMaskFill.MaskFill(Lsun/java2d/SunGraphics2D;Lsun/java2d/SurfaceData;Ljava/awt/Composite;IIII[BII)V @ 87

Internal exceptions (10 events):
Event: 42.895 Thread 0x00007fde6aa69000 Implicit null exception at 0x0000000114834f13 to 0x0000000114835f9d
Event: 112.788 Thread 0x00007fde6ab53000 Implicit null exception at 0x00000001149366dc to 0x000000011493731d
Event: 152.760 Thread 0x00007fde6ab53000 Implicit null exception at 0x00000001142be89b to 0x00000001142bf6dd
Event: 152.761 Thread 0x00007fde6ab53000 Implicit null exception at 0x0000000114228a1e to 0x0000000114229155
Event: 2454.241 Thread 0x00007fde6f8cf000 Implicit null exception at 0x00000001149b2b0a to 0x00000001149b309d
Event: 2457.189 Thread 0x00007fde6ab53000 Exception <a 'net/sf/clipsrules/jni/CLIPSError'> (0x000000079e5a3f08) thrown at [/Users/java_re/workspace/8-2-build-macosx-x86_64/jdk8u45/3457/hotspot/src/share/vm/prims/jni.cpp, line 709]
Event: 2457.192 Thread 0x00007fde6ab53000 Exception <a 'net/sf/clipsrules/jni/CLIPSError'> (0x000000079e5b2b38) thrown at [/Users/java_re/workspace/8-2-build-macosx-x86_64/jdk8u45/3457/hotspot/src/share/vm/prims/jni.cpp, line 709]
Event: 2457.244 Thread 0x00007fde6ab53000 Exception <a 'net/sf/clipsrules/jni/CLIPSError'> (0x000000079e5c50c8) thrown at [/Users/java_re/workspace/8-2-build-macosx-x86_64/jdk8u45/3457/hotspot/src/share/vm/prims/jni.cpp, line 709]
Event: 2487.259 Thread 0x00007fde6ab53000 Exception <a 'net/sf/clipsrules/jni/CLIPSError'> (0x00000007a8827cf8) thrown at [/Users/java_re/workspace/8-2-build-macosx-x86_64/jdk8u45/3457/hotspot/src/share/vm/prims/jni.cpp, line 709]
Event: 2487.259 Thread 0x00007fde6ab53000 Exception <a 'net/sf/clipsrules/jni/CLIPSError'> (0x00000007a8829220) thrown at [/Users/java_re/workspace/8-2-build-macosx-x86_64/jdk8u45/3457/hotspot/src/share/vm/prims/jni.cpp, line 709]

Events (10 events):
Event: 2479.573 Thread 0x00007fde6ab53000 DEOPT PACKING pc=0x000000011410f114 sp=0x0000700006426c40
Event: 2479.573 Thread 0x00007fde6ab53000 DEOPT UNPACKING pc=0x0000000113944229 sp=0x0000700006426b80 mode 2
Event: 2479.576 loading class javax/swing/plaf/basic/BasicRootPaneUI$Actions
Event: 2479.577 loading class javax/swing/plaf/basic/BasicRootPaneUI$Actions done
Event: 2480.376 Thread 0x00007fde6ab53000 Uncommon trap: trap_request=0xffffff65 fr.pc=0x0000000114b0b510
Event: 2480.376 Thread 0x00007fde6ab53000 DEOPT PACKING pc=0x0000000114b0b510 sp=0x0000700006424fa0
Event: 2480.376 Thread 0x00007fde6ab53000 DEOPT UNPACKING pc=0x0000000113944229 sp=0x0000700006424e78 mode 2
Event: 2485.031 Thread 0x00007fde6ab53000 Uncommon trap: trap_request=0xffffff65 fr.pc=0x0000000114b0d908
Event: 2485.031 Thread 0x00007fde6ab53000 DEOPT PACKING pc=0x0000000114b0d908 sp=0x0000700006424fb0
Event: 2485.031 Thread 0x00007fde6ab53000 DEOPT UNPACKING pc=0x0000000113944229 sp=0x0000700006424f18 mode 2


Dynamic libraries:
0x000000004c20a000 	/System/Library/Frameworks/Cocoa.framework/Versions/A/Cocoa
0x000000004c20a000 	/System/Library/Frameworks/Security.framework/Versions/A/Security
0x000000004c20a000 	/System/Library/Frameworks/ApplicationServices.framework/Versions/A/ApplicationServices
0x000000004c20a000 	/usr/lib/libz.1.dylib
0x000000004c20a000 	/usr/lib/libSystem.B.dylib
0x000000004c20a000 	/usr/lib/libobjc.A.dylib
0x000000004c20a000 	/System/Library/Frameworks/CoreFoundation.framework/Versions/A/CoreFoundation
0x000000004c20a000 	/System/Library/Frameworks/Foundation.framework/Versions/C/Foundation
0x000000004c20a000 	/System/Library/Frameworks/AppKit.framework/Versions/C/AppKit
0x000000004c20a000 	/System/Library/Frameworks/CoreData.framework/Versions/A/CoreData
0x000000004c20a000 	/System/Library/PrivateFrameworks/RemoteViewServices.framework/Versions/A/RemoteViewServices
0x000000004c20a000 	/System/Library/PrivateFrameworks/UIFoundation.framework/Versions/A/UIFoundation
0x000000004c20a000 	/System/Library/PrivateFrameworks/DFRFoundation.framework/Versions/A/DFRFoundation
0x000000004c20a000 	/usr/lib/libenergytrace.dylib
0x000000004c20a000 	/System/Library/PrivateFrameworks/SkyLight.framework/Versions/A/SkyLight
0x000000004c20a000 	/System/Library/Frameworks/CoreGraphics.framework/Versions/A/CoreGraphics
0x000000004c20a000 	/usr/lib/libScreenReader.dylib
0x000000004c20a000 	/System/Library/Frameworks/Accelerate.framework/Versions/A/Accelerate
0x000000004c20a000 	/System/Library/Frameworks/IOSurface.framework/Versions/A/IOSurface
0x000000004c20a000 	/System/Library/Frameworks/AudioToolbox.framework/Versions/A/AudioToolbox
0x000000004c20a000 	/System/Library/Frameworks/AudioUnit.framework/Versions/A/AudioUnit
0x000000004c20a000 	/System/Library/PrivateFrameworks/DataDetectorsCore.framework/Versions/A/DataDetectorsCore
0x000000004c20a000 	/System/Library/PrivateFrameworks/DesktopServicesPriv.framework/Versions/A/DesktopServicesPriv
0x000000004c20a000 	/System/Library/Frameworks/Carbon.framework/Versions/A/Frameworks/HIToolbox.framework/Versions/A/HIToolbox
0x000000004c20a000 	/usr/lib/libicucore.A.dylib
0x000000004c20a000 	/System/Library/Frameworks/QuartzCore.framework/Versions/A/QuartzCore
0x000000004c20a000 	/System/Library/Frameworks/Carbon.framework/Versions/A/Frameworks/SpeechRecognition.framework/Versions/A/SpeechRecognition
0x000000004c20a000 	/usr/lib/libauto.dylib
0x000000004c20a000 	/usr/lib/libxml2.2.dylib
0x000000004c20a000 	/System/Library/PrivateFrameworks/CoreUI.framework/Versions/A/CoreUI
0x000000004c20a000 	/System/Library/Frameworks/CoreAudio.framework/Versions/A/CoreAudio
0x000000004c20a000 	/System/Library/Frameworks/DiskArbitration.framework/Versions/A/DiskArbitration
0x000000004c20a000 	/usr/lib/liblangid.dylib
0x000000004c20a000 	/System/Library/PrivateFrameworks/MultitouchSupport.framework/Versions/A/MultitouchSupport
0x000000004c20a000 	/System/Library/Frameworks/IOKit.framework/Versions/A/IOKit
0x000000004c20a000 	/usr/lib/libDiagnosticMessagesClient.dylib
0x000000004c20a000 	/System/Library/Frameworks/CoreServices.framework/Versions/A/CoreServices
0x000000004c20a000 	/System/Library/PrivateFrameworks/PerformanceAnalysis.framework/Versions/A/PerformanceAnalysis
0x000000004c20a000 	/System/Library/PrivateFrameworks/GenerationalStorage.framework/Versions/A/GenerationalStorage
0x000000004c20a000 	/System/Library/Frameworks/OpenGL.framework/Versions/A/OpenGL
0x000000004c20a000 	/System/Library/Frameworks/CoreImage.framework/Versions/A/CoreImage
0x000000004c20a000 	/System/Library/Frameworks/CoreText.framework/Versions/A/CoreText
0x000000004c20a000 	/System/Library/Frameworks/ImageIO.framework/Versions/A/ImageIO
0x000000004c20a000 	/System/Library/PrivateFrameworks/Backup.framework/Versions/A/Backup
0x000000004c20a000 	/usr/lib/libarchive.2.dylib
0x000000004c20a000 	/System/Library/Frameworks/CFNetwork.framework/Versions/A/CFNetwork
0x000000004c20a000 	/System/Library/Frameworks/SystemConfiguration.framework/Versions/A/SystemConfiguration
0x000000004c20a000 	/usr/lib/libCRFSuite.dylib
0x000000004c20a000 	/usr/lib/libc++.1.dylib
0x000000004c20a000 	/usr/lib/libc++abi.dylib
0x000000004c20a000 	/usr/lib/system/libcache.dylib
0x000000004c20a000 	/usr/lib/system/libcommonCrypto.dylib
0x000000004c20a000 	/usr/lib/system/libcompiler_rt.dylib
0x000000004c20a000 	/usr/lib/system/libcopyfile.dylib
0x000000004c20a000 	/usr/lib/system/libcorecrypto.dylib
0x000000004c20a000 	/usr/lib/system/libdispatch.dylib
0x000000004c20a000 	/usr/lib/system/libdyld.dylib
0x000000004c20a000 	/usr/lib/system/libkeymgr.dylib
0x000000004c20a000 	/usr/lib/system/liblaunch.dylib
0x000000004c20a000 	/usr/lib/system/libmacho.dylib
0x000000004c20a000 	/usr/lib/system/libquarantine.dylib
0x000000004c20a000 	/usr/lib/system/libremovefile.dylib
0x000000004c20a000 	/usr/lib/system/libsystem_asl.dylib
0x000000004c20a000 	/usr/lib/system/libsystem_blocks.dylib
0x000000004c20a000 	/usr/lib/system/libsystem_c.dylib
0x000000004c20a000 	/usr/lib/system/libsystem_configuration.dylib
0x000000004c20a000 	/usr/lib/system/libsystem_coreservices.dylib
0x000000004c20a000 	/usr/lib/system/libsystem_coretls.dylib
0x000000004c20a000 	/usr/lib/system/libsystem_dnssd.dylib
0x000000004c20a000 	/usr/lib/system/libsystem_info.dylib
0x000000004c20a000 	/usr/lib/system/libsystem_kernel.dylib
0x000000004c20a000 	/usr/lib/system/libsystem_m.dylib
0x000000004c20a000 	/usr/lib/system/libsystem_malloc.dylib
0x000000004c20a000 	/usr/lib/system/libsystem_network.dylib
0x000000004c20a000 	/usr/lib/system/libsystem_networkextension.dylib
0x000000004c20a000 	/usr/lib/system/libsystem_notify.dylib
0x000000004c20a000 	/usr/lib/system/libsystem_platform.dylib
0x000000004c20a000 	/usr/lib/system/libsystem_pthread.dylib
0x000000004c20a000 	/usr/lib/system/libsystem_sandbox.dylib
0x000000004c20a000 	/usr/lib/system/libsystem_secinit.dylib
0x000000004c20a000 	/usr/lib/system/libsystem_symptoms.dylib
0x000000004c20a000 	/usr/lib/system/libsystem_trace.dylib
0x000000004c20a000 	/usr/lib/system/libunwind.dylib
0x000000004c20a000 	/usr/lib/system/libxpc.dylib
0x000000004c20a000 	/usr/lib/libbsm.0.dylib
0x000000004c20a000 	/usr/lib/system/libkxld.dylib
0x000000004c20a000 	/usr/lib/libcoretls.dylib
0x000000004c20a000 	/usr/lib/libcoretls_cfhelpers.dylib
0x000000004c20a000 	/usr/lib/libxar.1.dylib
0x000000004c20a000 	/usr/lib/libsqlite3.dylib
0x000000004c20a000 	/usr/lib/libpam.2.dylib
0x000000004c20a000 	/usr/lib/libOpenScriptingUtil.dylib
0x000000004c20a000 	/usr/lib/libbz2.1.0.dylib
0x000000004c20a000 	/usr/lib/liblzma.5.dylib
0x000000004c20a000 	/usr/lib/libnetwork.dylib
0x000000004c20a000 	/usr/lib/libpcap.A.dylib
0x000000004c20a000 	/System/Library/Frameworks/CoreServices.framework/Versions/A/Frameworks/FSEvents.framework/Versions/A/FSEvents
0x000000004c20a000 	/System/Library/Frameworks/CoreServices.framework/Versions/A/Frameworks/CarbonCore.framework/Versions/A/CarbonCore
0x000000004c20a000 	/System/Library/Frameworks/CoreServices.framework/Versions/A/Frameworks/Metadata.framework/Versions/A/Metadata
0x000000004c20a000 	/System/Library/Frameworks/CoreServices.framework/Versions/A/Frameworks/OSServices.framework/Versions/A/OSServices
0x000000004c20a000 	/System/Library/Frameworks/CoreServices.framework/Versions/A/Frameworks/SearchKit.framework/Versions/A/SearchKit
0x000000004c20a000 	/System/Library/Frameworks/CoreServices.framework/Versions/A/Frameworks/AE.framework/Versions/A/AE
0x000000004c20a000 	/System/Library/Frameworks/CoreServices.framework/Versions/A/Frameworks/LaunchServices.framework/Versions/A/LaunchServices
0x000000004c20a000 	/System/Library/Frameworks/CoreServices.framework/Versions/A/Frameworks/DictionaryServices.framework/Versions/A/DictionaryServices
0x000000004c20a000 	/System/Library/Frameworks/CoreServices.framework/Versions/A/Frameworks/SharedFileList.framework/Versions/A/SharedFileList
0x000000004c20a000 	/System/Library/Frameworks/NetFS.framework/Versions/A/NetFS
0x000000004c20a000 	/System/Library/PrivateFrameworks/NetAuth.framework/Versions/A/NetAuth
0x000000004c20a000 	/System/Library/PrivateFrameworks/login.framework/Versions/A/Frameworks/loginsupport.framework/Versions/A/loginsupport
0x000000004c20a000 	/System/Library/PrivateFrameworks/TCC.framework/Versions/A/TCC
0x000000004c20a000 	/usr/lib/libmecabra.dylib
0x000000004c20a000 	/System/Library/Frameworks/ApplicationServices.framework/Versions/A/Frameworks/ATS.framework/Versions/A/ATS
0x000000004c20a000 	/System/Library/Frameworks/ApplicationServices.framework/Versions/A/Frameworks/ColorSync.framework/Versions/A/ColorSync
0x000000004c20a000 	/System/Library/Frameworks/ApplicationServices.framework/Versions/A/Frameworks/HIServices.framework/Versions/A/HIServices
0x000000004c20a000 	/System/Library/Frameworks/ApplicationServices.framework/Versions/A/Frameworks/LangAnalysis.framework/Versions/A/LangAnalysis
0x000000004c20a000 	/System/Library/Frameworks/ApplicationServices.framework/Versions/A/Frameworks/PrintCore.framework/Versions/A/PrintCore
0x000000004c20a000 	/System/Library/Frameworks/ApplicationServices.framework/Versions/A/Frameworks/QD.framework/Versions/A/QD
0x000000004c20a000 	/System/Library/Frameworks/ApplicationServices.framework/Versions/A/Frameworks/SpeechSynthesis.framework/Versions/A/SpeechSynthesis
0x000000004c20a000 	/System/Library/Frameworks/Accelerate.framework/Versions/A/Frameworks/vImage.framework/Versions/A/vImage
0x000000004c20a000 	/System/Library/Frameworks/Accelerate.framework/Versions/A/Frameworks/vecLib.framework/Versions/A/vecLib
0x000000004c20a000 	/System/Library/Frameworks/Accelerate.framework/Versions/A/Frameworks/vecLib.framework/Versions/A/libvDSP.dylib
0x000000004c20a000 	/System/Library/Frameworks/Accelerate.framework/Versions/A/Frameworks/vecLib.framework/Versions/A/libBNNS.dylib
0x000000004c20a000 	/System/Library/Frameworks/Accelerate.framework/Versions/A/Frameworks/vecLib.framework/Versions/A/libQuadrature.dylib
0x000000004c20a000 	/System/Library/Frameworks/Accelerate.framework/Versions/A/Frameworks/vecLib.framework/Versions/A/libvMisc.dylib
0x000000004c20a000 	/System/Library/Frameworks/Accelerate.framework/Versions/A/Frameworks/vecLib.framework/Versions/A/libLAPACK.dylib
0x000000004c20a000 	/System/Library/Frameworks/Accelerate.framework/Versions/A/Frameworks/vecLib.framework/Versions/A/libBLAS.dylib
0x000000004c20a000 	/System/Library/Frameworks/Accelerate.framework/Versions/A/Frameworks/vecLib.framework/Versions/A/libLinearAlgebra.dylib
0x000000004c20a000 	/System/Library/Frameworks/Accelerate.framework/Versions/A/Frameworks/vecLib.framework/Versions/A/libSparseBLAS.dylib
0x000000004c20a000 	/System/Library/Frameworks/ApplicationServices.framework/Versions/A/Frameworks/ATS.framework/Versions/A/Resources/libFontParser.dylib
0x000000004c20a000 	/System/Library/Frameworks/ApplicationServices.framework/Versions/A/Frameworks/ATS.framework/Versions/A/Resources/libFontRegistry.dylib
0x000000004c20a000 	/System/Library/Frameworks/ImageIO.framework/Versions/A/Resources/libJPEG.dylib
0x000000004c20a000 	/System/Library/Frameworks/ImageIO.framework/Versions/A/Resources/libTIFF.dylib
0x000000004c20a000 	/System/Library/Frameworks/ImageIO.framework/Versions/A/Resources/libPng.dylib
0x000000004c20a000 	/System/Library/Frameworks/ImageIO.framework/Versions/A/Resources/libGIF.dylib
0x000000004c20a000 	/System/Library/Frameworks/ImageIO.framework/Versions/A/Resources/libJP2.dylib
0x000000004c20a000 	/System/Library/Frameworks/ImageIO.framework/Versions/A/Resources/libRadiance.dylib
0x000000004c20a000 	/usr/lib/libcompression.dylib
0x000000004c20a000 	/System/Library/PrivateFrameworks/AppleJPEG.framework/Versions/A/AppleJPEG
0x000000004c20a000 	/usr/lib/libcups.2.dylib
0x000000004c20a000 	/System/Library/Frameworks/Kerberos.framework/Versions/A/Kerberos
0x000000004c20a000 	/System/Library/Frameworks/GSS.framework/Versions/A/GSS
0x000000004c20a000 	/usr/lib/libresolv.9.dylib
0x000000004c20a000 	/usr/lib/libiconv.2.dylib
0x000000004c20a000 	/System/Library/PrivateFrameworks/Heimdal.framework/Versions/A/Heimdal
0x000000004c20a000 	/usr/lib/libheimdal-asn1.dylib
0x000000004c20a000 	/System/Library/Frameworks/OpenDirectory.framework/Versions/A/OpenDirectory
0x000000004c20a000 	/System/Library/PrivateFrameworks/CommonAuth.framework/Versions/A/CommonAuth
0x000000004c20a000 	/System/Library/Frameworks/OpenDirectory.framework/Versions/A/Frameworks/CFOpenDirectory.framework/Versions/A/CFOpenDirectory
0x000000004c20a000 	/System/Library/Frameworks/SecurityFoundation.framework/Versions/A/SecurityFoundation
0x000000004c20a000 	/System/Library/PrivateFrameworks/LanguageModeling.framework/Versions/A/LanguageModeling
0x000000004c20a000 	/usr/lib/libmarisa.dylib
0x000000004c20a000 	/usr/lib/libChineseTokenizer.dylib
0x000000004c20a000 	/usr/lib/libcmph.dylib
0x000000004c20a000 	/System/Library/PrivateFrameworks/CoreEmoji.framework/Versions/A/CoreEmoji
0x000000004c20a000 	/System/Library/Frameworks/ServiceManagement.framework/Versions/A/ServiceManagement
0x000000004c20a000 	/usr/lib/libxslt.1.dylib
0x000000004c20a000 	/System/Library/Frameworks/Carbon.framework/Versions/A/Frameworks/Ink.framework/Versions/A/Ink
0x000000004c20a000 	/System/Library/PrivateFrameworks/TextureIO.framework/Versions/A/TextureIO
0x000000004c20a000 	/System/Library/Frameworks/Metal.framework/Versions/A/Metal
0x000000004c20a000 	/usr/lib/libate.dylib
0x000000004c20a000 	/System/Library/PrivateFrameworks/GPUCompiler.framework/libmetal_timestamp.dylib
0x000000004c20a000 	/System/Library/Frameworks/OpenGL.framework/Versions/A/Libraries/libCoreFSCache.dylib
0x000000004c20a000 	/System/Library/PrivateFrameworks/IOAccelerator.framework/Versions/A/IOAccelerator
0x000000004c20a000 	/System/Library/Frameworks/CoreVideo.framework/Versions/A/CoreVideo
0x000000004c20a000 	/usr/lib/libFosl_dynamic.dylib
0x000000004c20a000 	/System/Library/PrivateFrameworks/MetalPerformanceShaders.framework/Versions/A/MetalPerformanceShaders
0x000000004c20a000 	/System/Library/PrivateFrameworks/FaceCore.framework/Versions/A/FaceCore
0x000000004c20a000 	/System/Library/Frameworks/OpenCL.framework/Versions/A/OpenCL
0x000000004c20a000 	/System/Library/Frameworks/OpenGL.framework/Versions/A/Libraries/libGLU.dylib
0x000000004c20a000 	/System/Library/Frameworks/OpenGL.framework/Versions/A/Libraries/libGFXShared.dylib
0x000000004c20a000 	/System/Library/Frameworks/OpenGL.framework/Versions/A/Libraries/libGL.dylib
0x000000004c20a000 	/System/Library/Frameworks/OpenGL.framework/Versions/A/Libraries/libGLImage.dylib
0x000000004c20a000 	/System/Library/Frameworks/OpenGL.framework/Versions/A/Libraries/libCVMSPluginSupport.dylib
0x000000004c20a000 	/System/Library/Frameworks/OpenGL.framework/Versions/A/Libraries/libCoreVMClient.dylib
0x000000004c20a000 	/System/Library/PrivateFrameworks/CrashReporterSupport.framework/Versions/A/CrashReporterSupport
0x000000004c20a000 	/System/Library/PrivateFrameworks/Sharing.framework/Versions/A/Sharing
0x000000004c20a000 	/System/Library/PrivateFrameworks/IconServices.framework/Versions/A/IconServices
0x000000004c20a000 	/System/Library/PrivateFrameworks/ProtocolBuffer.framework/Versions/A/ProtocolBuffer
0x000000004c20a000 	/System/Library/PrivateFrameworks/Apple80211.framework/Versions/A/Apple80211
0x000000004c20a000 	/System/Library/Frameworks/CoreWLAN.framework/Versions/A/CoreWLAN
0x000000004c20a000 	/System/Library/PrivateFrameworks/CoreUtils.framework/Versions/A/CoreUtils
0x000000004c20a000 	/System/Library/Frameworks/IOBluetooth.framework/Versions/A/IOBluetooth
0x000000004c20a000 	/System/Library/PrivateFrameworks/CoreWiFi.framework/Versions/A/CoreWiFi
0x000000004c20a000 	/System/Library/Frameworks/CoreBluetooth.framework/Versions/A/CoreBluetooth
0x000000004c20a000 	/System/Library/Frameworks/CoreDisplay.framework/Versions/A/CoreDisplay
0x000000004c20a000 	/System/Library/PrivateFrameworks/IOPresentment.framework/Versions/A/IOPresentment
0x000000004c20a000 	/System/Library/PrivateFrameworks/DebugSymbols.framework/Versions/A/DebugSymbols
0x000000004c20a000 	/System/Library/PrivateFrameworks/CoreSymbolication.framework/Versions/A/CoreSymbolication
0x000000004c20a000 	/System/Library/PrivateFrameworks/Symbolication.framework/Versions/A/Symbolication
0x000000004c20a000 	/System/Library/PrivateFrameworks/AppleFSCompression.framework/Versions/A/AppleFSCompression
0x000000004c20a000 	/System/Library/PrivateFrameworks/SpeechRecognitionCore.framework/Versions/A/SpeechRecognitionCore
0x000000004c20a000 	/System/Library/PrivateFrameworks/ChunkingLibrary.framework/Versions/A/ChunkingLibrary
0x000000010d200000 	/Library/Java/JavaVirtualMachines/jdk1.8.0_45.jdk/Contents/Home/jre/lib/server/libjvm.dylib
0x000000004c20a000 	/usr/lib/libstdc++.6.dylib
0x000000010c8ba000 	/Library/Java/JavaVirtualMachines/jdk1.8.0_45.jdk/Contents/Home/jre/lib/libverify.dylib
0x000000010c8c8000 	/Library/Java/JavaVirtualMachines/jdk1.8.0_45.jdk/Contents/Home/jre/lib/libjava.dylib
0x000000010c907000 	/Library/Java/JavaVirtualMachines/jdk1.8.0_45.jdk/Contents/Home/jre/lib/libzip.dylib
0x0000000123a83000 	/System/Library/Frameworks/JavaVM.framework/Frameworks/JavaRuntimeSupport.framework/JavaRuntimeSupport
0x000000011389c000 	/System/Library/Frameworks/JavaVM.framework/Versions/A/Frameworks/JavaNativeFoundation.framework/Versions/A/JavaNativeFoundation
0x0000000123a9d000 	/System/Library/Frameworks/JavaVM.framework/Versions/A/JavaVM
0x000000004c20a000 	/System/Library/Frameworks/Carbon.framework/Versions/A/Carbon
0x0000000123aaa000 	/System/Library/PrivateFrameworks/JavaLaunching.framework/Versions/A/JavaLaunching
0x000000004c20a000 	/System/Library/Frameworks/Carbon.framework/Versions/A/Frameworks/CommonPanels.framework/Versions/A/CommonPanels
0x000000004c20a000 	/System/Library/Frameworks/Carbon.framework/Versions/A/Frameworks/Help.framework/Versions/A/Help
0x000000004c20a000 	/System/Library/Frameworks/Carbon.framework/Versions/A/Frameworks/ImageCapture.framework/Versions/A/ImageCapture
0x000000004c20a000 	/System/Library/Frameworks/Carbon.framework/Versions/A/Frameworks/OpenScripting.framework/Versions/A/OpenScripting
0x000000004c20a000 	/System/Library/Frameworks/Carbon.framework/Versions/A/Frameworks/Print.framework/Versions/A/Print
0x000000004c20a000 	/System/Library/Frameworks/Carbon.framework/Versions/A/Frameworks/SecurityHI.framework/Versions/A/SecurityHI
0x00000001253c1000 	/Library/Java/JavaVirtualMachines/jdk1.8.0_45.jdk/Contents/Home/jre/lib/libnio.dylib
0x00000001253d1000 	/Library/Java/JavaVirtualMachines/jdk1.8.0_45.jdk/Contents/Home/jre/lib/./libnet.dylib
0x000000012553b000 	/Library/Java/JavaVirtualMachines/jdk1.8.0_45.jdk/Contents/Home/jre/lib/libawt.dylib
0x00000001255e3000 	/Library/Java/JavaVirtualMachines/jdk1.8.0_45.jdk/Contents/Home/jre/lib/./libmlib_image.dylib
0x00000001256af000 	/Library/Java/JavaVirtualMachines/jdk1.8.0_45.jdk/Contents/Home/jre/lib/libawt_lwawt.dylib
0x0000000125763000 	/Library/Java/JavaVirtualMachines/jdk1.8.0_45.jdk/Contents/Home/jre/lib/./libosxapp.dylib
0x000000004c20a000 	/System/Library/Frameworks/ExceptionHandling.framework/Versions/A/ExceptionHandling
0x000000004c20a000 	/System/Library/PrivateFrameworks/CoreServicesInternal.framework/Versions/A/CoreServicesInternal
0x000000004c20a000 	/System/Library/CoreServices/RawCamera.bundle/Contents/MacOS/RawCamera
0x000000004c20a000 	/System/Library/Frameworks/Accelerate.framework/Versions/A/Frameworks/vImage.framework/Versions/A/Libraries/libCGInterfaces.dylib
0x000000004c20a000 	/System/Library/Frameworks/ApplicationServices.framework/Versions/A/Frameworks/ATS.framework/Versions/A/Resources/libTrueTypeScaler.dylib
0x000000004c20a000 	/System/Library/Frameworks/OpenGL.framework/Versions/A/Resources/GLEngine.bundle/GLEngine
0x000000004c20a000 	/System/Library/Frameworks/OpenGL.framework/Versions/A/Libraries/libGLProgrammability.dylib
0x0000000127542000 	/System/Library/Extensions/AppleIntelBDWGraphicsGLDriver.bundle/Contents/MacOS/AppleIntelBDWGraphicsGLDriver
0x000000004c20a000 	/System/Library/PrivateFrameworks/GPUSupport.framework/Versions/A/Libraries/libGPUSupportMercury.dylib
0x000000004c20a000 	/System/Library/Frameworks/OpenGL.framework/Versions/A/Resources/GLRendererFloat.bundle/GLRendererFloat
0x000000004c20a000 	/System/Library/Frameworks/OpenCL.framework/Versions/A/Libraries/libcldcpuengine.dylib
0x000000004c20a000 	/usr/lib/libcrypto.0.9.8.dylib
0x000000004c20a000 	/System/Library/PrivateFrameworks/TrustEvaluationAgent.framework/Versions/A/TrustEvaluationAgent
0x0000000127ca0000 	/System/Library/Extensions/AppleIntelBDWGraphicsMTLDriver.bundle/Contents/MacOS/AppleIntelBDWGraphicsMTLDriver
0x000000004c20a000 	/System/Library/PrivateFrameworks/FamilyControls.framework/Versions/A/FamilyControls
0x000000004c20a000 	/System/Library/PrivateFrameworks/CommerceKit.framework/Versions/A/Frameworks/CommerceCore.framework/Versions/A/CommerceCore
0x000000004c20a000 	/System/Library/PrivateFrameworks/SystemAdministration.framework/Versions/A/SystemAdministration
0x000000004c20a000 	/System/Library/PrivateFrameworks/AppContainer.framework/Versions/A/AppContainer
0x000000004c20a000 	/System/Library/PrivateFrameworks/SecCodeWrapper.framework/Versions/A/SecCodeWrapper
0x000000004c20a000 	/System/Library/Frameworks/DirectoryService.framework/Versions/A/DirectoryService
0x000000004c20a000 	/System/Library/PrivateFrameworks/DiskImages.framework/Versions/A/DiskImages
0x000000004c20a000 	/System/Library/PrivateFrameworks/LoginUIKit.framework/Versions/A/Frameworks/LoginUICore.framework/Versions/A/LoginUICore
0x000000004c20a000 	/usr/lib/libCoreStorage.dylib
0x000000004c20a000 	/usr/lib/libcsfde.dylib
0x000000004c20a000 	/usr/lib/libodfde.dylib
0x000000004c20a000 	/System/Library/Frameworks/DiscRecording.framework/Versions/A/DiscRecording
0x000000004c20a000 	/usr/lib/libcurl.4.dylib
0x000000004c20a000 	/System/Library/PrivateFrameworks/MediaKit.framework/Versions/A/MediaKit
0x000000004c20a000 	/System/Library/PrivateFrameworks/ProtectedCloudStorage.framework/Versions/A/ProtectedCloudStorage
0x000000004c20a000 	/System/Library/PrivateFrameworks/EFILogin.framework/Versions/A/EFILogin
0x000000004c20a000 	/usr/lib/libutil.dylib
0x000000004c20a000 	/System/Library/Frameworks/LDAP.framework/Versions/A/LDAP
0x000000004c20a000 	/usr/lib/libsasl2.2.dylib
0x000000004c20a000 	/System/Library/PrivateFrameworks/CoreDaemon.framework/Versions/B/CoreDaemon
0x000000004c20a000 	/System/Library/PrivateFrameworks/AppleSRP.framework/Versions/A/AppleSRP
0x000000004c20a000 	/System/Library/PrivateFrameworks/APFS.framework/Versions/A/APFS
0x000000004c20a000 	/System/Library/PrivateFrameworks/ViewBridge.framework/Versions/A/ViewBridge
0x000000004c20a000 	/System/Library/PrivateFrameworks/XPCService.framework/Versions/A/XPCService
0x000000004c20a000 	/System/Library/PrivateFrameworks/AppSandbox.framework/Versions/A/AppSandbox
0x000000004c20a000 	/usr/lib/libsandbox.1.dylib
0x000000004c20a000 	/usr/lib/libMatch.1.dylib
0x0000000129bc2000 	/Library/Java/JavaVirtualMachines/jdk1.8.0_45.jdk/Contents/Home/jre/lib/libsplashscreen.dylib
0x0000000129c1f000 	/Library/Java/JavaVirtualMachines/jdk1.8.0_45.jdk/Contents/Home/jre/lib/libfontmanager.dylib
0x0000000129c86000 	/Library/Java/JavaVirtualMachines/jdk1.8.0_45.jdk/Contents/Home/jre/lib/libosxui.dylib
0x00000001272ec000 	/Applications/NetBeans/NetBeans 8.2.app/Contents/Resources/NetBeans/platform/modules/lib/libjnidispatch-422.jnilib
0x000000012dc47000 	/Library/Java/Extensions/libCLIPSJNI2.jnilib
0x000000012a94c000 	/Library/Java/JavaVirtualMachines/jdk1.8.0_45.jdk/Contents/Home/jre/lib/libdcpr.dylib
0x000000004c20a000 	/System/Library/PrivateFrameworks/CloudDocs.framework/Versions/A/CloudDocs
0x000000004c20a000 	/System/Library/Frameworks/CloudKit.framework/Versions/A/CloudKit
0x000000004c20a000 	/System/Library/PrivateFrameworks/MMCS.framework/Versions/A/MMCS
0x000000004c20a000 	/System/Library/Frameworks/CoreLocation.framework/Versions/A/CoreLocation
0x000000004c20a000 	/System/Library/PrivateFrameworks/AssetCacheServices.framework/Versions/A/AssetCacheServices
0x000000004c20a000 	/System/Library/PrivateFrameworks/GeoServices.framework/Versions/A/GeoServices
0x00000001267c3000 	/Library/Java/JavaVirtualMachines/jdk1.8.0_45.jdk/Contents/Home/jre/lib/libmanagement.dylib

VM Arguments:
jvm_args: -Djdk.home=/Library/Java/JavaVirtualMachines/jdk1.8.0_45.jdk/Contents/Home -Dnetbeans.dirs=/Users/giovannibonetta/Desktop/RGGAssistedLiving/build/cluster:/Applications/NetBeans/NetBeans 8.2.app/Contents/Resources/NetBeans/platform -Dnetbeans.home=/Applications/NetBeans/NetBeans 8.2.app/Contents/Resources/NetBeans/platform -Dnetbeans.logger.console=true -ea -DaddExports:java.desktop/com.apple.eawt=ALL-UNNAMED -DaddExports:java.desktop/sun.awt=ALL-UNNAMED -DaddExports:java.base/jdk.internal.jrtfs=ALL-UNNAMED -DaddExports:java.desktop/apple.laf=ALL-UNNAMED -DaddExports:java.desktop/java.awt.peer=ALL-UNNAMED -DaddExports:java.desktop/com.sun.beans.editors=ALL-UNNAMED -DaddExports:java.desktop/sun.awt.im=ALL-UNNAMED -DaddExports:java.management/sun.management=ALL-UNNAMED -XX:+HeapDumpOnOutOfMemoryError -XX:HeapDumpPath=/Users/giovannibonetta/Desktop/RGGAssistedLiving/build/testuserdir/var/log/heapdump.hprof 
java_command: org.netbeans.Main --cachedir /Users/giovannibonetta/Desktop/RGGAssistedLiving/build/testuserdir/var/cache --userdir /Users/giovannibonetta/Desktop/RGGAssistedLiving/build/testuserdir --branding clipsmonitor
java_class_path (initial): /Applications/NetBeans/NetBeans 8.2.app/Contents/Resources/NetBeans/platform/lib/boot.jar:/Applications/NetBeans/NetBeans 8.2.app/Contents/Resources/NetBeans/platform/lib/org-openide-modules.jar:/Applications/NetBeans/NetBeans 8.2.app/Contents/Resources/NetBeans/platform/lib/org-openide-util-lookup.jar:/Applications/NetBeans/NetBeans 8.2.app/Contents/Resources/NetBeans/platform/lib/org-openide-util-ui.jar:/Applications/NetBeans/NetBeans 8.2.app/Contents/Resources/NetBeans/platform/lib/org-openide-util.jar:/Applications/NetBeans/NetBeans 8.2.app/Contents/Resources/NetBeans/platform/lib/locale/boot_ja.jar:/Applications/NetBeans/NetBeans 8.2.app/Contents/Resources/NetBeans/platform/lib/locale/boot_pt_BR.jar:/Applications/NetBeans/NetBeans 8.2.app/Contents/Resources/NetBeans/platform/lib/locale/boot_ru.jar:/Applications/NetBeans/NetBeans 8.2.app/Contents/Resources/NetBeans/platform/lib/locale/boot_zh_CN.jar:/Applications/NetBeans/NetBeans 8.2.app/Contents/Resources/NetBeans/platform/lib/locale/org-openide-modules_ja.jar:/Applications/NetBeans/NetBeans 8.2.app/Contents/Resources/NetBeans/platform/lib/locale/org-openide-modules_pt_BR.jar:/Applications/NetBeans/NetBeans 8.2.app/Contents/Resources/NetBeans/platform/lib/locale/org-openide-modules_ru.jar:/Applications/NetBeans/NetBeans 8.2.app/Contents/Resources/NetBeans/platform/lib/locale/org-openide-modules_zh_CN.jar:/Applications/NetBeans/NetBeans 8.2.app/Contents/Resources/NetBeans/platform/lib/locale/org-openide-util-lookup_ja.jar:/Applications/NetBeans/NetBeans 8.2.app/Contents/Resources/NetBeans/platform/lib/locale/org-openide-util-lookup_pt_BR.jar:/Applications/NetBeans/NetBeans 8.2.app/Contents/Resources/NetBeans/platform/lib/locale/org-openide-util-lookup_ru.jar:/Applications/NetBeans/NetBeans 8.2.app/Contents/Resources/NetBeans/platform/lib/locale/org-openide-util-lookup_zh_CN.jar:/Applications/NetBeans/NetBeans 8.2.app/Contents/Resources/NetBeans/platform/lib/locale/org-openide-util-u
Launcher Type: SUN_STANDARD

Environment Variables:
PATH=/usr/bin:/bin:/usr/sbin:/sbin
LD_LIBRARY_PATH=/Library/Java/JavaVirtualMachines/jdk1.8.0_45.jdk/Contents/Home/jre/lib/amd64:/Library/Java/JavaVirtualMachines/jdk1.8.0_45.jdk/Contents/Home/jre/lib/i386:
SHELL=/bin/bash
DISPLAY=/private/tmp/com.apple.launchd.y94Ct4jRxE/org.macosforge.xquartz:0

Signal Handlers:
SIGSEGV: [libjvm.dylib+0x58ef95], sa_mask[0]=11111111011111110111111111111111, sa_flags=SA_ONSTACK|SA_RESTART|SA_SIGINFO
SIGBUS: [libjvm.dylib+0x58ef95], sa_mask[0]=11111111011111110111111111111111, sa_flags=SA_RESTART|SA_SIGINFO
SIGFPE: [libjvm.dylib+0x46c108], sa_mask[0]=11111111011111110111111111111111, sa_flags=SA_RESTART|SA_SIGINFO
SIGPIPE: [libjvm.dylib+0x46c108], sa_mask[0]=11111111011111110111111111111111, sa_flags=SA_RESTART|SA_SIGINFO
SIGXFSZ: [libjvm.dylib+0x46c108], sa_mask[0]=11111111011111110111111111111111, sa_flags=SA_RESTART|SA_SIGINFO
SIGILL: [libjvm.dylib+0x46c108], sa_mask[0]=11111111011111110111111111111111, sa_flags=SA_RESTART|SA_SIGINFO
SIGUSR1: SIG_DFL, sa_mask[0]=00000000000000000000000000000000, sa_flags=none
SIGUSR2: [libjvm.dylib+0x46bc26], sa_mask[0]=00100000000000000000000000000000, sa_flags=SA_RESTART|SA_SIGINFO
SIGHUP: [libjvm.dylib+0x46a1f9], sa_mask[0]=11111111011111110111111111111111, sa_flags=SA_RESTART|SA_SIGINFO
SIGINT: [libCLIPSJNI2.jnilib+0xe83e0], sa_mask[0]=00000000000000000000000000000000, sa_flags=SA_RESTART
SIGTERM: [libjvm.dylib+0x46a1f9], sa_mask[0]=11111111011111110111111111111111, sa_flags=SA_RESTART|SA_SIGINFO
SIGQUIT: [libjvm.dylib+0x46a1f9], sa_mask[0]=11111111011111110111111111111111, sa_flags=SA_RESTART|SA_SIGINFO


---------------  S Y S T E M  ---------------

OS:Bsduname:Darwin 16.4.0 Darwin Kernel Version 16.4.0: Thu Dec 22 22:53:21 PST 2016; root:xnu-3789.41.3~3/RELEASE_X86_64 x86_64
rlimit: STACK 8192k, CORE 0k, NPROC 709, NOFILE 10240, AS infinity
load average:1.65 1.55 1.56

CPU:total 4 (2 cores per cpu, 2 threads per core) family 6 model 61 stepping 4, cmov, cx8, fxsr, mmx, sse, sse2, sse3, ssse3, sse4.1, sse4.2, popcnt, avx, avx2, aes, clmul, erms, 3dnowpref, lzcnt, ht, tsc, tscinvbit, bmi1, bmi2, adx

Memory: 4k page, physical 8388608k(392712k free)

/proc/meminfo:


vm_info: Java HotSpot(TM) 64-Bit Server VM (25.45-b02) for bsd-amd64 JRE (1.8.0_45-b14), built on Apr 10 2015 10:46:38 by "java_re" with gcc 4.2.1 (Based on Apple Inc. build 5658) (LLVM build 2336.11.00)

time: Wed Mar 29 11:35:02 2017
elapsed time: 2487 seconds (0d 0h 41m 27s)

