#
# A fatal error has been detected by the Java Runtime Environment:
#
#  SIGSEGV (0xb) at pc=0x000000012aa0f16c, pid=22266, tid=80359
#
# JRE version: Java(TM) SE Runtime Environment (8.0_45-b14) (build 1.8.0_45-b14)
# Java VM: Java HotSpot(TM) 64-Bit Server VM (25.45-b02 mixed mode bsd-amd64 compressed oops)
# Problematic frame:
# C  [libCLIPSJNI2.jnilib+0x3f16c]  PropagateReturnAtom+0x7c
#
# Failed to write core dump. Core dumps have been disabled. To enable core dumping, try "ulimit -c unlimited" before starting Java again
#
# If you would like to submit a bug report, please visit:
#   http://bugreport.java.com/bugreport/crash.jsp
# The crash happened outside the Java Virtual Machine in native code.
# See problematic frame for where to report the bug.
#

---------------  T H R E A D  ---------------

Current thread (0x00007f8db937f000):  JavaThread "Thread-3" [_thread_in_native, id=80359, stack(0x00007000103e1000,0x00007000104e1000)]

siginfo: si_signo: 11 (SIGSEGV), si_code: 1 (SEGV_MAPERR), si_addr: 0x0000000000000330

Registers:
RAX=0x0000000000000320, RBX=0x000000012b060be0, RCX=0x0000000000000000, RDX=0x0000000000000320
RSP=0x00007000104df950, RBP=0x00007000104df950, RSI=0x0000000000000000, RDI=0x00007f8db71fa030
R8 =0x000000000000007a, R9 =0x00000000000001dd, R10=0x000000010a4d1280, R11=0x0000000107529000
R12=0x0000000000000000, R13=0x000000012b060be0, R14=0x00007000104e07a0, R15=0x00007f8db937f000
RIP=0x000000012aa0f16c, EFLAGS=0x0000000000010297, ERR=0x0000000000000004
  TRAPNO=0x000000000000000e

Top of Stack: (sp=0x00007000104df950)
0x00007000104df950:   00007000104df990 000000012aa0e73a
0x00007000104df960:   00007f8db7336a60 00007f8db2780320
0x00007000104df970:   00007f8db73369d0 00007000104dfb00
0x00007000104df980:   00007000104dfb00 00007f8db71fa030
0x00007000104df990:   00007000104dfaa0 000000012aa0e62e
0x00007000104df9a0:   0000000100000001 00007f8db71a3ea8
0x00007000104df9b0:   00007f8db3550800 00007000104dfaa0
0x00007000104df9c0:   00007f8db71a3ea8 00007f8db24a6798
0x00007000104df9d0:   00007000104dfb60 0000000109f095e1
0x00007000104df9e0:   00007f8db3550800 00000007c0000208
0x00007000104df9f0:   00007000104dfa40 0000000109caec8c
0x00007000104dfa00:   000000079f2730d0 00007f8db774fde0
0x00007000104dfa10:   00007f8db774fdd8 0000000109f09436
0x00007000104dfa20:   0000000000000000 000000122b060be0
0x00007000104dfa30:   0000001c00000015 0000003500000031
0x00007000104dfa40:   0000003600000036 000000010000003a
0x00007000104dfa50:   0000000010000031 0000000000000001
0x00007000104dfa60:   00007f8db3550800 0000000000000000
0x00007000104dfa70:   000000079f2730d0 00007f8db74d08e0
0x00007000104dfa80:   00007000104dfb00 00007f8db74d0900
0x00007000104dfa90:   00007f8db71fa030 00007f8db71fa030
0x00007000104dfaa0:   00007000104dfb40 000000012aa8e6dc
0x00007000104dfab0:   00000000104dfae0 000000010000000e
0x00007000104dfac0:   00007f8db74d0900 0000000200000028
0x00007000104dfad0:   00007000104dfb70 00007000104df9f0
0x00007000104dfae0:   000000000000000e 00000001104df598
0x00007000104dfaf0:   0000003000000018 00007000104dfb70
0x00007000104dfb00:   00007000104df9f0 00007f8db3550000
0x00007000104dfb10:   0000000000000320 00007f8d000002c5
0x00007000104dfb20:   00000000b774fdd8 00007f8db71f2480
0x00007000104dfb30:   00007f8db71fa030 00007f8db71fa030
0x00007000104dfb40:   00007000104dfc50 000000012aa0dded 

Instructions: (pc=0x000000012aa0f16c)
0x000000012aa0f14c:   00 00 00 e9 00 00 00 00 8b 45 e4 83 e8 08 89 45
0x000000012aa0f15c:   d0 0f 85 da 00 00 00 e9 00 00 00 00 48 8b 45 e8
0x000000012aa0f16c:   8b 48 10 48 8b 45 f8 48 8b 40 30 48 8b 80 60 01
0x000000012aa0f17c:   00 00 3b 48 10 0f 8e 19 00 00 00 48 8b 45 f8 48 

Register to memory mapping:

RAX=0x0000000000000320 is an unknown value
RBX={method} {0x000000012b060be0} 'run' '(JJ)J' in 'net/sf/clips