#
# A fatal error has been detected by the Java Runtime Environment:
#
#  SIGSEGV (0xb) at pc=0x000000012c5d732b, pid=7435, tid=74659
#
# JRE version: Java(TM) SE Runtime Environment (8.0_45-b14) (build 1.8.0_45-b14)
# Java VM: Java HotSpot(TM) 64-Bit Server VM (25.45-b02 mixed mode bsd-amd64 compressed oops)
# Problematic frame:
# C  [libCLIPSJNI2.jnilib+0xc832b]  CreateAlphaMatch+0x2cb
#
# Failed to write core dump. Core dumps have been disabled. To enable core dumping, try "ulimit -c unlimited" before starting Java again
#
# If you would like to submit a bug report, please visit:
#   http://bugreport.java.com/bugreport/crash.jsp
# The crash happened outside the Java Virtual Machine in native code.
# See problematic frame for where to report the bug.
#

---------------  T H R E A D  ---------------

Current thread (0x00007fd081797000):  JavaThread "Thread-48" [_thread_in_native, id=74659, stack(0x00007000120bf000,0x00007000121bf000)]

siginfo: si_signo: 11 (SIGSEGV), si_code: 0 (unknown), si_addr: 0x0000000000000000

Registers:
RAX=0x600007fd0819e374, RBX=0x000000012b8a2be0, RCX=0x00007fd081824d40, RDX=0x0000000000000000
RSP=0x00007000121bdee0, RBP=0x00007000121bdf40, RSI=0x0000000138233000, RDI=0x00007fd07f4a5100
R8 =0x0000000000000090, R9 =0x00007fd081915fd0, R10=0x00000000ffffffc0, R11=0xfffffffffd8c1e70
R12=0x0000000000000000, R13=0x000000012b8a2be0, R14=0x00007000121be7a0, R15=0x00007fd081797000
RIP=0x000000012c5d732b, EFLAGS=0x0000000000010206, ERR=0x0000000000000000
  TRAPNO=0x000000000000000d

Top of Stack: (sp=0x00007000121bdee0)
0x00007000121bdee0:   0000000100000001 00007fd081a26180
0x00007000121bdef0:   00007fd081915fd0 0000000000000000
0x00007000121bdf00:   00000000000031ca 00007fd081a26180
0x00007000121bdf10:   00007fd081915fd0 0000000000000000
0x00007000121bdf20:   00007fd07f735430 0000000000000000
0x00007000121bdf30:   00007fd07f2ddc40 00007fd07f4a5100
0x00007000121bdf40:   00007000121bdfa0 000000012c55d935
0x00007000121bdf50:   00007000121bdfa0 000000012c5c4251
0x00007000121bdf60:   0000000000000000 00007fd07f735490
0x00007000121bdf70:   000000000000025a 00007fd07f066150
0x00007000121bdf80:   00007fd07f735430 0000000000000000
0x00007000121bdf90:   00007fd07f2ddc40 00007fd07f4a5100
0x00007000121bdfa0:   00007000121be040 000000012c55d259
0x00007000121bdfb0:   0000000000000007 0000000000000007
0x00007000121bdfc0:   00007fd07f066150 0000000000000000
0x00007000121bdfd0:   00007fd07f735430 00007fd07f2ddc40
0x00007000121bdfe0:   00007fd07f4a0002 00007fd07f066150
0x00007000121bdff0:   0000000200000001 00007fd07f50efd0
0x00007000121be000:   00007fd07f2ddc40 0000000000000006
0x00007000121be010:   0000000000000000 0000000000000000
0x00007000121be020:   00000000818becf0 00007fd07f7353d0
0x00007000121be030:   00007fd07f2ddc40 00007fd07f4a5100
0x00007000121be040:   00007000121be0a0 000000012c55fada
0x00007000121be050:   00007fd07f4a5100 000000007f2ddc40
0x00007000121be060:   00007fd07f2ddc40 00007fd07f2ddcc0
0x00007000121be070:   0000000000000007 0000000000000007
0x00007000121be080:   000000e4dc14862d 00007fd07f2ddc40
0x00007000121be090:   00007fd07f4a5100 000000007f4a5100
0x00007000121be0a0:   00007000121be130 000000012c557b7f
0x00007000121be0b0:   000000007f7329b0 00007fd07f4a5100
0x00007000121be0c0:   0000000000000007 00007fd07f2ddc40
0x00007000121be0d0:   0000000000000000 0000000000000000 

Instructions: (pc=0x000000012c5d732b)
0x000000012c5d730b:   49 30 48 8b 89 d8 01 00 00 48 89 41 20 48 8b 45
0x000000012c5d731b:   f8 48 8b 40 30 48 8b 80 d8 01 00 00 48 8b 40 20
0x000000012c5d732b:   48 8b 00 48 8b 4d f8 48 8b 49 30 48 8b 89 d8 01
0x000000012c5d733b:   00 00 48 8b 49 28 48 89 81 00 02 00 00 48 8b 45 

Register to memory mapping:

RAX=0x600007fd0819e374 is an unknown value
RBX={method} {0x000000012b8a2be0} 'run' '(JJ)J' in 'net/sf/clipsrules/jni/Environment'
RCX=0x00007fd081824d40 is an unknown value
RDX=0x0000000000000000 is an unknown value
RSP=0x00007000121bdee0 is pointing into the stack for thread: 0x00007fd081797000
RBP=0x00007000121bdf40 is pointing into the stack for thread: 0x00007fd081797000
RSI=0x0000000138233000 is an unknown value
RDI=0x00007fd07f4a5100 is an unknown value
R8 =0x0000000000000090 is an unknown value
R9 =0x00007fd081915fd0 is an unknown value
R10=0x00000000ffffffc0 is an unknown value
R11=0xfffffffffd8c1e70 is an unknown value
R12=0x0000000000000000 is an unknown value
R13={method} {0x000000012b8a2be0} 'run' '(JJ)J' in 'net/sf/clipsrules/jni/Environment'
R14=0x00007000121be7a0 is pointing into the stack for thread: 0x00007fd081797000
R15=0x00007fd081797000 is a thread


Stack: [0x00007000120bf000,0x00007000121bf000],  sp=0x00007000121bdee0,  free space=1019k
Native frames: (J=compiled Java code, j=interpreted, Vv=VM code, C=native code)
C  [libCLIPSJNI2.jnilib+0xc832b]  CreateAlphaMatch+0x2cb
C  [libCLIPSJNI2.jnilib+0x4e935]  ProcessFactAlphaMatch+0x45
C  [libCLIPSJNI2.jnilib+0x4e259]  FactPatternMatch+0x2c9
C  [libCLIPSJNI2.jnilib+0x50ada]  EnvAssert+0x3ba
C  [libCLIPSJNI2.jnilib+0x48b7f]  AssertCommand+0x23f
C  [libCLIPSJNI2.jnilib+0x3e2e0]  EvaluateExpression+0x770
C  [libCLIPSJNI2.jnilib+0xbb9f9]  PrognFunction+0xa9
C  [libCLIPSJNI2.jnilib+0x3e2e0]  EvaluateExpression+0x770
C  [libCLIPSJNI2.jnilib+0xb987e]  EvaluateProcActions+0x17e
C  [libCLIPSJNI2.jnilib+0x3aff8]  EnvRun+0x6a8
C  [libCLIPSJNI2.jnilib+0xfaaf9]  Java_net_sf_clipsrules_jni_Environment_run+0x49
j  net.sf.clipsrules.jni.Environment.run(JJ)J+0
j  net.sf.clipsrules.jni.Environment.run()J+8
j  org.clipsmonitor.clips.ClipsCore.run()J+4
j  org.clipsmonitor.core.MonitorModel.run()V+71
j  java.lang.Thread.run()V+11
v  ~StubRoutines::call_stub
V  [libjvm.dylib+0x2e032a]
V  [libjvm.dylib+0x2e0ab8]
V  [libjvm.dylib+0x2e0c64]
V  [libjvm.dylib+0x3331a5]
V  [libjvm.dylib+0x549acf]
V