#
# A fatal error has been detected by the Java Runtime Environment:
#
#  SIGSEGV (0xb) at pc=0x00000001254b1e26, pid=10770, tid=4267
#
# JRE version: Java(TM) SE Runtime Environment (8.0_45-b14) (build 1.8.0_45-b14)
# Java VM: Java HotSpot(TM) 64-Bit Server VM (25.45-b02 mixed mode bsd-amd64 compressed oops)
# Problematic frame:
# C  [libCLIPSJNI2.jnilib+0xbfe26]  PrintAtom+0xf6
#
# Failed to write core dump. Core dumps have been disabled. To enable core dumping, try "ulimit -c unlimited" before starting Java again
#
# If you would like to submit a bug report, please visit:
#   http://bugreport.java.com/bugreport/crash.jsp
# The crash happened outside the Java Virtual Machine in native code.
# See problematic frame for where to report the bug.
#

---------------  T H R E A D  ---------------

Current thread (0x00007f87ce4fd800):  JavaThread "Thread-3" [_thread_in_native, id=4267, stack(0x000070000c9b6000,0x000070000cab6000)]

siginfo: si_signo: 11 (SIGSEGV), si_code: 0 (unknown), si_addr: 0x0000000000000000

Registers:
RAX=0x00107f87d236e9d0, RBX=0x000000012533f1d8, RCX=0x00107f87d236e9d0, RDX=0x0000000000000002
RSP=0x000070000cab4f10, RBP=0x000070000cab4fd0, RSI=0x00000001254eee73, RDI=0x00007f87cf718880
R8 =0x000000079847b770, R9 =0x00000007a37d9268, R10=0x0000000000000021, R11=0x0000000740b85210
R12=0x0000000000000000, R13=0x000000012533f1d8, R14=0x000070000cab5530, R15=0x00007f87ce4fd800
RIP=0x00000001254b1e26, EFLAGS=0x0000000000010246, ERR=0x0000000000000000
  TRAPNO=0x000000000000000d

Top of Stack: (sp=0x000070000cab4f10)
0x000070000cab4f10:   000070000cab4f80 00000001254ee61a
0x000070000cab4f20:   00007f87ccf84758 000000010443e436
0x000070000cab4f30:   00007f87ccfacf60 00007f87ccfacf68
0x000070000cab4f40:   00007f87ccfacf70 00007f87ccfc0a88
0x000070000cab4f50:   00007f87ce3031f8 00007f87ccf84758
0x000070000cab4f60:   00000001254eef3e 00000001254eee73
0x000070000cab4f70:   00007f87cf718880 00000000cf718880
0x000070000cab4f80:   0000000200000001 00000001254bcef1
0x000070000cab4f90:   00107f87d236e9d0 00000002ccf84758
0x000070000cab4fa0:   00000001254eee73 00007f87cf718880
0x000070000cab4fb0:   00000001254eef3e 00000001254eee73
0x000070000cab4fc0:   00007f87cf718880 88087aea0531007d
0x000070000cab4fd0:   000070000cab5090 00000001254e71ad
0x000070000cab4fe0:   00000001ccfaceb0 00007f8700000001
0x000070000cab4ff0:   0000000100000001 0000000100000001
0x000070000cab5000:   0000000000000001 0000000100000001
0x000070000cab5010:   000000012533f1d8 000000010cab5530
0x000070000cab5020:   000070000cab5090 00000001254ee61a
0x000070000cab5030:   00007f87ccf84758 000000010443e436
0x000070000cab5040:   00007f87ccfaceb0 00007f87ccfaceb8
0x000070000cab5050:   00007f87d22cb740 00007f87d22cb770
0x000070000cab5060:   00000007ce3031f8 00007f87d2652200
0x000070000cab5070:   0000000000000000 00007f87d2652180
0x000070000cab5080:   00000001254eee73 00007f87cf718880
0x000070000cab5090:   000070000cab50e0 000000012544253c
0x000070000cab50a0:   00000001ccfacee8 00007f87ccf84758
0x000070000cab50b0:   00000001254f2d44 00007f87ccfc0960
0x000070000cab50c0:   0000000000000000 00007f87d2652180
0x000070000cab50d0:   00000001254eee73 00007f87cf718880
0x000070000cab50e0:   000070000cab5130 00000001254424c3
0x000070000cab50f0:   0000000800000001 00007f87d2652180
0x000070000cab5100:   00000001254eee73 00007f87cf718880 

Instructions: (pc=0x00000001254b1e26)
0x00000001254b1e06:   75 d0 48 8b 45 c0 48 8b 50 18 e8 9b fe ff ff e9
0x00000001254b1e16:   4f 03 00 00 48 8b 7d d8 48 8b 75 d0 48 8b 45 c0
0x00000001254b1e26:   48 8b 50 18 e8 c1 af 00 00 89 45 98 e9 32 03 00
0x00000001254b1e36:   00 48 8b 45 d8 48 8b 40 30 48 8b 80 a8 01 00 00 

Register to memory mapping:

RAX=0x00107f87d236e9d0 is an unknown value
RBX={method} {0x000000012533f1d8} 'eval' '(JLjava/lang/String;)Lnet/sf/clipsrules/jni/PrimitiveValue;' in 'net/sf/clipsrules/jni/Environment'
RCX=0x00107f87d236e9d0 is an unknown value
RDX=0x0000000000000002 is an unknown value
RSP=0x000070000cab4f10 is pointing into the stack for thread: 0x00007f87ce4fd800
RBP=0x000070000cab4fd0 is pointing into the stack for thread: 0x00007f87ce4fd800
RSI=0x00000001254eee73: ExitJNIRouter+0x613 in /Library/Java/Extensions/libCLIPSJNI2.jnilib at 0x00000001253f2000
RDI=0x00007f87cf718880 is an unknown value
R8 =0x000000079847b770 is an oop
[C 
 - klass: {type array char}
 - length: 1
R9 =0x00000007a37d9268 is an oop
[C 
 - klass: {type array char}
 - length: 45756
R10=0x0000000000000021 is an unknown value
R11=0x0000000740b85210 is an oop
org.clipsmonitor.clips.RouterDialog 
 - klass: 'org/clipsmonitor/clips/RouterDialog'
R12=0x0000000000000000 is an unknown value
R13={method} {0x000000012533f1d8} 'eval' '(JLjava/lang/String;)Lnet/sf/clipsrules/jni/PrimitiveValue;' in 'net/sf/clipsrules/jni/Environment'
R14=0x000070000cab5530 is pointing into the stack for thread: 0x00007f87ce4fd800
R15=0x00007f87ce4fd800 is a thread


Stack: [0x000070000c9b6000,0x000070000cab6000],  sp=0x000070000cab4f10,  free space=1019k
Native frames: (J=compiled Java code, j=interpreted, Vv=VM code, C=native code)
C  [libCLIPSJNI2.jnilib+0xbfe26]  PrintAtom+0xf6
C  [libCLIPSJNI2.jnilib+0xf51ad]  PrintTemplateFact+0x27d
C  [libCLIPSJNI2.jnilib+0x5053c]  PrintFact+0x4c
C  [libCLIPSJNI2.jnilib+0x504c3]  PrintFactWithIdentifier+0x73
C  [libCLIPSJNI2.jnilib+0x494e9]  EnvFacts+0x199
C  [libCLIPSJNI2.jnilib+0x48759]  FactsCommand+0x89
C  [libCLIPSJNI2.jnilib+0x3dd90]  EvaluateExpression+0x220
C  [libCLIPSJNI2.jnilib+0xdf57f]  EnvEval+0x30f
C  [libCLIPSJNI2.jnilib+0xfaba7]  Java_net_sf_clipsrules_jni_Environment_eval+0x77
j  net.sf.clipsrules.jni.Environment.eval(JLjava/lang/String;)Lnet/sf/clipsrules/jni/PrimitiveValue;+0
j  net.sf.clipsrules.jni.Environment.eval(Ljava/lang/String;)Lnet/sf/clipsrules/jni/PrimitiveValue;+6
j  org.clipsmonitor.clips.ClipsCore.evaluate(Ljava/lang/String;Ljava/lang/String;)Lnet/sf/clipsrules/jni/PrimitiveValue;+81
j  org.clipsmonitor.clips.ClipsCore.getFactList()Ljava/lang/String;+28
j  org.clipsmonitor.core.MonitorModel.getFactList()Ljava/lang/String;+4
j  org.clipsmonitor.gui.FactsTopComponent.updateFacts()V+5
j  org.clipsmonitor.gui.FactsTopComponent.update(Ljava/util/Observable;Ljava/lang/Object;)V+25
j  java.util.Observable.notifyObservers(Ljava/lang/Object;)V+55
j  org.clipsmonitor.core.MonitorModel.run()V+470
j  java.lang.Thread.run()V+11
v  ~StubRoutines::call_stub
V  [libjvm.dylib+0x2e032a]
V  [libjvm.dylib+0x2e0ab8]
V  [libjvm.dylib+0x2e0c64]
V  [libjvm.dylib+0x3331a5]
V  [libjvm.dylib+0x549acf]
V  [libjvm.dylib+0x54b1c0]
V  [libjvm.dylib+0x46ea7e]
C  [libsystem_pthread.dylib+0x39af]  _pthread_body+0xb4
C  [libsystem_pthread.dylib+0x38fb]  _pthread_body+0x0
C  [libsystem_pthread.dylib+0x3101]  thread_start+0xd
C  0x0000000000000000

Java frames: (J=compiled Java code, j=interpreted, Vv=VM code)
j  net.sf.clipsrules.jni.Environment.eval(JLjava/lang/String;)Lnet/sf/clipsrules/jni/PrimitiveValue;+0
j  net.sf.clipsrules.jni.Environment.eval(Ljava/lang/String;)Lnet/sf/clipsrules/jni/PrimitiveValue;+6
j  org.clipsmonitor.clips.ClipsCore.evaluate(Ljava/lang/String;Ljava/lang/String;)Lnet/sf/clipsrules/jni/PrimitiveValue;+81
j  org.clipsmonitor.clips.ClipsCore.getFactList()Ljava/lang/String;+28
j  org.clipsmonitor.core.MonitorModel.getFactList()Ljava/lang/String;+4
j  org.clipsmonitor.gui.FactsTopComponent.updateFacts()V+5
j  org.clipsmonitor.gui.FactsTopComponent.update(Ljava/util/Observable;Ljava/lang/Object;)V+25
j  java.util.Observable.notifyObservers(Ljava/lang/Object;)V+55
j  org.clipsmonitor.core.MonitorModel.run()V+470
j  java.lang.Thread.run()V+11
v  ~StubRoutines::call_stub

---------------  P R O C E S S  ---------------

Java Threads: ( => current thread )
=>0x00007f87ce4fd800 JavaThread "Thread-3" [_thread_in_native, id=4267, stack(0x000070000c9b6000,0x000070000cab6000)]
  0x00007f87d4c18000 JavaThread "Inactive RequestProcessor thread [Was:TimedSoftReference/org.openide.util.TimedSoftReference]" daemon [_thread_blocked, id=79679, stack(0x000070000cbbc000,0x000070000ccbc000)]
  0x00007f87cd4a5000 JavaThread "Inactive RequestProcessor thread [Was:Folder recognizer/org.openide.loaders.FolderList$ListTask]" daemon [_thread_blocked, id=79247, stack(0x000070000cab9000,0x000070000cbb9000)]
  0x00007f87ce002800 JavaThread "DestroyJavaVM" [_thread_blocked, id=6915, stack(0x000070000a8ca000,0x000070000a9ca000)]
  0x00007f87cd1df800 JavaThread "TimerQueue" daemon [_thread_blocked, id=75787, stack(0x000070000c72d000,0x000070000c82d000)]
  0x00007f87cd20e800 JavaThread "Thread-2" daemon [_thread_blocked, id=72207, stack(0x000070000c62a000,0x000070000c72a000)]
  0x00007f87ce597800 JavaThread "File Watcher" daemon [_thread_blocked, id=71443, stack(0x000070000c527000,0x000070000c627000)]
  0x00007f87cd216000 JavaThread "Thread-1" daemon [_thread_in_native, id=69531, stack(0x000070000c424000,0x000070000c524000)]
  0x00007f87cefcb800 JavaThread "Inactive RequestProcessor thread [Was:Timeable Event Queue Watch Dog/org.netbeans.core.TimableEventQueue]" daemon [_thread_blocked, id=69063, stack(0x000070000c321000,0x000070000c421000)]
  0x00007f87ce303000 JavaThread "AWT-EventQueue-0" [_thread_blocked, id=64771, stack(0x000070000c19b000,0x000070000c29b000)]
  0x00007f87cd3ab000 JavaThread "Java2D Disposer" daemon [_thread_blocked, id=64267, stack(0x000070000c098000,0x000070000c198000)]
  0x00007f87cd390000 JavaThread "Java2D Queue Flusher" daemon [_thread_blocked, id=56331, stack(0x000070000bf95000,0x000070000c095000)]
  0x00007f87cd36b000 JavaThread "RequestProcessor queue manager" daemon [_thread_blocked, id=55811, stack(0x000070000be92000,0x000070000bf92000)]
  0x00007f87cd31d800 JavaThread "Inactive RequestProcessor thread [Was:Folder recognizer/org.openide.loaders.FolderList$ListTask]" daemon [_thread_blocked, id=50951, stack(0x000070000bc8c000,0x000070000bd8c000)]
  0x00007f87cd2bb000 JavaThread "AWT-Shutdown" [_thread_blocked, id=30495, stack(0x000070000ba00000,0x000070000bb00000)]
  0x00007f87ce21a800 JavaThread "AppKit Thread" daemon [_thread_in_native, id=775, stack(0x00007fff5b348000,0x00007fff5bb48000)]
  0x00007f87cd228800 JavaThread "CLI Requests Server" daemon [_thread_in_native, id=20227, stack(0x000070000b87a000,0x000070000b97a000)]
  0x00007f87cd19a800 JavaThread "Active Reference Queue Daemon" daemon [_thread_blocked, id=19715, stack(0x000070000b777000,0x000070000b877000)]
  0x00007f87ce049800 JavaThread "Service Thread" daemon [_thread_blocked, id=18691, stack(0x000070000b571000,0x000070000b671000)]
  0x00007f87cd071000 JavaThread "C1 CompilerThread2" daemon [_thread_blocked, id=18179, stack(0x000070000b46e000,0x000070000b56e000)]
  0x00007f87cd070800 JavaThread "C2 CompilerThread1" daemon [_thread_blocked, id=17667, stack(0x000070000b36b000,0x000070000b46b000)]
  0x00007f87ce035000 JavaThread "C2 CompilerThread0" daemon [_thread_blocked, id=17155, stack(0x000070000b268000,0x000070000b368000)]
  0x00007f87ce034000 JavaThread "Signal Dispatcher" daemon [_thread_blocked, id=16643, stack(0x000070000b165000,0x000070000b265000)]
  0x00007f87cd04e000 JavaThread "Finalizer" daemon [_thread_blocked, id=12291, stack(0x000070000afdf000,0x000070000b0df000)]
  0x00007f87cd04d000 JavaThread "Reference Handler" daemon [_thread_blocked, id=11779, stack(0x000070000aedc000,0x000070000afdc000)]

Other Threads:
  0x00007f87ce800000 VMThread [stack: 0x000070000add9000,0x000070000aed9000] [id=11267]
  0x00007f87ce029000 WatcherThread [stack: 0x000070000b674000,0x000070000b774000] [id=19203]

VM state:not at safepoint (normal execution)

VM Mutex/Monitor currently owned by a thread: None

Heap:
 PSYoungGen      total 660480K, used 234958K [0x0000000795580000, 0x00000007bfa80000, 0x00000007c0000000)
  eden space 633856K, 36% used [0x0000000795580000,0x00000007a3830198,0x00000007bc080000)
  from space 26624K, 10% used [0x00000007be080000,0x00000007be343748,0x00000007bfa80000)
  to   space 29696K, 0% used [0x00000007bc080000,0x00000007bc080000,0x00000007bdd80000)
 ParOldGen       total 196096K, used 83066K [0x0000000740000000, 0x000000074bf80000, 0x0000000795580000)
  object space 196096K, 42% used [0x0000000740000000,0x000000074511e8d8,0x000000074bf80000)
 Metaspace       used 35407K, capacity 37198K, committed 37296K, reserved 1081344K
  class space    used 4412K, capacity 4989K, committed 5040K, reserved 1048576K

Card table byte_map: [0x0000000105dc0000,0x00000001061c1000] byte_map_base: 0x00000001023c0000

Marking Bits: (ParMarkBitMap*) 0x00000001049f77a0
 Begin Bits: [0x000000010646c000, 0x000000010846c000)
 End Bits:   [0x000000010846c000, 0x000000010a46c000)

Polling page: 0x000000010519a000

CodeCache: size=245760Kb used=17233Kb max_used=17244Kb free=228526Kb
 bounds [0x000000010f41d000, 0x000000011051d000, 0x000000011e41d000]
 total_blobs=5832 nmethods=5176 adapters=566
 compilation: enabled

Compilation events (10 events):
Event: 35.732 Thread 0x00007f87cd071000 6104       3       org.openide.util.lookup.SimpleProxyLookup$ProxyResult::getDelegate (26 bytes)
Event: 35.733 Thread 0x00007f87cd071000 nmethod 6104 0x0000000110486490 code [0x0000000110486620, 0x00000001104868b8]
Event: 35.733 Thread 0x00007f87cd071000 6105       3       java.util.Collections$UnmodifiableCollection::size (10 bytes)
Event: 35.733 Thread 0x00007f87cd071000 nmethod 6105 0x0000000110221c90 code [0x0000000110221e00, 0x0000000110222028]
Event: 35.734 Thread 0x00007f87cd071000 6106       3       java.awt.Component::getLocationOnScreen_NoTreeLock (104 bytes)
Event: 35.735 Thread 0x00007f87cd071000 nmethod 6106 0x00000001104f3450 code [0x00000001104f3680, 0x00000001104f4248]
Event: 35.735 Thread 0x00007f87cd071000 6107       3       javax.swing.DefaultButtonModel::isArmed (15 bytes)
Event: 35.736 Thread 0x00007f87cd071000 nmethod 6107 0x00000001104d8b50 code [0x00000001104d8cc0, 0x00000001104d8e70]
Event: 35.742 Thread 0x00007f87cd070800 6108       4       java.awt.Rectangle::getBounds (24 bytes)
Event: 35.744 Thread 0x00007f87cd070800 nmethod 6108 0x0000000110036510 code [0x0000000110036660, 0x0000000110036758]

GC Heap History (10 events):
Event: 34.101 GC heap before
{Heap before GC invocations=27 (full 3):
 PSYoungGen      total 660480K, used 623485K [0x0000000795580000, 0x00000007c0000000, 0x00000007c0000000)
  eden space 622080K, 100% used [0x0000000795580000,0x00000007bb500000,0x00000007bb500000)
  from space 38400K, 3% used [0x00000007bb500000,0x00000007bb65f6e8,0x00000007bda80000)
  to   space 37376K, 0% used [0x00000007bdb80000,0x00000007bdb80000,0x00000007c0000000)
 ParOldGen       total 196096K, used 81031K [0x0000000740000000, 0x000000074bf80000, 0x0000000795580000)
  object space 196096K, 41% used [0x0000000740000000,0x0000000744f21d90,0x000000074bf80000)
 Metaspace       used 35384K, capacity 37192K, committed 37296K, reserved 1081344K
  class space    used 4411K, capacity 4988K, committed 5040K, reserved 1048576K
Event: 34.105 GC heap after
Heap after GC invocations=27 (full 3):
 PSYoungGen      total 656384K, used 267K [0x0000000795580000, 0x00000007bfc00000, 0x00000007c0000000)
  eden space 623104K, 0% used [0x0000000795580000,0x0000000795580000,0x00000007bb600000)
  from space 33280K, 0% used [0x00000007bdb80000,0x00000007bdbc2dd0,0x00000007bfc00000)
  to   space 35840K, 0% used [0x00000007bb600000,0x00000007bb600000,0x00000007bd900000)
 ParOldGen       total 196096K, used 82180K [0x0000000740000000, 0x000000074bf80000, 0x0000000795580000)
  object space 196096K, 41% used [0x0000000740000000,0x00000007450411b0,0x000000074bf80000)
 Metaspace       used 35384K, capacity 37192K, committed 37296K, reserved 1081344K
  class space    used 4411K, capacity 4988K, committed 5040K, reserved 1048576K
}
Event: 34.424 GC heap before
{Heap before GC invocations=28 (full 3):
 PSYoungGen      total 656384K, used 623371K [0x0000000795580000, 0x00000007bfc00000, 0x00000007c0000000)
  eden space 623104K, 100% used [0x0000000795580000,0x00000007bb600000,0x00000007bb600000)
  from space 33280K, 0% used [0x00000007bdb80000,0x00000007bdbc2dd0,0x00000007bfc00000)
  to   space 35840K, 0% used [0x00000007bb600000,0x00000007bb600000,0x00000007bd900000)
 ParOldGen       total 196096K, used 82180K [0x0000000740000000, 0x000000074bf80000, 0x0000000795580000)
  object space 196096K, 41% used [0x0000000740000000,0x00000007450411b0,0x000000074bf80000)
 Metaspace       used 35384K, capacity 37192K, committed 37296K, reserved 1081344K
  class space    used 4411K, capacity 4988K, committed 5040K, reserved 1048576K
Event: 34.427 GC heap after
Heap after GC invocations=28 (full 3):
 PSYoungGen      total 658944K, used 227K [0x0000000795580000, 0x00000007c0000000, 0x00000007c0000000)
  eden space 623104K, 0% used [0x0000000795580000,0x0000000795580000,0x00000007bb600000)
  from space 35840K, 0% used [0x00000007bb600000,0x00000007bb638e48,0x00000007bd900000)
  to   space 34816K, 0% used [0x00000007bde00000,0x00000007bde00000,0x00000007c0000000)
 ParOldGen       total 196096K, used 82204K [0x0000000740000000, 0x000000074bf80000, 0x0000000795580000)
  object space 196096K, 41% used [0x0000000740000000,0x00000007450471b0,0x000000074bf80000)
 Metaspace       used 35384K, capacity 37192K, committed 37296K, reserved 1081344K
  class space    used 4411K, capacity 4988K, committed 5040K, reserved 1048576K
}
Event: 34.701 GC heap before
{Heap before GC invocations=29 (full 3):
 PSYoungGen      total 658944K, used 623331K [0x0000000795580000, 0x00000007c0000000, 0x00000007c0000000)
  eden space 623104K, 100% used [0x0000000795580000,0x00000007bb600000,0x00000007bb600000)
  from space 35840K, 0% used [0x00000007bb600000,0x00000007bb638e48,0x00000007bd900000)
  to   space 34816K, 0% used [0x00000007bde00000,0x00000007bde00000,0x00000007c0000000)
 ParOldGen       total 196096K, used 82204K [0x0000000740000000, 0x000000074bf80000, 0x0000000795580000)
  object space 196096K, 41% used [0x0000000740000000,0x00000007450471b0,0x000000074bf80000)
 Metaspace       used 35384K, capacity 37192K, committed 37296K, reserved 1081344K
  class space    used 4411K, capacity 4988K, committed 5040K, reserved 1048576K
Event: 34.704 GC heap after
Heap after GC invocations=29 (full 3):
 PSYoungGen      total 658944K, used 247K [0x0000000795580000, 0x00000007bfc00000, 0x00000007c0000000)
  eden space 628224K, 0% used [0x0000000795580000,0x0000000795580000,0x00000007bbb00000)
  from space 30720K, 0% used [0x00000007bde00000,0x00000007bde3df98,0x00000007bfc00000)
  to   space 33280K, 0% used [0x00000007bbb00000,0x00000007bbb00000,0x00000007bdb80000)
 ParOldGen       total 196096K, used 82220K [0x0000000740000000, 0x000000074bf80000, 0x0000000795580000)
  object space 196096K, 41% used [0x0000000740000000,0x000000074504b1b0,0x000000074bf80000)
 Metaspace       used 35384K, capacity 37192K, committed 37296K, reserved 1081344K
  class space    used 4411K, capacity 4988K, committed 5040K, reserved 1048576K
}
Event: 35.103 GC heap before
{Heap before GC invocations=30 (full 3):
 PSYoungGen      total 658944K, used 628471K [0x0000000795580000, 0x00000007bfc00000, 0x00000007c0000000)
  eden space 628224K, 100% used [0x0000000795580000,0x00000007bbb00000,0x00000007bbb00000)
  from space 30720K, 0% used [0x00000007bde00000,0x00000007bde3df98,0x00000007bfc00000)
  to   space 33280K, 0% used [0x00000007bbb00000,0x00000007bbb00000,0x00000007bdb80000)
 ParOldGen       total 196096K, used 82220K [0x0000000740000000, 0x000000074bf80000, 0x0000000795580000)
  object space 196096K, 41% used [0x0000000740000000,0x000000074504b1b0,0x000000074bf80000)
 Metaspace       used 35388K, capacity 37192K, committed 37296K, reserved 1081344K
  class space    used 4411K, capacity 4988K, committed 5040K, reserved 1048576K
Event: 35.111 GC heap after
Heap after GC invocations=30 (full 3):
 PSYoungGen      total 661504K, used 1139K [0x0000000795580000, 0x00000007bff80000, 0x00000007c0000000)
  eden space 628224K, 0% used [0x0000000795580000,0x0000000795580000,0x00000007bbb00000)
  from space 33280K, 3% used [0x00000007bbb00000,0x00000007bbc1ce58,0x00000007bdb80000)
  to   space 31744K, 0% used [0x00000007be080000,0x00000007be080000,0x00000007bff80000)
 ParOldGen       total 196096K, used 82228K [0x0000000740000000, 0x000000074bf80000, 0x0000000795580000)
  object space 196096K, 41% used [0x0000000740000000,0x000000074504d1b0,0x000000074bf80000)
 Metaspace       used 35388K, capacity 37192K, committed 37296K, reserved 1081344K
  class space    used 4411K, capacity 4988K, committed 5040K, reserved 1048576K
}
Event: 35.672 GC heap before
{Heap before GC invocations=31 (full 3):
 PSYoungGen      total 661504K, used 629363K [0x0000000795580000, 0x00000007bff80000, 0x00000007c0000000)
  eden space 628224K, 100% used [0x0000000795580000,0x00000007bbb00000,0x00000007bbb00000)
  from space 33280K, 3% used [0x00000007bbb00000,0x00000007bbc1ce58,0x00000007bdb80000)
  to   space 31744K, 0% used [0x00000007be080000,0x00000007be080000,0x00000007bff80000)
 ParOldGen       total 196096K, used 82228K [0x0000000740000000, 0x000000074bf80000, 0x0000000795580000)
  object space 196096K, 41% used [0x0000000740000000,0x000000074504d1b0,0x000000074bf80000)
 Metaspace       used 35400K, capacity 37192K, committed 37296K, reserved 1081344K
  class space    used 4411K, capacity 4988K, committed 5040K, reserved 1048576K
Event: 35.679 GC heap after
Heap after GC invocations=31 (full 3):
 PSYoungGen      total 660480K, used 2829K [0x0000000795580000, 0x00000007bfa80000, 0x00000007c0000000)
  eden space 633856K, 0% used [0x0000000795580000,0x0000000795580000,0x00000007bc080000)
  from space 26624K, 10% used [0x00000007be080000,0x00000007be343748,0x00000007bfa80000)
  to   space 29696K, 0% used [0x00000007bc080000,0x00000007bc080000,0x00000007bdd80000)
 ParOldGen       total 196096K, used 83066K [0x0000000740000000, 0x000000074bf80000, 0x0000000795580000)
  object space 196096K, 42% used [0x0000000740000000,0x000000074511e8d8,0x000000074bf80000)
 Metaspace       used 35400K, capacity 37192K, committed 37296K, reserved 1081344K
  class space    used 4411K, capacity 4988K, committed 5040K, reserved 1048576K
}

Deoptimization events (10 events):
Event: 27.155 Thread 0x00007f87ce303000 Uncommon trap: reason=class_check action=maybe_recompile pc=0x000000010fd847cc method=org.openide.filesystems.AbstractFolder.getChild(Ljava/lang/String;Z)Lorg/openide/filesystems/AbstractFolder; @ 5
Event: 27.155 Thread 0x00007f87ce303000 Uncommon trap: reason=class_check action=maybe_recompile pc=0x000000010fd847cc method=org.openide.filesystems.AbstractFolder.getChild(Ljava/lang/String;Z)Lorg/openide/filesystems/AbstractFolder; @ 5
Event: 27.156 Thread 0x00007f87ce303000 Uncommon trap: reason=unstable_if action=reinterpret pc=0x000000010fdeba9c method=java.util.HashMap.removeNode(ILjava/lang/Object;Ljava/lang/Object;ZZ)Ljava/util/HashMap$Node; @ 133
Event: 27.751 Thread 0x00007f87cefcb800 Uncommon trap: reason=unstable_if action=reinterpret pc=0x00000001102a1524 method=java.io.BufferedOutputStream.write([BII)V @ 6
Event: 28.905 Thread 0x00007f87cefcb800 Uncommon trap: reason=class_check action=maybe_recompile pc=0x00000001103f64d4 method=org.openide.filesystems.MultiFileObject.update()V @ 181
Event: 30.648 Thread 0x00007f87ce303000 Uncommon trap: reason=unstable_if action=reinterpret pc=0x000000010f7d7c58 method=sun.nio.cs.UTF_8$Encoder.encodeArrayLoop(Ljava/nio/CharBuffer;Ljava/nio/ByteBuffer;)Ljava/nio/charset/CoderResult; @ 87
Event: 33.003 Thread 0x00007f87ce4fd800 Uncommon trap: reason=bimorphic action=maybe_recompile pc=0x000000010fd4fb00 method=javax.swing.text.View.setParent(Ljavax/swing/text/View;)V @ 32
Event: 33.003 Thread 0x00007f87ce4fd800 Uncommon trap: reason=unstable_if action=reinterpret pc=0x000000010fd4faec method=javax.swing.text.View.setParent(Ljavax/swing/text/View;)V @ 23
Event: 33.659 Thread 0x00007f87ce303000 Uncommon trap: reason=predicate action=maybe_recompile pc=0x000000010fc28790 method=javax.swing.SwingUtilities.getValidateRoot(Ljava/awt/Container;Z)Ljava/awt/Container; @ 52
Event: 35.040 Thread 0x00007f87ce4fd800 Uncommon trap: reason=unstable_if action=reinterpret pc=0x000000011028ace4 method=javax.swing.JComponent.revalidate()V @ 12

Internal exceptions (10 events):
Event: 18.852 Thread 0x00007f87cefcb800 Exception <a 'java/security/PrivilegedActionException'> (0x0000000796703a98) thrown at [/Users/java_re/workspace/8-2-build-macosx-x86_64/jdk8u45/3457/hotspot/src/share/vm/prims/jvm.cpp, line 1382]
Event: 18.853 Thread 0x00007f87cefcb800 Exception <a 'java/lang/ArrayIndexOutOfBoundsException'> (0x0000000796704b38) thrown at [/Users/java_re/workspace/8-2-build-macosx-x86_64/jdk8u45/3457/hotspot/src/share/vm/runtime/sharedRuntime.cpp, line 605]
Event: 18.853 Thread 0x00007f87cefcb800 Exception <a 'java/lang/ArrayIndexOutOfBoundsException'> (0x0000000796706858) thrown at [/Users/java_re/workspace/8-2-build-macosx-x86_64/jdk8u45/3457/hotspot/src/share/vm/runtime/sharedRuntime.cpp, line 605]
Event: 18.854 Thread 0x00007f87cefcb800 Exception <a 'java/lang/ArrayIndexOutOfBoundsException'> (0x0000000796708d88) thrown at [/Users/java_re/workspace/8-2-build-macosx-x86_64/jdk8u45/3457/hotspot/src/share/vm/runtime/sharedRuntime.cpp, line 605]
Event: 18.854 Thread 0x00007f87cefcb800 Exception <a 'java/lang/ArrayIndexOutOfBoundsException'> (0x000000079670a818) thrown at [/Users/java_re/workspace/8-2-build-macosx-x86_64/jdk8u45/3457/hotspot/src/share/vm/runtime/sharedRuntime.cpp, line 605]
Event: 18.854 Thread 0x00007f87cefcb800 Exception <a 'java/lang/ArrayIndexOutOfBoundsException'> (0x000000079670cb10) thrown at [/Users/java_re/workspace/8-2-build-macosx-x86_64/jdk8u45/3457/hotspot/src/share/vm/runtime/sharedRuntime.cpp, line 605]
Event: 20.636 Thread 0x00007f87cdae8800 Exception <a 'java/lang/NoSuchMethodError': <clinit>> (0x0000000796de7cb0) thrown at [/Users/java_re/workspace/8-2-build-macosx-x86_64/jdk8u45/3457/hotspot/src/share/vm/prims/jni.cpp, line 1598]
Event: 30.527 Thread 0x00007f87ce303000 Exception <a 'net/sf/clipsrules/jni/CLIPSError'> (0x00000007971a1828) thrown at [/Users/java_re/workspace/8-2-build-macosx-x86_64/jdk8u45/3457/hotspot/src/share/vm/prims/jni.cpp, line 709]
Event: 30.531 Thread 0x00007f87ce303000 Exception <a 'net/sf/clipsrules/jni/CLIPSError'> (0x00000007971b04c8) thrown at [/Users/java_re/workspace/8-2-build-macosx-x86_64/jdk8u45/3457/hotspot/src/share/vm/prims/jni.cpp, line 709]
Event: 30.588 Thread 0x00007f87ce303000 Exception <a 'net/sf/clipsrules/jni/CLIPSError'> (0x00000007971c29b8) thrown at [/Users/java_re/workspace/8-2-build-macosx-x86_64/jdk8u45/3457/hotspot/src/share/vm/prims/jni.cpp, line 709]

Events (10 events):
Event: 35.417 loading class org/netbeans/lib/profiler/server/ProfilerServer
Event: 35.417 loading class org/netbeans/lib/profiler/server/ProfilerServer done
Event: 35.417 Thread 0x00007f87d6072000 Thread added: 0x00007f87d6072000
Event: 35.424 Executing VM operation: RevokeBias
Event: 35.424 Executing VM operation: RevokeBias done
Event: 35.424 Executing VM operation: RevokeBias
Event: 35.424 Executing VM operation: RevokeBias done
Event: 35.424 Thread 0x00007f87d6072000 Thread exited: 0x00007f87d6072000
Event: 35.672 Executing VM operation: ParallelGCFailedAllocation
Event: 35.679 Executing VM operation: ParallelGCFailedAllocation done


Dynamic libraries:
0x0000000030271000 	/System/Library/Frameworks/Cocoa.framework/Versions/A/Cocoa
0x0000000030271000 	/System/Library/Frameworks/Security.framework/Versions/A/Security
0x0000000030271000 	/System/Library/Frameworks/ApplicationServices.framework/Versions/A/ApplicationServices
0x0000000030271000 	/usr/lib/libz.1.dylib
0x0000000030271000 	/usr/lib/libSystem.B.dylib
0x0000000030271000 	/usr/lib/libobjc.A.dylib
0x0000000030271000 	/System/Library/Frameworks/CoreFoundation.framework/Versions/A/CoreFoundation
0x0000000030271000 	/System/Library/Frameworks/Foundation.framework/Versions/C/Foundation
0x0000000030271000 	/System/Library/Frameworks/AppKit.framework/Versions/C/AppKit
0x0000000030271000 	/System/Library/Frameworks/CoreData.framework/Versions/A/CoreData
0x0000000030271000 	/System/Library/PrivateFrameworks/RemoteViewServices.framework/Versions/A/RemoteViewServices
0x0000000030271000 	/System/Library/PrivateFrameworks/UIFoundation.framework/Versions/A/UIFoundation
0x0000000030271000 	/System/Library/PrivateFrameworks/DFRFoundation.framework/Versions/A/DFRFoundation
0x0000000030271000 	/usr/lib/libenergytrace.dylib
0x0000000030271000 	/System/Library/PrivateFrameworks/SkyLight.framework/Versions/A/SkyLight
0x0000000030271000 	/System/Library/Frameworks/CoreGraphics.framework/Versions/A/CoreGraphics
0x0000000030271000 	/usr/lib/libScreenReader.dylib
0x0000000030271000 	/System/Library/Frameworks/Accelerate.framework/Versions/A/Accelerate
0x0000000030271000 	/System/Library/Frameworks/IOSurface.framework/Versions/A/IOSurface
0x0000000030271000 	/System/Library/Frameworks/AudioToolbox.framework/Versions/A/AudioToolbox
0x0000000030271000 	/System/Library/Frameworks/AudioUnit.framework/Versions/A/AudioUnit
0x0000000030271000 	/System/Library/PrivateFrameworks/DataDetectorsCore.framework/Versions/A/DataDetectorsCore
0x0000000030271000 	/System/Library/PrivateFrameworks/DesktopServicesPriv.framework/Versions/A/DesktopServicesPriv
0x0000000030271000 	/System/Library/Frameworks/Carbon.framework/Versions/A/Frameworks/HIToolbox.framework/Versions/A/HIToolbox
0x0000000030271000 	/usr/lib/libicucore.A.dylib
0x0000000030271000 	/System/Library/Frameworks/QuartzCore.framework/Versions/A/QuartzCore
0x0000000030271000 	/System/Library/Frameworks/Carbon.framework/Versions/A/Frameworks/SpeechRecognition.framework/Versions/A/SpeechRecognition
0x0000000030271000 	/usr/lib/libauto.dylib
0x0000000030271000 	/usr/lib/libxml2.2.dylib
0x0000000030271000 	/System/Library/PrivateFrameworks/CoreUI.framework/Versions/A/CoreUI
0x0000000030271000 	/System/Library/Frameworks/CoreAudio.framework/Versions/A/CoreAudio
0x0000000030271000 	/System/Library/Frameworks/DiskArbitration.framework/Versions/A/DiskArbitration
0x0000000030271000 	/usr/lib/liblangid.dylib
0x0000000030271000 	/System/Library/PrivateFrameworks/MultitouchSupport.framework/Versions/A/MultitouchSupport
0x0000000030271000 	/System/Library/Frameworks/IOKit.framework/Versions/A/IOKit
0x0000000030271000 	/usr/lib/libDiagnosticMessagesClient.dylib
0x0000000030271000 	/System/Library/Frameworks/CoreServices.framework/Versions/A/CoreServices
0x0000000030271000 	/System/Library/PrivateFrameworks/PerformanceAnalysis.framework/Versions/A/PerformanceAnalysis
0x0000000030271000 	/System/Library/PrivateFrameworks/GenerationalStorage.framework/Versions/A/GenerationalStorage
0x0000000030271000 	/System/Library/Frameworks/OpenGL.framework/Versions/A/OpenGL
0x0000000030271000 	/System/Library/Frameworks/CoreImage.framework/Versions/A/CoreImage
0x0000000030271000 	/System/Library/Frameworks/CoreText.framework/Versions/A/CoreText
0x0000000030271000 	/System/Library/Frameworks/ImageIO.framework/Versions/A/ImageIO
0x0000000030271000 	/System/Library/PrivateFrameworks/Backup.framework/Versions/A/Backup
0x0000000030271000 	/usr/lib/libarchive.2.dylib
0x0000000030271000 	/System/Library/Frameworks/CFNetwork.framework/Versions/A/CFNetwork
0x0000000030271000 	/System/Library/Frameworks/SystemConfiguration.framework/Versions/A/SystemConfiguration
0x0000000030271000 	/usr/lib/libCRFSuite.dylib
0x0000000030271000 	/usr/lib/libc++.1.dylib
0x0000000030271000 	/usr/lib/libc++abi.dylib
0x0000000030271000 	/usr/lib/system/libcache.dylib
0x0000000030271000 	/usr/lib/system/libcommonCrypto.dylib
0x0000000030271000 	/usr/lib/system/libcompiler_rt.dylib
0x0000000030271000 	/usr/lib/system/libcopyfile.dylib
0x0000000030271000 	/usr/lib/system/libcorecrypto.dylib
0x0000000030271000 	/usr/lib/system/libdispatch.dylib
0x0000000030271000 	/usr/lib/system/libdyld.dylib
0x0000000030271000 	/usr/lib/system/libkeymgr.dylib
0x0000000030271000 	/usr/lib/system/liblaunch.dylib
0x0000000030271000 	/usr/lib/system/libmacho.dylib
0x0000000030271000 	/usr/lib/system/libquarantine.dylib
0x0000000030271000 	/usr/lib/system/libremovefile.dylib
0x0000000030271000 	/usr/lib/system/libsystem_asl.dylib
0x0000000030271000 	/usr/lib/system/libsystem_blocks.dylib
0x0000000030271000 	/usr/lib/system/libsystem_c.dylib
0x0000000030271000 	/usr/lib/system/libsystem_configuration.dylib
0x0000000030271000 	/usr/lib/system/libsystem_coreservices.dylib
0x0000000030271000 	/usr/lib/system/libsystem_coretls.dylib
0x0000000030271000 	/usr/lib/system/libsystem_dnssd.dylib
0x0000000030271000 	/usr/lib/system/libsystem_info.dylib
0x0000000030271000 	/usr/lib/system/libsystem_kernel.dylib
0x0000000030271000 	/usr/lib/system/libsystem_m.dylib
0x0000000030271000 	/usr/lib/system/libsystem_malloc.dylib
0x0000000030271000 	/usr/lib/system/libsystem_network.dylib
0x0000000030271000 	/usr/lib/system/libsystem_networkextension.dylib
0x0000000030271000 	/usr/lib/system/libsystem_notify.dylib
0x0000000030271000 	/usr/lib/system/libsystem_platform.dylib
0x0000000030271000 	/usr/lib/system/libsystem_pthread.dylib
0x0000000030271000 	/usr/lib/system/libsystem_sandbox.dylib
0x0000000030271000 	/usr/lib/system/libsystem_secinit.dylib
0x0000000030271000 	/usr/lib/system/libsystem_symptoms.dylib
0x0000000030271000 	/usr/lib/system/libsystem_trace.dylib
0x0000000030271000 	/usr/lib/system/libunwind.dylib
0x0000000030271000 	/usr/lib/system/libxpc.dylib
0x0000000030271000 	/usr/lib/libbsm.0.dylib
0x0000000030271000 	/usr/lib/system/libkxld.dylib
0x0000000030271000 	/usr/lib/libcoretls.dylib
0x0000000030271000 	/usr/lib/libcoretls_cfhelpers.dylib
0x0000000030271000 	/usr/lib/libOpenScriptingUtil.dylib
0x0000000030271000 	/usr/lib/libpam.2.dylib
0x0000000030271000 	/usr/lib/libsqlite3.dylib
0x0000000030271000 	/usr/lib/libxar.1.dylib
0x0000000030271000 	/usr/lib/libbz2.1.0.dylib
0x0000000030271000 	/usr/lib/liblzma.5.dylib
0x0000000030271000 	/usr/lib/libnetwork.dylib
0x0000000030271000 	/usr/lib/libpcap.A.dylib
0x0000000030271000 	/System/Library/Frameworks/CoreServices.framework/Versions/A/Frameworks/FSEvents.framework/Versions/A/FSEvents
0x0000000030271000 	/System/Library/Frameworks/CoreServices.framework/Versions/A/Frameworks/CarbonCore.framework/Versions/A/CarbonCore
0x0000000030271000 	/System/Library/Frameworks/CoreServices.framework/Versions/A/Frameworks/Metadata.framework/Versions/A/Metadata
0x0000000030271000 	/System/Library/Frameworks/CoreServices.framework/Versions/A/Frameworks/OSServices.framework/Versions/A/OSServices
0x0000000030271000 	/System/Library/Frameworks/CoreServices.framework/Versions/A/Frameworks/SearchKit.framework/Versions/A/SearchKit
0x0000000030271000 	/System/Library/Frameworks/CoreServices.framework/Versions/A/Frameworks/AE.framework/Versions/A/AE
0x0000000030271000 	/System/Library/Frameworks/CoreServices.framework/Versions/A/Frameworks/LaunchServices.framework/Versions/A/LaunchServices
0x0000000030271000 	/System/Library/Frameworks/CoreServices.framework/Versions/A/Frameworks/DictionaryServices.framework/Versions/A/DictionaryServices
0x0000000030271000 	/System/Library/Frameworks/CoreServices.framework/Versions/A/Frameworks/SharedFileList.framework/Versions/A/SharedFileList
0x0000000030271000 	/System/Library/Frameworks/NetFS.framework/Versions/A/NetFS
0x0000000030271000 	/System/Library/PrivateFrameworks/NetAuth.framework/Versions/A/NetAuth
0x0000000030271000 	/System/Library/PrivateFrameworks/login.framework/Versions/A/Frameworks/loginsupport.framework/Versions/A/loginsupport
0x0000000030271000 	/System/Library/PrivateFrameworks/TCC.framework/Versions/A/TCC
0x0000000030271000 	/usr/lib/libmecabra.dylib
0x0000000030271000 	/System/Library/Frameworks/ApplicationServices.framework/Versions/A/Frameworks/ATS.framework/Versions/A/ATS
0x0000000030271000 	/System/Library/Frameworks/ApplicationServices.framework/Versions/A/Frameworks/ColorSync.framework/Versions/A/ColorSync
0x0000000030271000 	/System/Library/Frameworks/ApplicationServices.framework/Versions/A/Frameworks/HIServices.framework/Versions/A/HIServices
0x0000000030271000 	/System/Library/Frameworks/ApplicationServices.framework/Versions/A/Frameworks/LangAnalysis.framework/Versions/A/LangAnalysis
0x0000000030271000 	/System/Library/Frameworks/ApplicationServices.framework/Versions/A/Frameworks/PrintCore.framework/Versions/A/PrintCore
0x0000000030271000 	/System/Library/Frameworks/ApplicationServices.framework/Versions/A/Frameworks/QD.framework/Versions/A/QD
0x0000000030271000 	/System/Library/Frameworks/ApplicationServices.framework/Versions/A/Frameworks/SpeechSynthesis.framework/Versions/A/SpeechSynthesis
0x0000000030271000 	/System/Library/Frameworks/Accelerate.framework/Versions/A/Frameworks/vImage.framework/Versions/A/vImage
0x0000000030271000 	/System/Library/Frameworks/Accelerate.framework/Versions/A/Frameworks/vecLib.framework/Versions/A/vecLib
0x0000000030271000 	/System/Library/Frameworks/Accelerate.framework/Versions/A/Frameworks/vecLib.framework/Versions/A/libvDSP.dylib
0x0000000030271000 	/System/Library/Frameworks/Accelerate.framework/Versions/A/Frameworks/vecLib.framework/Versions/A/libBNNS.dylib
0x0000000030271000 	/System/Library/Frameworks/Accelerate.framework/Versions/A/Frameworks/vecLib.framework/Versions/A/libQuadrature.dylib
0x0000000030271000 	/System/Library/Frameworks/Accelerate.framework/Versions/A/Frameworks/vecLib.framework/Versions/A/libvMisc.dylib
0x0000000030271000 	/System/Library/Frameworks/Accelerate.framework/Versions/A/Frameworks/vecLib.framework/Versions/A/libLAPACK.dylib
0x0000000030271000 	/System/Library/Frameworks/Accelerate.framework/Versions/A/Frameworks/vecLib.framework/Versions/A/libBLAS.dylib
0x0000000030271000 	/System/Library/Frameworks/Accelerate.framework/Versions/A/Frameworks/vecLib.framework/Versions/A/libLinearAlgebra.dylib
0x0000000030271000 	/System/Library/Frameworks/Accelerate.framework/Versions/A/Frameworks/vecLib.framework/Versions/A/libSparseBLAS.dylib
0x0000000030271000 	/System/Library/Frameworks/ApplicationServices.framework/Versions/A/Frameworks/ATS.framework/Versions/A/Resources/libFontParser.dylib
0x0000000030271000 	/System/Library/Frameworks/ApplicationServices.framework/Versions/A/Frameworks/ATS.framework/Versions/A/Resources/libFontRegistry.dylib
0x0000000030271000 	/System/Library/Frameworks/ImageIO.framework/Versions/A/Resources/libJPEG.dylib
0x0000000030271000 	/System/Library/Frameworks/ImageIO.framework/Versions/A/Resources/libTIFF.dylib
0x0000000030271000 	/System/Library/Frameworks/ImageIO.framework/Versions/A/Resources/libPng.dylib
0x0000000030271000 	/System/Library/Frameworks/ImageIO.framework/Versions/A/Resources/libGIF.dylib
0x0000000030271000 	/System/Library/Frameworks/ImageIO.framework/Versions/A/Resources/libJP2.dylib
0x0000000030271000 	/System/Library/Frameworks/ImageIO.framework/Versions/A/Resources/libRadiance.dylib
0x0000000030271000 	/usr/lib/libcompression.dylib
0x0000000030271000 	/System/Library/PrivateFrameworks/AppleJPEG.framework/Versions/A/AppleJPEG
0x0000000030271000 	/usr/lib/libcups.2.dylib
0x0000000030271000 	/System/Library/Frameworks/Kerberos.framework/Versions/A/Kerberos
0x0000000030271000 	/System/Library/Frameworks/GSS.framework/Versions/A/GSS
0x0000000030271000 	/usr/lib/libresolv.9.dylib
0x0000000030271000 	/usr/lib/libiconv.2.dylib
0x0000000030271000 	/System/Library/PrivateFrameworks/Heimdal.framework/Versions/A/Heimdal
0x0000000030271000 	/usr/lib/libheimdal-asn1.dylib
0x0000000030271000 	/System/Library/Frameworks/OpenDirectory.framework/Versions/A/OpenDirectory
0x0000000030271000 	/System/Library/PrivateFrameworks/CommonAuth.framework/Versions/A/CommonAuth
0x0000000030271000 	/System/Library/Frameworks/OpenDirectory.framework/Versions/A/Frameworks/CFOpenDirectory.framework/Versions/A/CFOpenDirectory
0x0000000030271000 	/System/Library/Frameworks/SecurityFoundation.framework/Versions/A/SecurityFoundation
0x0000000030271000 	/System/Library/PrivateFrameworks/LanguageModeling.framework/Versions/A/LanguageModeling
0x0000000030271000 	/usr/lib/libmarisa.dylib
0x0000000030271000 	/usr/lib/libChineseTokenizer.dylib
0x0000000030271000 	/usr/lib/libcmph.dylib
0x0000000030271000 	/System/Library/PrivateFrameworks/CoreEmoji.framework/Versions/A/CoreEmoji
0x0000000030271000 	/System/Library/Frameworks/ServiceManagement.framework/Versions/A/ServiceManagement
0x0000000030271000 	/usr/lib/libxslt.1.dylib
0x0000000030271000 	/System/Library/Frameworks/Carbon.framework/Versions/A/Frameworks/Ink.framework/Versions/A/Ink
0x0000000030271000 	/System/Library/PrivateFrameworks/TextureIO.framework/Versions/A/TextureIO
0x0000000030271000 	/System/Library/Frameworks/Metal.framework/Versions/A/Metal
0x0000000030271000 	/usr/lib/libate.dylib
0x0000000030271000 	/System/Library/PrivateFrameworks/GPUCompiler.framework/libmetal_timestamp.dylib
0x0000000030271000 	/System/Library/Frameworks/OpenGL.framework/Versions/A/Libraries/libCoreFSCache.dylib
0x0000000030271000 	/System/Library/PrivateFrameworks/IOAccelerator.framework/Versions/A/IOAccelerator
0x0000000030271000 	/System/Library/Frameworks/CoreVideo.framework/Versions/A/CoreVideo
0x0000000030271000 	/usr/lib/libFosl_dynamic.dylib
0x0000000030271000 	/System/Library/PrivateFrameworks/MetalPerformanceShaders.framework/Versions/A/MetalPerformanceShaders
0x0000000030271000 	/System/Library/PrivateFrameworks/FaceCore.framework/Versions/A/FaceCore
0x0000000030271000 	/System/Library/Frameworks/OpenCL.framework/Versions/A/OpenCL
0x0000000030271000 	/System/Library/Frameworks/OpenGL.framework/Versions/A/Libraries/libGLU.dylib
0x0000000030271000 	/System/Library/Frameworks/OpenGL.framework/Versions/A/Libraries/libGFXShared.dylib
0x0000000030271000 	/System/Library/Frameworks/OpenGL.framework/Versions/A/Libraries/libGL.dylib
0x0000000030271000 	/System/Library/Frameworks/OpenGL.framework/Versions/A/Libraries/libGLImage.dylib
0x0000000030271000 	/System/Library/Frameworks/OpenGL.framework/Versions/A/Libraries/libCVMSPluginSupport.dylib
0x0000000030271000 	/System/Library/Frameworks/OpenGL.framework/Versions/A/Libraries/libCoreVMClient.dylib
0x0000000030271000 	/System/Library/PrivateFrameworks/CrashReporterSupport.framework/Versions/A/CrashReporterSupport
0x0000000030271000 	/System/Library/PrivateFrameworks/Sharing.framework/Versions/A/Sharing
0x0000000030271000 	/System/Library/PrivateFrameworks/IconServices.framework/Versions/A/IconServices
0x0000000030271000 	/System/Library/PrivateFrameworks/ProtocolBuffer.framework/Versions/A/ProtocolBuffer
0x0000000030271000 	/System/Library/PrivateFrameworks/Apple80211.framework/Versions/A/Apple80211
0x0000000030271000 	/System/Library/Frameworks/CoreWLAN.framework/Versions/A/CoreWLAN
0x0000000030271000 	/System/Library/PrivateFrameworks/CoreUtils.framework/Versions/A/CoreUtils
0x0000000030271000 	/System/Library/Frameworks/IOBluetooth.framework/Versions/A/IOBluetooth
0x0000000030271000 	/System/Library/PrivateFrameworks/CoreWiFi.framework/Versions/A/CoreWiFi
0x0000000030271000 	/System/Library/Frameworks/CoreBluetooth.framework/Versions/A/CoreBluetooth
0x0000000030271000 	/System/Library/Frameworks/CoreDisplay.framework/Versions/A/CoreDisplay
0x0000000030271000 	/System/Library/PrivateFrameworks/IOPresentment.framework/Versions/A/IOPresentment
0x0000000030271000 	/System/Library/PrivateFrameworks/DSExternalDisplay.framework/Versions/A/DSExternalDisplay
0x0000000030271000 	/System/Library/PrivateFrameworks/DebugSymbols.framework/Versions/A/DebugSymbols
0x0000000030271000 	/System/Library/PrivateFrameworks/CoreSymbolication.framework/Versions/A/CoreSymbolication
0x0000000030271000 	/System/Library/PrivateFrameworks/Symbolication.framework/Versions/A/Symbolication
0x0000000030271000 	/System/Library/PrivateFrameworks/AppleFSCompression.framework/Versions/A/AppleFSCompression
0x0000000030271000 	/System/Library/PrivateFrameworks/SpeechRecognitionCore.framework/Versions/A/SpeechRecognitionCore
0x0000000030271000 	/System/Library/PrivateFrameworks/ChunkingLibrary.framework/Versions/A/ChunkingLibrary
0x0000000104135000 	/Library/Java/JavaVirtualMachines/jdk1.8.0_45.jdk/Contents/Home/jre/lib/server/libjvm.dylib
0x000000010509e000 	/usr/lib/libstdc++.6.dylib
0x0000000105157000 	/Library/Java/JavaVirtualMachines/jdk1.8.0_45.jdk/Contents/Home/jre/lib/libverify.dylib
0x0000000105165000 	/Library/Java/JavaVirtualMachines/jdk1.8.0_45.jdk/Contents/Home/jre/lib/libjava.dylib
0x00000001051a4000 	/Library/Java/JavaVirtualMachines/jdk1.8.0_45.jdk/Contents/Home/jre/lib/libzip.dylib
0x000000010c312000 	/System/Library/Frameworks/JavaVM.framework/Frameworks/JavaRuntimeSupport.framework/JavaRuntimeSupport
0x000000010c32c000 	/System/Library/Frameworks/JavaVM.framework/Versions/A/Frameworks/JavaNativeFoundation.framework/Versions/A/JavaNativeFoundation
0x000000010c341000 	/System/Library/Frameworks/JavaVM.framework/Versions/A/JavaVM
0x0000000030271000 	/System/Library/Frameworks/Carbon.framework/Versions/A/Carbon
0x000000010c34e000 	/System/Library/PrivateFrameworks/JavaLaunching.framework/Versions/A/JavaLaunching
0x0000000030271000 	/System/Library/Frameworks/Carbon.framework/Versions/A/Frameworks/CommonPanels.framework/Versions/A/CommonPanels
0x0000000030271000 	/System/Library/Frameworks/Carbon.framework/Versions/A/Frameworks/Help.framework/Versions/A/Help
0x0000000030271000 	/System/Library/Frameworks/Carbon.framework/Versions/A/Frameworks/ImageCapture.framework/Versions/A/ImageCapture
0x0000000030271000 	/System/Library/Frameworks/Carbon.framework/Versions/A/Frameworks/OpenScripting.framework/Versions/A/OpenScripting
0x0000000030271000 	/System/Library/Frameworks/Carbon.framework/Versions/A/Frameworks/Print.framework/Versions/A/Print
0x0000000030271000 	/System/Library/Frameworks/Carbon.framework/Versions/A/Frameworks/SecurityHI.framework/Versions/A/SecurityHI
0x000000010dc6b000 	/Library/Java/JavaVirtualMachines/jdk1.8.0_45.jdk/Contents/Home/jre/lib/libnio.dylib
0x000000010dc7b000 	/Library/Java/JavaVirtualMachines/jdk1.8.0_45.jdk/Contents/Home/jre/lib/./libnet.dylib
0x000000010dde5000 	/Library/Java/JavaVirtualMachines/jdk1.8.0_45.jdk/Contents/Home/jre/lib/libawt.dylib
0x000000010de8d000 	/Library/Java/JavaVirtualMachines/jdk1.8.0_45.jdk/Contents/Home/jre/lib/./libmlib_image.dylib
0x000000010df59000 	/Library/Java/JavaVirtualMachines/jdk1.8.0_45.jdk/Contents/Home/jre/lib/libawt_lwawt.dylib
0x000000010e00d000 	/Library/Java/JavaVirtualMachines/jdk1.8.0_45.jdk/Contents/Home/jre/lib/./libosxapp.dylib
0x0000000030271000 	/System/Library/Frameworks/ExceptionHandling.framework/Versions/A/ExceptionHandling
0x0000000030271000 	/System/Library/PrivateFrameworks/CoreServicesInternal.framework/Versions/A/CoreServicesInternal
0x0000000030271000 	/System/Library/CoreServices/RawCamera.bundle/Contents/MacOS/RawCamera
0x000000010eba0000 	/System/Library/Frameworks/Accelerate.framework/Frameworks/vImage.framework/Versions/A/Libraries/libCGInterfaces.dylib
0x0000000030271000 	/System/Library/Frameworks/ApplicationServices.framework/Versions/A/Frameworks/ATS.framework/Versions/A/Resources/libTrueTypeScaler.dylib
0x000000011ef11000 	/System/Library/Frameworks/OpenGL.framework/Resources/GLEngine.bundle/GLEngine
0x0000000030271000 	/System/Library/Frameworks/OpenGL.framework/Versions/A/Libraries/libGLProgrammability.dylib
0x000000011f0f6000 	/System/Library/Extensions/AppleIntelBDWGraphicsGLDriver.bundle/Contents/MacOS/AppleIntelBDWGraphicsGLDriver
0x0000000030271000 	/System/Library/PrivateFrameworks/GPUSupport.framework/Versions/A/Libraries/libGPUSupportMercury.dylib
0x000000011f860000 	/System/Library/Frameworks/OpenGL.framework/Resources//GLRendererFloat.bundle/GLRendererFloat
0x0000000030271000 	/System/Library/Frameworks/OpenCL.framework/Versions/A/Libraries/libcldcpuengine.dylib
0x0000000030271000 	/usr/lib/libcrypto.0.9.8.dylib
0x0000000030271000 	/System/Library/PrivateFrameworks/TrustEvaluationAgent.framework/Versions/A/TrustEvaluationAgent
0x000000011f894000 	/System/Library/Extensions/AppleIntelBDWGraphicsMTLDriver.bundle/Contents/MacOS/AppleIntelBDWGraphicsMTLDriver
0x0000000030271000 	/System/Library/PrivateFrameworks/FamilyControls.framework/Versions/A/FamilyControls
0x0000000030271000 	/System/Library/PrivateFrameworks/CommerceKit.framework/Versions/A/Frameworks/CommerceCore.framework/Versions/A/CommerceCore
0x0000000030271000 	/System/Library/PrivateFrameworks/SystemAdministration.framework/Versions/A/SystemAdministration
0x0000000030271000 	/System/Library/PrivateFrameworks/AppContainer.framework/Versions/A/AppContainer
0x0000000030271000 	/System/Library/PrivateFrameworks/SecCodeWrapper.framework/Versions/A/SecCodeWrapper
0x0000000030271000 	/System/Library/Frameworks/DirectoryService.framework/Versions/A/DirectoryService
0x0000000030271000 	/System/Library/PrivateFrameworks/DiskImages.framework/Versions/A/DiskImages
0x0000000030271000 	/System/Library/PrivateFrameworks/LoginUIKit.framework/Versions/A/Frameworks/LoginUICore.framework/Versions/A/LoginUICore
0x0000000030271000 	/usr/lib/libCoreStorage.dylib
0x0000000030271000 	/usr/lib/libcsfde.dylib
0x0000000030271000 	/usr/lib/libodfde.dylib
0x0000000030271000 	/System/Library/Frameworks/DiscRecording.framework/Versions/A/DiscRecording
0x0000000030271000 	/usr/lib/libcurl.4.dylib
0x0000000030271000 	/System/Library/PrivateFrameworks/MediaKit.framework/Versions/A/MediaKit
0x0000000030271000 	/System/Library/PrivateFrameworks/ProtectedCloudStorage.framework/Versions/A/ProtectedCloudStorage
0x0000000030271000 	/System/Library/PrivateFrameworks/EFILogin.framework/Versions/A/EFILogin
0x0000000030271000 	/usr/lib/libutil.dylib
0x0000000030271000 	/System/Library/Frameworks/LDAP.framework/Versions/A/LDAP
0x0000000030271000 	/usr/lib/libsasl2.2.dylib
0x0000000030271000 	/System/Library/PrivateFrameworks/CoreDaemon.framework/Versions/B/CoreDaemon
0x0000000030271000 	/System/Library/PrivateFrameworks/AppleSRP.framework/Versions/A/AppleSRP
0x0000000030271000 	/System/Library/PrivateFrameworks/APFS.framework/Versions/A/APFS
0x0000000030271000 	/System/Library/PrivateFrameworks/ViewBridge.framework/Versions/A/ViewBridge
0x0000000030271000 	/System/Library/PrivateFrameworks/XPCService.framework/Versions/A/XPCService
0x0000000030271000 	/System/Library/PrivateFrameworks/AppSandbox.framework/Versions/A/AppSandbox
0x0000000030271000 	/usr/lib/libsandbox.1.dylib
0x0000000030271000 	/usr/lib/libMatch.1.dylib
0x0000000121a2c000 	/Library/Java/JavaVirtualMachines/jdk1.8.0_45.jdk/Contents/Home/jre/lib/libsplashscreen.dylib
0x0000000121a84000 	/Library/Java/JavaVirtualMachines/jdk1.8.0_45.jdk/Contents/Home/jre/lib/libfontmanager.dylib
0x0000000121aeb000 	/Library/Java/JavaVirtualMachines/jdk1.8.0_45.jdk/Contents/Home/jre/lib/libosxui.dylib
0x000000010f09b000 	/Applications/NetBeans/NetBeans 8.2.app/Contents/Resources/NetBeans/platform/modules/lib/libjnidispatch-422.jnilib
0x00000001253f2000 	/Library/Java/Extensions/libCLIPSJNI2.jnilib
0x0000000030271000 	/System/Library/PrivateFrameworks/CloudDocs.framework/Versions/A/CloudDocs
0x0000000030271000 	/System/Library/Frameworks/CloudKit.framework/Versions/A/CloudKit
0x0000000030271000 	/System/Library/PrivateFrameworks/MMCS.framework/Versions/A/MMCS
0x0000000030271000 	/System/Library/Frameworks/CoreLocation.framework/Versions/A/CoreLocation
0x0000000030271000 	/System/Library/PrivateFrameworks/AssetCacheServices.framework/Versions/A/AssetCacheServices
0x0000000030271000 	/System/Library/PrivateFrameworks/GeoServices.framework/Versions/A/GeoServices
0x00000001236d4000 	/Library/Java/JavaVirtualMachines/jdk1.8.0_45.jdk/Contents/Home/jre/lib/libdcpr.dylib
0x000000010f0fa000 	/Library/Java/JavaVirtualMachines/jdk1.8.0_45.jdk/Contents/Home/jre/lib/libmanagement.dylib
0x0000000030271000 	/System/Library/PrivateFrameworks/Shortcut.framework/Versions/A/Shortcut
0x0000000030271000 	/System/Library/PrivateFrameworks/HelpData.framework/Versions/A/HelpData

VM Arguments:
jvm_args: -Djdk.home=/Library/Java/JavaVirtualMachines/jdk1.8.0_45.jdk/Contents/Home -Dnetbeans.dirs=/Users/giovannibonetta/Desktop/RGGAssistedLiving/build/cluster:/Applications/NetBeans/NetBeans 8.2.app/Contents/Resources/NetBeans/platform -Dnetbeans.home=/Applications/NetBeans/NetBeans 8.2.app/Contents/Resources/NetBeans/platform -Dnetbeans.logger.console=true -ea -DaddExports:java.desktop/com.apple.eawt=ALL-UNNAMED -DaddExports:java.desktop/sun.awt=ALL-UNNAMED -DaddExports:java.base/jdk.internal.jrtfs=ALL-UNNAMED -DaddExports:java.desktop/apple.laf=ALL-UNNAMED -DaddExports:java.desktop/java.awt.peer=ALL-UNNAMED -DaddExports:java.desktop/com.sun.beans.editors=ALL-UNNAMED -DaddExports:java.desktop/sun.awt.im=ALL-UNNAMED -DaddExports:java.management/sun.management=ALL-UNNAMED -XX:+HeapDumpOnOutOfMemoryError -XX:HeapDumpPath=/Users/giovannibonetta/Desktop/RGGAssistedLiving/build/testuserdir/var/log/heapdump.hprof 
java_command: org.netbeans.Main --cachedir /Users/giovannibonetta/Desktop/RGGAssistedLiving/build/testuserdir/var/cache --userdir /Users/giovannibonetta/Desktop/RGGAssistedLiving/build/testuserdir --branding clipsmonitor
java_class_path (initial): /Applications/NetBeans/NetBeans 8.2.app/Contents/Resources/NetBeans/platform/lib/boot.jar:/Applications/NetBeans/NetBeans 8.2.app/Contents/Resources/NetBeans/platform/lib/org-openide-modules.jar:/Applications/NetBeans/NetBeans 8.2.app/Contents/Resources/NetBeans/platform/lib/org-openide-util-lookup.jar:/Applications/NetBeans/NetBeans 8.2.app/Contents/Resources/NetBeans/platform/lib/org-openide-util-ui.jar:/Applications/NetBeans/NetBeans 8.2.app/Contents/Resources/NetBeans/platform/lib/org-openide-util.jar:/Applications/NetBeans/NetBeans 8.2.app/Contents/Resources/NetBeans/platform/lib/locale/boot_ja.jar:/Applications/NetBeans/NetBeans 8.2.app/Contents/Resources/NetBeans/platform/lib/locale/boot_pt_BR.jar:/Applications/NetBeans/NetBeans 8.2.app/Contents/Resources/NetBeans/platform/lib/locale/boot_ru.jar:/Applications/NetBeans/NetBeans 8.2.app/Contents/Resources/NetBeans/platform/lib/locale/boot_zh_CN.jar:/Applications/NetBeans/NetBeans 8.2.app/Contents/Resources/NetBeans/platform/lib/locale/org-openide-modules_ja.jar:/Applications/NetBeans/NetBeans 8.2.app/Contents/Resources/NetBeans/platform/lib/locale/org-openide-modules_pt_BR.jar:/Applications/NetBeans/NetBeans 8.2.app/Contents/Resources/NetBeans/platform/lib/locale/org-openide-modules_ru.jar:/Applications/NetBeans/NetBeans 8.2.app/Contents/Resources/NetBeans/platform/lib/locale/org-openide-modules_zh_CN.jar:/Applications/NetBeans/NetBeans 8.2.app/Contents/Resources/NetBeans/platform/lib/locale/org-openide-util-lookup_ja.jar:/Applications/NetBeans/NetBeans 8.2.app/Contents/Resources/NetBeans/platform/lib/locale/org-openide-util-lookup_pt_BR.jar:/Applications/NetBeans/NetBeans 8.2.app/Contents/Resources/NetBeans/platform/lib/locale/org-openide-util-lookup_ru.jar:/Applications/NetBeans/NetBeans 8.2.app/Contents/Resources/NetBeans/platform/lib/locale/org-openide-util-lookup_zh_CN.jar:/Applications/NetBeans/NetBeans 8.2.app/Contents/Resources/NetBeans/platform/lib/locale/org-openide-util-u
Launcher Type: SUN_STANDARD

Environment Variables:
PATH=/usr/bin:/bin:/usr/sbin:/sbin
LD_LIBRARY_PATH=/Library/Java/JavaVirtualMachines/jdk1.8.0_45.jdk/Contents/Home/jre/lib/amd64:/Library/Java/JavaVirtualMachines/jdk1.8.0_45.jdk/Contents/Home/jre/lib/i386:
SHELL=/bin/bash
DISPLAY=/private/tmp/com.apple.launchd.Stm50efuuL/org.macosforge.xquartz:0

Signal Handlers:
SIGSEGV: [libjvm.dylib+0x58ef95], sa_mask[0]=11111111011111110111111111111111, sa_flags=SA_ONSTACK|SA_RESTART|SA_SIGINFO
SIGBUS: [libjvm.dylib+0x58ef95], sa_mask[0]=11111111011111110111111111111111, sa_flags=SA_RESTART|SA_SIGINFO
SIGFPE: [libjvm.dylib+0x46c108], sa_mask[0]=11111111011111110111111111111111, sa_flags=SA_RESTART|SA_SIGINFO
SIGPIPE: [libjvm.dylib+0x46c108], sa_mask[0]=11111111011111110111111111111111, sa_flags=SA_RESTART|SA_SIGINFO
SIGXFSZ: [libjvm.dylib+0x46c108], sa_mask[0]=11111111011111110111111111111111, sa_flags=SA_RESTART|SA_SIGINFO
SIGILL: [libjvm.dylib+0x46c108], sa_mask[0]=11111111011111110111111111111111, sa_flags=SA_RESTART|SA_SIGINFO
SIGUSR1: SIG_DFL, sa_mask[0]=00000000000000000000000000000000, sa_flags=none
SIGUSR2: [libjvm.dylib+0x46bc26], sa_mask[0]=00100000000000000000000000000000, sa_flags=SA_RESTART|SA_SIGINFO
SIGHUP: [libjvm.dylib+0x46a1f9], sa_mask[0]=11111111011111110111111111111111, sa_flags=SA_RESTART|SA_SIGINFO
SIGINT: [libCLIPSJNI2.jnilib+0xe83e0], sa_mask[0]=00000000000000000000000000000000, sa_flags=SA_RESTART
SIGTERM: [libjvm.dylib+0x46a1f9], sa_mask[0]=11111111011111110111111111111111, sa_flags=SA_RESTART|SA_SIGINFO
SIGQUIT: [libjvm.dylib+0x46a1f9], sa_mask[0]=11111111011111110111111111111111, sa_flags=SA_RESTART|SA_SIGINFO


---------------  S Y S T E M  ---------------

OS:Bsduname:Darwin 16.5.0 Darwin Kernel Version 16.5.0: Fri Mar  3 16:52:33 PST 2017; root:xnu-3789.51.2~3/RELEASE_X86_64 x86_64
rlimit: STACK 8192k, CORE 0k, NPROC 709, NOFILE 10240, AS infinity
load average:3.12 4.52 4.56

CPU:total 4 (2 cores per cpu, 2 threads per core) family 6 model 61 stepping 4, cmov, cx8, fxsr, mmx, sse, sse2, sse3, ssse3, sse4.1, sse4.2, popcnt, avx, avx2, aes, clmul, erms, 3dnowpref, lzcnt, ht, tsc, tscinvbit, bmi1, bmi2, adx

Memory: 4k page, physical 8388608k(273120k free)

/proc/meminfo:


vm_info: Java HotSpot(TM) 64-Bit Server VM (25.45-b02) for bsd-amd64 JRE (1.8.0_45-b14), built on Apr 10 2015 10:46:38 by "java_re" with gcc 4.2.1 (Based on Apple Inc. build 5658) (LLVM build 2336.11.00)

time: Sat Apr 29 18:40:28 2017
elapsed time: 35 seconds (0d 0h 0m 35s)

