#
# A fatal error has been detected by the Java Runtime Environment:
#
#  SIGSEGV (0xb) at pc=0x00000001856de16c, pid=25889, tid=54731
#
# JRE version: Java(TM) SE Runtime Environment (8.0_91-b14) (build 1.8.0_91-b14)
# Java VM: Java HotSpot(TM) 64-Bit Server VM (25.91-b14 mixed mode bsd-amd64 compressed oops)
# Problematic frame:
# C  [libCLIPSJNI2.jnilib+0x3f16c]  PropagateReturnAtom+0x7c
#
# Failed to write core dump. Core dumps have been disabled. To enable core dumping, try "ulimit -c unlimited" before starting Java again
#
# If you would like to submit a bug report, please visit:
#   http://bugreport.java.com/bugreport/crash.jsp
# The crash happened outside the Java Virtual Machine in native code.
# See problematic frame for where to report the bug.
#

---------------  T H R E A D  ---------------

Current thread (0x00007fb3925d6800):  JavaThread "Thread-103" [_thread_in_native, id=54731, stack(0x0000700002d30000,0x0000700002e30000)]

siginfo: si_signo: 11 (SIGSEGV), si_code: 1 (SEGV_MAPERR), si_addr: 0x0000000000000010

Registers:
RAX=0x0000000000000000, RBX=0x0000700002e2f8e0, RCX=0x0000000000000000, RDX=0x0000000000000000
RSP=0x0000700002e2eeb0, RBP=0x0000700002e2eeb0, RSI=0x0000000000000000, RDI=0x00007fb397ce3700
R8 =0x0000000000000006, R9 =0x0000000000000002, R10=0x0000000000000000, R11=0xfffffffffedc30b0
R12=0x0000000000000000, R13=0x000000078dda21a8, R14=0x00000000d817b794, R15=0x00007fb3925d6800
RIP=0x00000001856de16c, EFLAGS=0x0000000000010297, ERR=0x0000000000000004
  TRAPNO=0x000000000000000e

Top of Stack: (sp=0x0000700002e2eeb0)
0x0000700002e2eeb0:   0000700002e2eef0 00000001856dd73a
0x0000700002e2eec0:   00007fb398982e60 00007fb397e75600
0x0000700002e2eed0:   00007fb398982d40 0000700002e2f060
0x0000700002e2eee0:   0000700002e2f060 00007fb397ce3700
0x0000700002e2eef0:   0000700002e2f000 00000001856dd62e
0x0000700002e2ef00:   0000700000000001 00000001856ed2e7
0x0000700002e2ef10:   0000000000000004 0000000000000004
0x0000700002e2ef20:   00007fb398f46720 0000000000000000
0x0000700002e2ef30:   0000000000000000 00007fb398b76460
0x0000700002e2ef40:   00007fb397ce0002 00007fb398f46720
0x0000700002e2ef50:   0000000200000001 00007fb398f46720
0x0000700002e2ef60:   00007fb398b76460 0000000000000002
0x0000700002e2ef70:   0000000000000000 0000000000000000
0x0000700002e2ef80:   0000000097ea44b0 0000001200000000
0x0000700002e2ef90:   0000001c00000015 0000003500000031
0x0000700002e2efa0:   0000003600000036 000000010000003a
0x0000700002e2efb0:   0000700002e2f000 00000000856eed52
0x0000700002e2efc0:   00007fb398b76460 00007fb398b764e0
0x0000700002e2efd0:   0000000000000004 00007fb39932d5e0
0x0000700002e2efe0:   0000700002e2f060 00007fb39932d640
0x0000700002e2eff0:   00007fb397ce3700 00007fb397ce3700
0x0000700002e2f000:   0000700002e2f0f0 000000018578ec3f
0x0000700002e2f010:   00007fb397ce3700 00000001989f0830
0x0000700002e2f020:   0000700002e2f040 000000008577531f
0x0000700002e2f030:   00007fb398e5e910 00007fb397ce3700
0x0000700002e2f040:   0000700000000000 0000000400000002
0x0000700002e2f050:   00007fb397ce3700 00007fb397e76830
0x0000700002e2f060:   0000700002e2f0a0 0000000185720000
0x0000700002e2f070:   0000000000000000 00007fb398e228e0
0x0000700002e2f080:   00007fb398ba9ff0 00007fb398e5e910
0x0000700002e2f090:   00007fb39932d620 00007fb398b76460
0x0000700002e2f0a0:   00007fb398bad730 00007fb398b42c60 

Instructions: (pc=0x00000001856de16c)
0x00000001856de14c:   00 00 00 e9 00 00 00 00 8b 45 e4 83 e8 08 89 45
0x00000001856de15c:   d0 0f 85 da 00 00 00 e9 00 00 00 00 48 8b 45 e8
0x00000001856de16c:   8b 48 10 48 8b 45 f8 48 8b 40 30 48 8b 80 60 01
0x00000001856de17c:   00 00 3b 48 10 0f 8e 19 00 00 00 48 8b 45 f8 48 

Register to memory mapping:

RAX=0x0000000000000000 is an unknown value
RBX=0x0000700002e2f8e0 is pointing into the stack for thread: 0x00007fb3925d6800
RCX=0x0000000000000000 is an unknown value
RDX=0x0000000000000000 is an unknown value
RSP=0x0000700002e2eeb0 is pointing into the stack for thread: 0x00007fb3925d6800
RBP=0x0000700002e2eeb0 is pointing into the stack for thread: 0x00007fb3925d6800
RSI=0x0000000000000000 is an unknown value
RDI=0x00007fb397ce3700 is an unknown value
R8 =0x0000000000000006 is an unknown value
R9 =0x0000000000000002 is an unknown value
R10=0x0000000000000000 is an unknown value
R11=0xfffffffffedc30b0 is an unknown value
R12=0x0000000000000000 is an unknown value
R13=0x000000078dda21a8 is an oop
java.io.StringReader 
 - klass: 'java/io/StringReader'
R14=0x00000000d817b794 is an unknown value
R15=0x00007fb3925d6800 is a thread


Stack: [0x0000700002d30000,0x0000700002e30000],  sp=0x0000700002e2eeb0,  free space=1019k
Native frames: (J=compiled Java code, j=interpreted, Vv=VM code, C=native code)
C  [libCLIPSJNI2.jnilib+0x3f16c]  PropagateReturnAtom+0x7c
C  [libCLIPSJNI2.jnilib+0x3e73a]  PropagateReturnValue+0x3a
C  [libCLIPSJNI2.jnilib+0x3e62e]  EvaluateExpression+0xabe
C  [libCLIPSJNI2.jnilib+0xefc3f]  DuplicateModifyCommand+0x51f
C  [libCLIPSJNI2.jnilib+0xeefa4]  ModifyCommand+0x24
C  [libCLIPSJNI2.jnilib+0x3e2e0]  EvaluateExpression+0x770
C  [libCLIPSJNI2.jnilib+0xbb9f9]  PrognFunction+0xa9
C  [libCLIPSJNI2.jnilib+0x3e2e0]  EvaluateExpression+0x770
C  [libCLIPSJNI2.jnilib+0xb987e]  EvaluateProcActions+0x17e
C  [libCLIPSJNI2.jnilib+0x3aff8]  EnvRun+0x6a8
C  [libCLIPSJNI2.jnilib+0xfaaf9]  Java_net_sf_clipsrules_jni_Environment_run+0x49
J 5322  net.sf.clipsrules.jni.Environment.run(JJ)J (0 bytes) @ 0x000000010fe534aa [0x000000010fe53400+0xaa]
J 8061 C1 org.clipsmonitor.clips.ClipsCore.run()J (8 bytes) @ 0x000000010f9599a4 [0x000000010f959800+0x1a4]
J 7957 C2 org.clipsmonitor.core.MonitorModel.run()V (681 bytes) @ 0x00000001105bb358 [0x00000001105b9240+0x2118]
j  java.lang.Thread.run()V+11
v  ~StubRoutines::call_stub
V  [libjvm.dylib+0x2ec1e6]
V  [libjvm.dylib+0x2ec974]
V  [libjvm.dylib+0x2ecb20]
V  [libjvm.dylib+0x34726d]
V  [libjvm.dylib+0x563d17]
V  [libjvm.dylib+0x565412]
V  [libjvm.dylib+0x484f82]
C  [libsystem_pthread.dylib+0x399d]  _pthread_body+0x83
C  [libsystem_pthread.dylib+0x391a]  _pthread_body+0x0
C  [libsystem_pthread.dylib+0x1351]  thread_start+0xd
C  0x0000000000000000

Java frames: (J=compiled Java code, j=interpreted, Vv=VM code)
J 5322  net.sf.clipsrules.jni.Environment.run(JJ)J (0 bytes) @ 0x000000010fe53438 [0x000000010fe53400+0x38]
J 8061 C1 org.clipsmonitor.clips.ClipsCore.run()J (8 bytes) @ 0x000000010f9599a4 [0x000000010f959800+0x1a4]
J 7957 C2 org.clipsmonitor.core.MonitorModel.run()V (681 bytes) @ 0x00000001105bb358 [0x00000001105b9240+0x2118]
j  java.lang.Thread.run()V+11
v  ~StubRoutines::call_stub

---------------  P R O C E S S  ---------------

Java Threads: ( => current thread )
=>0x00007fb3925d6800 JavaThread "Thread-103" [_thread_in_native, id=54731, stack(0x0000700002d30000,0x0000700002e30000)]
  0x00007fb3984f9800 JavaThread "Inactive RequestProcessor thread [Was:Timeable Event Queue Watch Dog/org.netbeans.core.TimableEventQueue]" daemon [_thread_blocked, id=43303, stack(0x0000700001dfd000,0x0000700001efd000)]
  0x00007fb3998f1800 JavaThread "RequestProcessor queue manager" daemon [_thread_blocked, id=75787, stack(0x0000700001cfa000,0x0000700001dfa000)]
  0x00007fb391e56800 JavaThread "Thread-98" [_thread_blocked, id=75411, stack(0x0000700002b2a000,0x0000700002c2a000)]
  0x00007fb39c528000 JavaThread "Thread-89" [_thread_blocked, id=78447, stack(0x0000700002209000,0x0000700002309000)]
  0x00007fb399b04000 JavaThread "Thread-84" [_thread_blocked, id=76651, stack(0x0000700002a27000,0x0000700002b27000)]
  0x00007fb392507000 JavaThread "Thread-79" [_thread_blocked, id=78979, stack(0x000070000289e000,0x000070000299e000)]
  0x00007fb39c165000 JavaThread "Thread-71" [_thread_blocked, id=62839, stack(0x0000700002492000,0x0000700002592000)]
  0x00007fb390885000 JavaThread "Thread-47" [_thread_blocked, id=54367, stack(0x000070000238f000,0x000070000248f000)]
  0x00007fb393856800 JavaThread "DestroyJavaVM" [_thread_blocked, id=5891, stack(0x000070000011a000,0x000070000021a000)]
  0x00007fb391800000 JavaThread "TimerQueue" daemon [_thread_blocked, id=16647, stack(0x00007000018e5000,0x00007000019e5000)]
  0x00007fb39386c800 JavaThread "Thread-2" daemon [_thread_blocked, id=70147, stack(0x000070000279b000,0x000070000289b000)]
  0x00007fb393823800 JavaThread "File Watcher" daemon [_thread_blocked, id=69635, stack(0x0000700002698000,0x0000700002798000)]
  0x00007fb394887000 JavaThread "Thread-1" daemon [_thread_in_native, id=67331, stack(0x0000700002595000,0x0000700002695000)]
  0x00007fb391151000 JavaThread "AWT-EventQueue-0" [_thread_in_native, id=59907, stack(0x0000700002106000,0x0000700002206000)]
  0x00007fb390922800 JavaThread "Java2D Disposer" daemon [_thread_blocked, id=59395, stack(0x0000700002003000,0x0000700002103000)]
  0x00007fb391a19800 JavaThread "Java2D Queue Flusher" daemon [_thread_blocked, id=56327, stack(0x0000700001f00000,0x0000700002000000)]
  0x00007fb3921e8000 JavaThread "AWT-Shutdown" [_thread_blocked, id=32531, stack(0x00007000017e2000,0x00007000018e2000)]
  0x00007fb3910f7800 JavaThread "AppKit Thread" daemon [_thread_in_native, id=1295, stack(0x00007fff52761000,0x00007fff52f61000)]
  0x00007fb391943000 JavaThread "CLI Requests Server" daemon [_thread_in_native, id=23043, stack(0x00007000016df000,0x00007000017df000)]
  0x00007fb39204e000 JavaThread "Active Reference Queue Daemon" daemon [_thread_blocked, id=22531, stack(0x00007000015dc000,0x00007000016dc000)]
  0x00007fb39189e800 JavaThread "Service Thread" daemon [_thread_blocked, id=21507, stack(0x00007000013d6000,0x00007000014d6000)]
  0x00007fb390820000 JavaThread "C1 CompilerThread3" daemon [_thread_blocked, id=20995, stack(0x00007000012d3000,0x00007000013d3000)]
  0x00007fb39182f000 JavaThread "C2 CompilerThread2" daemon [_thread_blocked, id=20483, stack(0x00007000011d0000,0x00007000012d0000)]
  0x00007fb39201e000 JavaThread "C2 CompilerThread1" daemon [_thread_blocked, id=19971, stack(0x00007000010cd000,0x00007000011cd000)]
  0x00007fb391883000 JavaThread "C2 CompilerThread0" daemon [_thread_blocked, id=19459, stack(0x0000700000fca000,0x00007000010ca000)]
  0x00007fb391860000 JavaThread "Signal Dispatcher" daemon [_thread_blocked, id=18707, stack(0x0000700000ec7000,0x0000700000fc7000)]
  0x00007fb391012800 JavaThread "Finalizer" daemon [_thread_blocked, id=14339, stack(0x0000700000c3b000,0x0000700000d3b000)]
  0x00007fb39100f800 JavaThread "Reference Handler" daemon [_thread_blocked, id=13827, stack(0x0000700000b38000,0x0000700000c38000)]

Other Threads:
  0x00007fb390813800 VMThread [stack: 0x0000700000a35000,0x0000700000b35000] [id=13315]
  0x00007fb391075800 WatcherThread [stack: 0x00007000014d9000,0x00007000015d9000] [id=22019]

VM state:not at safepoint (normal execution)

VM Mutex/Monitor currently owned by a thread: None

Heap:
 PSYoungGen      total 793600K, used 587987K [0x000000076ab00000, 0x00000007ba800000, 0x00000007c0000000)
  eden space 785920K, 73% used [0x000000076ab00000,0x000000078e20beb0,0x000000079aa80000)
  from space 7680K, 95% used [0x00000007ba080000,0x00000007ba7a8db0,0x00000007ba800000)
  to   space 14336K, 0% used [0x00000007b8c00000,0x00000007b8c00000,0x00000007b9a00000)
 ParOldGen       total 346624K, used 86927K [0x00000006c0000000, 0x00000006d5280000, 0x000000076ab00000)
  object space 346624K, 25% used [0x00000006c0000000,0x00000006c54e3e18,0x00000006d5280000)
 Metaspace       used 37070K, capacity 38838K, committed 39080K, reserved 1083392K
  class space    used 4484K, capacity 5012K, committed 5040K, reserved 1048576K

Card table byte_map: [0x000000011e354000,0x000000011eb55000] byte_map_base: 0x000000011ad54000

Marking Bits: (ParMarkBitMap*) 0x000000010e8e6eb0
 Begin Bits: [0x000000011f0ab000, 0x00000001230ab000)
 End Bits:   [0x00000001230ab000, 0x00000001270ab000)

Polling page: 0x000000010cf62000

CodeCache: size=245760Kb used=24342Kb max_used=24359Kb free=221417Kb
 bounds [0x000000010ef94000, 0x00000001107a4000, 0x000000011df94000]
 total_blobs=7282 nmethods=6611 adapters=581
 compilation: enabled

Compilation events (10 events):
Event: 2739.560 Thread 0x00007fb39182f000 nmethod 8893 0x000000011046b650 code [0x000000011046b7c0, 0x000000011046bac8]
Event: 2739.564 Thread 0x00007fb391883000 nmethod 8892 0x000000010f714650 code [0x000000010f714840, 0x000000010f715040]
Event: 2740.557 Thread 0x00007fb39201e000 8895       4       javax.swing.plaf.basic.BasicTextUI$RootView::modelToView (20 bytes)
Event: 2740.558 Thread 0x00007fb39201e000 nmethod 8895 0x000000010fc23b90 code [0x000000010fc23ce0, 0x000000010fc23d98]
Event: 2741.311 Thread 0x00007fb39182f000 8896       4       sun.awt.SunToolkit::isInstanceOf (71 bytes)
Event: 2741.313 Thread 0x00007fb390820000 8897   !   3       javax.swing.plaf.basic.BasicTextUI::modelToView (143 bytes)
Event: 2741.314 Thread 0x00007fb390820000 nmethod 8897 0x000000010f93c750 code [0x000000010f93c9a0, 0x000000010f93dc58]
Event: 2741.314 Thread 0x00007fb390820000 8898   !   3       sun.awt.AppContext::put (54 bytes)
Event: 2741.314 Thread 0x00007fb390820000 nmethod 8898 0x000000010feac390 code [0x000000010feac500, 0x000000010feac968]
Event: 2741.331 Thread 0x00007fb39182f000 nmethod 8896 0x0000000110794890 code [0x0000000110794b40, 0x00000001107962a0]

GC Heap History (10 events):
Event: 2571.640 GC heap before
{Heap before GC invocations=580 (full 4):
 PSYoungGen      total 955904K, used 955653K [0x000000076ab00000, 0x00000007bd080000, 0x00000007c0000000)
  eden space 950272K, 100% used [0x000000076ab00000,0x00000007a4b00000,0x00000007a4b00000)
  from space 5632K, 95% used [0x00000007baf80000,0x00000007bb4c1480,0x00000007bb500000)
  to   space 18432K, 0% used [0x00000007bbe80000,0x00000007bbe80000,0x00000007bd080000)
 ParOldGen       total 346624K, used 86919K [0x00000006c0000000, 0x00000006d5280000, 0x000000076ab00000)
  object space 346624K, 25% used [0x00000006c0000000,0x00000006c54e1e18,0x00000006d5280000)
 Metaspace       used 37064K, capacity 38774K, committed 39080K, reserved 1083392K
  class space    used 4484K, capacity 5012K, committed 5040K, reserved 1048576K
Event: 2571.645 GC heap after
Heap after GC invocations=580 (full 4):
 PSYoungGen      total 920576K, used 6228K [0x000000076ab00000, 0x00000007bc500000, 0x00000007c0000000)
  eden space 913920K, 0% used [0x000000076ab00000,0x000000076ab00000,0x00000007a2780000)
  from space 6656K, 93% used [0x00000007bbe80000,0x00000007bc4951f8,0x00000007bc500000)
  to   space 17408K, 0% used [0x00000007ba300000,0x00000007ba300000,0x00000007bb400000)
 ParOldGen       total 346624K, used 86919K [0x00000006c0000000, 0x00000006d5280000, 0x000000076ab00000)
  object space 346624K, 25% used [0x00000006c0000000,0x00000006c54e1e18,0x00000006d5280000)
 Metaspace       used 37064K, capacity 38774K, committed 39080K, reserved 1083392K
  class space    used 4484K, capacity 5012K, committed 5040K, reserved 1048576K
}
Event: 2577.294 GC heap before
{Heap before GC invocations=581 (full 4):
 PSYoungGen      total 920576K, used 920148K [0x000000076ab00000, 0x00000007bc500000, 0x00000007c0000000)
  eden space 913920K, 100% used [0x000000076ab00000,0x00000007a2780000,0x00000007a2780000)
  from space 6656K, 93% used [0x00000007bbe80000,0x00000007bc4951f8,0x00000007bc500000)
  to   space 17408K, 0% used [0x00000007ba300000,0x00000007ba300000,0x00000007bb400000)
 ParOldGen       total 346624K, used 86919K [0x00000006c0000000, 0x00000006d5280000, 0x000000076ab00000)
  object space 346624K, 25% used [0x00000006c0000000,0x00000006c54e1e18,0x00000006d5280000)
 Metaspace       used 37065K, capacity 38774K, committed 39080K, reserved 1083392K
  class space    used 4484K, capacity 5012K, committed 5040K, reserved 1048576K
Event: 2577.302 GC heap after
Heap after GC invocations=581 (full 4):
 PSYoungGen      total 886784K, used 7109K [0x000000076ab00000, 0x00000007bbf00000, 0x00000007c0000000)
  eden space 879616K, 0% used [0x000000076ab00000,0x000000076ab00000,0x00000007a0600000)
  from space 7168K, 99% used [0x00000007ba300000,0x00000007ba9f14a8,0x00000007baa00000)
  to   space 16384K, 0% used [0x00000007baf00000,0x00000007baf00000,0x00000007bbf00000)
 ParOldGen       total 346624K, used 86919K [0x00000006c0000000, 0x00000006d5280000, 0x000000076ab00000)
  object space 346624K, 25% used [0x00000006c0000000,0x00000006c54e1e18,0x00000006d5280000)
 Metaspace       used 37065K, capacity 38774K, committed 39080K, reserved 1083392K
  class space    used 4484K, capacity 5012K, committed 5040K, reserved 1048576K
}
Event: 2578.380 GC heap before
{Heap before GC invocations=582 (full 4):
 PSYoungGen      total 886784K, used 886725K [0x000000076ab00000, 0x00000007bbf00000, 0x00000007c0000000)
  eden space 879616K, 100% used [0x000000076ab00000,0x00000007a0600000,0x00000007a0600000)
  from space 7168K, 99% used [0x00000007ba300000,0x00000007ba9f14a8,0x00000007baa00000)
  to   space 16384K, 0% used [0x00000007baf00000,0x00000007baf00000,0x00000007bbf00000)
 ParOldGen       total 346624K, used 86919K [0x00000006c0000000, 0x00000006d5280000, 0x000000076ab00000)
  object space 346624K, 25% used [0x00000006c0000000,0x00000006c54e1e18,0x00000006d5280000)
 Metaspace       used 37065K, capacity 38774K, committed 39080K, reserved 1083392K
  class space    used 4484K, capacity 5012K, committed 5040K, reserved 1048576K
Event: 2578.385 GC heap after
Heap after GC invocations=582 (full 4):
 PSYoungGen      total 853504K, used 6620K [0x000000076ab00000, 0x00000007bb580000, 0x00000007c0000000)
  eden space 846848K, 0% used [0x000000076ab00000,0x000000076ab00000,0x000000079e600000)
  from space 6656K, 99% used [0x00000007baf00000,0x00000007bb577140,0x00000007bb580000)
  to   space 15872K, 0% used [0x00000007b9680000,0x00000007b9680000,0x00000007ba600000)
 ParOldGen       total 346624K, used 86919K [0x00000006c0000000, 0x00000006d5280000, 0x000000076ab00000)
  object space 346624K, 25% used [0x00000006c0000000,0x00000006c54e1e18,0x00000006d5280000)
 Metaspace       used 37065K, capacity 38774K, committed 39080K, reserved 1083392K
  class space    used 4484K, capacity 5012K, committed 5040K, reserved 1048576K
}
Event: 2579.500 GC heap before
{Heap before GC invocations=583 (full 4):
 PSYoungGen      total 853504K, used 853468K [0x000000076ab00000, 0x00000007bb580000, 0x00000007c0000000)
  eden space 846848K, 100% used [0x000000076ab00000,0x000000079e600000,0x000000079e600000)
  from space 6656K, 99% used [0x00000007baf00000,0x00000007bb577140,0x00000007bb580000)
  to   space 15872K, 0% used [0x00000007b9680000,0x00000007b9680000,0x00000007ba600000)
 ParOldGen       total 346624K, used 86919K [0x00000006c0000000, 0x00000006d5280000, 0x000000076ab00000)
  object space 346624K, 25% used [0x00000006c0000000,0x00000006c54e1e18,0x00000006d5280000)
 Metaspace       used 37067K, capacity 38774K, committed 39080K, reserved 1083392K
  class space    used 4484K, capacity 5012K, committed 5040K, reserved 1048576K
Event: 2579.506 GC heap after
Heap after GC invocations=583 (full 4):
 PSYoungGen      total 823808K, used 7999K [0x000000076ab00000, 0x00000007baf80000, 0x00000007c0000000)
  eden space 815616K, 0% used [0x000000076ab00000,0x000000076ab00000,0x000000079c780000)
  from space 8192K, 97% used [0x00000007b9680000,0x00000007b9e4fdf0,0x00000007b9e80000)
  to   space 15360K, 0% used [0x00000007ba080000,0x00000007ba080000,0x00000007baf80000)
 ParOldGen       total 346624K, used 86927K [0x00000006c0000000, 0x00000006d5280000, 0x000000076ab00000)
  object space 346624K, 25% used [0x00000006c0000000,0x00000006c54e3e18,0x00000006d5280000)
 Metaspace       used 37067K, capacity 38774K, committed 39080K, reserved 1083392K
  class space    used 4484K, capacity 5012K, committed 5040K, reserved 1048576K
}
Event: 2582.042 GC heap before
{Heap before GC invocations=584 (full 4):
 PSYoungGen      total 823808K, used 823615K [0x000000076ab00000, 0x00000007baf80000, 0x00000007c0000000)
  eden space 815616K, 100% used [0x000000076ab00000,0x000000079c780000,0x000000079c780000)
  from space 8192K, 97% used [0x00000007b9680000,0x00000007b9e4fdf0,0x00000007b9e80000)
  to   space 15360K, 0% used [0x00000007ba080000,0x00000007ba080000,0x00000007baf80000)
 ParOldGen       total 346624K, used 86927K [0x00000006c0000000, 0x00000006d5280000, 0x000000076ab00000)
  object space 346624K, 25% used [0x00000006c0000000,0x00000006c54e3e18,0x00000006d5280000)
 Metaspace       used 37067K, capacity 38774K, committed 39080K, reserved 1083392K
  class space    used 4484K, capacity 5012K, committed 5040K, reserved 1048576K
Event: 2582.047 GC heap after
Heap after GC invocations=584 (full 4):
 PSYoungGen      total 793600K, used 7331K [0x000000076ab00000, 0x00000007ba800000, 0x00000007c0000000)
  eden space 785920K, 0% used [0x000000076ab00000,0x000000076ab00000,0x000000079aa80000)
  from space 7680K, 95% used [0x00000007ba080000,0x00000007ba7a8db0,0x00000007ba800000)
  to   space 14336K, 0% used [0x00000007b8c00000,0x00000007b8c00000,0x00000007b9a00000)
 ParOldGen       total 346624K, used 86927K [0x00000006c0000000, 0x00000006d5280000, 0x000000076ab00000)
  object space 346624K, 25% used [0x00000006c0000000,0x00000006c54e3e18,0x00000006d5280000)
 Metaspace       used 37067K, capacity 38774K, committed 39080K, reserved 1083392K
  class space    used 4484K, capacity 5012K, committed 5040K, reserved 1048576K
}

Deoptimization events (10 events):
Event: 2000.059 Thread 0x00007fb391151000 Uncommon trap: reason=class_check action=maybe_recompile pc=0x000000010f901df8 method=java.awt.Component.dispatchEventImpl(Ljava/awt/AWTEvent;)V @ 409
Event: 2001.260 Thread 0x00007fb391151000 Uncommon trap: reason=unstable_if action=reinterpret pc=0x000000011068a384 method=javax.swing.text.DefaultCaret.handleSetDot(ILjavax/swing/text/Position$Bias;)V @ 112
Event: 2104.549 Thread 0x00007fb391151000 Uncommon trap: reason=unstable_if action=reinterpret pc=0x00000001104c6fc8 method=javax.swing.JEditorPane.getScrollableTracksViewportWidth()Z @ 49
Event: 2104.549 Thread 0x00007fb391151000 Uncommon trap: reason=unstable_if action=reinterpret pc=0x000000010fc051e0 method=javax.swing.JEditorPane.getScrollableTracksViewportWidth()Z @ 49
Event: 2346.948 Thread 0x00007fb391151000 Uncommon trap: reason=unstable_if action=reinterpret pc=0x0000000110683ec4 method=javax.swing.text.DefaultHighlighter.paintLayeredHighlights(Ljava/awt/Graphics;IILjava/awt/Shape;Ljavax/swing/text/JTextComponent;Ljavax/swing/text/View;)V @ 13
Event: 2346.949 Thread 0x00007fb391151000 Uncommon trap: reason=unstable_if action=reinterpret pc=0x0000000110697abc method=javax.swing.text.PlainView.drawElement(ILjavax/swing/text/Element;Ljava/awt/Graphics;II)I @ 111
Event: 2348.245 Thread 0x00007fb393848000 Uncommon trap: reason=predicate action=maybe_recompile pc=0x000000010f332e14 method=java.util.LinkedList.toArray([Ljava/lang/Object;)[Ljava/lang/Object; @ 45
Event: 2367.423 Thread 0x00007fb393848000 Uncommon trap: reason=unstable_if action=reinterpret pc=0x000000011046bb8c method=java.io.UnixFileSystem.resolve(Ljava/lang/String;Ljava/lang/String;)Ljava/lang/String; @ 57
Event: 2373.360 Thread 0x00007fb391151000 Uncommon trap: reason=unstable_if action=reinterpret pc=0x00000001104b3fd4 method=javax.swing.text.AbstractDocument.readLock()V @ 14
Event: 2373.360 Thread 0x00007fb391151000 Uncommon trap: reason=unstable_if action=reinterpret pc=0x0000000110158e54 method=javax.swing.text.AbstractDocument.readUnlock()V @ 7

Internal exceptions (10 events):
Event: 921.284 Thread 0x00007fb391151000 Exception <a 'net/sf/clipsrules/jni/CLIPSError'> (0x00000007822922d0) thrown at [/Users/java_re/workspace/8-2-build-macosx-x86_64/jdk8u91/6644/hotspot/src/share/vm/prims/jni.cpp, line 709]
Event: 1272.788 Thread 0x00007fb39408c800 Implicit null exception at 0x000000010fbda6ce to 0x000000010fbdaf21
Event: 1437.821 Thread 0x00007fb3930d3000 Implicit null exception at 0x000000011023845c to 0x0000000110239565
Event: 1443.780 Thread 0x00007fb3930d3000 Implicit null exception at 0x000000010f0e3a14 to 0x000000010f0e3a5e
Event: 1449.257 Thread 0x00007fb391151000 Implicit null exception at 0x00000001102baf70 to 0x00000001102bce3d
Event: 1449.261 Thread 0x00007fb391151000 Implicit null exception at 0x000000011009e2d8 to 0x000000011009ff6d
Event: 1464.409 Thread 0x00007fb399ff3800 Exception <a 'java/lang/NoSuchMethodError': <clinit>> (0x0000000780e85768) thrown at [/Users/java_re/workspace/8-2-build-macosx-x86_64/jdk8u91/6644/hotspot/src/share/vm/prims/jni.cpp, line 1613]
Event: 1467.918 Thread 0x00007fb391151000 Implicit null exception at 0x000000010f7bb80c to 0x000000010f7bb8e9
Event: 1654.174 Thread 0x00007fb391151000 Implicit null exception at 0x000000010f5e8860 to 0x000000010f5e901d
Event: 1654.174 Thread 0x00007fb391151000 Implicit null exception at 0x000000010f842adc to 0x000000010f84371d

Events (10 events):
Event: 2731.818 Executing VM operation: RevokeBias done
Event: 2731.818 Executing VM operation: RevokeBias
Event: 2731.818 Executing VM operation: RevokeBias done
Event: 2731.818 Executing VM operation: RevokeBias
Event: 2731.818 Executing VM operation: RevokeBias done
Event: 2731.818 Executing VM operation: RevokeBias
Event: 2731.818 Executing VM operation: RevokeBias done
Event: 2731.886 Executing VM operation: ForceSafepoint
Event: 2731.886 Executing VM operation: ForceSafepoint done
Event: 2739.338 Thread 0x00007fb390820000 flushing nmethod 0x000000011046b650


Dynamic libraries:
0x000000000664b000 	/System/Library/Frameworks/Cocoa.framework/Versions/A/Cocoa
0x000000000664b000 	/System/Library/Frameworks/Security.framework/Versions/A/Security
0x000000000664b000 	/System/Library/Frameworks/ApplicationServices.framework/Versions/A/ApplicationServices
0x000000000664b000 	/usr/lib/libz.1.dylib
0x000000000664b000 	/usr/lib/libSystem.B.dylib
0x000000000664b000 	/usr/lib/libobjc.A.dylib
0x000000000664b000 	/System/Library/Frameworks/CoreFoundation.framework/Versions/A/CoreFoundation
0x000000000664b000 	/System/Library/Frameworks/Foundation.framework/Versions/C/Foundation
0x000000000664b000 	/System/Library/Frameworks/AppKit.framework/Versions/C/AppKit
0x000000000664b000 	/System/Library/Frameworks/CoreData.framework/Versions/A/CoreData
0x000000000664b000 	/System/Library/PrivateFrameworks/RemoteViewServices.framework/Versions/A/RemoteViewServices
0x000000000664b000 	/System/Library/PrivateFrameworks/UIFoundation.framework/Versions/A/UIFoundation
0x000000000664b000 	/usr/lib/libScreenReader.dylib
0x000000000664b000 	/System/Library/Frameworks/Accelerate.framework/Versions/A/Accelerate
0x000000000664b000 	/System/Library/Frameworks/IOSurface.framework/Versions/A/IOSurface
0x000000000664b000 	/System/Library/Frameworks/AudioToolbox.framework/Versions/A/AudioToolbox
0x000000000664b000 	/System/Library/Frameworks/AudioUnit.framework/Versions/A/AudioUnit
0x000000000664b000 	/System/Library/PrivateFrameworks/DataDetectorsCore.framework/Versions/A/DataDetectorsCore
0x000000000664b000 	/System/Library/PrivateFrameworks/DesktopServicesPriv.framework/Versions/A/DesktopServicesPriv
0x000000000664b000 	/System/Library/Frameworks/Carbon.framework/Versions/A/Frameworks/HIToolbox.framework/Versions/A/HIToolbox
0x000000000664b000 	/System/Library/Frameworks/QuartzCore.framework/Versions/A/QuartzCore
0x000000000664b000 	/System/Library/Frameworks/Carbon.framework/Versions/A/Frameworks/SpeechRecognition.framework/Versions/A/SpeechRecognition
0x000000000664b000 	/usr/lib/libauto.dylib
0x000000000664b000 	/usr/lib/libicucore.A.dylib
0x000000000664b000 	/usr/lib/libxml2.2.dylib
0x000000000664b000 	/System/Library/PrivateFrameworks/CoreUI.framework/Versions/A/CoreUI
0x000000000664b000 	/System/Library/Frameworks/CoreAudio.framework/Versions/A/CoreAudio
0x000000000664b000 	/System/Library/Frameworks/DiskArbitration.framework/Versions/A/DiskArbitration
0x000000000664b000 	/usr/lib/liblangid.dylib
0x000000000664b000 	/System/Library/PrivateFrameworks/MultitouchSupport.framework/Versions/A/MultitouchSupport
0x000000000664b000 	/System/Library/Frameworks/IOKit.framework/Versions/A/IOKit
0x000000000664b000 	/usr/lib/libDiagnosticMessagesClient.dylib
0x000000000664b000 	/System/Library/Frameworks/CoreServices.framework/Versions/A/CoreServices
0x000000000664b000 	/System/Library/PrivateFrameworks/PerformanceAnalysis.framework/Versions/A/PerformanceAnalysis
0x000000000664b000 	/System/Library/PrivateFrameworks/GenerationalStorage.framework/Versions/A/GenerationalStorage
0x000000000664b000 	/System/Library/Frameworks/OpenGL.framework/Versions/A/OpenGL
0x000000000664b000 	/System/Library/PrivateFrameworks/Sharing.framework/Versions/A/Sharing
0x000000000664b000 	/System/Library/Frameworks/CoreGraphics.framework/Versions/A/CoreGraphics
0x000000000664b000 	/System/Library/Frameworks/CoreImage.framework/Versions/A/CoreImage
0x000000000664b000 	/System/Library/Frameworks/CoreText.framework/Versions/A/CoreText
0x000000000664b000 	/System/Library/Frameworks/ImageIO.framework/Versions/A/ImageIO
0x000000000664b000 	/System/Library/PrivateFrameworks/Backup.framework/Versions/A/Backup
0x000000000664b000 	/usr/lib/libextension.dylib
0x000000000664b000 	/usr/lib/libarchive.2.dylib
0x000000000664b000 	/System/Library/Frameworks/CFNetwork.framework/Versions/A/CFNetwork
0x000000000664b000 	/System/Library/Frameworks/SystemConfiguration.framework/Versions/A/SystemConfiguration
0x000000000664b000 	/usr/lib/libCRFSuite.dylib
0x000000000664b000 	/usr/lib/libc++.1.dylib
0x000000000664b000 	/usr/lib/libc++abi.dylib
0x000000000664b000 	/usr/lib/system/libcache.dylib
0x000000000664b000 	/usr/lib/system/libcommonCrypto.dylib
0x000000000664b000 	/usr/lib/system/libcompiler_rt.dylib
0x000000000664b000 	/usr/lib/system/libcopyfile.dylib
0x000000000664b000 	/usr/lib/system/libcorecrypto.dylib
0x000000000664b000 	/usr/lib/system/libdispatch.dylib
0x000000000664b000 	/usr/lib/system/libdyld.dylib
0x000000000664b000 	/usr/lib/system/libkeymgr.dylib
0x000000000664b000 	/usr/lib/system/liblaunch.dylib
0x000000000664b000 	/usr/lib/system/libmacho.dylib
0x000000000664b000 	/usr/lib/system/libquarantine.dylib
0x000000000664b000 	/usr/lib/system/libremovefile.dylib
0x000000000664b000 	/usr/lib/system/libsystem_asl.dylib
0x000000000664b000 	/usr/lib/system/libsystem_blocks.dylib
0x000000000664b000 	/usr/lib/system/libsystem_c.dylib
0x000000000664b000 	/usr/lib/system/libsystem_configuration.dylib
0x000000000664b000 	/usr/lib/system/libsystem_coreservices.dylib
0x000000000664b000 	/usr/lib/system/libsystem_coretls.dylib
0x000000000664b000 	/usr/lib/system/libsystem_dnssd.dylib
0x000000000664b000 	/usr/lib/system/libsystem_info.dylib
0x000000000664b000 	/usr/lib/system/libsystem_kernel.dylib
0x000000000664b000 	/usr/lib/system/libsystem_m.dylib
0x000000000664b000 	/usr/lib/system/libsystem_malloc.dylib
0x000000000664b000 	/usr/lib/system/libsystem_network.dylib
0x000000000664b000 	/usr/lib/system/libsystem_networkextension.dylib
0x000000000664b000 	/usr/lib/system/libsystem_notify.dylib
0x000000000664b000 	/usr/lib/system/libsystem_platform.dylib
0x000000000664b000 	/usr/lib/system/libsystem_pthread.dylib
0x000000000664b000 	/usr/lib/system/libsystem_sandbox.dylib
0x000000000664b000 	/usr/lib/system/libsystem_secinit.dylib
0x000000000664b000 	/usr/lib/system/libsystem_trace.dylib
0x000000000664b000 	/usr/lib/system/libunc.dylib
0x000000000664b000 	/usr/lib/system/libunwind.dylib
0x000000000664b000 	/usr/lib/system/libxpc.dylib
0x000000000664b000 	/usr/lib/libenergytrace.dylib
0x000000000664b000 	/usr/lib/libbsm.0.dylib
0x000000000664b000 	/usr/lib/system/libkxld.dylib
0x000000000664b000 	/usr/lib/libxar.1.dylib
0x000000000664b000 	/usr/lib/libsqlite3.dylib
0x000000000664b000 	/usr/lib/libpam.2.dylib
0x000000000664b000 	/usr/lib/libOpenScriptingUtil.dylib
0x000000000664b000 	/usr/lib/libbz2.1.0.dylib
0x000000000664b000 	/usr/lib/liblzma.5.dylib
0x000000000664b000 	/System/Library/Frameworks/CoreServices.framework/Versions/A/Frameworks/FSEvents.framework/Versions/A/FSEvents
0x000000000664b000 	/System/Library/Frameworks/CoreServices.framework/Versions/A/Frameworks/CarbonCore.framework/Versions/A/CarbonCore
0x000000000664b000 	/System/Library/Frameworks/CoreServices.framework/Versions/A/Frameworks/Metadata.framework/Versions/A/Metadata
0x000000000664b000 	/System/Library/Frameworks/CoreServices.framework/Versions/A/Frameworks/OSServices.framework/Versions/A/OSServices
0x000000000664b000 	/System/Library/Frameworks/CoreServices.framework/Versions/A/Frameworks/SearchKit.framework/Versions/A/SearchKit
0x000000000664b000 	/System/Library/Frameworks/CoreServices.framework/Versions/A/Frameworks/AE.framework/Versions/A/AE
0x000000000664b000 	/System/Library/Frameworks/CoreServices.framework/Versions/A/Frameworks/LaunchServices.framework/Versions/A/LaunchServices
0x000000000664b000 	/System/Library/Frameworks/CoreServices.framework/Versions/A/Frameworks/DictionaryServices.framework/Versions/A/DictionaryServices
0x000000000664b000 	/System/Library/Frameworks/CoreServices.framework/Versions/A/Frameworks/SharedFileList.framework/Versions/A/SharedFileList
0x000000000664b000 	/System/Library/Frameworks/NetFS.framework/Versions/A/NetFS
0x000000000664b000 	/System/Library/PrivateFrameworks/NetAuth.framework/Versions/A/NetAuth
0x000000000664b000 	/System/Library/PrivateFrameworks/login.framework/Versions/A/Frameworks/loginsupport.framework/Versions/A/loginsupport
0x000000000664b000 	/System/Library/PrivateFrameworks/TCC.framework/Versions/A/TCC
0x000000000664b000 	/usr/lib/libmecabra.dylib
0x000000000664b000 	/System/Library/Frameworks/ApplicationServices.framework/Versions/A/Frameworks/ATS.framework/Versions/A/ATS
0x000000000664b000 	/System/Library/Frameworks/ApplicationServices.framework/Versions/A/Frameworks/ColorSync.framework/Versions/A/ColorSync
0x000000000664b000 	/System/Library/Frameworks/ApplicationServices.framework/Versions/A/Frameworks/HIServices.framework/Versions/A/HIServices
0x000000000664b000 	/System/Library/Frameworks/ApplicationServices.framework/Versions/A/Frameworks/LangAnalysis.framework/Versions/A/LangAnalysis
0x000000000664b000 	/System/Library/Frameworks/ApplicationServices.framework/Versions/A/Frameworks/PrintCore.framework/Versions/A/PrintCore
0x000000000664b000 	/System/Library/Frameworks/ApplicationServices.framework/Versions/A/Frameworks/QD.framework/Versions/A/QD
0x000000000664b000 	/System/Library/Frameworks/ApplicationServices.framework/Versions/A/Frameworks/SpeechSynthesis.framework/Versions/A/SpeechSynthesis
0x000000000664b000 	/System/Library/Frameworks/Metal.framework/Versions/A/Metal
0x000000000664b000 	/System/Library/Frameworks/Accelerate.framework/Versions/A/Frameworks/vImage.framework/Versions/A/vImage
0x000000000664b000 	/System/Library/Frameworks/Accelerate.framework/Versions/A/Frameworks/vecLib.framework/Versions/A/vecLib
0x000000000664b000 	/System/Library/Frameworks/Accelerate.framework/Versions/A/Frameworks/vecLib.framework/Versions/A/libvDSP.dylib
0x000000000664b000 	/System/Library/Frameworks/Accelerate.framework/Versions/A/Frameworks/vecLib.framework/Versions/A/libvMisc.dylib
0x000000000664b000 	/System/Library/Frameworks/Accelerate.framework/Versions/A/Frameworks/vecLib.framework/Versions/A/libLAPACK.dylib
0x000000000664b000 	/System/Library/Frameworks/Accelerate.framework/Versions/A/Frameworks/vecLib.framework/Versions/A/libBLAS.dylib
0x000000000664b000 	/System/Library/Frameworks/Accelerate.framework/Versions/A/Frameworks/vecLib.framework/Versions/A/libLinearAlgebra.dylib
0x000000000664b000 	/System/Library/Frameworks/Accelerate.framework/Versions/A/Frameworks/vecLib.framework/Versions/A/libSparseBLAS.dylib
0x000000000664b000 	/System/Library/PrivateFrameworks/GPUCompiler.framework/libmetal_timestamp.dylib
0x000000000664b000 	/System/Library/Frameworks/OpenGL.framework/Versions/A/Libraries/libCoreFSCache.dylib
0x000000000664b000 	/System/Library/PrivateFrameworks/IOAccelerator.framework/Versions/A/IOAccelerator
0x000000000664b000 	/System/Library/Frameworks/ApplicationServices.framework/Versions/A/Frameworks/ATS.framework/Versions/A/Resources/libFontParser.dylib
0x000000000664b000 	/System/Library/Frameworks/ApplicationServices.framework/Versions/A/Frameworks/ATS.framework/Versions/A/Resources/libFontRegistry.dylib
0x000000000664b000 	/System/Library/PrivateFrameworks/AppleVPA.framework/Versions/A/AppleVPA
0x000000000664b000 	/System/Library/PrivateFrameworks/AppleJPEG.framework/Versions/A/AppleJPEG
0x000000000664b000 	/System/Library/Frameworks/ImageIO.framework/Versions/A/Resources/libJPEG.dylib
0x000000000664b000 	/System/Library/Frameworks/ImageIO.framework/Versions/A/Resources/libTIFF.dylib
0x000000000664b000 	/System/Library/Frameworks/ImageIO.framework/Versions/A/Resources/libPng.dylib
0x000000000664b000 	/System/Library/Frameworks/ImageIO.framework/Versions/A/Resources/libGIF.dylib
0x000000000664b000 	/System/Library/Frameworks/ImageIO.framework/Versions/A/Resources/libJP2.dylib
0x000000000664b000 	/System/Library/Frameworks/ImageIO.framework/Versions/A/Resources/libRadiance.dylib
0x000000000664b000 	/System/Library/Frameworks/CoreVideo.framework/Versions/A/CoreVideo
0x000000000664b000 	/System/Library/Frameworks/OpenGL.framework/Versions/A/Libraries/libGLU.dylib
0x000000000664b000 	/System/Library/Frameworks/OpenGL.framework/Versions/A/Libraries/libGFXShared.dylib
0x000000000664b000 	/System/Library/Frameworks/OpenGL.framework/Versions/A/Libraries/libGL.dylib
0x000000000664b000 	/System/Library/Frameworks/OpenGL.framework/Versions/A/Libraries/libGLImage.dylib
0x000000000664b000 	/System/Library/Frameworks/OpenGL.framework/Versions/A/Libraries/libCVMSPluginSupport.dylib
0x000000000664b000 	/System/Library/Frameworks/OpenGL.framework/Versions/A/Libraries/libCoreVMClient.dylib
0x000000000664b000 	/usr/lib/libcompression.dylib
0x000000000664b000 	/usr/lib/libcups.2.dylib
0x000000000664b000 	/System/Library/Frameworks/Kerberos.framework/Versions/A/Kerberos
0x000000000664b000 	/System/Library/Frameworks/GSS.framework/Versions/A/GSS
0x000000000664b000 	/usr/lib/libresolv.9.dylib
0x000000000664b000 	/usr/lib/libiconv.2.dylib
0x000000000664b000 	/System/Library/PrivateFrameworks/Heimdal.framework/Versions/A/Heimdal
0x000000000664b000 	/usr/lib/libheimdal-asn1.dylib
0x000000000664b000 	/System/Library/Frameworks/OpenDirectory.framework/Versions/A/OpenDirectory
0x000000000664b000 	/System/Library/PrivateFrameworks/CommonAuth.framework/Versions/A/CommonAuth
0x000000000664b000 	/System/Library/Frameworks/OpenDirectory.framework/Versions/A/Frameworks/CFOpenDirectory.framework/Versions/A/CFOpenDirectory
0x000000000664b000 	/System/Library/Frameworks/SecurityFoundation.framework/Versions/A/SecurityFoundation
0x000000000664b000 	/System/Library/PrivateFrameworks/LanguageModeling.framework/Versions/A/LanguageModeling
0x000000000664b000 	/usr/lib/libmarisa.dylib
0x000000000664b000 	/usr/lib/libChineseTokenizer.dylib
0x000000000664b000 	/usr/lib/libcmph.dylib
0x000000000664b000 	/System/Library/Frameworks/ServiceManagement.framework/Versions/A/ServiceManagement
0x000000000664b000 	/usr/lib/libxslt.1.dylib
0x000000000664b000 	/System/Library/Frameworks/Carbon.framework/Versions/A/Frameworks/Ink.framework/Versions/A/Ink
0x000000000664b000 	/usr/lib/libFosl_dynamic.dylib
0x000000000664b000 	/System/Library/PrivateFrameworks/FaceCore.framework/Versions/A/FaceCore
0x000000000664b000 	/System/Library/Frameworks/OpenCL.framework/Versions/A/OpenCL
0x000000000664b000 	/System/Library/PrivateFrameworks/CrashReporterSupport.framework/Versions/A/CrashReporterSupport
0x000000000664b000 	/System/Library/PrivateFrameworks/IconServices.framework/Versions/A/IconServices
0x000000000664b000 	/System/Library/PrivateFrameworks/Apple80211.framework/Versions/A/Apple80211
0x000000000664b000 	/System/Library/Frameworks/CoreWLAN.framework/Versions/A/CoreWLAN
0x000000000664b000 	/System/Library/Frameworks/IOBluetooth.framework/Versions/A/IOBluetooth
0x000000000664b000 	/System/Library/PrivateFrameworks/CoreWiFi.framework/Versions/A/CoreWiFi
0x000000000664b000 	/System/Library/Frameworks/CoreBluetooth.framework/Versions/A/CoreBluetooth
0x000000000664b000 	/System/Library/PrivateFrameworks/ChunkingLibrary.framework/Versions/A/ChunkingLibrary
0x000000000664b000 	/System/Library/PrivateFrameworks/DebugSymbols.framework/Versions/A/DebugSymbols
0x000000000664b000 	/System/Library/PrivateFrameworks/CoreSymbolication.framework/Versions/A/CoreSymbolication
0x000000000664b000 	/System/Library/PrivateFrameworks/Symbolication.framework/Versions/A/Symbolication
0x000000000664b000 	/System/Library/PrivateFrameworks/SpeechRecognitionCore.framework/Versions/A/SpeechRecognitionCore
0x000000010e000000 	/Library/Java/JavaVirtualMachines/jdk1.8.0_91.jdk/Contents/Home/jre/lib/server/libjvm.dylib
0x000000000664b000 	/usr/lib/libstdc++.6.dylib
0x000000010cf1f000 	/Library/Java/JavaVirtualMachines/jdk1.8.0_91.jdk/Contents/Home/jre/lib/libverify.dylib
0x000000010cf2d000 	/Library/Java/JavaVirtualMachines/jdk1.8.0_91.jdk/Contents/Home/jre/lib/libjava.dylib
0x000000010cf6c000 	/Library/Java/JavaVirtualMachines/jdk1.8.0_91.jdk/Contents/Home/jre/lib/libzip.dylib
0x0000000129fd1000 	/System/Library/Frameworks/JavaVM.framework/Frameworks/JavaRuntimeSupport.framework/JavaRuntimeSupport
0x0000000129fec000 	/System/Library/Frameworks/JavaVM.framework/Versions/A/Frameworks/JavaNativeFoundation.framework/Versions/A/JavaNativeFoundation
0x000000010cfee000 	/System/Library/Frameworks/JavaVM.framework/Versions/A/JavaVM
0x000000000664b000 	/System/Library/Frameworks/Carbon.framework/Versions/A/Carbon
0x000000012a001000 	/System/Library/PrivateFrameworks/JavaLaunching.framework/Versions/A/JavaLaunching
0x000000000664b000 	/System/Library/Frameworks/Carbon.framework/Versions/A/Frameworks/CommonPanels.framework/Versions/A/CommonPanels
0x000000000664b000 	/System/Library/Frameworks/Carbon.framework/Versions/A/Frameworks/Help.framework/Versions/A/Help
0x000000000664b000 	/System/Library/Frameworks/Carbon.framework/Versions/A/Frameworks/ImageCapture.framework/Versions/A/ImageCapture
0x000000000664b000 	/System/Library/Frameworks/Carbon.framework/Versions/A/Frameworks/OpenScripting.framework/Versions/A/OpenScripting
0x000000000664b000 	/System/Library/Frameworks/Carbon.framework/Versions/A/Frameworks/Print.framework/Versions/A/Print
0x000000000664b000 	/System/Library/Frameworks/Carbon.framework/Versions/A/Frameworks/SecurityHI.framework/Versions/A/SecurityHI
0x000000012b930000 	/Library/Java/JavaVirtualMachines/jdk1.8.0_91.jdk/Contents/Home/jre/lib/libnio.dylib
0x000000012b940000 	/Library/Java/JavaVirtualMachines/jdk1.8.0_91.jdk/Contents/Home/jre/lib/./libnet.dylib
0x000000012baa7000 	/Library/Java/JavaVirtualMachines/jdk1.8.0_91.jdk/Contents/Home/jre/lib/libawt.dylib
0x000000012bb4f000 	/Library/Java/JavaVirtualMachines/jdk1.8.0_91.jdk/Contents/Home/jre/lib/./libmlib_image.dylib
0x000000012bc1b000 	/Library/Java/JavaVirtualMachines/jdk1.8.0_91.jdk/Contents/Home/jre/lib/libawt_lwawt.dylib
0x000000012bcd0000 	/Library/Java/JavaVirtualMachines/jdk1.8.0_91.jdk/Contents/Home/jre/lib/./libosxapp.dylib
0x000000000664b000 	/System/Library/Frameworks/ExceptionHandling.framework/Versions/A/ExceptionHandling
0x000000000664b000 	/System/Library/PrivateFrameworks/CoreServicesInternal.framework/Versions/A/CoreServicesInternal
0x000000000664b000 	/System/Library/Frameworks/CoreGraphics.framework/Versions/A/Resources/libRIP.A.dylib
0x000000000664b000 	/System/Library/Frameworks/Accelerate.framework/Versions/A/Frameworks/vImage.framework/Versions/A/Libraries/libCGInterfaces.dylib
0x000000000664b000 	/System/Library/Frameworks/CoreGraphics.framework/Versions/A/Resources/libCGXType.A.dylib
0x000000000664b000 	/System/Library/Frameworks/OpenCL.framework/Versions/A/Libraries/libcldcpuengine.dylib
0x000000000664b000 	/System/Library/PrivateFrameworks/DiskImages.framework/Versions/A/DiskImages
0x000000000664b000 	/System/Library/Frameworks/DiscRecording.framework/Versions/A/DiscRecording
0x000000000664b000 	/usr/lib/libcsfde.dylib
0x000000000664b000 	/usr/lib/libcurl.4.dylib
0x000000000664b000 	/System/Library/PrivateFrameworks/MediaKit.framework/Versions/A/MediaKit
0x000000000664b000 	/System/Library/PrivateFrameworks/ProtectedCloudStorage.framework/Versions/A/ProtectedCloudStorage
0x000000000664b000 	/usr/lib/libCoreStorage.dylib
0x000000000664b000 	/System/Library/PrivateFrameworks/EFILogin.framework/Versions/A/EFILogin
0x000000000664b000 	/usr/lib/libutil.dylib
0x000000000664b000 	/System/Library/PrivateFrameworks/FindMyDevice.framework/Versions/A/FindMyDevice
0x000000000664b000 	/System/Library/Frameworks/LDAP.framework/Versions/A/LDAP
0x000000000664b000 	/usr/lib/libsasl2.2.dylib
0x000000000664b000 	/System/Library/PrivateFrameworks/CoreDaemon.framework/Versions/B/CoreDaemon
0x000000000664b000 	/usr/lib/libcrypto.0.9.8.dylib
0x000000000664b000 	/System/Library/PrivateFrameworks/AppleSRP.framework/Versions/A/AppleSRP
0x000000000664b000 	/System/Library/PrivateFrameworks/TrustEvaluationAgent.framework/Versions/A/TrustEvaluationAgent
0x000000012dbc3000 	cl_kernels
0x000000000664b000 	/System/Library/Frameworks/OpenCL.framework/Versions/A/Libraries/ImageFormats/unorm8_bgra.dylib
0x000000000664b000 	/System/Library/Frameworks/OpenCL.framework/Versions/A/Libraries/ImageFormats/unorm8_rgba.dylib
0x000000000664b000 	/System/Library/PrivateFrameworks/FamilyControls.framework/Versions/A/FamilyControls
0x000000000664b000 	/System/Library/PrivateFrameworks/CommerceKit.framework/Versions/A/Frameworks/CommerceCore.framework/Versions/A/CommerceCore
0x000000000664b000 	/System/Library/PrivateFrameworks/SystemAdministration.framework/Versions/A/SystemAdministration
0x000000000664b000 	/System/Library/PrivateFrameworks/AppContainer.framework/Versions/A/AppContainer
0x000000000664b000 	/System/Library/PrivateFrameworks/SecCodeWrapper.framework/Versions/A/SecCodeWrapper
0x000000000664b000 	/System/Library/Frameworks/DirectoryService.framework/Versions/A/DirectoryService
0x000000000664b000 	/System/Library/PrivateFrameworks/LoginUIKit.framework/Versions/A/Frameworks/LoginUICore.framework/Versions/A/LoginUICore
0x000000000664b000 	/usr/lib/libodfde.dylib
0x000000000664b000 	/System/Library/Frameworks/OpenGL.framework/Versions/A/Resources/GLEngine.bundle/GLEngine
0x000000000664b000 	/System/Library/Frameworks/OpenGL.framework/Versions/A/Libraries/libGLProgrammability.dylib
0x000000012ed11000 	/System/Library/Extensions/AppleIntelHD5000GraphicsGLDriver.bundle/Contents/MacOS/AppleIntelHD5000GraphicsGLDriver
0x000000000664b000 	/System/Library/PrivateFrameworks/GPUSupport.framework/Versions/A/Libraries/libGPUSupportMercury.dylib
0x000000000664b000 	/System/Library/Frameworks/OpenGL.framework/Versions/A/Resources/GLRendererFloat.bundle/GLRendererFloat
0x000000012ff05000 	/Library/Java/JavaVirtualMachines/jdk1.8.0_91.jdk/Contents/Home/jre/lib/libsplashscreen.dylib
0x000000012ff5e000 	/Library/Java/JavaVirtualMachines/jdk1.8.0_91.jdk/Contents/Home/jre/lib/libfontmanager.dylib
0x000000012ffc5000 	/Library/Java/JavaVirtualMachines/jdk1.8.0_91.jdk/Contents/Home/jre/lib/libosxui.dylib
0x0000000131d4f000 	/System/Library/Extensions/AppleIntelHD5000GraphicsMTLDriver.bundle/Contents/MacOS/AppleIntelHD5000GraphicsMTLDriver
0x000000000664b000 	/System/Library/Frameworks/ApplicationServices.framework/Versions/A/Frameworks/ATS.framework/Versions/A/Resources/libTrueTypeScaler.dylib
0x000000014d8f2000 	/Applications/NetBeans/NetBeans 8.1.app/Contents/Resources/NetBeans/platform/modules/lib/libjnidispatch-410.jnilib
0x00000001859f2000 	/System/Library/CoreServices/RawCamera.bundle/Contents/MacOS/RawCamera
0x000000018569f000 	/Library/Java/Extensions/libCLIPSJNI2.jnilib
0x000000012cea1000 	/Library/Java/JavaVirtualMachines/jdk1.8.0_91.jdk/Contents/Home/jre/lib/libdcpr.dylib
0x000000000664b000 	/System/Library/PrivateFrameworks/CloudDocs.framework/Versions/A/CloudDocs
0x000000000664b000 	/System/Library/PrivateFrameworks/CoreDuet.framework/Versions/A/CoreDuet
0x000000000664b000 	/System/Library/Frameworks/CloudKit.framework/Versions/A/CloudKit
0x000000000664b000 	/System/Library/PrivateFrameworks/ProtocolBuffer.framework/Versions/A/ProtocolBuffer
0x000000000664b000 	/System/Library/PrivateFrameworks/CoreDuetDaemonProtocol.framework/Versions/A/CoreDuetDaemonProtocol
0x000000000664b000 	/System/Library/PrivateFrameworks/CoreDuetDebugLogging.framework/Versions/A/CoreDuetDebugLogging
0x000000000664b000 	/System/Library/PrivateFrameworks/MMCS.framework/Versions/A/MMCS
0x000000000664b000 	/System/Library/Frameworks/CoreLocation.framework/Versions/A/CoreLocation
0x000000000664b000 	/System/Library/PrivateFrameworks/AssetCacheServices.framework/Versions/A/AssetCacheServices
0x000000000664b000 	/System/Library/PrivateFrameworks/GeoServices.framework/Versions/A/GeoServices
0x0000000132b53000 	/Library/Java/JavaVirtualMachines/jdk1.8.0_91.jdk/Contents/Home/jre/lib/libmanagement.dylib
0x000000000664b000 	/System/Library/PrivateFrameworks/Shortcut.framework/Versions/A/Shortcut
0x000000000664b000 	/System/Library/PrivateFrameworks/HelpData.framework/Versions/A/HelpData
0x000000000664b000 	/usr/lib/libtidy.A.dylib

VM Arguments:
jvm_args: -Djdk.home=/Library/Java/JavaVirtualMachines/jdk1.8.0_91.jdk/Contents/Home -Dnetbeans.dirs=/Users/gianlucaturin/NetBeansProjects/ClipsMonitor/assistedliving/build/cluster:/Applications/NetBeans/NetBeans 8.1.app/Contents/Resources/NetBeans/platform -Dnetbeans.home=/Applications/NetBeans/NetBeans 8.1.app/Contents/Resources/NetBeans/platform -Dnetbeans.logger.console=true -ea -XX:+HeapDumpOnOutOfMemoryError -XX:HeapDumpPath=/Users/gianlucaturin/NetBeansProjects/ClipsMonitor/assistedliving/ClipsMonitorCore/../build/testuserdir/var/log/heapdump.hprof 
java_command: org.netbeans.Main --cachedir /Users/gianlucaturin/NetBeansProjects/ClipsMonitor/assistedliving/ClipsMonitorCore/../build/testuserdir/var/cache --userdir /Users/gianlucaturin/NetBeansProjects/ClipsMonitor/assistedliving/ClipsMonitorCore/../build/testuserdir --branding clipsmonitor
java_class_path (initial): /Applications/NetBeans/NetBeans 8.1.app/Contents/Resources/NetBeans/platform/lib/boot.jar:/Applications/NetBeans/NetBeans 8.1.app/Contents/Resources/NetBeans/platform/lib/org-openide-modules.jar:/Applications/NetBeans/NetBeans 8.1.app/Contents/Resources/NetBeans/platform/lib/org-openide-util-lookup.jar:/Applications/NetBeans/NetBeans 8.1.app/Contents/Resources/NetBeans/platform/lib/org-openide-util-ui.jar:/Applications/NetBeans/NetBeans 8.1.app/Contents/Resources/NetBeans/platform/lib/org-openide-util.jar:/Applications/NetBeans/NetBeans 8.1.app/Contents/Resources/NetBeans/platform/lib/locale/boot_ja.jar:/Applications/NetBeans/NetBeans 8.1.app/Contents/Resources/NetBeans/platform/lib/locale/boot_pt_BR.jar:/Applications/NetBeans/NetBeans 8.1.app/Contents/Resources/NetBeans/platform/lib/locale/boot_ru.jar:/Applications/NetBeans/NetBeans 8.1.app/Contents/Resources/NetBeans/platform/lib/locale/boot_zh_CN.jar:/Applications/NetBeans/NetBeans 8.1.app/Contents/Resources/NetBeans/platform/lib/locale/org-openide-modules_ja.jar:/Applications/NetBeans/NetBeans 8.1.app/Contents/Resources/NetBeans/platform/lib/locale/org-openide-modules_pt_BR.jar:/Applications/NetBeans/NetBeans 8.1.app/Contents/Resources/NetBeans/platform/lib/locale/org-openide-modules_ru.jar:/Applications/NetBeans/NetBeans 8.1.app/Contents/Resources/NetBeans/platform/lib/locale/org-openide-modules_zh_CN.jar:/Applications/NetBeans/NetBeans 8.1.app/Contents/Resources/NetBeans/platform/lib/locale/org-openide-util-lookup_ja.jar:/Applications/NetBeans/NetBeans 8.1.app/Contents/Resources/NetBeans/platform/lib/locale/org-openide-util-lookup_pt_BR.jar:/Applications/NetBeans/NetBeans 8.1.app/Contents/Resources/NetBeans/platform/lib/locale/org-openide-util-lookup_ru.jar:/Applications/NetBeans/NetBeans 8.1.app/Contents/Resources/NetBeans/platform/lib/locale/org-openide-util-lookup_zh_CN.jar:/Applications/NetBeans/NetBeans 8.1.app/Contents/Resources/NetBeans/platform/lib/locale/org-openide-util-u
Launcher Type: SUN_STANDARD

Environment Variables:
PATH=/usr/bin:/bin:/usr/sbin:/sbin
LD_LIBRARY_PATH=/Library/Java/JavaVirtualMachines/jdk1.8.0_91.jdk/Contents/Home/jre/lib/amd64:/Library/Java/JavaVirtualMachines/jdk1.8.0_91.jdk/Contents/Home/jre/lib/i386:
SHELL=/bin/bash

Signal Handlers:
SIGSEGV: [libjvm.dylib+0x5a97a1], sa_mask[0]=11111111011111110111111111111111, sa_flags=SA_ONSTACK|SA_RESTART|SA_SIGINFO
SIGBUS: [libjvm.dylib+0x5a97a1], sa_mask[0]=11111111011111110111111111111111, sa_flags=SA_RESTART|SA_SIGINFO
SIGFPE: [libjvm.dylib+0x482594], sa_mask[0]=11111111011111110111111111111111, sa_flags=SA_RESTART|SA_SIGINFO
SIGPIPE: [libjvm.dylib+0x482594], sa_mask[0]=11111111011111110111111111111111, sa_flags=SA_RESTART|SA_SIGINFO
SIGXFSZ: [libjvm.dylib+0x482594], sa_mask[0]=11111111011111110111111111111111, sa_flags=SA_RESTART|SA_SIGINFO
SIGILL: [libjvm.dylib+0x482594], sa_mask[0]=11111111011111110111111111111111, sa_flags=SA_RESTART|SA_SIGINFO
SIGUSR1: SIG_DFL, sa_mask[0]=00000000000000000000000000000000, sa_flags=none
SIGUSR2: [libjvm.dylib+0x4820b2], sa_mask[0]=00100000000000000000000000000000, sa_flags=SA_RESTART|SA_SIGINFO
SIGHUP: [libjvm.dylib+0x480689], sa_mask[0]=11111111011111110111111111111111, sa_flags=SA_RESTART|SA_SIGINFO
SIGINT: [libCLIPSJNI2.jnilib+0xe83e0], sa_mask[0]=00000000000000000000000000000000, sa_flags=SA_RESTART
SIGTERM: [libjvm.dylib+0x480689], sa_mask[0]=11111111011111110111111111111111, sa_flags=SA_RESTART|SA_SIGINFO
SIGQUIT: [libjvm.dylib+0x480689], sa_mask[0]=11111111011111110111111111111111, sa_flags=SA_RESTART|SA_SIGINFO


---------------  S Y S T E M  ---------------

OS:Bsduname:Darwin 15.5.0 Darwin Kernel Version 15.5.0: Tue Apr 19 18:36:36 PDT 2016; root:xnu-3248.50.21~8/RELEASE_X86_64 x86_64
rlimit: STACK 8192k, CORE 0k, NPROC 709, NOFILE 10240, AS infinity
load average:2.26 1.93 1.87

CPU:total 8 (4 cores per cpu, 2 threads per core) family 6 model 70 stepping 1, cmov, cx8, fxsr, mmx, sse, sse2, sse3, ssse3, sse4.1, sse4.2, popcnt, avx, avx2, aes, clmul, erms, lzcnt, ht, tsc, tscinvbit, bmi1, bmi2

Memory: 4k page, physical 16777216k(1448696k free)

/proc/meminfo:


vm_info: Java HotSpot(TM) 64-Bit Server VM (25.91-b14) for bsd-amd64 JRE (1.8.0_91-b14), built on Apr  1 2016 01:03:00 by "java_re" with gcc 4.2.1 (Based on Apple Inc. build 5658) (LLVM build 2336.11.00)

time: Wed Jun 29 19:27:40 2016
elapsed time: 2742 seconds (0d 0h 45m 42s)

