#
# A fatal error has been detected by the Java Runtime Environment:
#
#  EXCEPTION_ACCESS_VIOLATION (0xc0000005) at pc=0x00007ffcefc04a83, pid=14000, tid=7344
#
# JRE version: Java(TM) SE Runtime Environment (8.0_91-b15) (build 1.8.0_91-b15)
# Java VM: Java HotSpot(TM) 64-Bit Server VM (25.91-b15 mixed mode windows-amd64 compressed oops)
# Problematic frame:
# C  [propsys.dll+0x24a83]
#
# Failed to write core dump. Minidumps are not enabled by default on client versions of Windows
#
# If you would like to submit a bug report, please visit:
#   http://bugreport.java.com/bugreport/crash.jsp
# The crash happened outside the Java Virtual Machine in native code.
# See problematic frame for where to report the bug.
#

---------------  T H R E A D  ---------------

Current thread (0x0000000020d08000):  JavaThread "Thread-7" [_thread_in_native, id=7344, stack(0x0000000027240000,0x0000000027440000)]

siginfo: ExceptionCode=0xc0000005, reading address 0x0000000000000000

Registers:
RAX=0x0000000000000003, RBX=0x0000000024cb2188, RCX=0x00007ffcefc77f90, RDX=0x0000000000000000
RSP=0x000000002743f1f8, RBP=0x0000000000000000, RSI=0x0000000080004003, RDI=0x0000000000000000
R8 =0x0000000000000000, R9 =0x0000000024cb2188, R10=0x0000000000000000, R11=0x00007ffcefc77ed8
R12=0x0000000000000000, R13=0x000000002743f430, R14=0x0000000000000000, R15=0x0000000020d08000
RIP=0x00007ffcefc04a83, EFLAGS=0x0000000000010286

Top of Stack: (sp=0x000000002743f1f8)
0x000000002743f1f8:   00007ffcefc04a1a 00000000839533a0
0x000000002743f208:   000000002743f3f0 0000000021cbf2a0
0x000000002743f218:   00007ffccb1210eb 00000000e1565420
0x000000002743f228:   00007ffccb121f7b 00007ffcefc785e8
0x000000002743f238:   0000000021cbf2a0 000000002743f3f0
0x000000002743f248:   00000000839533a0 0000000000003420
0x000000002743f258:   0000000000000000 000000002743f270
0x000000002743f268:   00007ffccb122f1d 0000000024cb21e0
0x000000002743f278:   0000000000003420 0000000000000000
0x000000002743f288:   0000000000000000 00000000834dc238
0x000000002743f298:   00007ffccb1d47e1 0000000024cb21e0
0x000000002743f2a8:   0000000024d737c0 000000002743f350
0x000000002743f2b8:   0000000000000000 0000000024d737c0
0x000000002743f2c8:   0000000000000000 0000000000000000
0x000000002743f2d8:   0000312d6c617645 0000000000000000
0x000000002743f2e8:   0000000000000000 0000b60f47ef7023 

Instructions: (pc=0x00007ffcefc04a83)
0x00007ffcefc04a63:   28 e8 17 00 00 00 85 c0 75 05 48 83 c4 28 c3 b0
0x00007ffcefc04a73:   01 48 83 c4 28 c3 cc cc cc cc cc cc cc 48 8b 01
0x00007ffcefc04a83:   48 2b 02 75 08 48 8b 41 08 48 2b 42 08 48 85 c0
0x00007ffcefc04a93:   74 03 33 c0 c3 b8 01 00 00 00 c3 cc cc cc cc cc 


Register to memory mapping:

RAX=0x0000000000000003 is an unknown value
RBX=0x0000000024cb2188 is an unknown value
RCX=0x00007ffcefc77f90 is an unknown value
RDX=0x0000000000000000 is an unknown value
RSP=0x000000002743f1f8 is pointing into the stack for thread: 0x0000000020d08000
RBP=0x0000000000000000 is an unknown value
RSI=0x0000000080004003 is an unknown value
RDI=0x0000000000000000 is an unknown value
R8 =0x0000000000000000 is an unknown value
R9 =0x0000000024cb2188 is an unknown value
R10=0x0000000000000000 is an unknown value
R11=0x00007ffcefc77ed8 is an unknown value
R12=0x0000000000000000 is an unknown value
R13=0x000000002743f430 is pointing into the stack for thread: 0x0000000020d08000
R14=0x0000000000000000 is an unknown value
R15=0x0000000020d08000 is a thread


Stack: [0x0000000027240000,0x0000000027440000],  sp=0x000000002743f1f8,  free space=2044k
Native frames: (J=compiled Java code, j=interpreted, Vv=VM code, C=native code)

Java frames: (J=compiled Java code, j=interpreted, Vv=VM code)
J 4414  net.sf.clipsrules.jni.Environment.eval(JLjava/lang/String;)Lnet/sf/clipsrules/jni/PrimitiveValue; (0 bytes) @ 0x0000000002f8d98f [0x0000000002f8d940+0x4f]
J 5999 C2 net.sf.clipsrules.jni.Environment.eval(Ljava/lang/String;)Lnet/sf/clipsrules/jni/PrimitiveValue; (10 bytes) @ 0x00000000030c6118 [0x00000000030c60e0+0x38]
j  org.clipsmonitor.clips.ClipsCore.getFocusStack()[Ljava/lang/String;+66
j  org.clipsmonitor.core.MonitorModel.getFocusStack()[Ljava/lang/String;+4
j  org.clipsmonitor.gui.FocusTopComponent.updateFocusStack()V+4
j  org.clipsmonitor.gui.FocusTopComponent.update(Ljava/util/Observable;Ljava/lang/Object;)V+25
J 6047 C1 java.util.Observable.notifyObservers(Ljava/lang/Object;)V (67 bytes) @ 0x000000000372d31c [0x000000000372cae0+0x83c]
J 6407% C2 org.clipsmonitor.core.MonitorModel.run()V (654 bytes) @ 0x0000000003f7fa70 [0x0000000003f7c9e0+0x3090]
j  java.lang.Thread.run()V+11
v  ~StubRoutines::call_stub

---------------  P R O C E S S  ---------------

Java Threads: ( => current thread )
=>0x0000000020d08000 JavaThread "Thread-7" [_thread_in_native, id=7344, stack(0x0000000027240000,0x0000000027440000)]
  0x000000001dc31000 JavaThread "Inactive RequestProcessor thread [Was:Folder Instance Processor/org.openide.loaders.FolderInstance$1R]" daemon [_thread_blocked, id=12412, stack(0x0000000026c40000,0x0000000026e40000)]
  0x000000001dc2c800 JavaThread "Swing-Shell" daemon [_thread_blocked, id=5652, stack(0x0000000024630000,0x0000000024830000)]
  0x000000001dc32800 JavaThread "TimerQueue" daemon [_thread_blocked, id=9456, stack(0x0000000021cc0000,0x0000000021ec0000)]
  0x000000001dc2e000 JavaThread "Thread-2" daemon [_thread_blocked, id=12296, stack(0x00000000218c0000,0x0000000021ac0000)]
  0x000000001dc32000 JavaThread "File Watcher" daemon [_thread_blocked, id=8076, stack(0x00000000204f0000,0x00000000206f0000)]
  0x000000001dc2d800 JavaThread "Inactive RequestProcessor thread [Was:Folder recognizer/org.openide.loaders.FolderList$ListTask]" daemon [_thread_blocked, id=13064, stack(0x000000001ec80000,0x000000001ee80000)]
  0x000000001c4bf800 JavaThread "AWT-EventQueue-0" [_thread_in_native, id=5568, stack(0x000000001d8b0000,0x000000001dab0000)]
  0x000000001c4b9800 JavaThread "AWT-Windows" daemon [_thread_in_native, id=4208, stack(0x000000001d5f0000,0x000000001d7f0000)]
  0x000000001c4b8800 JavaThread "AWT-Shutdown" [_thread_blocked, id=8348, stack(0x000000001d3f0000,0x000000001d5f0000)]
  0x000000001c45f800 JavaThread "Java2D Disposer" daemon [_thread_blocked, id=12952, stack(0x000000001d1f0000,0x000000001d3f0000)]
  0x000000001c469000 JavaThread "RequestProcessor queue manager" daemon [_thread_blocked, id=3480, stack(0x000000001cdf0000,0x000000001cff0000)]
  0x000000001c2ea800 JavaThread "Inactive RequestProcessor thread [Was:System clipboard synchronizer/org.netbeans.NbClipboard$GetContents]" daemon [_thread_blocked, id=14056, stack(0x000000001c9f0000,0x000000001cbf0000)]
  0x000000001c140800 JavaThread "CLI Requests Server" daemon [_thread_in_native, id=9524, stack(0x000000001c7f0000,0x000000001c9f0000)]
  0x000000001bfb7800 JavaThread "Active Reference Queue Daemon" daemon [_thread_blocked, id=4012, stack(0x000000001c5f0000,0x000000001c7f0000)]
  0x00000000192b5800 JavaThread "Service Thread" daemon [_thread_blocked, id=9752, stack(0x000000001b9f0000,0x000000001bbf0000)]
  0x000000001922b000 JavaThread "C1 CompilerThread3" daemon [_thread_blocked, id=12728, stack(0x000000001b6f0000,0x000000001b8f0000)]
  0x0000000019228000 JavaThread "C2 CompilerThread2" daemon [_thread_blocked, id=4452, stack(0x000000001b4f0000,0x000000001b6f0000)]
  0x0000000019224000 JavaThread "C2 CompilerThread1" daemon [_thread_blocked, id=10392, stack(0x000000001b2f0000,0x000000001b4f0000)]
  0x0000000019221000 JavaThread "C2 CompilerThread0" daemon [_thread_blocked, id=13360, stack(0x000000001b0f0000,0x000000001b2f0000)]
  0x000000001921e800 JavaThread "Attach Listener" daemon [_thread_blocked, id=9492, stack(0x000000001aef0000,0x000000001b0f0000)]
  0x000000001921d800 JavaThread "Signal Dispatcher" daemon [_thread_blocked, id=14240, stack(0x000000001acf0000,0x000000001aef0000)]
  0x0000000019209000 JavaThread "Finalizer" daemon [_thread_blocked, id=248, stack(0x000000001a9f0000,0x000000001abf0000)]
  0x0000000002613000 JavaThread "Reference Handler" daemon [_thread_blocked, id=13564, stack(0x000000001a7f0000,0x000000001a9f0000)]
  0x0000000002520800 JavaThread "main" [_thread_blocked, id=9048, stack(0x0000000000440000,0x0000000000640000)]

Other Threads:
  0x000000000281e000 VMThread [stack: 0x000000001a5f0000,0x000000001a7f0000] [id=12632]
  0x00000000192e1800 WatcherThread [stack: 0x000000001bbf0000,0x000000001bdf0000] [id=5232]

VM state:not at safepoint (normal execution)

VM Mutex/Monitor currently owned by a thread: None

Heap:
 PSYoungGen      total 676864K, used 190593K [0x00000000d6180000, 0x00000000fff00000, 0x0000000100000000)
  eden space 669184K, 28% used [0x00000000d6180000,0x00000000e1b40c48,0x00000000fef00000)
  from space 7680K, 4% used [0x00000000ff780000,0x00000000ff7dfb28,0x00000000fff00000)
  to   space 8192K, 0% used [0x00000000fef00000,0x00000000fef00000,0x00000000ff700000)
 ParOldGen       total 102912K, used 42205K [0x0000000082400000, 0x0000000088880000, 0x00000000d6180000)
  object space 102912K, 41% used [0x0000000082400000,0x0000000084d377c8,0x0000000088880000)
 Metaspace       used 34028K, capacity 35746K, committed 35968K, reserved 1081344K
  class space    used 4171K, capacity 4643K, committed 4736K, reserved 1048576K

Card table byte_map: [0x00000000123d0000,0x00000000127c0000] byte_map_base: 0x0000000011fbe000

Marking Bits: (ParMarkBitMap*) 0x0000000077f72f70
 Begin Bits: [0x0000000013a60000, 0x00000000159d0000)
 End Bits:   [0x00000000159d0000, 0x0000000017940000)

Polling page: 0x00000000001f0000

CodeCache: size=245760Kb used=19221Kb max_used=19312Kb free=226538Kb
 bounds [0x0000000002cd0000, 0x0000000003fe0000, 0x0000000011cd0000]
 total_blobs=5887 nmethods=5274 adapters=522
 compilation: enabled

Compilation events (10 events):
Event: 46.698 Thread 0x0000000019221000 nmethod 6502 0x0000000003e75e50 code [0x0000000003e76060, 0x0000000003e77218]
Event: 46.749 Thread 0x0000000019228000 6503       4       sun.java2d.pipe.LCDTextRenderer::drawGlyphList (17 bytes)
Event: 46.749 Thread 0x0000000019228000 nmethod 6503 0x0000000003e745d0 code [0x0000000003e74720, 0x0000000003e747e8]
Event: 46.776 Thread 0x000000001922b000 6504       3       javax.swing.KeyboardManager$ComponentKeyStrokePair::hashCode (16 bytes)
Event: 46.777 Thread 0x000000001922b000 nmethod 6504 0x00000000038bfc90 code [0x00000000038bfe00, 0x00000000038c00f8]
Event: 46.782 Thread 0x0000000019224000 6505       4       sun.java2d.loops.Blit$GeneralMaskBlit::Blit (28 bytes)
Event: 46.790 Thread 0x0000000019224000 nmethod 6505 0x0000000003090610 code [0x00000000030907c0, 0x0000000003091150]
Event: 46.858 Thread 0x0000000019221000 6506       4       javax.swing.JComponent::repaint (19 bytes)
Event: 46.858 Thread 0x0000000019228000 6507       4       javax.swing.text.BoxView::calculateMinorAxisRequirements (118 bytes)
Event: 46.861 Thread 0x0000000019221000 nmethod 6506 0x0000000003098190 code [0x0000000003098340, 0x00000000030986e0]

GC Heap History (10 events):
Event: 43.621 GC heap before
{Heap before GC invocations=44 (full 2):
 PSYoungGen      total 674816K, used 664401K [0x00000000d6180000, 0x00000000fff80000, 0x0000000100000000)
  eden space 664064K, 100% used [0x00000000d6180000,0x00000000fea00000,0x00000000fea00000)
  from space 10752K, 3% used [0x00000000fea00000,0x00000000fea54638,0x00000000ff480000)
  to   space 10240K, 0% used [0x00000000ff580000,0x00000000ff580000,0x00000000fff80000)
 ParOldGen       total 102912K, used 37847K [0x0000000082400000, 0x0000000088880000, 0x00000000d6180000)
  object space 102912K, 36% used [0x0000000082400000,0x00000000848f5fa8,0x0000000088880000)
 Metaspace       used 33991K, capacity 35682K, committed 35968K, reserved 1081344K
  class space    used 4171K, capacity 4643K, committed 4736K, reserved 1048576K
Event: 43.623 GC heap after
Heap after GC invocations=44 (full 2):
 PSYoungGen      total 674816K, used 2138K [0x00000000d6180000, 0x00000000ffe80000, 0x0000000100000000)
  eden space 665600K, 0% used [0x00000000d6180000,0x00000000d6180000,0x00000000feb80000)
  from space 9216K, 23% used [0x00000000ff580000,0x00000000ff796ba8,0x00000000ffe80000)
  to   space 9728K, 0% used [0x00000000feb80000,0x00000000feb80000,0x00000000ff500000)
 ParOldGen       total 102912K, used 37847K [0x0000000082400000, 0x0000000088880000, 0x00000000d6180000)
  object space 102912K, 36% used [0x0000000082400000,0x00000000848f5fa8,0x0000000088880000)
 Metaspace       used 33991K, capacity 35682K, committed 35968K, reserved 1081344K
  class space    used 4171K, capacity 4643K, committed 4736K, reserved 1048576K
}
Event: 46.470 GC heap before
{Heap before GC invocations=45 (full 2):
 PSYoungGen      total 674816K, used 667738K [0x00000000d6180000, 0x00000000ffe80000, 0x0000000100000000)
  eden space 665600K, 100% used [0x00000000d6180000,0x00000000feb80000,0x00000000feb80000)
  from space 9216K, 23% used [0x00000000ff580000,0x00000000ff796ba8,0x00000000ffe80000)
  to   space 9728K, 0% used [0x00000000feb80000,0x00000000feb80000,0x00000000ff500000)
 ParOldGen       total 102912K, used 37847K [0x0000000082400000, 0x0000000088880000, 0x00000000d6180000)
  object space 102912K, 36% used [0x0000000082400000,0x00000000848f5fa8,0x0000000088880000)
 Metaspace       used 34027K, capacity 35746K, committed 35968K, reserved 1081344K
  class space    used 4171K, capacity 4643K, committed 4736K, reserved 1048576K
Event: 46.473 GC heap after
Heap after GC invocations=45 (full 2):
 PSYoungGen      total 675328K, used 2583K [0x00000000d6180000, 0x00000000fff80000, 0x0000000100000000)
  eden space 665600K, 0% used [0x00000000d6180000,0x00000000d6180000,0x00000000feb80000)
  from space 9728K, 26% used [0x00000000feb80000,0x00000000fee05c70,0x00000000ff500000)
  to   space 9216K, 0% used [0x00000000ff680000,0x00000000ff680000,0x00000000fff80000)
 ParOldGen       total 102912K, used 39678K [0x0000000082400000, 0x0000000088880000, 0x00000000d6180000)
  object space 102912K, 38% used [0x0000000082400000,0x0000000084abf8a8,0x0000000088880000)
 Metaspace       used 34027K, capacity 35746K, committed 35968K, reserved 1081344K
  class space    used 4171K, capacity 4643K, committed 4736K, reserved 1048576K
}
Event: 46.591 GC heap before
{Heap before GC invocations=46 (full 2):
 PSYoungGen      total 675328K, used 668183K [0x00000000d6180000, 0x00000000fff80000, 0x0000000100000000)
  eden space 665600K, 100% used [0x00000000d6180000,0x00000000feb80000,0x00000000feb80000)
  from space 9728K, 26% used [0x00000000feb80000,0x00000000fee05c70,0x00000000ff500000)
  to   space 9216K, 0% used [0x00000000ff680000,0x00000000ff680000,0x00000000fff80000)
 ParOldGen       total 102912K, used 39678K [0x0000000082400000, 0x0000000088880000, 0x00000000d6180000)
  object space 102912K, 38% used [0x0000000082400000,0x0000000084abf8a8,0x0000000088880000)
 Metaspace       used 34027K, capacity 35746K, committed 35968K, reserved 1081344K
  class space    used 4171K, capacity 4643K, committed 4736K, reserved 1048576K
Event: 46.593 GC heap after
Heap after GC invocations=46 (full 2):
 PSYoungGen      total 675840K, used 334K [0x00000000d6180000, 0x00000000ffe80000, 0x0000000100000000)
  eden space 667648K, 0% used [0x00000000d6180000,0x00000000d6180000,0x00000000fed80000)
  from space 8192K, 4% used [0x00000000ff680000,0x00000000ff6d3af0,0x00000000ffe80000)
  to   space 8704K, 0% used [0x00000000fed80000,0x00000000fed80000,0x00000000ff600000)
 ParOldGen       total 102912K, used 42018K [0x0000000082400000, 0x0000000088880000, 0x00000000d6180000)
  object space 102912K, 40% used [0x0000000082400000,0x0000000084d08968,0x0000000088880000)
 Metaspace       used 34027K, capacity 35746K, committed 35968K, reserved 1081344K
  class space    used 4171K, capacity 4643K, committed 4736K, reserved 1048576K
}
Event: 46.702 GC heap before
{Heap before GC invocations=47 (full 2):
 PSYoungGen      total 675840K, used 667982K [0x00000000d6180000, 0x00000000ffe80000, 0x0000000100000000)
  eden space 667648K, 100% used [0x00000000d6180000,0x00000000fed80000,0x00000000fed80000)
  from space 8192K, 4% used [0x00000000ff680000,0x00000000ff6d3af0,0x00000000ffe80000)
  to   space 8704K, 0% used [0x00000000fed80000,0x00000000fed80000,0x00000000ff600000)
 ParOldGen       total 102912K, used 42018K [0x0000000082400000, 0x0000000088880000, 0x00000000d6180000)
  object space 102912K, 40% used [0x0000000082400000,0x0000000084d08968,0x0000000088880000)
 Metaspace       used 34027K, capacity 35746K, committed 35968K, reserved 1081344K
  class space    used 4171K, capacity 4643K, committed 4736K, reserved 1048576K
Event: 46.704 GC heap after
Heap after GC invocations=47 (full 2):
 PSYoungGen      total 676352K, used 328K [0x00000000d6180000, 0x0000000100000000, 0x0000000100000000)
  eden space 667648K, 0% used [0x00000000d6180000,0x00000000d6180000,0x00000000fed80000)
  from space 8704K, 3% used [0x00000000fed80000,0x00000000fedd23a8,0x00000000ff600000)
  to   space 8704K, 0% used [0x00000000ff780000,0x00000000ff780000,0x0000000100000000)
 ParOldGen       total 102912K, used 42197K [0x0000000082400000, 0x0000000088880000, 0x00000000d6180000)
  object space 102912K, 41% used [0x0000000082400000,0x0000000084d357c8,0x0000000088880000)
 Metaspace       used 34027K, capacity 35746K, committed 35968K, reserved 1081344K
  class space    used 4171K, capacity 4643K, committed 4736K, reserved 1048576K
}
Event: 46.809 GC heap before
{Heap before GC invocations=48 (full 2):
 PSYoungGen      total 676352K, used 667976K [0x00000000d6180000, 0x0000000100000000, 0x0000000100000000)
  eden space 667648K, 100% used [0x00000000d6180000,0x00000000fed80000,0x00000000fed80000)
  from space 8704K, 3% used [0x00000000fed80000,0x00000000fedd23a8,0x00000000ff600000)
  to   space 8704K, 0% used [0x00000000ff780000,0x00000000ff780000,0x0000000100000000)
 ParOldGen       total 102912K, used 42197K [0x0000000082400000, 0x0000000088880000, 0x00000000d6180000)
  object space 102912K, 41% used [0x0000000082400000,0x0000000084d357c8,0x0000000088880000)
 Metaspace       used 34028K, capacity 35746K, committed 35968K, reserved 1081344K
  class space    used 4171K, capacity 4643K, committed 4736K, reserved 1048576K
Event: 46.811 GC heap after
Heap after GC invocations=48 (full 2):
 PSYoungGen      total 676864K, used 382K [0x00000000d6180000, 0x00000000fff00000, 0x0000000100000000)
  eden space 669184K, 0% used [0x00000000d6180000,0x00000000d6180000,0x00000000fef00000)
  from space 7680K, 4% used [0x00000000ff780000,0x00000000ff7dfb28,0x00000000fff00000)
  to   space 8192K, 0% used [0x00000000fef00000,0x00000000fef00000,0x00000000ff700000)
 ParOldGen       total 102912K, used 42205K [0x0000000082400000, 0x0000000088880000, 0x00000000d6180000)
  object space 102912K, 41% used [0x0000000082400000,0x0000000084d377c8,0x0000000088880000)
 Metaspace       used 34028K, capacity 35746K, committed 35968K, reserved 1081344K
  class space    used 4171K, capacity 4643K, committed 4736K, reserved 1048576K
}

Deoptimization events (10 events):
Event: 34.988 Thread 0x000000001c469000 Uncommon trap: reason=unstable_if action=reinterpret pc=0x000000000329eed8 method=org.openide.util.RequestProcessor$TickTac.compare(Lorg/openide/util/RequestProcessor$Item;Lorg/openide/util/RequestProcessor$Item;)I @ 23
Event: 39.086 Thread 0x000000001c4bf800 Uncommon trap: reason=unstable_if action=reinterpret pc=0x0000000003944d50 method=org.clipsmonitor.clips.RouterDialog.query(Ljava/lang/String;)Z @ 92
Event: 39.086 Thread 0x000000001c4bf800 Uncommon trap: reason=unstable_if action=reinterpret pc=0x00000000037e4664 method=org.clipsmonitor.clips.RouterDialog.print(Ljava/lang/String;Ljava/lang/String;)V @ 101
Event: 40.592 Thread 0x0000000002613000 Uncommon trap: reason=unstable_if action=reinterpret pc=0x0000000003c6563c method=java.lang.ref.Reference.tryHandlePending(Z)Z @ 20
Event: 40.609 Thread 0x000000001c4bf800 Uncommon trap: reason=unstable_if action=reinterpret pc=0x0000000003224890 method=org.openide.util.RequestProcessor$Item.getProcessor()Lorg/openide/util/RequestProcessor$Processor; @ 9
Event: 42.979 Thread 0x0000000020d08000 Uncommon trap: reason=unstable_if action=reinterpret pc=0x00000000031c5454 method=java.lang.Integer.toString(I)Ljava/lang/String; @ 10
Event: 44.899 Thread 0x000000001c4bf800 Uncommon trap: reason=range_check action=make_not_entrant pc=0x00000000037f8e84 method=java.awt.geom.AffineTransform.<init>([D)V @ 7
Event: 46.462 Thread 0x000000001c4bf800 Uncommon trap: reason=unstable_if action=reinterpret pc=0x0000000003a7af58 method=sun.java2d.pipe.DrawImage.renderImageXform(Lsun/java2d/SunGraphics2D;Ljava/awt/Image;Ljava/awt/geom/AffineTransform;IIIIILjava/awt/Color;)V @ 240
Event: 46.510 Thread 0x000000001c4bf800 Uncommon trap: reason=unstable_if action=reinterpret pc=0x0000000003ef9864 method=javax.swing.JComponent._paintImmediately(IIII)V @ 343
Event: 46.511 Thread 0x000000001c4bf800 Uncommon trap: reason=unstable_if action=reinterpret pc=0x0000000003ebf2cc method=javax.swing.JComponent.paintChildren(Ljava/awt/Graphics;)V @ 29

Internal exceptions (10 events):
Event: 4.104 Thread 0x000000001c4bf800 Implicit null exception at 0x0000000003570e75 to 0x000000000357102d
Event: 14.899 Thread 0x000000001c4bf800 Implicit null exception at 0x00000000030e5fb7 to 0x00000000030e6fcd
Event: 18.575 Thread 0x000000001dc2f800 Exception <a 'java/lang/NoSuchMethodError': <clinit>> (0x00000000d7bd06e0) thrown at [C:\re\workspace\8-2-build-windows-amd64-cygwin\jdk8u91\7017\hotspot\src\share\vm\prims\jni.cpp, line 1613]
Event: 40.601 Thread 0x000000001c2ea800 Exception <a 'java/security/PrivilegedActionException'> (0x00000000d669bf88) thrown at [C:\re\workspace\8-2-build-windows-amd64-cygwin\jdk8u91\7017\hotspot\src\share\vm\prims\jvm.cpp, line 1386]
Event: 40.601 Thread 0x000000001c2ea800 Exception <a 'java/lang/ArrayIndexOutOfBoundsException'> (0x00000000d669d7c8) thrown at [C:\re\workspace\8-2-build-windows-amd64-cygwin\jdk8u91\7017\hotspot\src\share\vm\runtime\sharedRuntime.cpp, line 605]
Event: 40.602 Thread 0x000000001c2ea800 Exception <a 'java/lang/ArrayIndexOutOfBoundsException'> (0x00000000d7084248) thrown at [C:\re\workspace\8-2-build-windows-amd64-cygwin\jdk8u91\7017\hotspot\src\share\vm\runtime\sharedRuntime.cpp, line 605]
Event: 40.602 Thread 0x000000001c2ea800 Exception <a 'java/lang/ArrayIndexOutOfBoundsException'> (0x00000000d7085d08) thrown at [C:\re\workspace\8-2-build-windows-amd64-cygwin\jdk8u91\7017\hotspot\src\share\vm\runtime\sharedRuntime.cpp, line 605]
Event: 40.603 Thread 0x000000001c2ea800 Exception <a 'java/lang/ArrayIndexOutOfBoundsException'> (0x00000000d7088aa8) thrown at [C:\re\workspace\8-2-build-windows-amd64-cygwin\jdk8u91\7017\hotspot\src\share\vm\runtime\sharedRuntime.cpp, line 605]
Event: 40.603 Thread 0x000000001c2ea800 Exception <a 'java/lang/ArrayIndexOutOfBoundsException'> (0x00000000d708a8b0) thrown at [C:\re\workspace\8-2-build-windows-amd64-cygwin\jdk8u91\7017\hotspot\src\share\vm\runtime\sharedRuntime.cpp, line 605]
Event: 40.603 Thread 0x000000001c2ea800 Exception <a 'java/lang/ArrayIndexOutOfBoundsException'> (0x00000000d708d0d0) thrown at [C:\re\workspace\8-2-build-windows-amd64-cygwin\jdk8u91\7017\hotspot\src\share\vm\runtime\sharedRuntime.cpp, line 605]

Events (10 events):
Event: 46.790 Thread 0x0000000019224000 flushing nmethod 0x00000000031a2110
Event: 46.790 Thread 0x0000000019224000 flushing nmethod 0x00000000031a9a90
Event: 46.790 Thread 0x0000000019224000 flushing nmethod 0x0000000003223f90
Event: 46.790 Thread 0x0000000019224000 flushing nmethod 0x00000000032482d0
Event: 46.809 Executing VM operation: ParallelGCFailedAllocation
Event: 46.811 Executing VM operation: ParallelGCFailedAllocation done
Event: 46.858 Thread 0x000000001c4bf800 DEOPT PACKING pc=0x0000000003de07da sp=0x000000001daabc30
Event: 46.858 Thread 0x000000001c4bf800 DEOPT UNPACKING pc=0x0000000002d1787f sp=0x000000001daab980 mode 0
Event: 46.861 Thread 0x0000000019221000 flushing nmethod 0x000000000327ae90
Event: 46.861 Thread 0x0000000019221000 flushing nmethod 0x000000000329e9d0


Dynamic libraries:
0x0000000000400000 - 0x000000000043a000 	C:\Program Files\NetBeans 8.1\platform\lib\nbexec64.exe
0x00007ffcf5d10000 - 0x00007ffcf5ed1000 	C:\WINDOWS\SYSTEM32\ntdll.dll
0x00007ffcf4e30000 - 0x00007ffcf4edd000 	C:\WINDOWS\system32\KERNEL32.DLL
0x00007ffcf2dc0000 - 0x00007ffcf2fa8000 	C:\WINDOWS\system32\KERNELBASE.dll
0x00007ffcf3260000 - 0x00007ffcf3307000 	C:\WINDOWS\system32\ADVAPI32.dll
0x00007ffcf4ce0000 - 0x00007ffcf4d7d000 	C:\WINDOWS\system32\msvcrt.dll
0x00007ffcf51a0000 - 0x00007ffcf51fb000 	C:\WINDOWS\system32\sechost.dll
0x00007ffcf4bc0000 - 0x00007ffcf4cdc000 	C:\WINDOWS\system32\RPCRT4.dll
0x00007ffcf5040000 - 0x00007ffcf5196000 	C:\WINDOWS\system32\USER32.dll
0x00007ffcf54e0000 - 0x00007ffcf5666000 	C:\WINDOWS\system32\GDI32.dll
0x00007ffcf5cd0000 - 0x00007ffcf5d0b000 	C:\WINDOWS\system32\IMM32.DLL
0x00007ffcf2220000 - 0x00007ffcf2251000 	C:\windows\system32\nvinitx.dll
0x00007ffcf2210000 - 0x00007ffcf221a000 	C:\WINDOWS\SYSTEM32\VERSION.dll
0x00000000500e0000 - 0x0000000050594000 	C:\Program Files\NetBeans 8.1\platform\lib\nbexec64.dll
0x0000000077760000 - 0x0000000077ff3000 	C:\Program Files\Java\jdk1.8.0_91\jre\bin\server\jvm.dll
0x00007ffcf4bb0000 - 0x00007ffcf4bb8000 	C:\WINDOWS\system32\PSAPI.DLL
0x0000000050770000 - 0x0000000050842000 	C:\Program Files\Java\jdk1.8.0_91\jre\bin\MSVCR100.dll
0x00007ffcf0b50000 - 0x00007ffcf0b73000 	C:\WINDOWS\SYSTEM32\WINMM.dll
0x00007ffce3520000 - 0x00007ffce3529000 	C:\WINDOWS\SYSTEM32\WSOCK32.dll
0x00007ffcf4b40000 - 0x00007ffcf4bab000 	C:\WINDOWS\system32\WS2_32.dll
0x00000000024b0000 - 0x00000000024dc000 	C:\WINDOWS\SYSTEM32\WINMMBASE.dll
0x00007ffcf2fb0000 - 0x00007ffcf2ff3000 	C:\WINDOWS\system32\cfgmgr32.dll
0x0000000050730000 - 0x0000000050769000 	C:\Program Files\Java\jdk1.8.0_91\jre\bin\splashscreen.dll
0x0000000050cb0000 - 0x0000000050cbf000 	C:\Program Files\Java\jdk1.8.0_91\jre\bin\verify.dll
0x0000000050700000 - 0x0000000050729000 	C:\Program Files\Java\jdk1.8.0_91\jre\bin\java.dll
0x00007ffcf0e40000 - 0x00007ffcf0ed6000 	C:\WINDOWS\system32\uxtheme.dll
0x00007ffcf5200000 - 0x00007ffcf547d000 	C:\WINDOWS\system32\combase.dll
0x00007ffcf2480000 - 0x00007ffcf24ea000 	C:\WINDOWS\system32\bcryptPrimitives.dll
0x00007ffcf4ee0000 - 0x00007ffcf503a000 	C:\WINDOWS\system32\MSCTF.dll
0x00000000506e0000 - 0x00000000506f6000 	C:\Program Files\Java\jdk1.8.0_91\jre\bin\zip.dll
0x00007ffcf2350000 - 0x00007ffcf235f000 	C:\WINDOWS\system32\kernel.appcore.dll
0x00007ffcf3380000 - 0x00007ffcf48dc000 	C:\WINDOWS\system32\SHELL32.dll
0x00007ffcf25a0000 - 0x00007ffcf2be4000 	C:\WINDOWS\system32\windows.storage.dll
0x00007ffcf48e0000 - 0x00007ffcf4932000 	C:\WINDOWS\system32\shlwapi.dll
0x00007ffcf23c0000 - 0x00007ffcf2475000 	C:\WINDOWS\system32\shcore.dll
0x00007ffcf2360000 - 0x00007ffcf23ab000 	C:\WINDOWS\system32\powrprof.dll
0x00007ffcf2330000 - 0x00007ffcf2344000 	C:\WINDOWS\system32\profapi.dll
0x00000000506c0000 - 0x00000000506da000 	C:\Program Files\Java\jdk1.8.0_91\jre\bin\net.dll
0x00007ffcf1bb0000 - 0x00007ffcf1c0c000 	C:\WINDOWS\system32\mswsock.dll
0x00000000506a0000 - 0x00000000506b1000 	C:\Program Files\Java\jdk1.8.0_91\jre\bin\nio.dll
0x00007ffcef5b0000 - 0x00007ffcef5e8000 	C:\WINDOWS\SYSTEM32\IPHLPAPI.DLL
0x00007ffcf3370000 - 0x00007ffcf3378000 	C:\WINDOWS\system32\NSI.dll
0x00007ffceae60000 - 0x00007ffceae76000 	C:\WINDOWS\SYSTEM32\dhcpcsvc6.DLL
0x00007ffceaa80000 - 0x00007ffceaa9a000 	C:\WINDOWS\SYSTEM32\dhcpcsvc.DLL
0x00000000775c0000 - 0x0000000077758000 	C:\Program Files\Java\jdk1.8.0_91\jre\bin\awt.dll
0x00007ffcf4a70000 - 0x00007ffcf4b31000 	C:\WINDOWS\system32\OLEAUT32.dll
0x00007ffcf0a70000 - 0x00007ffcf0ae9000 	C:\WINDOWS\system32\apphelp.dll
0x00007ffcf1c60000 - 0x00007ffcf1c77000 	C:\WINDOWS\SYSTEM32\CRYPTSP.dll
0x00007ffcf18f0000 - 0x00007ffcf1924000 	C:\WINDOWS\system32\rsaenh.dll
0x00007ffcf2260000 - 0x00007ffcf2289000 	C:\WINDOWS\SYSTEM32\bcrypt.dll
0x00007ffcf1a40000 - 0x00007ffcf1a5f000 	C:\WINDOWS\SYSTEM32\USERENV.dll
0x00007ffcf1d80000 - 0x00007ffcf1d8b000 	C:\WINDOWS\SYSTEM32\CRYPTBASE.dll
0x00007ffce2e90000 - 0x00007ffce2ea6000 	C:\WINDOWS\system32\napinsp.dll
0x00007ffce35a0000 - 0x00007ffce35ba000 	C:\WINDOWS\system32\pnrpnsp.dll
0x00007ffceb9d0000 - 0x00007ffceb9e8000 	C:\WINDOWS\system32\NLAapi.dll
0x00007ffcf0c40000 - 0x00007ffcf0cea000 	C:\WINDOWS\SYSTEM32\DNSAPI.dll
0x00007ffce35c0000 - 0x00007ffce35cd000 	C:\WINDOWS\System32\winrnr.dll
0x00007ffce7260000 - 0x00007ffce726a000 	C:\Windows\System32\rasadhlp.dll
0x00007ffceb240000 - 0x00007ffceb2a7000 	C:\WINDOWS\System32\fwpuclnt.dll
0x00007ffcefa00000 - 0x00007ffcefa22000 	C:\WINDOWS\system32\DWMAPI.DLL
0x00007ffce1a50000 - 0x00007ffce1cc4000 	C:\WINDOWS\WinSxS\amd64_microsoft.windows.common-controls_6595b64144ccf1df_6.0.10586.0_none_8c15ae12515e1c22\COMCTL32.dll
0x00007ffcf3110000 - 0x00007ffcf3253000 	C:\WINDOWS\system32\ole32.dll
0x0000000050650000 - 0x0000000050697000 	C:\Program Files\Java\jdk1.8.0_91\jre\bin\fontmanager.dll
0x0000000050600000 - 0x0000000050642000 	C:\Program Files\Java\jdk1.8.0_91\jre\bin\t2k.dll
0x0000000180000000 - 0x0000000180038000 	C:\Program Files\NetBeans 8.1\platform\modules\lib\amd64\jnidispatch-410.dll
0x00007ffcef100000 - 0x00007ffcef1c8000 	C:\WINDOWS\SYSTEM32\winhttp.dll
0x00007ffccb0e0000 - 0x00007ffccb24a000 	C:\Windows\System32\CLIPSJNI2.dll
0x00007ffcf4d80000 - 0x00007ffcf4e27000 	C:\WINDOWS\system32\clbcatq.dll
0x00007ffced010000 - 0x00007ffced1c1000 	C:\WINDOWS\SYSTEM32\WindowsCodecs.dll
0x00007ffcde790000 - 0x00007ffcde7da000 	C:\WINDOWS\system32\dataexchange.dll
0x00007ffcf0610000 - 0x00007ffcf06f3000 	C:\WINDOWS\system32\dcomp.dll
0x00007ffcee4e0000 - 0x00007ffcee788000 	C:\WINDOWS\system32\d3d11.dll
0x00007ffcef040000 - 0x00007ffcef0e2000 	C:\WINDOWS\system32\dxgi.dll
0x00007ffcf0d40000 - 0x00007ffcf0e40000 	C:\WINDOWS\system32\twinapi.appcore.dll
0x00007ffce86c0000 - 0x00007ffce876a000 	C:\WINDOWS\WinSxS\amd64_microsoft.windows.common-controls_6595b64144ccf1df_5.82.10586.0_none_396e892957c7fb25\comctl32.dll
0x00007ffcefbe0000 - 0x00007ffcefd66000 	C:\WINDOWS\system32\propsys.dll
0x00007ffcd90f0000 - 0x00007ffcd9217000 	C:\WINDOWS\system32\NetworkExplorer.dll
0x00007ffcefef0000 - 0x00007ffcf0383000 	C:\Windows\System32\ActXPrxy.dll
0x00007ffcdbb70000 - 0x00007ffcdbbbd000 	C:\Windows\System32\thumbcache.dll
0x00007ffce36c0000 - 0x00007ffce36db000 	C:\WINDOWS\SYSTEM32\MPR.dll
0x00007ffce3ba0000 - 0x00007ffce3bab000 	C:\WINDOWS\System32\drprov.dll
0x00007ffcf2110000 - 0x00007ffcf2166000 	C:\WINDOWS\System32\WINSTA.dll
0x00007ffccc790000 - 0x00007ffccc7a6000 	C:\WINDOWS\System32\ntlanman.dll
0x00007ffccc570000 - 0x00007ffccc590000 	C:\WINDOWS\System32\davclnt.dll
0x00007ffce8c80000 - 0x00007ffce8c8c000 	C:\WINDOWS\System32\DAVHLPR.dll
0x00007ffceb120000 - 0x00007ffceb136000 	C:\WINDOWS\System32\wkscli.dll
0x00007ffce49f0000 - 0x00007ffce4a02000 	C:\WINDOWS\SYSTEM32\cscapi.dll
0x00007ffcf16f0000 - 0x00007ffcf16fc000 	C:\WINDOWS\System32\netutils.dll
0x00007ffcea6e0000 - 0x00007ffcea75f000 	C:\Windows\System32\dlnashext.dll
0x00007ffcd8ca0000 - 0x00007ffcd8d14000 	C:\Windows\System32\PlayToDevice.dll
0x00007ffce9250000 - 0x00007ffce926f000 	C:\Windows\System32\DevDispItemProvider.dll
0x00007ffceb630000 - 0x00007ffceb6a0000 	C:\WINDOWS\System32\MMDevApi.dll
0x00007ffcf0d10000 - 0x00007ffcf0d37000 	C:\WINDOWS\System32\DEVOBJ.dll
0x00007ffcd4760000 - 0x00007ffcd4963000 	C:\WINDOWS\system32\wpdshext.dll
0x00007ffce8400000 - 0x00007ffce85a8000 	C:\WINDOWS\WinSxS\amd64_microsoft.windows.gdiplus_6595b64144ccf1df_1.1.10586.20_none_db007f1392e69ef4\gdiplus.dll
0x00007ffcefae0000 - 0x00007ffcefb81000 	C:\Windows\System32\PortableDeviceApi.dll
0x00007ffcf5680000 - 0x00007ffcf5aa9000 	C:\WINDOWS\system32\SETUPAPI.dll
0x00007ffcf3000000 - 0x00007ffcf3055000 	C:\WINDOWS\system32\WINTRUST.dll
0x00007ffcf23b0000 - 0x00007ffcf23c0000 	C:\WINDOWS\system32\MSASN1.dll
0x00007ffcf2bf0000 - 0x00007ffcf2db8000 	C:\WINDOWS\system32\CRYPT32.dll
0x00007ffce8b30000 - 0x00007ffce8b67000 	C:\Windows\System32\EhStorShell.dll
0x00007ffcdea30000 - 0x00007ffcdea56000 	C:\Windows\System32\EhStorAPI.dll
0x00007ffcf04f0000 - 0x00007ffcf0503000 	C:\Windows\System32\WTSAPI32.dll
0x00007ffce3b20000 - 0x00007ffce3b2d000 	C:\WINDOWS\SYSTEM32\LINKINFO.dll
0x00007ffcf1f60000 - 0x00007ffcf1f8d000 	C:\WINDOWS\SYSTEM32\SspiCli.dll
0x00000000505f0000 - 0x00000000505fd000 	C:\Program Files\Java\jdk1.8.0_91\jre\bin\management.dll
0x00007ffcec0c0000 - 0x00007ffcec24c000 	C:\WINDOWS\SYSTEM32\dbghelp.dll

VM Arguments:
jvm_args: -Dnetbeans.logger.console=true -ea -Djdk.home=C:\Program Files\Java\jdk1.8.0_91 -splash:C:\Users\Miki\Documents\NetBeansProjects\ClipsMonitor-master\build\testuserdir\var\cache\splash.png -Dnetbeans.home=C:\Program Files\NetBeans 8.1\platform -Dnetbeans.user=C:\Users\Miki\Documents\NetBeansProjects\ClipsMonitor-master\build\testuserdir -Dnetbeans.default_userdir_root= -XX:+HeapDumpOnOutOfMemoryError -XX:HeapDumpPath=C:\Users\Miki\Documents\NetBeansProjects\ClipsMonitor-master\build\testuserdir\var\log\heapdump.hprof -Dsun.awt.keepWorkingSetOnMinimize=true -Dnetbeans.dirs=C:\Users\Miki\Documents\NetBeansProjects\ClipsMonitor-master\build\cluster;C:\Program Files\NetBeans 8.1\platform exit 
java_command: <unknown>
java_class_path (initial): C:\Program Files\NetBeans 8.1\platform\lib\boot.jar;C:\Program Files\NetBeans 8.1\platform\lib\org-openide-modules.jar;C:\Program Files\NetBeans 8.1\platform\lib\org-openide-util-lookup.jar;C:\Program Files\NetBeans 8.1\platform\lib\org-openide-util-ui.jar;C:\Program Files\NetBeans 8.1\platform\lib\org-openide-util.jar;C:\Program Files\NetBeans 8.1\platform\lib\locale\boot_ja.jar;C:\Program Files\NetBeans 8.1\platform\lib\locale\boot_pt_BR.jar;C:\Program Files\NetBeans 8.1\platform\lib\locale\boot_ru.jar;C:\Program Files\NetBeans 8.1\platform\lib\locale\boot_zh_CN.jar;C:\Program Files\NetBeans 8.1\platform\lib\locale\org-openide-modules_ja.jar;C:\Program Files\NetBeans 8.1\platform\lib\locale\org-openide-modules_pt_BR.jar;C:\Program Files\NetBeans 8.1\platform\lib\locale\org-openide-modules_ru.jar;C:\Program Files\NetBeans 8.1\platform\lib\locale\org-openide-modules_zh_CN.jar;C:\Program Files\NetBeans 8.1\platform\lib\locale\org-openide-util-lookup_ja.jar;C:\Program Files\NetBeans 8.1\platform\lib\locale\org-openide-util-lookup_pt_BR.jar;C:\Program Files\NetBeans 8.1\platform\lib\locale\org-openide-util-lookup_ru.jar;C:\Program Files\NetBeans 8.1\platform\lib\locale\org-openide-util-lookup_zh_CN.jar;C:\Program Files\NetBeans 8.1\platform\lib\locale\org-openide-util-ui_ja.jar;C:\Program Files\NetBeans 8.1\platform\lib\locale\org-openide-util-ui_pt_BR.jar;C:\Program Files\NetBeans 8.1\platform\lib\locale\org-openide-util-ui_ru.jar;C:\Program Files\NetBeans 8.1\platform\lib\locale\org-openide-util-ui_zh_CN.jar;C:\Program Files\NetBeans 8.1\platform\lib\locale\org-openide-util_ja.jar;C:\Program Files\NetBeans 8.1\platform\lib\locale\org-openide-util_pt_BR.jar;C:\Program Files\NetBeans 8.1\platform\lib\locale\org-openide-util_ru.jar;C:\Program Files\NetBeans 8.1\platform\lib\locale\org-openide-util_zh_CN.jar;C:\Program Files\Java\jdk1.8.0_91\lib\dt.jar;C:\Program Files\Java\jdk1.8.0_91\lib\tools.jar
Launcher Type: generic

Environment Variables:
CLASSPATH=C:\Users\Miki\Documents\junit-4.10.jar;
PATH=C:\Program Files (x86)\Intel\iCLS Client\;C:\Program Files\Intel\iCLS Client\;C:\ProgramData\Oracle\Java\javapath;C:\Program Files\Java\jdk1.8.0_91\bin;C:\Program Files (x86)\NVIDIA Corporation\PhysX\Common;C:\WINDOWS\system32;C:\WINDOWS;C:\WINDOWS\System32\Wbem;C:\WINDOWS\System32\WindowsPowerShell\v1.0\;C:\Program Files\Intel\WiFi\bin\;C:\Program Files\Common Files\Intel\WirelessCommon\;C:\Program Files\MATLAB\MATLAB Production Server\R2015a\bin;C:\Program Files (x86)\GtkSharp\2.12\bin;C:\Program Files (x86)\Skype\Phone\;C:\Program Files (x86)\Intel\Intel(R) Management Engine Components\DAL;C:\Program Files\Intel\Intel(R) Management Engine Components\DAL;C:\Program Files (x86)\Intel\Intel(R) Management Engine Components\IPT;C:\Program Files\Intel\Intel(R) Management Engine Components\IPT;C:\Program Files\Intel\WiFi\bin\;C:\Program Files\Common Files\Intel\WirelessCommon\;C:\Users\Miki\AppData\Local\atom\bin
USERNAME=Miki
OS=Windows_NT
PROCESSOR_IDENTIFIER=Intel64 Family 6 Model 58 Stepping 9, GenuineIntel



---------------  S Y S T E M  ---------------

OS: Windows 10.0 , 64 bit Build 10586 (10.0.10586.0)

CPU:total 8 (4 cores per cpu, 2 threads per core) family 6 model 58 stepping 9, cmov, cx8, fxsr, mmx, sse, sse2, sse3, ssse3, sse4.1, sse4.2, popcnt, avx, aes, clmul, erms, ht, tsc, tscinvbit, tscinv

Memory: 4k page, physical 8240660k(2064632k free), swap 10518340k(1880540k free)

vm_info: Java HotSpot(TM) 64-Bit Server VM (25.91-b15) for windows-amd64 JRE (1.8.0_91-b15), built on May 20 2016 17:43:15 by "java_re" with MS VC++ 10.0 (VS2010)

time: Mon Jun 20 13:35:55 2016
elapsed time: 46 seconds (0d 0h 0m 46s)

