#
# A fatal error has been detected by the Java Runtime Environment:
#
#  EXCEPTION_ACCESS_VIOLATION (0xc0000005) at pc=0x00007ffcd191ca12, pid=14048, tid=8972
#
# JRE version: Java(TM) SE Runtime Environment (8.0_91-b15) (build 1.8.0_91-b15)
# Java VM: Java HotSpot(TM) 64-Bit Server VM (25.91-b15 mixed mode windows-amd64 compressed oops)
# Problematic frame:
# C  [CLIPSJNI2.dll+0x10ca12]
#
# Failed to write core dump. Minidumps are not enabled by default on client versions of Windows
#
# If you would like to submit a bug report, please visit:
#   http://bugreport.java.com/bugreport/crash.jsp
# The crash happened outside the Java Virtual Machine in native code.
# See problematic frame for where to report the bug.
#

---------------  T H R E A D  ---------------

Current thread (0x000000001ca00000):  JavaThread "Thread-3" [_thread_in_native, id=8972, stack(0x00000000270a0000,0x00000000272a0000)]

siginfo: ExceptionCode=0xc0000005, reading address 0x0000000000000018

Registers:
RAX=0x0000000000000000, RBX=0x000000002181c2a0, RCX=0x0000000000000000, RDX=0x000000001e9daf70
RSP=0x000000002729ef70, RBP=0x000000002729f380, RSI=0x000000008372a460, RDI=0x00000000833c9638
R8 =0x000000000000000c, R9 =0x000000001ccb7480, R10=0x000000001d5c4098, R11=0x00000000833c9650
R12=0x0000000000000000, R13=0x000000002729f3e8, R14=0x0000000000000000, R15=0x000000001ca00000
RIP=0x00007ffcd191ca12, EFLAGS=0x0000000000010202

Top of Stack: (sp=0x000000002729ef70)
0x000000002729ef70:   00000000008aa0b0 00007ffcd195b880
0x000000002729ef80:   00007ffcd196b68c 00000000833c9638
0x000000002729ef90:   000000008372a460 000000002729f380
0x000000002729efa0:   0000000000000000 000000002119d790
0x000000002729efb0:   0000000025aeee18 0000000000000001
0x000000002729efc0:   00000000258ebe00 000000001e9daf18
0x000000002729efd0:   000000001e9daf10 000000001e9daf28
0x000000002729efe0:   000000001ccd01f8 000000001e9daf20
0x000000002729eff0:   000000001e8d9280 000000001ea82d00
0x000000002729f000:   000000001e9daf18 00007ffcd18644ec
0x000000002729f010:   00000000008aa0b0 00007ffcd195b880
0x000000002729f020:   0000000025aeeda0 00007ffc00000000
0x000000002729f030:   0000000000000000 000000001e9daf50
0x000000002729f040:   0000000000000001 0000000021a54ea0
0x000000002729f050:   000000001e8d9280 00007ffcd186447f
0x000000002729f060:   00000000008aa0b0 00007ffcd195b880 

Instructions: (pc=0x00007ffcd191ca12)
0x00007ffcd191c9f2:   ec 04 00 48 8b 94 24 a8 00 00 00 48 8b 8c 24 a0
0x00007ffcd191ca02:   00 00 00 e8 96 2e fd ff 48 8b 44 24 38 48 8b 00
0x00007ffcd191ca12:   4c 8b 40 18 48 8b 94 24 a8 00 00 00 48 8b 8c 24
0x00007ffcd191ca22:   a0 00 00 00 e8 75 2e fd ff 48 8b 44 24 38 8b 40 


Register to memory mapping:

RAX=0x0000000000000000 is an unknown value
RBX={method} {0x000000002181c2a8} 'eval' '(Ljava/lang/String;)Lnet/sf/clipsrules/jni/PrimitiveValue;' in 'net/sf/clipsrules/jni/Environment'
RCX=0x0000000000000000 is an unknown value
RDX=0x000000001e9daf70 is an unknown value
RSP=0x000000002729ef70 is pointing into the stack for thread: 0x000000001ca00000
RBP=0x000000002729f380 is pointing into the stack for thread: 0x000000001ca00000
RSI=0x000000008372a460 is an oop
java.lang.String 
 - klass: 'java/lang/String'
RDI=0x00000000833c9638 is an oop
net.sf.clipsrules.jni.Environment 
 - klass: 'net/sf/clipsrules/jni/Environment'
R8 =0x000000000000000c is an unknown value
R9 =0x000000001ccb7480 is an unknown value
R10={method} {0x000000001d5c40a0} 'print' '(Ljava/lang/String;Ljava/lang/String;)V' in 'org/clipsmonitor/clips/RouterDialog'
R11=0x00000000833c9650 is an oop
org.clipsmonitor.clips.RouterDialog 
 - klass: 'org/clipsmonitor/clips/RouterDialog'
R12=0x0000000000000000 is an unknown value
R13=0x000000002729f3e8 is pointing into the stack for thread: 0x000000001ca00000
R14=0x0000000000000000 is an unknown value
R15=0x000000001ca00000 is a thread


Stack: [0x00000000270a0000,0x00000000272a0000],  sp=0x000000002729ef70,  free space=2043k
Native frames: (J=compiled Java code, j=interpreted, Vv=VM code, C=native code)
C  [CLIPSJNI2.dll+0x10ca12]
C  [CLIPSJNI2.dll+0x544ec]
C  [CLIPSJNI2.dll+0x5447f]
C  [CLIPSJNI2.dll+0x4cc75]
C  [CLIPSJNI2.dll+0x4c8c2]
C  [CLIPSJNI2.dll+0x406cf]
C  [CLIPSJNI2.dll+0xf47d2]
C  [CLIPSJNI2.dll+0xad4a7]
C  0x0000000002fa0315

Java frames: (J=compiled Java code, j=interpreted, Vv=VM code)
J 3966  net.sf.clipsrules.jni.Environment.eval(JLjava/lang/String;)Lnet/sf/clipsrules/jni/PrimitiveValue; (0 bytes) @ 0x0000000002fa028f [0x0000000002fa0240+0x4f]
J 3965 C1 net.sf.clipsrules.jni.Environment.eval(Ljava/lang/String;)Lnet/sf/clipsrules/jni/PrimitiveValue; (10 bytes) @ 0x000000000306345c [0x00000000030633c0+0x9c]
j  org.clipsmonitor.clips.ClipsCore.evaluate(Ljava/lang/String;Ljava/lang/String;)Lnet/sf/clipsrules/jni/PrimitiveValue;+81
j  org.clipsmonitor.clips.ClipsCore.getFactList()Ljava/lang/String;+28
j  org.clipsmonitor.core.MonitorModel.getFactList()Ljava/lang/String;+4
j  org.clipsmonitor.gui.FactsTopComponent.updateFacts()V+5
j  org.clipsmonitor.gui.FactsTopComponent.update(Ljava/util/Observable;Ljava/lang/Object;)V+25
j  java.util.Observable.notifyObservers(Ljava/lang/Object;)V+55
j  org.clipsmonitor.core.MonitorModel.run()V+613
j  java.lang.Thread.run()V+11
v  ~StubRoutines::call_stub

---------------  P R O C E S S  ---------------

Java Threads: ( => current thread )
  0x00000000237df800 JavaThread "Inactive RequestProcessor thread [Was:Folder Instance Processor/org.openide.loaders.FolderInstance$1R]" daemon [_thread_blocked, id=13916, stack(0x0000000028270000,0x0000000028470000)]
=>0x000000001ca00000 JavaThread "Thread-3" [_thread_in_native, id=8972, stack(0x00000000270a0000,0x00000000272a0000)]
  0x000000001c9fa000 JavaThread "Image Fetcher 1" daemon [_thread_blocked, id=11640, stack(0x0000000026ea0000,0x00000000270a0000)]
  0x000000001c9fa800 JavaThread "Swing-Shell" daemon [_thread_blocked, id=14100, stack(0x0000000024aa0000,0x0000000024ca0000)]
  0x000000001ca00800 JavaThread "Image Fetcher 0" daemon [_thread_blocked, id=12340, stack(0x0000000021e20000,0x0000000022020000)]
  0x000000001c9fd000 JavaThread "Flushing caches" [_thread_blocked, id=11812, stack(0x0000000021820000,0x0000000021a20000)]
  0x000000001c9fc000 JavaThread "TimerQueue" daemon [_thread_blocked, id=5372, stack(0x00000000213f0000,0x00000000215f0000)]
  0x000000001c9fb800 JavaThread "Thread-2" daemon [_thread_blocked, id=5256, stack(0x00000000211f0000,0x00000000213f0000)]
  0x000000001c9fe800 JavaThread "File Watcher" daemon [_thread_blocked, id=13252, stack(0x0000000020ca0000,0x0000000020ea0000)]
  0x000000001c9ff000 JavaThread "Inactive RequestProcessor thread [Was:Logging Flush/org.netbeans.core.startup.logging.DispatchingHandler]" daemon [_thread_blocked, id=11480, stack(0x000000001f850000,0x000000001fa50000)]
  0x000000001e2e1800 JavaThread "org.netbeans.modules.debugger.jpda.visual AWT Access Loop" daemon [_thread_blocked, id=13024, stack(0x000000001f250000,0x000000001f450000)]
  0x000000001ccd0000 JavaThread "AWT-EventQueue-0" [_thread_blocked, id=2596, stack(0x000000001e080000,0x000000001e280000)]
  0x000000001ccc4800 JavaThread "AWT-Windows" daemon [_thread_in_native, id=7512, stack(0x000000001de80000,0x000000001e080000)]
  0x000000001ccc4000 JavaThread "AWT-Shutdown" [_thread_blocked, id=5504, stack(0x000000001dc80000,0x000000001de80000)]
  0x000000001ccbe000 JavaThread "Java2D Disposer" daemon [_thread_blocked, id=484, stack(0x000000001da80000,0x000000001dc80000)]
  0x000000001cc60000 JavaThread "RequestProcessor queue manager" daemon [_thread_blocked, id=1904, stack(0x000000001d680000,0x000000001d880000)]
  0x000000001ca24800 JavaThread "Inactive RequestProcessor thread [Was:Folder recognizer/org.openide.loaders.FolderList$ListTask]" daemon [_thread_blocked, id=12728, stack(0x000000001d280000,0x000000001d480000)]
  0x000000001ca02000 JavaThread "CLI Requests Server" daemon [_thread_in_native, id=14128, stack(0x000000001cf80000,0x000000001d180000)]
  0x000000001c829800 JavaThread "Active Reference Queue Daemon" daemon [_thread_blocked, id=11672, stack(0x000000001cd80000,0x000000001cf80000)]
  0x0000000019470800 JavaThread "Service Thread" daemon [_thread_blocked, id=5988, stack(0x000000001c180000,0x000000001c380000)]
  0x00000000193d2800 JavaThread "C1 CompilerThread3" daemon [_thread_blocked, id=8444, stack(0x000000001bf80000,0x000000001c180000)]
  0x00000000193d1800 JavaThread "C2 CompilerThread2" daemon [_thread_in_native, id=4396, stack(0x000000001bd80000,0x000000001bf80000)]
  0x00000000193d1000 JavaThread "C2 CompilerThread1" daemon [_thread_in_native, id=10388, stack(0x000000001bb80000,0x000000001bd80000)]
  0x00000000193c7000 JavaThread "C2 CompilerThread0" daemon [_thread_in_native, id=6924, stack(0x000000001b980000,0x000000001bb80000)]
  0x00000000193ba000 JavaThread "JDWP Command Reader" daemon [_thread_in_native, id=2076, stack(0x000000001b680000,0x000000001b880000)]
  0x00000000193b5000 JavaThread "JDWP Event Helper Thread" daemon [_thread_blocked, id=14060, stack(0x000000001b480000,0x000000001b680000)]
  0x00000000193a2000 JavaThread "JDWP Transport Listener: dt_socket" daemon [_thread_blocked, id=4568, stack(0x000000001b280000,0x000000001b480000)]
  0x000000001939a800 JavaThread "Attach Listener" daemon [_thread_blocked, id=1392, stack(0x000000001b080000,0x000000001b280000)]
  0x00000000193ab000 JavaThread "Signal Dispatcher" daemon [_thread_blocked, id=12532, stack(0x000000001ae80000,0x000000001b080000)]
  0x000000000272e000 JavaThread "Finalizer" daemon [_thread_blocked, id=4472, stack(0x000000001ab80000,0x000000001ad80000)]
  0x0000000002727000 JavaThread "Reference Handler" daemon [_thread_blocked, id=5944, stack(0x000000001a980000,0x000000001ab80000)]
  0x000000000280e000 JavaThread "main" [_thread_blocked, id=13704, stack(0x0000000000440000,0x0000000000640000)]

Other Threads:
  0x0000000002a0e800 VMThread [stack: 0x000000001a780000,0x000000001a980000] [id=196]
  0x0000000019498000 WatcherThread [stack: 0x000000001c380000,0x000000001c580000] [id=11792]

VM state:not at safepoint (normal execution)

VM Mutex/Monitor currently owned by a thread: None

Heap:
 PSYoungGen      total 675840K, used 582046K [0x00000000d6180000, 0x00000000ffe80000, 0x0000000100000000)
  eden space 666624K, 87% used [0x00000000d6180000,0x00000000f98f51d8,0x00000000fec80000)
  from space 9216K, 10% used [0x00000000ff580000,0x00000000ff6727d8,0x00000000ffe80000)
  to   space 9216K, 0% used [0x00000000fec80000,0x00000000fec80000,0x00000000ff580000)
 ParOldGen       total 67072K, used 27895K [0x0000000082400000, 0x0000000086580000, 0x00000000d6180000)
  object space 67072K, 41% used [0x0000000082400000,0x0000000083f3de10,0x0000000086580000)
 Metaspace       used 32577K, capacity 34130K, committed 34304K, reserved 1079296K
  class space    used 4046K, capacity 4537K, committed 4608K, reserved 1048576K

Card table byte_map: [0x0000000012130000,0x0000000012520000] byte_map_base: 0x0000000011d1e000

Marking Bits: (ParMarkBitMap*) 0x0000000077ab2f70
 Begin Bits: [0x00000000137c0000, 0x0000000015730000)
 End Bits:   [0x0000000015730000, 0x00000000176a0000)

Polling page: 0x00000000001e0000

CodeCache: size=245760Kb used=13613Kb max_used=13785Kb free=232146Kb
 bounds [0x0000000002d70000, 0x0000000003b20000, 0x0000000011d70000]
 total_blobs=4665 nmethods=4069 adapters=513
 compilation: enabled

Compilation events (10 events):
Event: 8.939 Thread 0x00000000193d2800 4835       1       java.util.IdentityHashMap::size (5 bytes)
Event: 8.939 Thread 0x00000000193d2800 nmethod 4835 0x000000000343c550 code [0x000000000343c6a0, 0x000000000343c7b0]
Event: 8.950 Thread 0x00000000193d1800 nmethod 4822% 0x00000000036e3a90 code [0x00000000036e3c20, 0x00000000036e4878]
Event: 8.950 Thread 0x00000000193d1800 4814       4       javax.swing.text.View::preferenceChanged (20 bytes)
Event: 8.951 Thread 0x00000000193d1800 nmethod 4814 0x00000000031b0ad0 code [0x00000000031b0c20, 0x00000000031b0cd8]
Event: 8.951 Thread 0x00000000193d1800 4816       4       javax.swing.text.ParagraphView$Row::isJustifyEnabled (70 bytes)
Event: 8.952 Thread 0x00000000193d1800 nmethod 4816 0x000000000343f0d0 code [0x000000000343f200, 0x000000000343f2b8]
Event: 8.952 Thread 0x00000000193d1800 4815       4       javax.swing.text.GlyphView::getAlignment (122 bytes)
Event: 8.958 Thread 0x00000000193d1800 nmethod 4815 0x00000000030c67d0 code [0x00000000030c69a0, 0x00000000030c6ef0]
Event: 8.958 Thread 0x00000000193d1800 4227       4       javax.swing.text.GlyphView::getPreferredSpan (138 bytes)

GC Heap History (10 events):
Event: 7.773 GC heap before
{Heap before GC invocations=21 (full 1):
 PSYoungGen      total 495616K, used 486176K [0x00000000d6180000, 0x00000000fac80000, 0x0000000100000000)
  eden space 485888K, 100% used [0x00000000d6180000,0x00000000f3c00000,0x00000000f3c00000)
  from space 9728K, 2% used [0x00000000f3c00000,0x00000000f3c48330,0x00000000f4580000)
  to   space 9728K, 0% used [0x00000000fa300000,0x00000000fa300000,0x00000000fac80000)
 ParOldGen       total 67072K, used 20869K [0x0000000082400000, 0x0000000086580000, 0x00000000d6180000)
  object space 67072K, 31% used [0x0000000082400000,0x0000000083861420,0x0000000086580000)
 Metaspace       used 31127K, capacity 32630K, committed 32896K, reserved 1077248K
  class space    used 3863K, capacity 4363K, committed 4480K, reserved 1048576K
Event: 7.778 GC heap after
Heap after GC invocations=21 (full 1):
 PSYoungGen      total 580608K, used 5354K [0x00000000d6180000, 0x00000000fa880000, 0x0000000100000000)
  eden space 574976K, 0% used [0x00000000d6180000,0x00000000d6180000,0x00000000f9300000)
  from space 5632K, 95% used [0x00000000fa300000,0x00000000fa83a860,0x00000000fa880000)
  to   space 10240K, 0% used [0x00000000f9480000,0x00000000f9480000,0x00000000f9e80000)
 ParOldGen       total 67072K, used 20877K [0x0000000082400000, 0x0000000086580000, 0x00000000d6180000)
  object space 67072K, 31% used [0x0000000082400000,0x0000000083863420,0x0000000086580000)
 Metaspace       used 31127K, capacity 32630K, committed 32896K, reserved 1077248K
  class space    used 3863K, capacity 4363K, committed 4480K, reserved 1048576K
}
Event: 7.933 GC heap before
{Heap before GC invocations=22 (full 1):
 PSYoungGen      total 580608K, used 580330K [0x00000000d6180000, 0x00000000fa880000, 0x0000000100000000)
  eden space 574976K, 100% used [0x00000000d6180000,0x00000000f9300000,0x00000000f9300000)
  from space 5632K, 95% used [0x00000000fa300000,0x00000000fa83a860,0x00000000fa880000)
  to   space 10240K, 0% used [0x00000000f9480000,0x00000000f9480000,0x00000000f9e80000)
 ParOldGen       total 67072K, used 20877K [0x0000000082400000, 0x0000000086580000, 0x00000000d6180000)
  object space 67072K, 31% used [0x0000000082400000,0x0000000083863420,0x0000000086580000)
 Metaspace       used 31218K, capacity 32694K, committed 32896K, reserved 1077248K
  class space    used 3868K, capacity 4363K, committed 4480K, reserved 1048576K
Event: 7.939 GC heap after
Heap after GC invocations=22 (full 1):
 PSYoungGen      total 586752K, used 6351K [0x00000000d6180000, 0x0000000100000000, 0x0000000100000000)
  eden space 576512K, 0% used [0x00000000d6180000,0x00000000d6180000,0x00000000f9480000)
  from space 10240K, 62% used [0x00000000f9480000,0x00000000f9ab3d88,0x00000000f9e80000)
  to   space 10752K, 0% used [0x00000000ff580000,0x00000000ff580000,0x0000000100000000)
 ParOldGen       total 67072K, used 20885K [0x0000000082400000, 0x0000000086580000, 0x00000000d6180000)
  object space 67072K, 31% used [0x0000000082400000,0x0000000083865420,0x0000000086580000)
 Metaspace       used 31218K, capacity 32694K, committed 32896K, reserved 1077248K
  class space    used 3868K, capacity 4363K, committed 4480K, reserved 1048576K
}
Event: 8.093 GC heap before
{Heap before GC invocations=23 (full 1):
 PSYoungGen      total 586752K, used 582863K [0x00000000d6180000, 0x0000000100000000, 0x0000000100000000)
  eden space 576512K, 100% used [0x00000000d6180000,0x00000000f9480000,0x00000000f9480000)
  from space 10240K, 62% used [0x00000000f9480000,0x00000000f9ab3d88,0x00000000f9e80000)
  to   space 10752K, 0% used [0x00000000ff580000,0x00000000ff580000,0x0000000100000000)
 ParOldGen       total 67072K, used 20885K [0x0000000082400000, 0x0000000086580000, 0x00000000d6180000)
  object space 67072K, 31% used [0x0000000082400000,0x0000000083865420,0x0000000086580000)
 Metaspace       used 31624K, capacity 33230K, committed 33408K, reserved 1079296K
  class space    used 3914K, capacity 4435K, committed 4480K, reserved 1048576K
Event: 8.101 GC heap after
Heap after GC invocations=23 (full 1):
 PSYoungGen      total 675840K, used 1790K [0x00000000d6180000, 0x00000000fff80000, 0x0000000100000000)
  eden space 665600K, 0% used [0x00000000d6180000,0x00000000d6180000,0x00000000feb80000)
  from space 10240K, 17% used [0x00000000ff580000,0x00000000ff73f948,0x00000000fff80000)
  to   space 10240K, 0% used [0x00000000feb80000,0x00000000feb80000,0x00000000ff580000)
 ParOldGen       total 67072K, used 25911K [0x0000000082400000, 0x0000000086580000, 0x00000000d6180000)
  object space 67072K, 38% used [0x0000000082400000,0x0000000083d4de78,0x0000000086580000)
 Metaspace       used 31624K, capacity 33230K, committed 33408K, reserved 1079296K
  class space    used 3914K, capacity 4435K, committed 4480K, reserved 1048576K
}
Event: 8.276 GC heap before
{Heap before GC invocations=24 (full 1):
 PSYoungGen      total 675840K, used 667390K [0x00000000d6180000, 0x00000000fff80000, 0x0000000100000000)
  eden space 665600K, 100% used [0x00000000d6180000,0x00000000feb80000,0x00000000feb80000)
  from space 10240K, 17% used [0x00000000ff580000,0x00000000ff73f948,0x00000000fff80000)
  to   space 10240K, 0% used [0x00000000feb80000,0x00000000feb80000,0x00000000ff580000)
 ParOldGen       total 67072K, used 25911K [0x0000000082400000, 0x0000000086580000, 0x00000000d6180000)
  object space 67072K, 38% used [0x0000000082400000,0x0000000083d4de78,0x0000000086580000)
 Metaspace       used 31945K, capacity 33536K, committed 33664K, reserved 1079296K
  class space    used 3978K, capacity 4470K, committed 4480K, reserved 1048576K
Event: 8.278 GC heap after
Heap after GC invocations=24 (full 1):
 PSYoungGen      total 675840K, used 649K [0x00000000d6180000, 0x00000000fff00000, 0x0000000100000000)
  eden space 665600K, 0% used [0x00000000d6180000,0x00000000d6180000,0x00000000feb80000)
  from space 10240K, 6% used [0x00000000feb80000,0x00000000fec226b0,0x00000000ff580000)
  to   space 9728K, 0% used [0x00000000ff580000,0x00000000ff580000,0x00000000fff00000)
 ParOldGen       total 67072K, used 27495K [0x0000000082400000, 0x0000000086580000, 0x00000000d6180000)
  object space 67072K, 40% used [0x0000000082400000,0x0000000083ed9e10,0x0000000086580000)
 Metaspace       used 31945K, capacity 33536K, committed 33664K, reserved 1079296K
  class space    used 3978K, capacity 4470K, committed 4480K, reserved 1048576K
}
Event: 8.442 GC heap before
{Heap before GC invocations=25 (full 1):
 PSYoungGen      total 675840K, used 666249K [0x00000000d6180000, 0x00000000fff00000, 0x0000000100000000)
  eden space 665600K, 100% used [0x00000000d6180000,0x00000000feb80000,0x00000000feb80000)
  from space 10240K, 6% used [0x00000000feb80000,0x00000000fec226b0,0x00000000ff580000)
  to   space 9728K, 0% used [0x00000000ff580000,0x00000000ff580000,0x00000000fff00000)
 ParOldGen       total 67072K, used 27495K [0x0000000082400000, 0x0000000086580000, 0x00000000d6180000)
  object space 67072K, 40% used [0x0000000082400000,0x0000000083ed9e10,0x0000000086580000)
 Metaspace       used 32314K, capacity 33926K, committed 34048K, reserved 1079296K
  class space    used 4024K, capacity 4535K, committed 4608K, reserved 1048576K
Event: 8.445 GC heap after
Heap after GC invocations=25 (full 1):
 PSYoungGen      total 675840K, used 969K [0x00000000d6180000, 0x00000000ffe80000, 0x0000000100000000)
  eden space 666624K, 0% used [0x00000000d6180000,0x00000000d6180000,0x00000000fec80000)
  from space 9216K, 10% used [0x00000000ff580000,0x00000000ff6727d8,0x00000000ffe80000)
  to   space 9216K, 0% used [0x00000000fec80000,0x00000000fec80000,0x00000000ff580000)
 ParOldGen       total 67072K, used 27895K [0x0000000082400000, 0x0000000086580000, 0x00000000d6180000)
  object space 67072K, 41% used [0x0000000082400000,0x0000000083f3de10,0x0000000086580000)
 Metaspace       used 32314K, capacity 33926K, committed 34048K, reserved 1079296K
  class space    used 4024K, capacity 4535K, committed 4608K, reserved 1048576K
}

Deoptimization events (10 events):
Event: 8.585 Thread 0x000000001ca00000 Uncommon trap: reason=class_check action=maybe_recompile pc=0x000000000359c010 method=java.util.regex.Pattern$Start.match(Ljava/util/regex/Matcher;ILjava/lang/CharSequence;)Z @ 44
Event: 8.587 Thread 0x000000001ca00000 Uncommon trap: reason=unstable_if action=reinterpret pc=0x000000000335c2cc method=java.lang.AbstractStringBuilder.append(Ljava/lang/CharSequence;)Ljava/lang/AbstractStringBuilder; @ 13
Event: 8.587 Thread 0x000000001ca00000 Uncommon trap: reason=class_check action=maybe_recompile pc=0x000000000359c010 method=java.util.regex.Pattern$Start.match(Ljava/util/regex/Matcher;ILjava/lang/CharSequence;)Z @ 44
Event: 8.587 Thread 0x000000001ca00000 Uncommon trap: reason=class_check action=maybe_recompile pc=0x00000000036a42b0 method=java.util.regex.Pattern$Curly.match0(Ljava/util/regex/Matcher;IILjava/lang/CharSequence;)Z @ 170
Event: 8.587 Thread 0x000000001ca00000 Uncommon trap: reason=class_check action=maybe_recompile pc=0x000000000359c010 method=java.util.regex.Pattern$Start.match(Ljava/util/regex/Matcher;ILjava/lang/CharSequence;)Z @ 44
Event: 8.587 Thread 0x000000001ca00000 Uncommon trap: reason=class_check action=maybe_recompile pc=0x00000000036a42b0 method=java.util.regex.Pattern$Curly.match0(Ljava/util/regex/Matcher;IILjava/lang/CharSequence;)Z @ 170
Event: 8.587 Thread 0x000000001ca00000 Uncommon trap: reason=class_check action=maybe_recompile pc=0x00000000036a42b0 method=java.util.regex.Pattern$Curly.match0(Ljava/util/regex/Matcher;IILjava/lang/CharSequence;)Z @ 170
Event: 8.587 Thread 0x000000001ca00000 Uncommon trap: reason=class_check action=maybe_recompile pc=0x000000000359c010 method=java.util.regex.Pattern$Start.match(Ljava/util/regex/Matcher;ILjava/lang/CharSequence;)Z @ 44
Event: 8.587 Thread 0x000000001ca00000 Uncommon trap: reason=class_check action=maybe_recompile pc=0x00000000036a42b0 method=java.util.regex.Pattern$Curly.match0(Ljava/util/regex/Matcher;IILjava/lang/CharSequence;)Z @ 170
Event: 8.842 Thread 0x000000001ca00000 Uncommon trap: reason=unstable_if action=reinterpret pc=0x0000000003afbb60 method=javax.swing.text.StyleContext.reclaim(Ljavax/swing/text/AttributeSet;)V @ 3

Internal exceptions (10 events):
Event: 0.551 Thread 0x000000001ca28800 Exception <a 'java/io/FileNotFoundException'> (0x00000000d6ecfbe8) thrown at [C:\re\workspace\8-2-build-windows-amd64-cygwin\jdk8u91\7017\hotspot\src\share\vm\prims\jni.cpp, line 709]
Event: 1.277 Thread 0x000000001ca28800 Implicit null exception at 0x0000000002fa0e9c to 0x0000000002fa131d
Event: 1.277 Thread 0x000000001ca28800 Implicit null exception at 0x0000000002f48a99 to 0x0000000002f48ec5
Event: 1.278 Thread 0x000000001ca28800 Exception <a 'java/lang/ClassNotFoundException': sun/net/www/content/content/unknown> (0x00000000d7f5ccf8) thrown at [C:\re\workspace\8-2-build-windows-amd64-cygwin\jdk8u91\7017\hotspot\src\share\vm\classfile\systemDictionary.cpp, line 210]
Event: 1.908 Thread 0x000000001ca28800 Exception <a 'java/io/FileNotFoundException'> (0x00000000d638bcf8) thrown at [C:\re\workspace\8-2-build-windows-amd64-cygwin\jdk8u91\7017\hotspot\src\share\vm\prims\jni.cpp, line 709]
Event: 3.439 Thread 0x000000001ccd0000 Implicit null exception at 0x00000000036a6459 to 0x00000000036a652d
Event: 4.268 Thread 0x000000001ccd0000 Implicit null exception at 0x000000000366e03a to 0x000000000366f02d
Event: 6.379 Thread 0x000000001ccd0000 Exception <a 'net/sf/clipsrules/jni/CLIPSError'> (0x00000000d703ad50) thrown at [C:\re\workspace\8-2-build-windows-amd64-cygwin\jdk8u91\7017\hotspot\src\share\vm\prims\jni.cpp, line 709]
Event: 6.382 Thread 0x000000001ccd0000 Exception <a 'net/sf/clipsrules/jni/CLIPSError'> (0x00000000d70499f0) thrown at [C:\re\workspace\8-2-build-windows-amd64-cygwin\jdk8u91\7017\hotspot\src\share\vm\prims\jni.cpp, line 709]
Event: 6.385 Thread 0x000000001ccd0000 Exception <a 'net/sf/clipsrules/jni/CLIPSError'> (0x00000000d705be70) thrown at [C:\re\workspace\8-2-build-windows-amd64-cygwin\jdk8u91\7017\hotspot\src\share\vm\prims\jni.cpp, line 709]

Events (10 events):
Event: 8.926 Thread 0x000000001ccd0000 DEOPT PACKING pc=0x0000000002f92581 sp=0x000000001e27b8b0
Event: 8.926 Thread 0x000000001ccd0000 DEOPT UNPACKING pc=0x0000000002db787f sp=0x000000001e27b600 mode 1
Event: 8.926 Thread 0x000000001ccd0000 DEOPT PACKING pc=0x0000000002ed851c sp=0x000000001e27b930
Event: 8.926 Thread 0x000000001ccd0000 DEOPT UNPACKING pc=0x0000000002db787f sp=0x000000001e27b750 mode 1
Event: 8.926 Thread 0x000000001ccd0000 DEOPT PACKING pc=0x0000000002ed82b4 sp=0x000000001e27bac0
Event: 8.926 Thread 0x000000001ccd0000 DEOPT UNPACKING pc=0x0000000002db787f sp=0x000000001e27b8e0 mode 1
Event: 8.929 Executing VM operation: BulkRevokeBias
Event: 8.929 Executing VM operation: BulkRevokeBias done
Event: 8.929 loading class javax/swing/plaf/basic/BasicButtonListener$Actions
Event: 8.929 loading class javax/swing/plaf/basic/BasicButtonListener$Actions done


Dynamic libraries:
0x0000000000400000 - 0x000000000043a000 	C:\Program Files\NetBeans 8.1\platform\lib\nbexec64.exe
0x00007ffcf5d10000 - 0x00007ffcf5ed1000 	C:\WINDOWS\SYSTEM32\ntdll.dll
0x00007ffcf4e30000 - 0x00007ffcf4edd000 	C:\WINDOWS\system32\KERNEL32.DLL
0x00007ffcf2dc0000 - 0x00007ffcf2fa8000 	C:\WINDOWS\system32\KERNELBASE.dll
0x00007ffcf3260000 - 0x00007ffcf3307000 	C:\WINDOWS\system32\ADVAPI32.dll
0x00007ffcf4ce0000 - 0x00007ffcf4d7d000 	C:\WINDOWS\system32\msvcrt.dll
0x00007ffcf51a0000 - 0x00007ffcf51fb000 	C:\WINDOWS\system32\sechost.dll
0x00007ffcf4bc0000 - 0x00007ffcf4cdc000 	C:\WINDOWS\system32\RPCRT4.dll
0x00007ffcf5040000 - 0x00007ffcf5196000 	C:\WINDOWS\system32\USER32.dll
0x00007ffcf54e0000 - 0x00007ffcf5666000 	C:\WINDOWS\system32\GDI32.dll
0x00007ffcf5cd0000 - 0x00007ffcf5d0b000 	C:\WINDOWS\system32\IMM32.DLL
0x00007ffcf2220000 - 0x00007ffcf2251000 	C:\windows\system32\nvinitx.dll
0x00007ffcf2210000 - 0x00007ffcf221a000 	C:\WINDOWS\SYSTEM32\VERSION.dll
0x0000000077b40000 - 0x0000000077ff4000 	C:\Program Files\NetBeans 8.1\platform\lib\nbexec64.dll
0x00000000772a0000 - 0x0000000077b33000 	C:\Program Files\Java\jdk1.8.0_91\jre\bin\server\jvm.dll
0x00007ffcf4bb0000 - 0x00007ffcf4bb8000 	C:\WINDOWS\system32\PSAPI.DLL
0x0000000050770000 - 0x0000000050842000 	C:\Program Files\Java\jdk1.8.0_91\jre\bin\MSVCR100.dll
0x00007ffce3520000 - 0x00007ffce3529000 	C:\WINDOWS\SYSTEM32\WSOCK32.dll
0x00007ffcf0b50000 - 0x00007ffcf0b73000 	C:\WINDOWS\SYSTEM32\WINMM.dll
0x00007ffcf4b40000 - 0x00007ffcf4bab000 	C:\WINDOWS\system32\WS2_32.dll
0x0000000000670000 - 0x000000000069c000 	C:\WINDOWS\SYSTEM32\WINMMBASE.dll
0x00007ffcf2fb0000 - 0x00007ffcf2ff3000 	C:\WINDOWS\system32\cfgmgr32.dll
0x0000000050730000 - 0x0000000050769000 	C:\Program Files\Java\jdk1.8.0_91\jre\bin\splashscreen.dll
0x0000000050cb0000 - 0x0000000050cbf000 	C:\Program Files\Java\jdk1.8.0_91\jre\bin\verify.dll
0x0000000050700000 - 0x0000000050729000 	C:\Program Files\Java\jdk1.8.0_91\jre\bin\java.dll
0x00007ffcf0e40000 - 0x00007ffcf0ed6000 	C:\WINDOWS\system32\uxtheme.dll
0x00007ffcf5200000 - 0x00007ffcf547d000 	C:\WINDOWS\system32\combase.dll
0x00007ffcf2480000 - 0x00007ffcf24ea000 	C:\WINDOWS\system32\bcryptPrimitives.dll
0x00007ffcf4ee0000 - 0x00007ffcf503a000 	C:\WINDOWS\system32\MSCTF.dll
0x0000000050060000 - 0x0000000050095000 	C:\Program Files\Java\jdk1.8.0_91\jre\bin\jdwp.dll
0x0000000050050000 - 0x0000000050058000 	C:\Program Files\Java\jdk1.8.0_91\jre\bin\npt.dll
0x00000000506e0000 - 0x00000000506f6000 	C:\Program Files\Java\jdk1.8.0_91\jre\bin\zip.dll
0x00007ffcf2350000 - 0x00007ffcf235f000 	C:\WINDOWS\system32\kernel.appcore.dll
0x00007ffcf3380000 - 0x00007ffcf48dc000 	C:\WINDOWS\system32\SHELL32.dll
0x00007ffcf25a0000 - 0x00007ffcf2be4000 	C:\WINDOWS\system32\windows.storage.dll
0x00007ffcf48e0000 - 0x00007ffcf4932000 	C:\WINDOWS\system32\shlwapi.dll
0x00007ffcf23c0000 - 0x00007ffcf2475000 	C:\WINDOWS\system32\shcore.dll
0x00007ffcf2360000 - 0x00007ffcf23ab000 	C:\WINDOWS\system32\powrprof.dll
0x00007ffcf2330000 - 0x00007ffcf2344000 	C:\WINDOWS\system32\profapi.dll
0x0000000050040000 - 0x0000000050049000 	C:\Program Files\Java\jdk1.8.0_91\jre\bin\dt_socket.dll
0x00007ffcf1bb0000 - 0x00007ffcf1c0c000 	C:\WINDOWS\system32\mswsock.dll
0x00000000506c0000 - 0x00000000506da000 	C:\Program Files\Java\jdk1.8.0_91\jre\bin\net.dll
0x00000000506a0000 - 0x00000000506b1000 	C:\Program Files\Java\jdk1.8.0_91\jre\bin\nio.dll
0x00007ffcef5b0000 - 0x00007ffcef5e8000 	C:\WINDOWS\SYSTEM32\IPHLPAPI.DLL
0x00007ffcf3370000 - 0x00007ffcf3378000 	C:\WINDOWS\system32\NSI.dll
0x00007ffceae60000 - 0x00007ffceae76000 	C:\WINDOWS\SYSTEM32\dhcpcsvc6.DLL
0x00007ffceaa80000 - 0x00007ffceaa9a000 	C:\WINDOWS\SYSTEM32\dhcpcsvc.DLL
0x00000000500d0000 - 0x0000000050268000 	C:\Program Files\Java\jdk1.8.0_91\jre\bin\awt.dll
0x00007ffcf4a70000 - 0x00007ffcf4b31000 	C:\WINDOWS\system32\OLEAUT32.dll
0x00007ffcf0a70000 - 0x00007ffcf0ae9000 	C:\WINDOWS\system32\apphelp.dll
0x00007ffcf1c60000 - 0x00007ffcf1c77000 	C:\WINDOWS\SYSTEM32\CRYPTSP.dll
0x00007ffcf18f0000 - 0x00007ffcf1924000 	C:\WINDOWS\system32\rsaenh.dll
0x00007ffcf2260000 - 0x00007ffcf2289000 	C:\WINDOWS\SYSTEM32\bcrypt.dll
0x00007ffcf1a40000 - 0x00007ffcf1a5f000 	C:\WINDOWS\SYSTEM32\USERENV.dll
0x00007ffcf1d80000 - 0x00007ffcf1d8b000 	C:\WINDOWS\SYSTEM32\CRYPTBASE.dll
0x00007ffce2e90000 - 0x00007ffce2ea6000 	C:\WINDOWS\system32\napinsp.dll
0x00007ffce35a0000 - 0x00007ffce35ba000 	C:\WINDOWS\system32\pnrpnsp.dll
0x00007ffceb9d0000 - 0x00007ffceb9e8000 	C:\WINDOWS\system32\NLAapi.dll
0x00007ffcf0c40000 - 0x00007ffcf0cea000 	C:\WINDOWS\SYSTEM32\DNSAPI.dll
0x00007ffce35c0000 - 0x00007ffce35cd000 	C:\WINDOWS\System32\winrnr.dll
0x00007ffce7260000 - 0x00007ffce726a000 	C:\Windows\System32\rasadhlp.dll
0x00007ffceb240000 - 0x00007ffceb2a7000 	C:\WINDOWS\System32\fwpuclnt.dll
0x00007ffcefa00000 - 0x00007ffcefa22000 	C:\WINDOWS\system32\DWMAPI.DLL
0x00007ffce1a50000 - 0x00007ffce1cc4000 	C:\WINDOWS\WinSxS\amd64_microsoft.windows.common-controls_6595b64144ccf1df_6.0.10586.0_none_8c15ae12515e1c22\COMCTL32.dll
0x00007ffcf3110000 - 0x00007ffcf3253000 	C:\WINDOWS\system32\ole32.dll
0x0000000050650000 - 0x0000000050697000 	C:\Program Files\Java\jdk1.8.0_91\jre\bin\fontmanager.dll
0x0000000050600000 - 0x0000000050642000 	C:\Program Files\Java\jdk1.8.0_91\jre\bin\t2k.dll
0x0000000180000000 - 0x0000000180038000 	C:\Program Files\NetBeans 8.1\platform\modules\lib\amd64\jnidispatch-410.dll
0x00007ffcef100000 - 0x00007ffcef1c8000 	C:\WINDOWS\SYSTEM32\winhttp.dll
0x00007ffcd1810000 - 0x00007ffcd197a000 	C:\Windows\System32\CLIPSJNI2.dll
0x00007ffcf4d80000 - 0x00007ffcf4e27000 	C:\WINDOWS\system32\clbcatq.dll
0x00007ffced010000 - 0x00007ffced1c1000 	C:\WINDOWS\SYSTEM32\WindowsCodecs.dll
0x00007ffcde790000 - 0x00007ffcde7da000 	C:\WINDOWS\system32\dataexchange.dll
0x00007ffcf0610000 - 0x00007ffcf06f3000 	C:\WINDOWS\system32\dcomp.dll
0x00007ffcee4e0000 - 0x00007ffcee788000 	C:\WINDOWS\system32\d3d11.dll
0x00007ffcef040000 - 0x00007ffcef0e2000 	C:\WINDOWS\system32\dxgi.dll
0x00007ffcf0d40000 - 0x00007ffcf0e40000 	C:\WINDOWS\system32\twinapi.appcore.dll
0x00007ffce86c0000 - 0x00007ffce876a000 	C:\WINDOWS\WinSxS\amd64_microsoft.windows.common-controls_6595b64144ccf1df_5.82.10586.0_none_396e892957c7fb25\comctl32.dll
0x00007ffcefbe0000 - 0x00007ffcefd66000 	C:\WINDOWS\system32\propsys.dll
0x00007ffcd90f0000 - 0x00007ffcd9217000 	C:\WINDOWS\system32\NetworkExplorer.dll
0x00007ffcefef0000 - 0x00007ffcf0383000 	C:\Windows\System32\ActXPrxy.dll
0x00007ffcdbb70000 - 0x00007ffcdbbbd000 	C:\Windows\System32\thumbcache.dll
0x00007ffce36c0000 - 0x00007ffce36db000 	C:\WINDOWS\SYSTEM32\MPR.dll
0x00007ffce3ba0000 - 0x00007ffce3bab000 	C:\WINDOWS\System32\drprov.dll
0x00007ffcf2110000 - 0x00007ffcf2166000 	C:\WINDOWS\System32\WINSTA.dll
0x00007ffccc790000 - 0x00007ffccc7a6000 	C:\WINDOWS\System32\ntlanman.dll
0x00007ffccc570000 - 0x00007ffccc590000 	C:\WINDOWS\System32\davclnt.dll
0x00007ffce8c80000 - 0x00007ffce8c8c000 	C:\WINDOWS\System32\DAVHLPR.dll
0x00007ffceb120000 - 0x00007ffceb136000 	C:\WINDOWS\System32\wkscli.dll
0x00007ffce49f0000 - 0x00007ffce4a02000 	C:\WINDOWS\SYSTEM32\cscapi.dll
0x00007ffcf16f0000 - 0x00007ffcf16fc000 	C:\WINDOWS\System32\netutils.dll
0x00007ffcea6e0000 - 0x00007ffcea75f000 	C:\Windows\System32\dlnashext.dll
0x00007ffccd440000 - 0x00007ffccd4b4000 	C:\Windows\System32\PlayToDevice.dll
0x00007ffce9250000 - 0x00007ffce926f000 	C:\Windows\System32\DevDispItemProvider.dll
0x00007ffceb630000 - 0x00007ffceb6a0000 	C:\WINDOWS\System32\MMDevApi.dll
0x00007ffcf0d10000 - 0x00007ffcf0d37000 	C:\WINDOWS\System32\DEVOBJ.dll
0x00007ffccb3b0000 - 0x00007ffccb5b3000 	C:\WINDOWS\system32\wpdshext.dll
0x00007ffce8400000 - 0x00007ffce85a8000 	C:\WINDOWS\WinSxS\amd64_microsoft.windows.gdiplus_6595b64144ccf1df_1.1.10586.20_none_db007f1392e69ef4\gdiplus.dll
0x00007ffcefae0000 - 0x00007ffcefb81000 	C:\Windows\System32\PortableDeviceApi.dll
0x00007ffcf5680000 - 0x00007ffcf5aa9000 	C:\WINDOWS\system32\SETUPAPI.dll
0x00007ffcf3000000 - 0x00007ffcf3055000 	C:\WINDOWS\system32\WINTRUST.dll
0x00007ffcf23b0000 - 0x00007ffcf23c0000 	C:\WINDOWS\system32\MSASN1.dll
0x00007ffcf2bf0000 - 0x00007ffcf2db8000 	C:\WINDOWS\system32\CRYPT32.dll
0x00007ffce8b30000 - 0x00007ffce8b67000 	C:\Windows\System32\EhStorShell.dll
0x00007ffcd8b90000 - 0x00007ffcd8bb6000 	C:\Windows\System32\EhStorAPI.dll
0x00007ffcf04f0000 - 0x00007ffcf0503000 	C:\Windows\System32\WTSAPI32.dll
0x00007ffce3b20000 - 0x00007ffce3b2d000 	C:\WINDOWS\SYSTEM32\LINKINFO.dll
0x00007ffcf1f60000 - 0x00007ffcf1f8d000 	C:\WINDOWS\SYSTEM32\SspiCli.dll
0x00000000505f0000 - 0x00000000505fd000 	C:\Program Files\Java\jdk1.8.0_91\jre\bin\management.dll
0x00007ffcec0c0000 - 0x00007ffcec24c000 	C:\WINDOWS\SYSTEM32\dbghelp.dll

VM Arguments:
jvm_args: -Dnetbeans.logger.console=true -ea -Xdebug -Xrunjdwp:transport=dt_socket,suspend=y,server=n,address=127.0.0.1:54242 -Djdk.home=C:\Program Files\Java\jdk1.8.0_91 -splash:C:\Users\Miki\Documents\NetBeansProjects\ClipsMonitor-master\build\testuserdir\var\cache\splash.png -Dnetbeans.home=C:\Program Files\NetBeans 8.1\platform -Dnetbeans.user=C:\Users\Miki\Documents\NetBeansProjects\ClipsMonitor-master\build\testuserdir -Dnetbeans.default_userdir_root= -XX:+HeapDumpOnOutOfMemoryError -XX:HeapDumpPath=C:\Users\Miki\Documents\NetBeansProjects\ClipsMonitor-master\build\testuserdir\var\log\heapdump.hprof -Dsun.awt.keepWorkingSetOnMinimize=true -Dnetbeans.dirs=C:\Users\Miki\Documents\NetBeansProjects\ClipsMonitor-master\build\cluster;C:\Program Files\NetBeans 8.1\platform exit 
java_command: <unknown>
java_class_path (initial): C:\Program Files\NetBeans 8.1\platform\lib\boot.jar;C:\Program Files\NetBeans 8.1\platform\lib\org-openide-modules.jar;C:\Program Files\NetBeans 8.1\platform\lib\org-openide-util-lookup.jar;C:\Program Files\NetBeans 8.1\platform\lib\org-openide-util-ui.jar;C:\Program Files\NetBeans 8.1\platform\lib\org-openide-util.jar;C:\Program Files\NetBeans 8.1\platform\lib\locale\boot_ja.jar;C:\Program Files\NetBeans 8.1\platform\lib\locale\boot_pt_BR.jar;C:\Program Files\NetBeans 8.1\platform\lib\locale\boot_ru.jar;C:\Program Files\NetBeans 8.1\platform\lib\locale\boot_zh_CN.jar;C:\Program Files\NetBeans 8.1\platform\lib\locale\org-openide-modules_ja.jar;C:\Program Files\NetBeans 8.1\platform\lib\locale\org-openide-modules_pt_BR.jar;C:\Program Files\NetBeans 8.1\platform\lib\locale\org-openide-modules_ru.jar;C:\Program Files\NetBeans 8.1\platform\lib\locale\org-openide-modules_zh_CN.jar;C:\Program Files\NetBeans 8.1\platform\lib\locale\org-openide-util-lookup_ja.jar;C:\Program Files\NetBeans 8.1\platform\lib\locale\org-openide-util-lookup_pt_BR.jar;C:\Program Files\NetBeans 8.1\platform\lib\locale\org-openide-util-lookup_ru.jar;C:\Program Files\NetBeans 8.1\platform\lib\locale\org-openide-util-lookup_zh_CN.jar;C:\Program Files\NetBeans 8.1\platform\lib\locale\org-openide-util-ui_ja.jar;C:\Program Files\NetBeans 8.1\platform\lib\locale\org-openide-util-ui_pt_BR.jar;C:\Program Files\NetBeans 8.1\platform\lib\locale\org-openide-util-ui_ru.jar;C:\Program Files\NetBeans 8.1\platform\lib\locale\org-openide-util-ui_zh_CN.jar;C:\Program Files\NetBeans 8.1\platform\lib\locale\org-openide-util_ja.jar;C:\Program Files\NetBeans 8.1\platform\lib\locale\org-openide-util_pt_BR.jar;C:\Program Files\NetBeans 8.1\platform\lib\locale\org-openide-util_ru.jar;C:\Program Files\NetBeans 8.1\platform\lib\locale\org-openide-util_zh_CN.jar;C:\Program Files\Java\jdk1.8.0_91\lib\dt.jar;C:\Program Files\Java\jdk1.8.0_91\lib\tools.jar
Launcher Type: generic

Environment Variables:
CLASSPATH=C:\Users\Miki\Documents\junit-4.10.jar;
PATH=C:\Program Files (x86)\Intel\iCLS Client\;C:\Program Files\Intel\iCLS Client\;C:\ProgramData\Oracle\Java\javapath;C:\Program Files\Java\jdk1.8.0_91\bin;C:\Program Files (x86)\NVIDIA Corporation\PhysX\Common;C:\WINDOWS\system32;C:\WINDOWS;C:\WINDOWS\System32\Wbem;C:\WINDOWS\System32\WindowsPowerShell\v1.0\;C:\Program Files\Intel\WiFi\bin\;C:\Program Files\Common Files\Intel\WirelessCommon\;C:\Program Files\MATLAB\MATLAB Production Server\R2015a\bin;C:\Program Files (x86)\GtkSharp\2.12\bin;C:\Program Files (x86)\Skype\Phone\;C:\Program Files (x86)\Intel\Intel(R) Management Engine Components\DAL;C:\Program Files\Intel\Intel(R) Management Engine Components\DAL;C:\Program Files (x86)\Intel\Intel(R) Management Engine Components\IPT;C:\Program Files\Intel\Intel(R) Management Engine Components\IPT;C:\Program Files\Intel\WiFi\bin\;C:\Program Files\Common Files\Intel\WirelessCommon\;C:\Users\Miki\AppData\Local\atom\bin
USERNAME=Miki
OS=Windows_NT
PROCESSOR_IDENTIFIER=Intel64 Family 6 Model 58 Stepping 9, GenuineIntel



---------------  S Y S T E M  ---------------

OS: Windows 10.0 , 64 bit Build 10586 (10.0.10586.0)

CPU:total 8 (4 cores per cpu, 2 threads per core) family 6 model 58 stepping 9, cmov, cx8, fxsr, mmx, sse, sse2, sse3, ssse3, sse4.1, sse4.2, popcnt, avx, aes, clmul, erms, ht, tsc, tscinvbit, tscinv

Memory: 4k page, physical 8240660k(2141980k free), swap 10755772k(1698828k free)

vm_info: Java HotSpot(TM) 64-Bit Server VM (25.91-b15) for windows-amd64 JRE (1.8.0_91-b15), built on May 20 2016 17:43:15 by "java_re" with MS VC++ 10.0 (VS2010)

time: Mon Jun 20 00:58:17 2016
elapsed time: 8 seconds (0d 0h 0m 8s)

