#
# A fatal error has been detected by the Java Runtime Environment:
#
#  SIGSEGV (0xb) at pc=0x000000017e726e26, pid=25687, tid=76423
#
# JRE version: Java(TM) SE Runtime Environment (8.0_91-b14) (build 1.8.0_91-b14)
# Java VM: Java HotSpot(TM) 64-Bit Server VM (25.91-b14 mixed mode bsd-amd64 compressed oops)
# Problematic frame:
# C  [libCLIPSJNI2.jnilib+0xbfe26]  PrintAtom+0xf6
#
# Failed to write core dump. Core dumps have been disabled. To enable core dumping, try "ulimit -c unlimited" before starting Java again
#
# If you would like to submit a bug report, please visit:
#   http://bugreport.java.com/bugreport/crash.jsp
# The crash happened outside the Java Virtual Machine in native code.
# See problematic frame for where to report the bug.
#

---------------  T H R E A D  ---------------

Current thread (0x00007feac1846800):  JavaThread "Thread-140" [_thread_in_native, id=76423, stack(0x0000700002924000,0x0000700002a24000)]

siginfo: si_signo: 11 (SIGSEGV), si_code: 0 (unknown), si_addr: 0x0000000000000000

Registers:
RAX=0x00167feac2701340, RBX=0x0000000000000054, RCX=0x00167feac2701340, RDX=0x0000000000000002
RSP=0x0000700002a22fd0, RBP=0x0000700002a23090, RSI=0x000000017e763e73, RDI=0x00007feac2747fa0
R8 =0x0000000000000001, R9 =0x0000000775c95548, R10=0x0000000000000009, R11=0x00000006d9696228
R12=0x0000000000000000, R13=0x000000077663e938, R14=0x00000007c00016d0, R15=0x00007feac1846800
RIP=0x000000017e726e26, EFLAGS=0x0000000000010246, ERR=0x0000000000000000
  TRAPNO=0x000000000000000d

Top of Stack: (sp=0x0000700002a22fd0)
0x0000700002a22fd0:   0000700002a23040 000000017e76361a
0x0000700002a22fe0:   00007feac21e6c78 00000001073159b8
0x0000700002a22ff0:   00007feac07f9c48 00007feac07f9c50
0x0000700002a23000:   00007feac07f9c58 00007feac202bf08
0x0000700002a23010:   00007feab99929f8 00007feac21e6c78
0x0000700002a23020:   000000017e763f3e 000000017e763e73
0x0000700002a23030:   00007feac2747fa0 00000000c2747fa0
0x0000700002a23040:   0000000200000001 000000017e731ef1
0x0000700002a23050:   00167feac2701340 00000002c21e6c78
0x0000700002a23060:   000000017e763e73 00007feac2747fa0
0x0000700002a23070:   000000017e763f3e 000000017e763e73
0x0000700002a23080:   00007feac2747fa0 db0096c4dfda0ca3
0x0000700002a23090:   0000700002a23150 000000017e75c1ad
0x0000700002a230a0:   00000001c07f9c10 00007fea00000001
0x0000700002a230b0:   0000000100000001 0000000100000001
0x0000700002a230c0:   0000000000000001 0000000100000001
0x0000700002a230d0:   0000000000000054 00000001c00016d0
0x0000700002a230e0:   0000700002a23150 000000017e76361a
0x0000700002a230f0:   00007feac21e6c78 00000001073159b8
0x0000700002a23100:   00007feac07f9c10 00007feac07f9c18
0x0000700002a23110:   00007feac20158c0 00007feac273eb50
0x0000700002a23120:   0000000db99929f8 00007feac23fab20
0x0000700002a23130:   0000000000000000 00007feac23faaa0
0x0000700002a23140:   000000017e763e73 00007feac2747fa0
0x0000700002a23150:   0000700002a231a0 000000017e6b753c
0x0000700002a23160:   00000001c07f9c48 00007feac21e6c78
0x0000700002a23170:   000000017e767d44 00007feac27edcd0
0x0000700002a23180:   0000000000000000 00007feac23faaa0
0x0000700002a23190:   000000017e763e73 00007feac2747fa0
0x0000700002a231a0:   0000700002a231f0 000000017e6b74c3
0x0000700002a231b0:   0000000800000001 00007feac23faaa0
0x0000700002a231c0:   000000017e763e73 00007feac2747fa0 

Instructions: (pc=0x000000017e726e26)
0x000000017e726e06:   75 d0 48 8b 45 c0 48 8b 50 18 e8 9b fe ff ff e9
0x000000017e726e16:   4f 03 00 00 48 8b 7d d8 48 8b 75 d0 48 8b 45 c0
0x000000017e726e26:   48 8b 50 18 e8 c1 af 00 00 89 45 98 e9 32 03 00
0x000000017e726e36:   00 48 8b 45 d8 48 8b 40 30 48 8b 80 a8 01 00 00 

Register to memory mapping:

RAX=0x00167feac2701340 is an unknown value
RBX=0x0000000000000054 is an unknown value
RCX=0x00167feac2701340 is an unknown value
RDX=0x0000000000000002 is an unknown value
RSP=0x0000700002a22fd0 is pointing into the stack for thread: 0x00007feac1846800
RBP=0x0000700002a23090 is pointing into the stack for thread: 0x00007feac1846800
RSI=0x000000017e763e73: ExitJNIRouter+0x613 in /Library/Java/Extensions/libCLIPSJNI2.jnilib at 0x000000017e667000
RDI=0x00007feac2747fa0 is an unknown value
R8 =0x0000000000000001 is an unknown value
R9 =0x0000000775c95548 is an oop
[C 
 - klass: {type array char}
 - length: 56962
R10=0x0000000000000009 is an unknown value
R11=0x00000006d9696228 is an oop
org.clipsmonitor.clips.RouterDialog 
 - klass: 'org/clipsmonitor/clips/RouterDialog'
R12=0x0000000000000000 is an unknown value
R13=0x000000077663e938 is an oop
[Ljava.lang.Object; 
 - klass: 'java/lang/Object'[]
 - length: 9
R14=0x00000007c00016d0 is pointing into metadata
R15=0x00007feac1846800 is a thread


Stack: [0x0000700002924000,0x0000700002a24000],  sp=0x0000700002a22fd0,  free space=1019k
Native frames: (J=compiled Java code, j=interpreted, Vv=VM code, C=native code)
C  [libCLIPSJNI2.jnilib+0xbfe26]  PrintAtom+0xf6
C  [libCLIPSJNI2.jnilib+0xf51ad]  PrintTemplateFact+0x27d
C  [libCLIPSJNI2.jnilib+0x5053c]  PrintFact+0x4c
C  [libCLIPSJNI2.jnilib+0x504c3]  PrintFactWithIdentifier+0x73
C  [libCLIPSJNI2.jnilib+0x494e9]  EnvFacts+0x199
C  [libCLIPSJNI2.jnilib+0x48759]  FactsCommand+0x89
C  [libCLIPSJNI2.jnilib+0x3dd90]  EvaluateExpression+0x220
C  [libCLIPSJNI2.jnilib+0xdf57f]  EnvEval+0x30f
C  [libCLIPSJNI2.jnilib+0xfaba7]  Java_net_sf_clipsrules_jni_Environment_eval+0x77
J 4149  net.sf.clipsrules.jni.Environment.eval(JLjava/lang/String;)Lnet/sf/clipsrules/jni/PrimitiveValue; (0 bytes) @ 0x0000000108b799be [0x0000000108b79900+0xbe]
J 4537 C2 org.clipsmonitor.clips.ClipsCore.evaluate(Ljava/lang/String;Ljava/lang/String;)Lnet/sf/clipsrules/jni/PrimitiveValue; (103 bytes) @ 0x0000000108c32260 [0x0000000108c31ae0+0x780]
J 7289 C1 org.clipsmonitor.clips.ClipsCore.getFactList()Ljava/lang/String; (72 bytes) @ 0x00000001088b4d94 [0x00000001088b49a0+0x3f4]
J 6781 C1 org.clipsmonitor.gui.FactsTopComponent.update(Ljava/util/Observable;Ljava/lang/Object;)V (55 bytes) @ 0x000000010931306c [0x0000000109312ce0+0x38c]
J 8921 C2 java.util.Observable.notifyObservers(Ljava/lang/Object;)V (67 bytes) @ 0x000000010846d960 [0x000000010846d700+0x260]
J 9004 C2 org.clipsmonitor.core.MonitorModel.run()V (681 bytes) @ 0x000000010993ee44 [0x000000010993e800+0x644]
j  java.lang.Thread.run()V+11
v  ~StubRoutines::call_stub
V  [libjvm.dylib+0x2ec1e6]  JavaCalls::call_helper(JavaValue*, methodHandle*, JavaCallArguments*, Thread*)+0x6ae
V  [libjvm.dylib+0x2ec974]  JavaCalls::call_virtual(JavaValue*, KlassHandle, Symbol*, Symbol*, JavaCallArguments*, Thread*)+0x164
V  [libjvm.dylib+0x2ecb20]  JavaCalls::call_virtual(JavaValue*, Handle, KlassHandle, Symbol*, Symbol*, Thread*)+0x4a
V  [libjvm.dylib+0x34726d]  thread_entry(JavaThread*, Thread*)+0x7c
V  [libjvm.dylib+0x563d17]  JavaThread::thread_main_inner()+0x9b
V  [libjvm.dylib+0x565412]  JavaThread::run()+0x1c2
V  [libjvm.dylib+0x484f82]  java_start(Thread*)+0xf6
C  [libsystem_pthread.dylib+0x399d]  _pthread_body+0x83
C  [libsystem_pthread.dylib+0x391a]  _pthread_body+0x0
C  [libsystem_pthread.dylib+0x1351]  thread_start+0xd
C  0x0000000000000000

Java frames: (J=compiled Java code, j=interpreted, Vv=VM code)
J 4149  net.sf.clipsrules.jni.Environment.eval(JLjava/lang/String;)Lnet/sf/clipsrules/jni/PrimitiveValue; (0 bytes) @ 0x0000000108b7994c [0x0000000108b79900+0x4c]
J 4537 C2 org.clipsmonitor.clips.ClipsCore.evaluate(Ljava/lang/String;Ljava/lang/String;)Lnet/sf/clipsrules/jni/PrimitiveValue; (103 bytes) @ 0x0000000108c32260 [0x0000000108c31ae0+0x780]
J 7289 C1 org.clipsmonitor.clips.ClipsCore.getFactList()Ljava/lang/String; (72 bytes) @ 0x00000001088b4d94 [0x00000001088b49a0+0x3f4]
J 6781 C1 org.clipsmonitor.gui.FactsTopComponent.update(Ljava/util/Observable;Ljava/lang/Object;)V (55 bytes) @ 0x000000010931306c [0x0000000109312ce0+0x38c]
J 8921 C2 java.util.Observable.notifyObservers(Ljava/lang/Object;)V (67 bytes) @ 0x000000010846d960 [0x000000010846d700+0x260]
J 9004 C2 org.clipsmonitor.core.MonitorModel.run()V (681 bytes) @ 0x000000010993ee44 [0x000000010993e800+0x644]
j  java.lang.Thread.run()V+11
v  ~StubRoutines::call_stub

---------------  P R O C E S S  ---------------

Java Threads: ( => current thread )
  0x00007feab991d800 JavaThread "RequestProcessor queue manager" daemon [_thread_blocked, id=563, stack(0x0000700001968000,0x0000700001a68000)]
=>0x00007feac1846800 JavaThread "Thread-140" [_thread_in_native, id=76423, stack(0x0000700002924000,0x0000700002a24000)]
  0x00007feac6a8d800 JavaThread "Inactive RequestProcessor thread [Was:Timeable Event Queue Watch Dog/org.netbeans.core.TimableEventQueue]" daemon [_thread_blocked, id=45611, stack(0x0000700001b74000,0x0000700001c74000)]
  0x00007feac5f7b000 JavaThread "Thread-131" [_thread_blocked, id=66571, stack(0x00007000037d1000,0x00007000038d1000)]
  0x00007feac5b3c800 JavaThread "Thread-123" [_thread_blocked, id=31227, stack(0x000070000323f000,0x000070000333f000)]
  0x00007feac6a9c800 JavaThread "Thread-120" [_thread_blocked, id=81819, stack(0x00007000036ce000,0x00007000037ce000)]
  0x00007feac6885000 JavaThread "Thread-116" [_thread_blocked, id=53919, stack(0x00007000034c8000,0x00007000035c8000)]
  0x00007feac6046800 JavaThread "Thread-114" [_thread_blocked, id=79547, stack(0x00007000035cb000,0x00007000036cb000)]
  0x00007feac1848800 JavaThread "Thread-111" [_thread_blocked, id=79823, stack(0x0000700003342000,0x0000700003442000)]
  0x00007feac69d0000 JavaThread "Thread-107" [_thread_blocked, id=77775, stack(0x000070000313c000,0x000070000323c000)]
  0x00007feac6009800 JavaThread "Thread-103" [_thread_blocked, id=74811, stack(0x0000700002f36000,0x0000700003036000)]
  0x00007feac6585000 JavaThread "Thread-94" [_thread_blocked, id=74435, stack(0x0000700001c77000,0x0000700001d77000)]
  0x00007feac69c4800 JavaThread "Thread-89" [_thread_blocked, id=72983, stack(0x0000700002d30000,0x0000700002e30000)]
  0x00007feac5b8f000 JavaThread "Thread-83" [_thread_blocked, id=78827, stack(0x0000700002e33000,0x0000700002f33000)]
  0x00007feac59b3800 JavaThread "Thread-59" [_thread_blocked, id=81935, stack(0x0000700002c2d000,0x0000700002d2d000)]
  0x00007feac2ba6800 JavaThread "Thread-41" [_thread_blocked, id=16795, stack(0x0000700002b2a000,0x0000700002c2a000)]
  0x00007feac28b5000 JavaThread "Thread-31" [_thread_blocked, id=62607, stack(0x0000700002a27000,0x0000700002b27000)]
  0x00007feac28ad000 JavaThread "Thread-24" [_thread_blocked, id=45319, stack(0x0000700002186000,0x0000700002286000)]
  0x00007feac1a06800 JavaThread "Thread-17" [_thread_blocked, id=75195, stack(0x0000700002718000,0x0000700002818000)]
  0x00007feac29ba800 JavaThread "Thread-3" [_thread_blocked, id=54283, stack(0x000070000230c000,0x000070000240c000)]
  0x00007feabd8d7000 JavaThread "DestroyJavaVM" [_thread_blocked, id=5891, stack(0x000070000011a000,0x000070000021a000)]
  0x00007feac10b5000 JavaThread "TimerQueue" daemon [_thread_blocked, id=54535, stack(0x000070000175f000,0x000070000185f000)]
  0x00007feaba30e000 JavaThread "Thread-2" daemon [_thread_blocked, id=69635, stack(0x0000700002615000,0x0000700002715000)]
  0x00007feabd88d800 JavaThread "File Watcher" daemon [_thread_blocked, id=69123, stack(0x0000700002512000,0x0000700002612000)]
  0x00007feab9d1d800 JavaThread "Thread-1" daemon [_thread_in_native, id=66819, stack(0x000070000240f000,0x000070000250f000)]
  0x00007feab9992800 JavaThread "AWT-EventQueue-0" [_thread_blocked, id=59907, stack(0x0000700002083000,0x0000700002183000)]
  0x00007feab999d800 JavaThread "Java2D Disposer" daemon [_thread_blocked, id=59395, stack(0x0000700001f80000,0x0000700002080000)]
  0x00007feabb253800 JavaThread "Java2D Queue Flusher" daemon [_thread_blocked, id=56071, stack(0x0000700001e7d000,0x0000700001f7d000)]
  0x00007feaba8e9800 JavaThread "AWT-Shutdown" [_thread_blocked, id=33043, stack(0x0000700001865000,0x0000700001965000)]
  0x00007feabb1f6800 JavaThread "AppKit Thread" daemon [_thread_in_native, id=1295, stack(0x00007fff5971a000,0x00007fff59f1a000)]
  0x00007feaba15f000 JavaThread "CLI Requests Server" daemon [_thread_in_native, id=22787, stack(0x000070000165c000,0x000070000175c000)]
  0x00007feabb0c1800 JavaThread "Active Reference Queue Daemon" daemon [_thread_blocked, id=22275, stack(0x0000700001559000,0x0000700001659000)]
  0x00007feaba803000 JavaThread "Service Thread" daemon [_thread_blocked, id=21251, stack(0x0000700001353000,0x0000700001453000)]
  0x00007feaba00c800 JavaThread "C1 CompilerThread3" daemon [_thread_blocked, id=20739, stack(0x0000700001250000,0x0000700001350000)]
  0x00007feaba801000 JavaThread "C2 CompilerThread2" daemon [_thread_blocked, id=20227, stack(0x000070000114d000,0x000070000124d000)]
  0x00007feaba00c000 JavaThread "C2 CompilerThread1" daemon [_thread_blocked, id=19715, stack(0x000070000104a000,0x000070000114a000)]
  0x00007feabb03d800 JavaThread "C2 CompilerThread0" daemon [_thread_blocked, id=19203, stack(0x0000700000f47000,0x0000700001047000)]
  0x00007feabb055800 JavaThread "Signal Dispatcher" daemon [_thread_blocked, id=15887, stack(0x0000700000e44000,0x0000700000f44000)]
  0x00007feaba03a800 JavaThread "Finalizer" daemon [_thread_blocked, id=14339, stack(0x0000700000c3b000,0x0000700000d3b000)]
  0x00007feaba038000 JavaThread "Reference Handler" daemon [_thread_blocked, id=13827, stack(0x0000700000b38000,0x0000700000c38000)]

Other Threads:
  0x00007feaba033800 VMThread [stack: 0x0000700000a35000,0x0000700000b35000] [id=13315]
  0x00007feaba828800 WatcherThread [stack: 0x0000700001456000,0x0000700001556000] [id=21763]

VM state:not at safepoint (normal execution)

VM Mutex/Monitor currently owned by a thread: None

Heap:
 PSYoungGen      total 1392640K, used 183803K [0x000000076ab00000, 0x00000007c0000000, 0x00000007c0000000)
  eden space 1387520K, 13% used [0x000000076ab00000,0x0000000775cb1260,0x00000007bf600000)
  from space 5120K, 36% used [0x00000007bfb00000,0x00000007bfccdc28,0x00000007c0000000)
  to   space 5120K, 0% used [0x00000007bf600000,0x00000007bf600000,0x00000007bfb00000)
 ParOldGen       total 561664K, used 526820K [0x00000006c0000000, 0x00000006e2480000, 0x000000076ab00000)
  object space 561664K, 93% used [0x00000006c0000000,0x00000006e0279010,0x00000006e2480000)
 Metaspace       used 36134K, capacity 37790K, committed 38064K, reserved 1083392K
  class space    used 4311K, capacity 4784K, committed 4784K, reserved 1048576K

Card table byte_map: [0x0000000117354000,0x0000000117b55000] byte_map_base: 0x0000000113d54000

Marking Bits: (ParMarkBitMap*) 0x00000001078e6eb0
 Begin Bits: [0x00000001180ab000, 0x000000011c0ab000)
 End Bits:   [0x000000011c0ab000, 0x00000001200ab000)

Polling page: 0x0000000105fa9000

CodeCache: size=245760Kb used=26699Kb max_used=26762Kb free=219060Kb
 bounds [0x0000000107f94000, 0x00000001099f4000, 0x0000000116f94000]
 total_blobs=7475 nmethods=6821 adapters=563
 compilation: enabled

Compilation events (10 events):
Event: 10560.580 Thread 0x00007feaba00c000 9308       4       apple.laf.JRSUIState$ScrollBarState::apply (28 bytes)
Event: 10560.584 Thread 0x00007feaba00c000 nmethod 9308 0x00000001080ecd10 code [0x00000001080ecea0, 0x00000001080ed128]
Event: 10562.663 Thread 0x00007feabb03d800 9309 %s!   4       sun.java2d.opengl.OGLRenderQueue$QueueFlusher::run @ 2 (234 bytes)
Event: 10562.739 Thread 0x00007feabb03d800 nmethod 9309% 0x00000001099ea210 code [0x00000001099ea560, 0x00000001099ec138]
Event: 10574.538 Thread 0x00007feaba00c800 9310       3       org.netbeans.modules.sampler.Sampler::updateStats (98 bytes)
Event: 10574.539 Thread 0x00007feaba00c800 nmethod 9310 0x000000010836d210 code [0x000000010836d3a0, 0x000000010836d690]
Event: 10574.661 Thread 0x00007feaba00c800 9311       1       java.util.TaskQueue::getMin (7 bytes)
Event: 10574.662 Thread 0x00007feaba00c800 nmethod 9311 0x000000010870cb90 code [0x000000010870cce0, 0x000000010870ce10]
Event: 10574.760 Thread 0x00007feaba801000 9312       4       javax.swing.GroupLayout$SequentialGroup::setValidSizeNotPreferred (371 bytes)
Event: 10574.828 Thread 0x00007feaba801000 nmethod 9312 0x0000000108cbddd0 code [0x0000000108cbe0a0, 0x0000000108cbfc70]

GC Heap History (10 events):
Event: 10572.400 GC heap before
{Heap before GC invocations=582 (full 6):
 PSYoungGen      total 1390592K, used 1390287K [0x000000076ab00000, 0x00000007bff00000, 0x00000007c0000000)
  eden space 1387520K, 100% used [0x000000076ab00000,0x00000007bf600000,0x00000007bf600000)
  from space 3072K, 90% used [0x00000007bf600000,0x00000007bf8b3ec0,0x00000007bf900000)
  to   space 4608K, 0% used [0x00000007bfa80000,0x00000007bfa80000,0x00000007bff00000)
 ParOldGen       total 561664K, used 519384K [0x00000006c0000000, 0x00000006e2480000, 0x000000076ab00000)
  object space 561664K, 92% used [0x00000006c0000000,0x00000006dfb362a0,0x00000006e2480000)
 Metaspace       used 36134K, capacity 37790K, committed 38064K, reserved 1083392K
  class space    used 4311K, capacity 4784K, committed 4784K, reserved 1048576K
Event: 10572.410 GC heap after
Heap after GC invocations=582 (full 6):
 PSYoungGen      total 1392128K, used 2850K [0x000000076ab00000, 0x00000007c0000000, 0x00000007c0000000)
  eden space 1387520K, 0% used [0x000000076ab00000,0x000000076ab00000,0x00000007bf600000)
  from space 4608K, 61% used [0x00000007bfa80000,0x00000007bfd489e0,0x00000007bff00000)
  to   space 4608K, 0% used [0x00000007bf600000,0x00000007bf600000,0x00000007bfa80000)
 ParOldGen       total 561664K, used 519946K [0x00000006c0000000, 0x00000006e2480000, 0x000000076ab00000)
  object space 561664K, 92% used [0x00000006c0000000,0x00000006dfbc2a30,0x00000006e2480000)
 Metaspace       used 36134K, capacity 37790K, committed 38064K, reserved 1083392K
  class space    used 4311K, capacity 4784K, committed 4784K, reserved 1048576K
}
Event: 10573.085 GC heap before
{Heap before GC invocations=583 (full 6):
 PSYoungGen      total 1392128K, used 1390370K [0x000000076ab00000, 0x00000007c0000000, 0x00000007c0000000)
  eden space 1387520K, 100% used [0x000000076ab00000,0x00000007bf600000,0x00000007bf600000)
  from space 4608K, 61% used [0x00000007bfa80000,0x00000007bfd489e0,0x00000007bff00000)
  to   space 4608K, 0% used [0x00000007bf600000,0x00000007bf600000,0x00000007bfa80000)
 ParOldGen       total 561664K, used 519946K [0x00000006c0000000, 0x00000006e2480000, 0x000000076ab00000)
  object space 561664K, 92% used [0x00000006c0000000,0x00000006dfbc2a30,0x00000006e2480000)
 Metaspace       used 36134K, capacity 37790K, committed 38064K, reserved 1083392K
  class space    used 4311K, capacity 4784K, committed 4784K, reserved 1048576K
Event: 10573.093 GC heap after
Heap after GC invocations=583 (full 6):
 PSYoungGen      total 1392128K, used 2675K [0x000000076ab00000, 0x00000007c0000000, 0x00000007c0000000)
  eden space 1387520K, 0% used [0x000000076ab00000,0x000000076ab00000,0x00000007bf600000)
  from space 4608K, 58% used [0x00000007bf600000,0x00000007bf89cd90,0x00000007bfa80000)
  to   space 4608K, 0% used [0x00000007bfb80000,0x00000007bfb80000,0x00000007c0000000)
 ParOldGen       total 561664K, used 520900K [0x00000006c0000000, 0x00000006e2480000, 0x000000076ab00000)
  object space 561664K, 92% used [0x00000006c0000000,0x00000006dfcb1340,0x00000006e2480000)
 Metaspace       used 36134K, capacity 37790K, committed 38064K, reserved 1083392K
  class space    used 4311K, capacity 4784K, committed 4784K, reserved 1048576K
}
Event: 10573.848 GC heap before
{Heap before GC invocations=584 (full 6):
 PSYoungGen      total 1392128K, used 1390195K [0x000000076ab00000, 0x00000007c0000000, 0x00000007c0000000)
  eden space 1387520K, 100% used [0x000000076ab00000,0x00000007bf600000,0x00000007bf600000)
  from space 4608K, 58% used [0x00000007bf600000,0x00000007bf89cd90,0x00000007bfa80000)
  to   space 4608K, 0% used [0x00000007bfb80000,0x00000007bfb80000,0x00000007c0000000)
 ParOldGen       total 561664K, used 520900K [0x00000006c0000000, 0x00000006e2480000, 0x000000076ab00000)
  object space 561664K, 92% used [0x00000006c0000000,0x00000006dfcb1340,0x00000006e2480000)
 Metaspace       used 36134K, capacity 37790K, committed 38064K, reserved 1083392K
  class space    used 4311K, capacity 4784K, committed 4784K, reserved 1048576K
Event: 10573.856 GC heap after
Heap after GC invocations=584 (full 6):
 PSYoungGen      total 1392128K, used 624K [0x000000076ab00000, 0x00000007c0000000, 0x00000007c0000000)
  eden space 1387520K, 0% used [0x000000076ab00000,0x000000076ab00000,0x00000007bf600000)
  from space 4608K, 13% used [0x00000007bfb80000,0x00000007bfc1c2d0,0x00000007c0000000)
  to   space 5120K, 0% used [0x00000007bf600000,0x00000007bf600000,0x00000007bfb00000)
 ParOldGen       total 561664K, used 523514K [0x00000006c0000000, 0x00000006e2480000, 0x000000076ab00000)
  object space 561664K, 93% used [0x00000006c0000000,0x00000006dff3e820,0x00000006e2480000)
 Metaspace       used 36134K, capacity 37790K, committed 38064K, reserved 1083392K
  class space    used 4311K, capacity 4784K, committed 4784K, reserved 1048576K
}
Event: 10574.650 GC heap before
{Heap before GC invocations=585 (full 6):
 PSYoungGen      total 1392128K, used 1388144K [0x000000076ab00000, 0x00000007c0000000, 0x00000007c0000000)
  eden space 1387520K, 100% used [0x000000076ab00000,0x00000007bf600000,0x00000007bf600000)
  from space 4608K, 13% used [0x00000007bfb80000,0x00000007bfc1c2d0,0x00000007c0000000)
  to   space 5120K, 0% used [0x00000007bf600000,0x00000007bf600000,0x00000007bfb00000)
 ParOldGen       total 561664K, used 523514K [0x00000006c0000000, 0x00000006e2480000, 0x000000076ab00000)
  object space 561664K, 93% used [0x00000006c0000000,0x00000006dff3e820,0x00000006e2480000)
 Metaspace       used 36134K, capacity 37790K, committed 38064K, reserved 1083392K
  class space    used 4311K, capacity 4784K, committed 4784K, reserved 1048576K
Event: 10574.658 GC heap after
Heap after GC invocations=585 (full 6):
 PSYoungGen      total 1392640K, used 3899K [0x000000076ab00000, 0x00000007c0000000, 0x00000007c0000000)
  eden space 1387520K, 0% used [0x000000076ab00000,0x000000076ab00000,0x00000007bf600000)
  from space 5120K, 76% used [0x00000007bf600000,0x00000007bf9cefa0,0x00000007bfb00000)
  to   space 5120K, 0% used [0x00000007bfb00000,0x00000007bfb00000,0x00000007c0000000)
 ParOldGen       total 561664K, used 523970K [0x00000006c0000000, 0x00000006e2480000, 0x000000076ab00000)
  object space 561664K, 93% used [0x00000006c0000000,0x00000006dffb0820,0x00000006e2480000)
 Metaspace       used 36134K, capacity 37790K, committed 38064K, reserved 1083392K
  class space    used 4311K, capacity 4784K, committed 4784K, reserved 1048576K
}
Event: 10575.425 GC heap before
{Heap before GC invocations=586 (full 6):
 PSYoungGen      total 1392640K, used 1391419K [0x000000076ab00000, 0x00000007c0000000, 0x00000007c0000000)
  eden space 1387520K, 100% used [0x000000076ab00000,0x00000007bf600000,0x00000007bf600000)
  from space 5120K, 76% used [0x00000007bf600000,0x00000007bf9cefa0,0x00000007bfb00000)
  to   space 5120K, 0% used [0x00000007bfb00000,0x00000007bfb00000,0x00000007c0000000)
 ParOldGen       total 561664K, used 523970K [0x00000006c0000000, 0x00000006e2480000, 0x000000076ab00000)
  object space 561664K, 93% used [0x00000006c0000000,0x00000006dffb0820,0x00000006e2480000)
 Metaspace       used 36134K, capacity 37790K, committed 38064K, reserved 1083392K
  class space    used 4311K, capacity 4784K, committed 4784K, reserved 1048576K
Event: 10575.435 GC heap after
Heap after GC invocations=586 (full 6):
 PSYoungGen      total 1392640K, used 1847K [0x000000076ab00000, 0x00000007c0000000, 0x00000007c0000000)
  eden space 1387520K, 0% used [0x000000076ab00000,0x000000076ab00000,0x00000007bf600000)
  from space 5120K, 36% used [0x00000007bfb00000,0x00000007bfccdc28,0x00000007c0000000)
  to   space 5120K, 0% used [0x00000007bf600000,0x00000007bf600000,0x00000007bfb00000)
 ParOldGen       total 561664K, used 526820K [0x00000006c0000000, 0x00000006e2480000, 0x000000076ab00000)
  object space 561664K, 93% used [0x00000006c0000000,0x00000006e0279010,0x00000006e2480000)
 Metaspace       used 36134K, capacity 37790K, committed 38064K, reserved 1083392K
  class space    used 4311K, capacity 4784K, committed 4784K, reserved 1048576K
}

Deoptimization events (10 events):
Event: 8692.736 Thread 0x00007feac69c4800 Uncommon trap: reason=unstable_if action=reinterpret pc=0x0000000109044260 method=java.lang.Long.getChars(JI[C)V @ 94
Event: 8693.645 Thread 0x00007feac69c4800 Uncommon trap: reason=unstable_if action=reinterpret pc=0x0000000108c30558 method=java.lang.Long.getChars(JI[C)V @ 94
Event: 8694.545 Thread 0x00007feac69c4800 Uncommon trap: reason=unstable_if action=reinterpret pc=0x0000000108c41640 method=java.lang.Long.getChars(JI[C)V @ 94
Event: 8702.661 Thread 0x00007feabaa2d000 Uncommon trap: reason=unstable_if action=reinterpret pc=0x00000001093e8a14 method=java.lang.StackTraceElement.equals(Ljava/lang/Object;)Z @ 32
Event: 8702.674 Thread 0x00007feabaa2d000 Uncommon trap: reason=unstable_if action=reinterpret pc=0x00000001085f3244 method=java.lang.StackTraceElement.equals(Ljava/lang/Object;)Z @ 32
Event: 8715.317 Thread 0x00007feabb253800 Uncommon trap: reason=unstable_if action=reinterpret pc=0x0000000108c53834 method=sun.java2d.opengl.OGLRenderQueue$QueueFlusher.run()V @ 47
Event: 8795.191 Thread 0x00007feabaa2d000 Uncommon trap: reason=unstable_if action=reinterpret pc=0x0000000108972c58 method=java.lang.StackTraceElement.equals(Ljava/lang/Object;)Z @ 57
Event: 9460.101 Thread 0x00007feab9992800 Uncommon trap: reason=unstable_if action=reinterpret pc=0x0000000108fb9958 method=java.lang.ThreadGroup.add(Ljava/lang/Thread;)V @ 46
Event: 9756.657 Thread 0x00007feab9992800 Uncommon trap: reason=unstable_if action=reinterpret pc=0x0000000108c918a8 method=sun.java2d.pipe.BufferedTextPipe.enqueueGlyphList(Lsun/java2d/SunGraphics2D;Lsun/font/GlyphList;)V @ 99
Event: 9931.921 Thread 0x00007feab9992800 Uncommon trap: reason=unstable_if action=reinterpret pc=0x0000000109053c4c method=java.awt.Rectangle.setRect(DDDD)V @ 90

Internal exceptions (10 events):
Event: 10355.641 Thread 0x00007feab9992800 Exception <a 'net/sf/clipsrules/jni/CLIPSError'> (0x00000007a8e73f08) thrown at [/Users/java_re/workspace/8-2-build-macosx-x86_64/jdk8u91/6644/hotspot/src/share/vm/prims/jni.cpp, line 709]
Event: 10355.647 Thread 0x00007feab9992800 Exception <a 'net/sf/clipsrules/jni/CLIPSError'> (0x00000007a8f88a70) thrown at [/Users/java_re/workspace/8-2-build-macosx-x86_64/jdk8u91/6644/hotspot/src/share/vm/prims/jni.cpp, line 709]
Event: 10355.648 Thread 0x00007feab9992800 Exception <a 'net/sf/clipsrules/jni/CLIPSError'> (0x00000007a90a13d8) thrown at [/Users/java_re/workspace/8-2-build-macosx-x86_64/jdk8u91/6644/hotspot/src/share/vm/prims/jni.cpp, line 709]
Event: 10355.650 Thread 0x00007feab9992800 Exception <a 'net/sf/clipsrules/jni/CLIPSError'> (0x00000007a91bcdd8) thrown at [/Users/java_re/workspace/8-2-build-macosx-x86_64/jdk8u91/6644/hotspot/src/share/vm/prims/jni.cpp, line 709]
Event: 10516.299 Thread 0x00007feab9992800 Exception <a 'net/sf/clipsrules/jni/CLIPSError'> (0x00000007807cee58) thrown at [/Users/java_re/workspace/8-2-build-macosx-x86_64/jdk8u91/6644/hotspot/src/share/vm/prims/jni.cpp, line 709]
Event: 10516.300 Thread 0x00007feab9992800 Exception <a 'net/sf/clipsrules/jni/CLIPSError'> (0x00000007807d1310) thrown at [/Users/java_re/workspace/8-2-build-macosx-x86_64/jdk8u91/6644/hotspot/src/share/vm/prims/jni.cpp, line 709]
Event: 10516.317 Thread 0x00007feab9992800 Exception <a 'net/sf/clipsrules/jni/CLIPSError'> (0x0000000780888230) thrown at [/Users/java_re/workspace/8-2-build-macosx-x86_64/jdk8u91/6644/hotspot/src/share/vm/prims/jni.cpp, line 709]
Event: 10516.323 Thread 0x00007feab9992800 Exception <a 'net/sf/clipsrules/jni/CLIPSError'> (0x000000078093f190) thrown at [/Users/java_re/workspace/8-2-build-macosx-x86_64/jdk8u91/6644/hotspot/src/share/vm/prims/jni.cpp, line 709]
Event: 10516.324 Thread 0x00007feab9992800 Exception <a 'net/sf/clipsrules/jni/CLIPSError'> (0x00000007809fa3d0) thrown at [/Users/java_re/workspace/8-2-build-macosx-x86_64/jdk8u91/6644/hotspot/src/share/vm/prims/jni.cpp, line 709]
Event: 10516.325 Thread 0x00007feab9992800 Exception <a 'net/sf/clipsrules/jni/CLIPSError'> (0x0000000780ab9dc0) thrown at [/Users/java_re/workspace/8-2-build-macosx-x86_64/jdk8u91/6644/hotspot/src/share/vm/prims/jni.cpp, line 709]

Events (10 events):
Event: 10574.935 Thread 0x00007feac6ab6000 Thread exited: 0x00007feac6ab6000
Event: 10574.952 Thread 0x00007feac6ab6000 Thread added: 0x00007feac6ab6000
Event: 10574.953 Thread 0x00007feac6ab6000 Thread exited: 0x00007feac6ab6000
Event: 10575.262 Thread 0x00007feac6ab6000 Thread added: 0x00007feac6ab6000
Event: 10575.268 Thread 0x00007feac6ab6000 Thread exited: 0x00007feac6ab6000
Event: 10575.339 Thread 0x00007feac6ab6000 Thread added: 0x00007feac6ab6000
Event: 10575.344 Thread 0x00007feac6ab6000 Thread exited: 0x00007feac6ab6000
Event: 10575.425 Executing VM operation: ParallelGCFailedAllocation
Event: 10575.435 Executing VM operation: ParallelGCFailedAllocation done
Event: 10575.509 Thread 0x00007feab991d800 Thread added: 0x00007feab991d800


Dynamic libraries:
0x0000000004efb000 	/System/Library/Frameworks/Cocoa.framework/Versions/A/Cocoa
0x0000000004efb000 	/System/Library/Frameworks/Security.framework/Versions/A/Security
0x0000000004efb000 	/System/Library/Frameworks/ApplicationServices.framework/Versions/A/ApplicationServices
0x0000000004efb000 	/usr/lib/libz.1.dylib
0x0000000004efb000 	/usr/lib/libSystem.B.dylib
0x0000000004efb000 	/usr/lib/libobjc.A.dylib
0x0000000004efb000 	/System/Library/Frameworks/CoreFoundation.framework/Versions/A/CoreFoundation
0x0000000004efb000 	/System/Library/Frameworks/Foundation.framework/Versions/C/Foundation
0x0000000004efb000 	/System/Library/Frameworks/AppKit.framework/Versions/C/AppKit
0x0000000004efb000 	/System/Library/Frameworks/CoreData.framework/Versions/A/CoreData
0x0000000004efb000 	/System/Library/PrivateFrameworks/RemoteViewServices.framework/Versions/A/RemoteViewServices
0x0000000004efb000 	/System/Library/PrivateFrameworks/UIFoundation.framework/Versions/A/UIFoundation
0x0000000004efb000 	/usr/lib/libScreenReader.dylib
0x0000000004efb000 	/System/Library/Frameworks/Accelerate.framework/Versions/A/Accelerate
0x0000000004efb000 	/System/Library/Frameworks/IOSurface.framework/Versions/A/IOSurface
0x0000000004efb000 	/System/Library/Frameworks/AudioToolbox.framework/Versions/A/AudioToolbox
0x0000000004efb000 	/System/Library/Frameworks/AudioUnit.framework/Versions/A/AudioUnit
0x0000000004efb000 	/System/Library/PrivateFrameworks/DataDetectorsCore.framework/Versions/A/DataDetectorsCore
0x0000000004efb000 	/System/Library/PrivateFrameworks/DesktopServicesPriv.framework/Versions/A/DesktopServicesPriv
0x0000000004efb000 	/System/Library/Frameworks/Carbon.framework/Versions/A/Frameworks/HIToolbox.framework/Versions/A/HIToolbox
0x0000000004efb000 	/System/Library/Frameworks/QuartzCore.framework/Versions/A/QuartzCore
0x0000000004efb000 	/System/Library/Frameworks/Carbon.framework/Versions/A/Frameworks/SpeechRecognition.framework/Versions/A/SpeechRecognition
0x0000000004efb000 	/usr/lib/libauto.dylib
0x0000000004efb000 	/usr/lib/libicucore.A.dylib
0x0000000004efb000 	/usr/lib/libxml2.2.dylib
0x0000000004efb000 	/System/Library/PrivateFrameworks/CoreUI.framework/Versions/A/CoreUI
0x0000000004efb000 	/System/Library/Frameworks/CoreAudio.framework/Versions/A/CoreAudio
0x0000000004efb000 	/System/Library/Frameworks/DiskArbitration.framework/Versions/A/DiskArbitration
0x0000000004efb000 	/usr/lib/liblangid.dylib
0x0000000004efb000 	/System/Library/PrivateFrameworks/MultitouchSupport.framework/Versions/A/MultitouchSupport
0x0000000004efb000 	/System/Library/Frameworks/IOKit.framework/Versions/A/IOKit
0x0000000004efb000 	/usr/lib/libDiagnosticMessagesClient.dylib
0x0000000004efb000 	/System/Library/Frameworks/CoreServices.framework/Versions/A/CoreServices
0x0000000004efb000 	/System/Library/PrivateFrameworks/PerformanceAnalysis.framework/Versions/A/PerformanceAnalysis
0x0000000004efb000 	/System/Library/PrivateFrameworks/GenerationalStorage.framework/Versions/A/GenerationalStorage
0x0000000004efb000 	/System/Library/Frameworks/OpenGL.framework/Versions/A/OpenGL
0x0000000004efb000 	/System/Library/PrivateFrameworks/Sharing.framework/Versions/A/Sharing
0x0000000004efb000 	/System/Library/Frameworks/CoreGraphics.framework/Versions/A/CoreGraphics
0x0000000004efb000 	/System/Library/Frameworks/CoreImage.framework/Versions/A/CoreImage
0x0000000004efb000 	/System/Library/Frameworks/CoreText.framework/Versions/A/CoreText
0x0000000004efb000 	/System/Library/Frameworks/ImageIO.framework/Versions/A/ImageIO
0x0000000004efb000 	/System/Library/PrivateFrameworks/Backup.framework/Versions/A/Backup
0x0000000004efb000 	/usr/lib/libextension.dylib
0x0000000004efb000 	/usr/lib/libarchive.2.dylib
0x0000000004efb000 	/System/Library/Frameworks/CFNetwork.framework/Versions/A/CFNetwork
0x0000000004efb000 	/System/Library/Frameworks/SystemConfiguration.framework/Versions/A/SystemConfiguration
0x0000000004efb000 	/usr/lib/libCRFSuite.dylib
0x0000000004efb000 	/usr/lib/libc++.1.dylib
0x0000000004efb000 	/usr/lib/libc++abi.dylib
0x0000000004efb000 	/usr/lib/system/libcache.dylib
0x0000000004efb000 	/usr/lib/system/libcommonCrypto.dylib
0x0000000004efb000 	/usr/lib/system/libcompiler_rt.dylib
0x0000000004efb000 	/usr/lib/system/libcopyfile.dylib
0x0000000004efb000 	/usr/lib/system/libcorecrypto.dylib
0x0000000004efb000 	/usr/lib/system/libdispatch.dylib
0x0000000004efb000 	/usr/lib/system/libdyld.dylib
0x0000000004efb000 	/usr/lib/system/libkeymgr.dylib
0x0000000004efb000 	/usr/lib/system/liblaunch.dylib
0x0000000004efb000 	/usr/lib/system/libmacho.dylib
0x0000000004efb000 	/usr/lib/system/libquarantine.dylib
0x0000000004efb000 	/usr/lib/system/libremovefile.dylib
0x0000000004efb000 	/usr/lib/system/libsystem_asl.dylib
0x0000000004efb000 	/usr/lib/system/libsystem_blocks.dylib
0x0000000004efb000 	/usr/lib/system/libsystem_c.dylib
0x0000000004efb000 	/usr/lib/system/libsystem_configuration.dylib
0x0000000004efb000 	/usr/lib/system/libsystem_coreservices.dylib
0x0000000004efb000 	/usr/lib/system/libsystem_coretls.dylib
0x0000000004efb000 	/usr/lib/system/libsystem_dnssd.dylib
0x0000000004efb000 	/usr/lib/system/libsystem_info.dylib
0x0000000004efb000 	/usr/lib/system/libsystem_kernel.dylib
0x0000000004efb000 	/usr/lib/system/libsystem_m.dylib
0x0000000004efb000 	/usr/lib/system/libsystem_malloc.dylib
0x0000000004efb000 	/usr/lib/system/libsystem_network.dylib
0x0000000004efb000 	/usr/lib/system/libsystem_networkextension.dylib
0x0000000004efb000 	/usr/lib/system/libsystem_notify.dylib
0x0000000004efb000 	/usr/lib/system/libsystem_platform.dylib
0x0000000004efb000 	/usr/lib/system/libsystem_pthread.dylib
0x0000000004efb000 	/usr/lib/system/libsystem_sandbox.dylib
0x0000000004efb000 	/usr/lib/system/libsystem_secinit.dylib
0x0000000004efb000 	/usr/lib/system/libsystem_trace.dylib
0x0000000004efb000 	/usr/lib/system/libunc.dylib
0x0000000004efb000 	/usr/lib/system/libunwind.dylib
0x0000000004efb000 	/usr/lib/system/libxpc.dylib
0x0000000004efb000 	/usr/lib/libenergytrace.dylib
0x0000000004efb000 	/usr/lib/libbsm.0.dylib
0x0000000004efb000 	/usr/lib/system/libkxld.dylib
0x0000000004efb000 	/usr/lib/libxar.1.dylib
0x0000000004efb000 	/usr/lib/libsqlite3.dylib
0x0000000004efb000 	/usr/lib/libpam.2.dylib
0x0000000004efb000 	/usr/lib/libOpenScriptingUtil.dylib
0x0000000004efb000 	/usr/lib/libbz2.1.0.dylib
0x0000000004efb000 	/usr/lib/liblzma.5.dylib
0x0000000004efb000 	/System/Library/Frameworks/CoreServices.framework/Versions/A/Frameworks/FSEvents.framework/Versions/A/FSEvents
0x0000000004efb000 	/System/Library/Frameworks/CoreServices.framework/Versions/A/Frameworks/CarbonCore.framework/Versions/A/CarbonCore
0x0000000004efb000 	/System/Library/Frameworks/CoreServices.framework/Versions/A/Frameworks/Metadata.framework/Versions/A/Metadata
0x0000000004efb000 	/System/Library/Frameworks/CoreServices.framework/Versions/A/Frameworks/OSServices.framework/Versions/A/OSServices
0x0000000004efb000 	/System/Library/Frameworks/CoreServices.framework/Versions/A/Frameworks/SearchKit.framework/Versions/A/SearchKit
0x0000000004efb000 	/System/Library/Frameworks/CoreServices.framework/Versions/A/Frameworks/AE.framework/Versions/A/AE
0x0000000004efb000 	/System/Library/Frameworks/CoreServices.framework/Versions/A/Frameworks/LaunchServices.framework/Versions/A/LaunchServices
0x0000000004efb000 	/System/Library/Frameworks/CoreServices.framework/Versions/A/Frameworks/DictionaryServices.framework/Versions/A/DictionaryServices
0x0000000004efb000 	/System/Library/Frameworks/CoreServices.framework/Versions/A/Frameworks/SharedFileList.framework/Versions/A/SharedFileList
0x0000000004efb000 	/System/Library/Frameworks/NetFS.framework/Versions/A/NetFS
0x0000000004efb000 	/System/Library/PrivateFrameworks/NetAuth.framework/Versions/A/NetAuth
0x0000000004efb000 	/System/Library/PrivateFrameworks/login.framework/Versions/A/Frameworks/loginsupport.framework/Versions/A/loginsupport
0x0000000004efb000 	/System/Library/PrivateFrameworks/TCC.framework/Versions/A/TCC
0x0000000004efb000 	/usr/lib/libmecabra.dylib
0x0000000004efb000 	/System/Library/Frameworks/ApplicationServices.framework/Versions/A/Frameworks/ATS.framework/Versions/A/ATS
0x0000000004efb000 	/System/Library/Frameworks/ApplicationServices.framework/Versions/A/Frameworks/ColorSync.framework/Versions/A/ColorSync
0x0000000004efb000 	/System/Library/Frameworks/ApplicationServices.framework/Versions/A/Frameworks/HIServices.framework/Versions/A/HIServices
0x0000000004efb000 	/System/Library/Frameworks/ApplicationServices.framework/Versions/A/Frameworks/LangAnalysis.framework/Versions/A/LangAnalysis
0x0000000004efb000 	/System/Library/Frameworks/ApplicationServices.framework/Versions/A/Frameworks/PrintCore.framework/Versions/A/PrintCore
0x0000000004efb000 	/System/Library/Frameworks/ApplicationServices.framework/Versions/A/Frameworks/QD.framework/Versions/A/QD
0x0000000004efb000 	/System/Library/Frameworks/ApplicationServices.framework/Versions/A/Frameworks/SpeechSynthesis.framework/Versions/A/SpeechSynthesis
0x0000000004efb000 	/System/Library/Frameworks/Metal.framework/Versions/A/Metal
0x0000000004efb000 	/System/Library/Frameworks/Accelerate.framework/Versions/A/Frameworks/vImage.framework/Versions/A/vImage
0x0000000004efb000 	/System/Library/Frameworks/Accelerate.framework/Versions/A/Frameworks/vecLib.framework/Versions/A/vecLib
0x0000000004efb000 	/System/Library/Frameworks/Accelerate.framework/Versions/A/Frameworks/vecLib.framework/Versions/A/libvDSP.dylib
0x0000000004efb000 	/System/Library/Frameworks/Accelerate.framework/Versions/A/Frameworks/vecLib.framework/Versions/A/libvMisc.dylib
0x0000000004efb000 	/System/Library/Frameworks/Accelerate.framework/Versions/A/Frameworks/vecLib.framework/Versions/A/libLAPACK.dylib
0x0000000004efb000 	/System/Library/Frameworks/Accelerate.framework/Versions/A/Frameworks/vecLib.framework/Versions/A/libBLAS.dylib
0x0000000004efb000 	/System/Library/Frameworks/Accelerate.framework/Versions/A/Frameworks/vecLib.framework/Versions/A/libLinearAlgebra.dylib
0x0000000004efb000 	/System/Library/Frameworks/Accelerate.framework/Versions/A/Frameworks/vecLib.framework/Versions/A/libSparseBLAS.dylib
0x0000000004efb000 	/System/Library/PrivateFrameworks/GPUCompiler.framework/libmetal_timestamp.dylib
0x0000000004efb000 	/System/Library/Frameworks/OpenGL.framework/Versions/A/Libraries/libCoreFSCache.dylib
0x0000000004efb000 	/System/Library/PrivateFrameworks/IOAccelerator.framework/Versions/A/IOAccelerator
0x0000000004efb000 	/System/Library/Frameworks/ApplicationServices.framework/Versions/A/Frameworks/ATS.framework/Versions/A/Resources/libFontParser.dylib
0x0000000004efb000 	/System/Library/Frameworks/ApplicationServices.framework/Versions/A/Frameworks/ATS.framework/Versions/A/Resources/libFontRegistry.dylib
0x0000000004efb000 	/System/Library/PrivateFrameworks/AppleVPA.framework/Versions/A/AppleVPA
0x0000000004efb000 	/System/Library/PrivateFrameworks/AppleJPEG.framework/Versions/A/AppleJPEG
0x0000000004efb000 	/System/Library/Frameworks/ImageIO.framework/Versions/A/Resources/libJPEG.dylib
0x0000000004efb000 	/System/Library/Frameworks/ImageIO.framework/Versions/A/Resources/libTIFF.dylib
0x0000000004efb000 	/System/Library/Frameworks/ImageIO.framework/Versions/A/Resources/libPng.dylib
0x0000000004efb000 	/System/Library/Frameworks/ImageIO.framework/Versions/A/Resources/libGIF.dylib
0x0000000004efb000 	/System/Library/Frameworks/ImageIO.framework/Versions/A/Resources/libJP2.dylib
0x0000000004efb000 	/System/Library/Frameworks/ImageIO.framework/Versions/A/Resources/libRadiance.dylib
0x0000000004efb000 	/System/Library/Frameworks/CoreVideo.framework/Versions/A/CoreVideo
0x0000000004efb000 	/System/Library/Frameworks/OpenGL.framework/Versions/A/Libraries/libGLU.dylib
0x0000000004efb000 	/System/Library/Frameworks/OpenGL.framework/Versions/A/Libraries/libGFXShared.dylib
0x0000000004efb000 	/System/Library/Frameworks/OpenGL.framework/Versions/A/Libraries/libGL.dylib
0x0000000004efb000 	/System/Library/Frameworks/OpenGL.framework/Versions/A/Libraries/libGLImage.dylib
0x0000000004efb000 	/System/Library/Frameworks/OpenGL.framework/Versions/A/Libraries/libCVMSPluginSupport.dylib
0x0000000004efb000 	/System/Library/Frameworks/OpenGL.framework/Versions/A/Libraries/libCoreVMClient.dylib
0x0000000004efb000 	/usr/lib/libcompression.dylib
0x0000000004efb000 	/usr/lib/libcups.2.dylib
0x0000000004efb000 	/System/Library/Frameworks/Kerberos.framework/Versions/A/Kerberos
0x0000000004efb000 	/System/Library/Frameworks/GSS.framework/Versions/A/GSS
0x0000000004efb000 	/usr/lib/libresolv.9.dylib
0x0000000004efb000 	/usr/lib/libiconv.2.dylib
0x0000000004efb000 	/System/Library/PrivateFrameworks/Heimdal.framework/Versions/A/Heimdal
0x0000000004efb000 	/usr/lib/libheimdal-asn1.dylib
0x0000000004efb000 	/System/Library/Frameworks/OpenDirectory.framework/Versions/A/OpenDirectory
0x0000000004efb000 	/System/Library/PrivateFrameworks/CommonAuth.framework/Versions/A/CommonAuth
0x0000000004efb000 	/System/Library/Frameworks/OpenDirectory.framework/Versions/A/Frameworks/CFOpenDirectory.framework/Versions/A/CFOpenDirectory
0x0000000004efb000 	/System/Library/Frameworks/SecurityFoundation.framework/Versions/A/SecurityFoundation
0x0000000004efb000 	/System/Library/PrivateFrameworks/LanguageModeling.framework/Versions/A/LanguageModeling
0x0000000004efb000 	/usr/lib/libmarisa.dylib
0x0000000004efb000 	/usr/lib/libChineseTokenizer.dylib
0x0000000004efb000 	/usr/lib/libcmph.dylib
0x0000000004efb000 	/System/Library/Frameworks/ServiceManagement.framework/Versions/A/ServiceManagement
0x0000000004efb000 	/usr/lib/libxslt.1.dylib
0x0000000004efb000 	/System/Library/Frameworks/Carbon.framework/Versions/A/Frameworks/Ink.framework/Versions/A/Ink
0x0000000004efb000 	/usr/lib/libFosl_dynamic.dylib
0x0000000004efb000 	/System/Library/PrivateFrameworks/FaceCore.framework/Versions/A/FaceCore
0x0000000004efb000 	/System/Library/Frameworks/OpenCL.framework/Versions/A/OpenCL
0x0000000004efb000 	/System/Library/PrivateFrameworks/CrashReporterSupport.framework/Versions/A/CrashReporterSupport
0x0000000004efb000 	/System/Library/PrivateFrameworks/IconServices.framework/Versions/A/IconServices
0x0000000004efb000 	/System/Library/PrivateFrameworks/Apple80211.framework/Versions/A/Apple80211
0x0000000004efb000 	/System/Library/Frameworks/CoreWLAN.framework/Versions/A/CoreWLAN
0x0000000004efb000 	/System/Library/Frameworks/IOBluetooth.framework/Versions/A/IOBluetooth
0x0000000004efb000 	/System/Library/PrivateFrameworks/CoreWiFi.framework/Versions/A/CoreWiFi
0x0000000004efb000 	/System/Library/Frameworks/CoreBluetooth.framework/Versions/A/CoreBluetooth
0x0000000004efb000 	/System/Library/PrivateFrameworks/ChunkingLibrary.framework/Versions/A/ChunkingLibrary
0x0000000004efb000 	/System/Library/PrivateFrameworks/DebugSymbols.framework/Versions/A/DebugSymbols
0x0000000004efb000 	/System/Library/PrivateFrameworks/CoreSymbolication.framework/Versions/A/CoreSymbolication
0x0000000004efb000 	/System/Library/PrivateFrameworks/Symbolication.framework/Versions/A/Symbolication
0x0000000004efb000 	/System/Library/PrivateFrameworks/SpeechRecognitionCore.framework/Versions/A/SpeechRecognitionCore
0x0000000107000000 	/Library/Java/JavaVirtualMachines/jdk1.8.0_91.jdk/Contents/Home/jre/lib/server/libjvm.dylib
0x0000000004efb000 	/usr/lib/libstdc++.6.dylib
0x0000000105f66000 	/Library/Java/JavaVirtualMachines/jdk1.8.0_91.jdk/Contents/Home/jre/lib/libverify.dylib
0x0000000105f74000 	/Library/Java/JavaVirtualMachines/jdk1.8.0_91.jdk/Contents/Home/jre/lib/libjava.dylib
0x0000000105fb3000 	/Library/Java/JavaVirtualMachines/jdk1.8.0_91.jdk/Contents/Home/jre/lib/libzip.dylib
0x0000000105fe5000 	/System/Library/Frameworks/JavaVM.framework/Frameworks/JavaRuntimeSupport.framework/JavaRuntimeSupport
0x0000000123021000 	/System/Library/Frameworks/JavaVM.framework/Versions/A/Frameworks/JavaNativeFoundation.framework/Versions/A/JavaNativeFoundation
0x0000000123036000 	/System/Library/Frameworks/JavaVM.framework/Versions/A/JavaVM
0x0000000004efb000 	/System/Library/Frameworks/Carbon.framework/Versions/A/Carbon
0x0000000123043000 	/System/Library/PrivateFrameworks/JavaLaunching.framework/Versions/A/JavaLaunching
0x0000000004efb000 	/System/Library/Frameworks/Carbon.framework/Versions/A/Frameworks/CommonPanels.framework/Versions/A/CommonPanels
0x0000000004efb000 	/System/Library/Frameworks/Carbon.framework/Versions/A/Frameworks/Help.framework/Versions/A/Help
0x0000000004efb000 	/System/Library/Frameworks/Carbon.framework/Versions/A/Frameworks/ImageCapture.framework/Versions/A/ImageCapture
0x0000000004efb000 	/System/Library/Frameworks/Carbon.framework/Versions/A/Frameworks/OpenScripting.framework/Versions/A/OpenScripting
0x0000000004efb000 	/System/Library/Frameworks/Carbon.framework/Versions/A/Frameworks/Print.framework/Versions/A/Print
0x0000000004efb000 	/System/Library/Frameworks/Carbon.framework/Versions/A/Frameworks/SecurityHI.framework/Versions/A/SecurityHI
0x00000001249a3000 	/Library/Java/JavaVirtualMachines/jdk1.8.0_91.jdk/Contents/Home/jre/lib/libnio.dylib
0x00000001249b3000 	/Library/Java/JavaVirtualMachines/jdk1.8.0_91.jdk/Contents/Home/jre/lib/./libnet.dylib
0x0000000124b1a000 	/Library/Java/JavaVirtualMachines/jdk1.8.0_91.jdk/Contents/Home/jre/lib/libawt.dylib
0x0000000124bc2000 	/Library/Java/JavaVirtualMachines/jdk1.8.0_91.jdk/Contents/Home/jre/lib/./libmlib_image.dylib
0x0000000124c8e000 	/Library/Java/JavaVirtualMachines/jdk1.8.0_91.jdk/Contents/Home/jre/lib/libawt_lwawt.dylib
0x0000000124d43000 	/Library/Java/JavaVirtualMachines/jdk1.8.0_91.jdk/Contents/Home/jre/lib/./libosxapp.dylib
0x0000000004efb000 	/System/Library/Frameworks/ExceptionHandling.framework/Versions/A/ExceptionHandling
0x0000000004efb000 	/System/Library/PrivateFrameworks/CoreServicesInternal.framework/Versions/A/CoreServicesInternal
0x0000000004efb000 	/System/Library/Frameworks/CoreGraphics.framework/Versions/A/Resources/libRIP.A.dylib
0x0000000004efb000 	/System/Library/Frameworks/Accelerate.framework/Versions/A/Frameworks/vImage.framework/Versions/A/Libraries/libCGInterfaces.dylib
0x0000000004efb000 	/System/Library/Frameworks/CoreGraphics.framework/Versions/A/Resources/libCGXType.A.dylib
0x0000000004efb000 	/System/Library/Frameworks/OpenCL.framework/Versions/A/Libraries/libcldcpuengine.dylib
0x0000000004efb000 	/System/Library/PrivateFrameworks/DiskImages.framework/Versions/A/DiskImages
0x0000000004efb000 	/System/Library/Frameworks/DiscRecording.framework/Versions/A/DiscRecording
0x0000000004efb000 	/usr/lib/libcsfde.dylib
0x0000000004efb000 	/usr/lib/libcurl.4.dylib
0x0000000004efb000 	/System/Library/PrivateFrameworks/MediaKit.framework/Versions/A/MediaKit
0x0000000004efb000 	/System/Library/PrivateFrameworks/ProtectedCloudStorage.framework/Versions/A/ProtectedCloudStorage
0x0000000004efb000 	/usr/lib/libCoreStorage.dylib
0x0000000004efb000 	/System/Library/PrivateFrameworks/EFILogin.framework/Versions/A/EFILogin
0x0000000004efb000 	/usr/lib/libutil.dylib
0x0000000004efb000 	/System/Library/PrivateFrameworks/FindMyDevice.framework/Versions/A/FindMyDevice
0x0000000004efb000 	/System/Library/Frameworks/LDAP.framework/Versions/A/LDAP
0x0000000004efb000 	/usr/lib/libsasl2.2.dylib
0x0000000004efb000 	/System/Library/PrivateFrameworks/CoreDaemon.framework/Versions/B/CoreDaemon
0x0000000004efb000 	/usr/lib/libcrypto.0.9.8.dylib
0x0000000004efb000 	/System/Library/PrivateFrameworks/AppleSRP.framework/Versions/A/AppleSRP
0x0000000004efb000 	/System/Library/PrivateFrameworks/TrustEvaluationAgent.framework/Versions/A/TrustEvaluationAgent
0x0000000126c5a000 	cl_kernels
0x0000000004efb000 	/System/Library/Frameworks/OpenCL.framework/Versions/A/Libraries/ImageFormats/unorm8_bgra.dylib
0x0000000004efb000 	/System/Library/Frameworks/OpenCL.framework/Versions/A/Libraries/ImageFormats/unorm8_rgba.dylib
0x0000000004efb000 	/System/Library/PrivateFrameworks/FamilyControls.framework/Versions/A/FamilyControls
0x0000000004efb000 	/System/Library/PrivateFrameworks/CommerceKit.framework/Versions/A/Frameworks/CommerceCore.framework/Versions/A/CommerceCore
0x0000000004efb000 	/System/Library/PrivateFrameworks/SystemAdministration.framework/Versions/A/SystemAdministration
0x0000000004efb000 	/System/Library/PrivateFrameworks/AppContainer.framework/Versions/A/AppContainer
0x0000000004efb000 	/System/Library/PrivateFrameworks/SecCodeWrapper.framework/Versions/A/SecCodeWrapper
0x0000000004efb000 	/System/Library/Frameworks/DirectoryService.framework/Versions/A/DirectoryService
0x0000000004efb000 	/System/Library/PrivateFrameworks/LoginUIKit.framework/Versions/A/Frameworks/LoginUICore.framework/Versions/A/LoginUICore
0x0000000004efb000 	/usr/lib/libodfde.dylib
0x0000000004efb000 	/System/Library/Frameworks/OpenGL.framework/Versions/A/Resources/GLEngine.bundle/GLEngine
0x0000000004efb000 	/System/Library/Frameworks/OpenGL.framework/Versions/A/Libraries/libGLProgrammability.dylib
0x0000000127da8000 	/System/Library/Extensions/AppleIntelHD5000GraphicsGLDriver.bundle/Contents/MacOS/AppleIntelHD5000GraphicsGLDriver
0x0000000004efb000 	/System/Library/PrivateFrameworks/GPUSupport.framework/Versions/A/Libraries/libGPUSupportMercury.dylib
0x0000000004efb000 	/System/Library/Frameworks/OpenGL.framework/Versions/A/Resources/GLRendererFloat.bundle/GLRendererFloat
0x0000000128fa0000 	/Library/Java/JavaVirtualMachines/jdk1.8.0_91.jdk/Contents/Home/jre/lib/libsplashscreen.dylib
0x0000000128ff9000 	/Library/Java/JavaVirtualMachines/jdk1.8.0_91.jdk/Contents/Home/jre/lib/libfontmanager.dylib
0x0000000129060000 	/Library/Java/JavaVirtualMachines/jdk1.8.0_91.jdk/Contents/Home/jre/lib/libosxui.dylib
0x000000012adc4000 	/System/Library/Extensions/AppleIntelHD5000GraphicsMTLDriver.bundle/Contents/MacOS/AppleIntelHD5000GraphicsMTLDriver
0x0000000133607000 	/Applications/NetBeans/NetBeans 8.1.app/Contents/Resources/NetBeans/platform/modules/lib/libjnidispatch-410.jnilib
0x0000000004efb000 	/System/Library/Frameworks/ApplicationServices.framework/Versions/A/Frameworks/ATS.framework/Versions/A/Resources/libTrueTypeScaler.dylib
0x0000000004efb000 	/System/Library/CoreServices/RawCamera.bundle/Contents/MacOS/RawCamera
0x000000017e667000 	/Library/Java/Extensions/libCLIPSJNI2.jnilib
0x000000012af17000 	/Library/Java/JavaVirtualMachines/jdk1.8.0_91.jdk/Contents/Home/jre/lib/libdcpr.dylib
0x0000000126a8a000 	/Library/Java/JavaVirtualMachines/jdk1.8.0_91.jdk/Contents/Home/jre/lib/libmanagement.dylib
0x0000000004efb000 	/System/Library/PrivateFrameworks/Shortcut.framework/Versions/A/Shortcut
0x0000000004efb000 	/System/Library/PrivateFrameworks/HelpData.framework/Versions/A/HelpData
0x0000000004efb000 	/usr/lib/libtidy.A.dylib
0x0000000004efb000 	/System/Library/PrivateFrameworks/CloudDocs.framework/Versions/A/CloudDocs
0x0000000004efb000 	/System/Library/PrivateFrameworks/CoreDuet.framework/Versions/A/CoreDuet
0x0000000004efb000 	/System/Library/Frameworks/CloudKit.framework/Versions/A/CloudKit
0x0000000004efb000 	/System/Library/PrivateFrameworks/ProtocolBuffer.framework/Versions/A/ProtocolBuffer
0x0000000004efb000 	/System/Library/PrivateFrameworks/CoreDuetDaemonProtocol.framework/Versions/A/CoreDuetDaemonProtocol
0x0000000004efb000 	/System/Library/PrivateFrameworks/CoreDuetDebugLogging.framework/Versions/A/CoreDuetDebugLogging
0x0000000004efb000 	/System/Library/PrivateFrameworks/MMCS.framework/Versions/A/MMCS
0x0000000004efb000 	/System/Library/Frameworks/CoreLocation.framework/Versions/A/CoreLocation
0x0000000004efb000 	/System/Library/PrivateFrameworks/AssetCacheServices.framework/Versions/A/AssetCacheServices
0x0000000004efb000 	/System/Library/PrivateFrameworks/GeoServices.framework/Versions/A/GeoServices

VM Arguments:
jvm_args: -Djdk.home=/Library/Java/JavaVirtualMachines/jdk1.8.0_91.jdk/Contents/Home -Dnetbeans.dirs=/Users/gianlucaturin/NetBeansProjects/ClipsMonitor/assistedliving/build/cluster:/Applications/NetBeans/NetBeans 8.1.app/Contents/Resources/NetBeans/platform -Dnetbeans.home=/Applications/NetBeans/NetBeans 8.1.app/Contents/Resources/NetBeans/platform -Dnetbeans.logger.console=true -ea -XX:+HeapDumpOnOutOfMemoryError -XX:HeapDumpPath=/Users/gianlucaturin/NetBeansProjects/ClipsMonitor/assistedliving/ClipsMonitorCore/../build/testuserdir/var/log/heapdump.hprof 
java_command: org.netbeans.Main --cachedir /Users/gianlucaturin/NetBeansProjects/ClipsMonitor/assistedliving/ClipsMonitorCore/../build/testuserdir/var/cache --userdir /Users/gianlucaturin/NetBeansProjects/ClipsMonitor/assistedliving/ClipsMonitorCore/../build/testuserdir --branding clipsmonitor
java_class_path (initial): /Applications/NetBeans/NetBeans 8.1.app/Contents/Resources/NetBeans/platform/lib/boot.jar:/Applications/NetBeans/NetBeans 8.1.app/Contents/Resources/NetBeans/platform/lib/org-openide-modules.jar:/Applications/NetBeans/NetBeans 8.1.app/Contents/Resources/NetBeans/platform/lib/org-openide-util-lookup.jar:/Applications/NetBeans/NetBeans 8.1.app/Contents/Resources/NetBeans/platform/lib/org-openide-util-ui.jar:/Applications/NetBeans/NetBeans 8.1.app/Contents/Resources/NetBeans/platform/lib/org-openide-util.jar:/Applications/NetBeans/NetBeans 8.1.app/Contents/Resources/NetBeans/platform/lib/locale/boot_ja.jar:/Applications/NetBeans/NetBeans 8.1.app/Contents/Resources/NetBeans/platform/lib/locale/boot_pt_BR.jar:/Applications/NetBeans/NetBeans 8.1.app/Contents/Resources/NetBeans/platform/lib/locale/boot_ru.jar:/Applications/NetBeans/NetBeans 8.1.app/Contents/Resources/NetBeans/platform/lib/locale/boot_zh_CN.jar:/Applications/NetBeans/NetBeans 8.1.app/Contents/Resources/NetBeans/platform/lib/locale/org-openide-modules_ja.jar:/Applications/NetBeans/NetBeans 8.1.app/Contents/Resources/NetBeans/platform/lib/locale/org-openide-modules_pt_BR.jar:/Applications/NetBeans/NetBeans 8.1.app/Contents/Resources/NetBeans/platform/lib/locale/org-openide-modules_ru.jar:/Applications/NetBeans/NetBeans 8.1.app/Contents/Resources/NetBeans/platform/lib/locale/org-openide-modules_zh_CN.jar:/Applications/NetBeans/NetBeans 8.1.app/Contents/Resources/NetBeans/platform/lib/locale/org-openide-util-lookup_ja.jar:/Applications/NetBeans/NetBeans 8.1.app/Contents/Resources/NetBeans/platform/lib/locale/org-openide-util-lookup_pt_BR.jar:/Applications/NetBeans/NetBeans 8.1.app/Contents/Resources/NetBeans/platform/lib/locale/org-openide-util-lookup_ru.jar:/Applications/NetBeans/NetBeans 8.1.app/Contents/Resources/NetBeans/platform/lib/locale/org-openide-util-lookup_zh_CN.jar:/Applications/NetBeans/NetBeans 8.1.app/Contents/Resources/NetBeans/platform/lib/locale/org-openide-util-u
Launcher Type: SUN_STANDARD

Environment Variables:
PATH=/usr/bin:/bin:/usr/sbin:/sbin
LD_LIBRARY_PATH=/Library/Java/JavaVirtualMachines/jdk1.8.0_91.jdk/Contents/Home/jre/lib/amd64:/Library/Java/JavaVirtualMachines/jdk1.8.0_91.jdk/Contents/Home/jre/lib/i386:
SHELL=/bin/bash

Signal Handlers:
SIGSEGV: [libjvm.dylib+0x5a97a1], sa_mask[0]=11111111011111110111111111111111, sa_flags=SA_ONSTACK|SA_RESTART|SA_SIGINFO
SIGBUS: [libjvm.dylib+0x5a97a1], sa_mask[0]=11111111011111110111111111111111, sa_flags=SA_RESTART|SA_SIGINFO
SIGFPE: [libjvm.dylib+0x482594], sa_mask[0]=11111111011111110111111111111111, sa_flags=SA_RESTART|SA_SIGINFO
SIGPIPE: [libjvm.dylib+0x482594], sa_mask[0]=11111111011111110111111111111111, sa_flags=SA_RESTART|SA_SIGINFO
SIGXFSZ: [libjvm.dylib+0x482594], sa_mask[0]=11111111011111110111111111111111, sa_flags=SA_RESTART|SA_SIGINFO
SIGILL: [libjvm.dylib+0x482594], sa_mask[0]=11111111011111110111111111111111, sa_flags=SA_RESTART|SA_SIGINFO
SIGUSR1: SIG_DFL, sa_mask[0]=00000000000000000000000000000000, sa_flags=none
SIGUSR2: [libjvm.dylib+0x4820b2], sa_mask[0]=00100000000000000000000000000000, sa_flags=SA_RESTART|SA_SIGINFO
SIGHUP: [libjvm.dylib+0x480689], sa_mask[0]=11111111011111110111111111111111, sa_flags=SA_RESTART|SA_SIGINFO
SIGINT: [libCLIPSJNI2.jnilib+0xe83e0], sa_mask[0]=00000000000000000000000000000000, sa_flags=SA_RESTART
SIGTERM: [libjvm.dylib+0x480689], sa_mask[0]=11111111011111110111111111111111, sa_flags=SA_RESTART|SA_SIGINFO
SIGQUIT: [libjvm.dylib+0x480689], sa_mask[0]=11111111011111110111111111111111, sa_flags=SA_RESTART|SA_SIGINFO


---------------  S Y S T E M  ---------------

OS:Bsduname:Darwin 15.5.0 Darwin Kernel Version 15.5.0: Tue Apr 19 18:36:36 PDT 2016; root:xnu-3248.50.21~8/RELEASE_X86_64 x86_64
rlimit: STACK 8192k, CORE 0k, NPROC 709, NOFILE 10240, AS infinity
load average:2.35 1.92 1.83

CPU:total 8 (4 cores per cpu, 2 threads per core) family 6 model 70 stepping 1, cmov, cx8, fxsr, mmx, sse, sse2, sse3, ssse3, sse4.1, sse4.2, popcnt, avx, avx2, aes, clmul, erms, lzcnt, ht, tsc, tscinvbit, bmi1, bmi2

Memory: 4k page, physical 16777216k(1496628k free)

/proc/meminfo:


vm_info: Java HotSpot(TM) 64-Bit Server VM (25.91-b14) for bsd-amd64 JRE (1.8.0_91-b14), built on Apr  1 2016 01:03:00 by "java_re" with gcc 4.2.1 (Based on Apple Inc. build 5658) (LLVM build 2336.11.00)

time: Wed Jul 20 02:12:19 2016
elapsed time: 10575 seconds (0d 2h 56m 15s)

