#
# A fatal error has been detected by the Java Runtime Environment:
#
#  EXCEPTION_ACCESS_VIOLATION (0xc0000005) at pc=0x00007ffda60209b9, pid=9668, tid=3980
#
# JRE version: Java(TM) SE Runtime Environment (7.0_45-b18) (build 1.7.0_45-b18)
# Java VM: Java HotSpot(TM) 64-Bit Server VM (24.45-b08 mixed mode windows-amd64 compressed oops)
# Problematic frame:
# C  [CLIPSJNI2.dll+0x909b9]
#
# Failed to write core dump. Minidumps are not enabled by default on client versions of Windows
#
# If you would like to submit a bug report, please visit:
#   http://bugreport.sun.com/bugreport/crash.jsp
# The crash happened outside the Java Virtual Machine in native code.
# See problematic frame for where to report the bug.
#

---------------  T H R E A D  ---------------

Current thread (0x000000000fe51800):  JavaThread "Thread-3" [_thread_in_native, id=3980, stack(0x00000000166a0000,0x00000000168a0000)]

siginfo: ExceptionCode=0xc0000005, reading address 0xffffffffffffffff

Registers:
RAX=0x0035002d00320039, RBX=0x00000000bde01258, RCX=0x000000001508f680, RDX=0x0035002d00320039
RSP=0x000000001689f1c0, RBP=0x000000001689f780, RSI=0x00000000c2743990, RDI=0x0000000002f360f8
R8 =0x000000001508f680, R9 =0x0000000000000000, R10=0x0000000000000000, R11=0x000000001508c890
R12=0x0000000000000000, R13=0x00000000bde01258, R14=0x000000001689f7c0, R15=0x000000000fe51800
RIP=0x00007ffda60209b9, EFLAGS=0x0000000000010206

Top of Stack: (sp=0x000000001689f1c0)
0x000000001689f1c0:   0035002d00320039 000000001508f1e8
0x000000001689f1d0:   0000000000000000 0000000012256900
0x000000001689f1e0:   0000000012256978 00007ffda601fe65
0x000000001689f1f0:   000000000088be00 0035002d00320039
0x000000001689f200:   000000001508f680 000000001689f2f0
0x000000001689f210:   0000000014ef98d0 0035002d00320039
0x000000001689f220:   0000000014efd2a0 0000000012150850
0x000000001689f230:   000000000000003a 00007ffda5fe47e9
0x000000001689f240:   000000000088be00 000000001508f680
0x000000001689f250:   0000000000000001 00007ffd00000000
0x000000001689f260:   000000001508f680 0000000014f8e7d0
0x000000001689f270:   000000001689f348 00007ffda6098f7f
0x000000001689f280:   000000000088be00 000000001508f680
0x000000001689f290:   000000001689f2f0 000000001226d7c0
0x000000001689f2a0:   0000000000000001 000000001508f170
0x000000001689f2b0:   0000000000000000 000000001508f680 

Instructions: (pc=0x00007ffda60209b9)
0x00007ffda6020999:   00 00 00 48 8b 44 24 38 48 89 04 24 48 83 3c 24
0x00007ffda60209a9:   00 0f 84 09 01 00 00 48 8b 04 24 48 8b 4c 24 40
0x00007ffda60209b9:   48 39 08 0f 85 dd 00 00 00 48 8b 04 24 48 8b 40
0x00007ffda60209c9:   08 48 89 44 24 08 48 83 7c 24 10 00 75 0c 48 8b 


Register to memory mapping:

RAX=0x0035002d00320039 is an unknown value
RBX=0x00000000bde01258 is an oop
{method} 
 - klass: {other class}
RCX=0x000000001508f680 is an unknown value
RDX=0x0035002d00320039 is an unknown value
RSP=0x000000001689f1c0 is pointing into the stack for thread: 0x000000000fe51800
RBP=0x000000001689f780 is pointing into the stack for thread: 0x000000000fe51800
RSI=0x00000000c2743990 is an oop
[Ljava.util.Hashtable$Entry; 
 - klass: 'java/util/Hashtable$Entry'[]
 - length: 5
RDI=0x0000000002f360f8 is at code_begin+2520 in an Interpreter codelet
return entry points  [0x0000000002f35720, 0x0000000002f37520]  7680 bytes
R8 =0x000000001508f680 is an unknown value
R9 =0x0000000000000000 is an unknown value
R10=0x0000000000000000 is an unknown value
R11=0x000000001508c890 is an unknown value
R12=0x0000000000000000 is an unknown value
R13=0x00000000bde01258 is an oop
{method} 
 - klass: {other class}
R14=0x000000001689f7c0 is pointing into the stack for thread: 0x000000000fe51800
R15=0x000000000fe51800 is a thread


Stack: [0x00000000166a0000,0x00000000168a0000],  sp=0x000000001689f1c0,  free space=2044k
Native frames: (J=compiled Java code, j=interpreted, Vv=VM code, C=native code)
C  [CLIPSJNI2.dll+0x909b9]
j  net.sf.clipsrules.jni.Environment.run()J+8
j  org.clipsmonitor.clips.ClipsCore.run()J+4
j  org.clipsmonitor.core.MonitorModel.run()V+83
j  java.lang.Thread.run()V+11
v  ~StubRoutines::call_stub
V  [jvm.dll+0x1cb0c3]

Java frames: (J=compiled Java code, j=interpreted, Vv=VM code)
j  net.sf.clipsrules.jni.Environment.run(JJ)J+0
j  net.sf.clipsrules.jni.Environment.run()J+8
j  org.clipsmonitor.clips.ClipsCore.run()J+4
j  org.clipsmonitor.core.MonitorModel.run()V+83
j  java.lang.Thread.run()V+11
v  ~StubRoutines::call_stub

---------------  P R O C E S S  ---------------

Java Threads: ( => current thread )
  0x000000000fe54000 JavaThread "Inactive RequestProcessor thread [Was:Folder recognizer/org.openide.loaders.FolderList$ListTask]" daemon [_thread_blocked, id=100, stack(0x00000000168a0000,0x0000000016aa0000)]
=>0x000000000fe51800 JavaThread "Thread-3" [_thread_in_native, id=3980, stack(0x00000000166a0000,0x00000000168a0000)]
  0x000000000fe51000 JavaThread "Swing-Shell" daemon [_thread_blocked, id=6340, stack(0x0000000013d00000,0x0000000013f00000)]
  0x000000000fe4e800 JavaThread "TimerQueue" daemon [_thread_blocked, id=8964, stack(0x0000000011ca0000,0x0000000011ea0000)]
  0x000000000fe50000 JavaThread "Thread-2" daemon [_thread_blocked, id=8128, stack(0x0000000011aa0000,0x0000000011ca0000)]
  0x0000000010a97800 JavaThread "File Watcher" daemon [_thread_blocked, id=3108, stack(0x00000000118a0000,0x0000000011aa0000)]
  0x000000000ffe4000 JavaThread "Timeable Event Queue Watch Dog" daemon [_thread_in_native, id=5892, stack(0x00000000116a0000,0x00000000118a0000)]
  0x000000000ce6e800 JavaThread "AWT-EventQueue-0" [_thread_in_native, id=3736, stack(0x000000000e640000,0x000000000e840000)]
  0x000000000ce6e000 JavaThread "AWT-Windows" daemon [_thread_in_native, id=8376, stack(0x000000000e440000,0x000000000e640000)]
  0x000000000ce6c000 JavaThread "AWT-Shutdown" [_thread_blocked, id=8812, stack(0x000000000e240000,0x000000000e440000)]
  0x000000000ce19800 JavaThread "Java2D Disposer" daemon [_thread_blocked, id=8760, stack(0x000000000e040000,0x000000000e240000)]
  0x000000000cd83800 JavaThread "RequestProcessor queue manager" daemon [_thread_blocked, id=9120, stack(0x000000000de40000,0x000000000e040000)]
  0x000000000cc10000 JavaThread "Inactive RequestProcessor thread [Was:Folder Instance Processor/org.openide.loaders.FolderInstance$1R]" daemon [_thread_blocked, id=200, stack(0x000000000d8f0000,0x000000000daf0000)]
  0x000000000cc29000 JavaThread "CLI Requests Server" daemon [_thread_in_native, id=9932, stack(0x000000000d5f0000,0x000000000d7f0000)]
  0x000000000a6a5000 JavaThread "Active Reference Queue Daemon" daemon [_thread_blocked, id=9680, stack(0x000000000d3f0000,0x000000000d5f0000)]
  0x000000000077e000 JavaThread "Service Thread" daemon [_thread_blocked, id=6088, stack(0x000000000c6f0000,0x000000000c8f0000)]
  0x000000000077d000 JavaThread "C2 CompilerThread1" daemon [_thread_blocked, id=2888, stack(0x000000000c4f0000,0x000000000c6f0000)]
  0x000000000077b000 JavaThread "C2 CompilerThread0" daemon [_thread_blocked, id=7328, stack(0x000000000c2f0000,0x000000000c4f0000)]
  0x000000000077a800 JavaThread "Attach Listener" daemon [_thread_blocked, id=9840, stack(0x000000000c0f0000,0x000000000c2f0000)]
  0x000000000a3e9000 JavaThread "Signal Dispatcher" daemon [_thread_blocked, id=2040, stack(0x000000000bef0000,0x000000000c0f0000)]
  0x000000000a3c8800 JavaThread "Finalizer" daemon [_thread_blocked, id=9492, stack(0x000000000bcf0000,0x000000000bef0000)]
  0x000000000a3c7000 JavaThread "Reference Handler" daemon [_thread_blocked, id=4020, stack(0x000000000baf0000,0x000000000bcf0000)]
  0x0000000000680800 JavaThread "main" [_thread_blocked, id=8756, stack(0x0000000000440000,0x0000000000640000)]

Other Threads:
  0x000000000a3c4800 VMThread [stack: 0x000000000b7f0000,0x000000000b9f0000] [id=9560]
  0x000000000a3ef800 WatcherThread [stack: 0x000000000c9f0000,0x000000000cbf0000] [id=3424]

VM state:not at safepoint (normal execution)

VM Mutex/Monitor currently owned by a thread: None

Heap
 PSYoungGen      total 328192K, used 216685K [0x00000000eb300000, 0x00000000fff00000, 0x0000000100000000)
  eden space 317440K, 67% used [0x00000000eb300000,0x00000000f83fa890,0x00000000fe900000)
  from space 10752K, 25% used [0x00000000ff480000,0x00000000ff720c58,0x00000000fff00000)
  to   space 11264K, 0% used [0x00000000fe900000,0x00000000fe900000,0x00000000ff400000)
 ParOldGen       total 56832K, used 28336K [0x00000000c1a00000, 0x00000000c5180000, 0x00000000eb300000)
  object space 56832K, 49% used [0x00000000c1a00000,0x00000000c35ac0e8,0x00000000c5180000)
 PSPermGen       total 61440K, used 31134K [0x00000000bc800000, 0x00000000c0400000, 0x00000000c1a00000)
  object space 61440K, 50% used [0x00000000bc800000,0x00000000be667960,0x00000000c0400000)

Card table byte_map: [0x0000000005f30000,0x0000000006150000] byte_map_base: 0x000000000594c000

Polling page: 0x00000000001e0000

Code Cache  [0x0000000002f30000, 0x0000000003210000, 0x0000000005f30000)
 total_blobs=1424 nmethods=873 adapters=502 free_code_cache=46301Kb largest_free_block=47350464

Compilation events (10 events):
Event: 33.730 Thread 0x000000000077b000  941             javax.swing.GroupLayout$Group::calculateSize (107 bytes)
Event: 33.731 Thread 0x000000000077d000  942             javax.swing.GroupLayout$Spring::getMaximumSize (27 bytes)
Event: 33.731 Thread 0x000000000077d000 nmethod 942 0x00000000031f1050 code [0x00000000031f11a0, 0x00000000031f1238]
Event: 33.755 Thread 0x000000000077b000 nmethod 941 0x0000000003205b10 code [0x0000000003205d60, 0x0000000003206e18]
Event: 34.465 Thread 0x000000000077d000  943             java.security.AccessControlContext::optimize (319 bytes)
Event: 34.474 Thread 0x000000000077d000 nmethod 943 0x0000000003064990 code [0x0000000003064b00, 0x0000000003065248]
Event: 34.566 Thread 0x000000000077b000  944             java.util.WeakHashMap$HashIterator::hasNext (95 bytes)
Event: 34.569 Thread 0x000000000077b000 nmethod 944 0x0000000002fa2cd0 code [0x0000000002fa2e20, 0x0000000002fa3018]
Event: 35.494 Thread 0x000000000077d000  945             org.openide.util.RequestProcessor$TickTac::compare (13 bytes)
Event: 35.496 Thread 0x000000000077d000 nmethod 945 0x00000000031ae0d0 code [0x00000000031ae220, 0x00000000031ae318]

GC Heap History (10 events):
Event: 14.245 GC heap before
{Heap before GC invocations=11 (full 0):
 PSYoungGen      total 210944K, used 204508K [0x00000000eb300000, 0x00000000f8b00000, 0x0000000100000000)
  eden space 202240K, 100% used [0x00000000eb300000,0x00000000f7880000,0x00000000f7880000)
  from space 8704K, 26% used [0x00000000f8180000,0x00000000f83b7208,0x00000000f8a00000)
  to   space 9216K, 0% used [0x00000000f7880000,0x00000000f7880000,0x00000000f8180000)
 ParOldGen       total 42496K, used 29404K [0x00000000c1a00000, 0x00000000c4380000, 0x00000000eb300000)
  object space 42496K, 69% used [0x00000000c1a00000,0x00000000c36b7080,0x00000000c4380000)
 PSPermGen       total 30720K, used 30679K [0x00000000bc800000, 0x00000000be600000, 0x00000000c1a00000)
  object space 30720K, 99% used [0x00000000bc800000,0x00000000be5f5c60,0x00000000be600000)
Event: 14.252 GC heap after
Heap after GC invocations=11 (full 0):
 PSYoungGen      total 211456K, used 9190K [0x00000000eb300000, 0x0000000100000000, 0x0000000100000000)
  eden space 202240K, 0% used [0x00000000eb300000,0x00000000eb300000,0x00000000f7880000)
  from space 9216K, 99% used [0x00000000f7880000,0x00000000f8179ac0,0x00000000f8180000)
  to   space 11776K, 0% used [0x00000000ff480000,0x00000000ff480000,0x0000000100000000)
 ParOldGen       total 42496K, used 32792K [0x00000000c1a00000, 0x00000000c4380000, 0x00000000eb300000)
  object space 42496K, 77% used [0x00000000c1a00000,0x00000000c3a061a8,0x00000000c4380000)
 PSPermGen       total 30720K, used 30679K [0x00000000bc800000, 0x00000000be600000, 0x00000000c1a00000)
  object space 30720K, 99% used [0x00000000bc800000,0x00000000be5f5c60,0x00000000be600000)
}
Event: 14.298 GC heap before
{Heap before GC invocations=12 (full 0):
 PSYoungGen      total 211456K, used 211430K [0x00000000eb300000, 0x0000000100000000, 0x0000000100000000)
  eden space 202240K, 100% used [0x00000000eb300000,0x00000000f7880000,0x00000000f7880000)
  from space 9216K, 99% used [0x00000000f7880000,0x00000000f8179ac0,0x00000000f8180000)
  to   space 11776K, 0% used [0x00000000ff480000,0x00000000ff480000,0x0000000100000000)
 ParOldGen       total 42496K, used 32792K [0x00000000c1a00000, 0x00000000c4380000, 0x00000000eb300000)
  object space 42496K, 77% used [0x00000000c1a00000,0x00000000c3a061a8,0x00000000c4380000)
 PSPermGen       total 30720K, used 30679K [0x00000000bc800000, 0x00000000be600000, 0x00000000c1a00000)
  object space 30720K, 99% used [0x00000000bc800000,0x00000000be5f5c60,0x00000000be600000)
Event: 14.303 GC heap after
Heap after GC invocations=12 (full 0):
 PSYoungGen      total 329216K, used 192K [0x00000000eb300000, 0x0000000100000000, 0x0000000100000000)
  eden space 317440K, 0% used [0x00000000eb300000,0x00000000eb300000,0x00000000fe900000)
  from space 11776K, 1% used [0x00000000ff480000,0x00000000ff4b0000,0x0000000100000000)
  to   space 11776K, 0% used [0x00000000fe900000,0x00000000fe900000,0x00000000ff480000)
 ParOldGen       total 45568K, used 44443K [0x00000000c1a00000, 0x00000000c4680000, 0x00000000eb300000)
  object space 45568K, 97% used [0x00000000c1a00000,0x00000000c4566c48,0x00000000c4680000)
 PSPermGen       total 30720K, used 30679K [0x00000000bc800000, 0x00000000be600000, 0x00000000c1a00000)
  object space 30720K, 99% used [0x00000000bc800000,0x00000000be5f5c60,0x00000000be600000)
}
Event: 14.303 GC heap before
{Heap before GC invocations=13 (full 1):
 PSYoungGen      total 329216K, used 192K [0x00000000eb300000, 0x0000000100000000, 0x0000000100000000)
  eden space 317440K, 0% used [0x00000000eb300000,0x00000000eb300000,0x00000000fe900000)
  from space 11776K, 1% used [0x00000000ff480000,0x00000000ff4b0000,0x0000000100000000)
  to   space 11776K, 0% used [0x00000000fe900000,0x00000000fe900000,0x00000000ff480000)
 ParOldGen       total 45568K, used 44443K [0x00000000c1a00000, 0x00000000c4680000, 0x00000000eb300000)
  object space 45568K, 97% used [0x00000000c1a00000,0x00000000c4566c48,0x00000000c4680000)
 PSPermGen       total 30720K, used 30679K [0x00000000bc800000, 0x00000000be600000, 0x00000000c1a00000)
  object space 30720K, 99% used [0x00000000bc800000,0x00000000be5f5c60,0x00000000be600000)
Event: 14.458 GC heap after
Heap after GC invocations=13 (full 1):
 PSYoungGen      total 329216K, used 0K [0x00000000eb300000, 0x0000000100000000, 0x0000000100000000)
  eden space 317440K, 0% used [0x00000000eb300000,0x00000000eb300000,0x00000000fe900000)
  from space 11776K, 0% used [0x00000000ff480000,0x00000000ff480000,0x0000000100000000)
  to   space 11776K, 0% used [0x00000000fe900000,0x00000000fe900000,0x00000000ff480000)
 ParOldGen       total 56832K, used 27807K [0x00000000c1a00000, 0x00000000c5180000, 0x00000000eb300000)
  object space 56832K, 48% used [0x00000000c1a00000,0x00000000c3527f80,0x00000000c5180000)
 PSPermGen       total 61440K, used 30665K [0x00000000bc800000, 0x00000000c0400000, 0x00000000c1a00000)
  object space 61440K, 49% used [0x00000000bc800000,0x00000000be5f2580,0x00000000c0400000)
}
Event: 16.189 GC heap before
{Heap before GC invocations=14 (full 1):
 PSYoungGen      total 329216K, used 317440K [0x00000000eb300000, 0x0000000100000000, 0x0000000100000000)
  eden space 317440K, 100% used [0x00000000eb300000,0x00000000fe900000,0x00000000fe900000)
  from space 11776K, 0% used [0x00000000ff480000,0x00000000ff480000,0x0000000100000000)
  to   space 11776K, 0% used [0x00000000fe900000,0x00000000fe900000,0x00000000ff480000)
 ParOldGen       total 56832K, used 27807K [0x00000000c1a00000, 0x00000000c5180000, 0x00000000eb300000)
  object space 56832K, 48% used [0x00000000c1a00000,0x00000000c3527f80,0x00000000c5180000)
 PSPermGen       total 61440K, used 30718K [0x00000000bc800000, 0x00000000c0400000, 0x00000000c1a00000)
  object space 61440K, 49% used [0x00000000bc800000,0x00000000be5ff9e0,0x00000000c0400000)
Event: 16.191 GC heap after
Heap after GC invocations=14 (full 1):
 PSYoungGen      total 329216K, used 1405K [0x00000000eb300000, 0x0000000100000000, 0x0000000100000000)
  eden space 317440K, 0% used [0x00000000eb300000,0x00000000eb300000,0x00000000fe900000)
  from space 11776K, 11% used [0x00000000fe900000,0x00000000fea5f5d8,0x00000000ff480000)
  to   space 11776K, 0% used [0x00000000ff480000,0x00000000ff480000,0x0000000100000000)
 ParOldGen       total 56832K, used 27815K [0x00000000c1a00000, 0x00000000c5180000, 0x00000000eb300000)
  object space 56832K, 48% used [0x00000000c1a00000,0x00000000c3529f80,0x00000000c5180000)
 PSPermGen       total 61440K, used 30718K [0x00000000bc800000, 0x00000000c0400000, 0x00000000c1a00000)
  object space 61440K, 49% used [0x00000000bc800000,0x00000000be5ff9e0,0x00000000c0400000)
}
Event: 20.706 GC heap before
{Heap before GC invocations=15 (full 1):
 PSYoungGen      total 329216K, used 318845K [0x00000000eb300000, 0x0000000100000000, 0x0000000100000000)
  eden space 317440K, 100% used [0x00000000eb300000,0x00000000fe900000,0x00000000fe900000)
  from space 11776K, 11% used [0x00000000fe900000,0x00000000fea5f5d8,0x00000000ff480000)
  to   space 11776K, 0% used [0x00000000ff480000,0x00000000ff480000,0x0000000100000000)
 ParOldGen       total 56832K, used 27815K [0x00000000c1a00000, 0x00000000c5180000, 0x00000000eb300000)
  object space 56832K, 48% used [0x00000000c1a00000,0x00000000c3529f80,0x00000000c5180000)
 PSPermGen       total 61440K, used 31019K [0x00000000bc800000, 0x00000000c0400000, 0x00000000c1a00000)
  object space 61440K, 50% used [0x00000000bc800000,0x00000000be64af98,0x00000000c0400000)
Event: 20.709 GC heap after
Heap after GC invocations=15 (full 1):
 PSYoungGen      total 328192K, used 2691K [0x00000000eb300000, 0x00000000fff00000, 0x0000000100000000)
  eden space 317440K, 0% used [0x00000000eb300000,0x00000000eb300000,0x00000000fe900000)
  from space 10752K, 25% used [0x00000000ff480000,0x00000000ff720c58,0x00000000fff00000)
  to   space 11264K, 0% used [0x00000000fe900000,0x00000000fe900000,0x00000000ff400000)
 ParOldGen       total 56832K, used 28336K [0x00000000c1a00000, 0x00000000c5180000, 0x00000000eb300000)
  object space 56832K, 49% used [0x00000000c1a00000,0x00000000c35ac0e8,0x00000000c5180000)
 PSPermGen       total 61440K, used 31019K [0x00000000bc800000, 0x00000000c0400000, 0x00000000c1a00000)
  object space 61440K, 50% used [0x00000000bc800000,0x00000000be64af98,0x00000000c0400000)
}

Deoptimization events (10 events):
Event: 19.946 Thread 0x000000000fe4f800 Uncommon trap: reason=predicate action=maybe_recompile pc=0x0000000002fa2c0c method=java.util.regex.Pattern$Start.match(Ljava/util/regex/Matcher;ILjava/lang/CharSequence;)Z @ 37
Event: 19.974 Thread 0x000000000fe4f800 Uncommon trap: reason=array_check action=maybe_recompile pc=0x00000000031d9e68 method=java.util.AbstractCollection.toArray([Ljava/lang/Object;)[Ljava/lang/Object; @ 119
Event: 19.974 Thread 0x000000000fe4f800 Uncommon trap: reason=array_check action=maybe_recompile pc=0x00000000031d9e68 method=java.util.AbstractCollection.toArray([Ljava/lang/Object;)[Ljava/lang/Object; @ 119
Event: 19.974 Thread 0x000000000fe4f800 Uncommon trap: reason=array_check action=maybe_recompile pc=0x00000000031d9e68 method=java.util.AbstractCollection.toArray([Ljava/lang/Object;)[Ljava/lang/Object; @ 119
Event: 19.974 Thread 0x000000000fe4f800 Uncommon trap: reason=array_check action=maybe_recompile pc=0x00000000031d9e68 method=java.util.AbstractCollection.toArray([Ljava/lang/Object;)[Ljava/lang/Object; @ 119
Event: 23.701 Thread 0x000000000fe4f800 Uncommon trap: reason=unreached action=reinterpret pc=0x00000000031340d0 method=java.security.AccessControlContext.optimize()Ljava/security/AccessControlContext; @ 123
Event: 30.362 Thread 0x000000000cd83800 Uncommon trap: reason=class_check action=maybe_recompile pc=0x00000000031a5878 method=org.openide.util.RequestProcessor$TickTac.compare(Ljava/lang/Object;Ljava/lang/Object;)I @ 6
Event: 30.362 Thread 0x000000000cd83800 Uncommon trap: reason=class_check action=maybe_recompile pc=0x00000000031a5878 method=org.openide.util.RequestProcessor$TickTac.compare(Ljava/lang/Object;Ljava/lang/Object;)I @ 6
Event: 30.362 Thread 0x000000000cd83800 Uncommon trap: reason=class_check action=maybe_recompile pc=0x00000000031a5878 method=org.openide.util.RequestProcessor$TickTac.compare(Ljava/lang/Object;Ljava/lang/Object;)I @ 6
Event: 30.363 Thread 0x000000000cd83800 Uncommon trap: reason=class_check action=maybe_recompile pc=0x00000000031a5878 method=org.openide.util.RequestProcessor$TickTac.compare(Ljava/lang/Object;Ljava/lang/Object;)I @ 6

Internal exceptions (10 events):
Event: 14.043 Thread 0x000000000ce6e800 Implicit null exception at 0x00000000030ca981 to 0x00000000030ca9a5
Event: 14.180 Thread 0x000000000ce6e800 Implicit null exception at 0x0000000003063a03 to 0x0000000003063fb9
Event: 14.180 Thread 0x000000000ce6e800 Implicit null exception at 0x000000000306ab53 to 0x000000000306ad2d
Event: 14.180 Thread 0x000000000ce6e800 Implicit null exception at 0x0000000003062a6b to 0x0000000003062c31
Event: 14.515 Thread 0x000000000ce6e800 Implicit null exception at 0x0000000003196017 to 0x00000000031961bd
Event: 14.516 Thread 0x000000000ce6e800 Implicit null exception at 0x000000000318a373 to 0x000000000318a505
Event: 14.547 Thread 0x000000000ce6e800 Implicit null exception at 0x00000000031ae863 to 0x00000000031aed89
Event: 14.547 Thread 0x000000000ce6e800 Implicit null exception at 0x000000000318f85b to 0x000000000318f9cd
Event: 14.547 Thread 0x000000000ce6e800 Implicit null exception at 0x00000000031a5233 to 0x00000000031a5391
Event: 18.862 Thread 0x000000000fe4f800 Threw 0x00000000f5ea5cc8 at C:\re\jdk7u45\229\hotspot\src\share\vm\prims\jni.cpp:1632

Events (10 events):
Event: 35.249 Executing VM operation: RevokeBias
Event: 35.249 Executing VM operation: RevokeBias done
Event: 35.264 Executing VM operation: RevokeBias
Event: 35.264 Executing VM operation: RevokeBias done
Event: 35.295 Executing VM operation: RevokeBias
Event: 35.295 Executing VM operation: RevokeBias done
Event: 35.395 Executing VM operation: BulkRevokeBias
Event: 35.395 Executing VM operation: BulkRevokeBias done
Event: 35.519 Executing VM operation: RevokeBias
Event: 35.519 Executing VM operation: RevokeBias done


Dynamic libraries:
0x0000000000400000 - 0x000000000043a000 	C:\Program Files\NetBeans 8.1\platform\lib\nbexec64.exe
0x00007ffdc1810000 - 0x00007ffdc19d1000 	C:\WINDOWS\SYSTEM32\ntdll.dll
0x00007ffdbf7b0000 - 0x00007ffdbf85d000 	C:\WINDOWS\system32\KERNEL32.DLL
0x00007ffdbe7c0000 - 0x00007ffdbe9a8000 	C:\WINDOWS\system32\KERNELBASE.dll
0x00007ffdbc5d0000 - 0x00007ffdbc649000 	C:\WINDOWS\system32\apphelp.dll
0x00007ffdc1750000 - 0x00007ffdc17f7000 	C:\WINDOWS\system32\ADVAPI32.dll
0x00007ffdbef40000 - 0x00007ffdbefdd000 	C:\WINDOWS\system32\msvcrt.dll
0x00007ffdbf320000 - 0x00007ffdbf37b000 	C:\WINDOWS\system32\sechost.dll
0x00007ffdbfef0000 - 0x00007ffdc000c000 	C:\WINDOWS\system32\RPCRT4.dll
0x00007ffdbfd90000 - 0x00007ffdbfee6000 	C:\WINDOWS\system32\USER32.dll
0x00007ffdc0020000 - 0x00007ffdc01a6000 	C:\WINDOWS\system32\GDI32.dll
0x00007ffdc01b0000 - 0x00007ffdc01eb000 	C:\WINDOWS\system32\IMM32.DLL
0x00007ffdbdd20000 - 0x00007ffdbdd51000 	C:\Windows\system32\nvinitx.dll
0x00007ffdbdd10000 - 0x00007ffdbdd1a000 	C:\WINDOWS\SYSTEM32\VERSION.dll
0x000000000f000000 - 0x000000000f006000 	C:\Program Files\NVIDIA Corporation\CoProcManager\_etoured.dll
0x00007ffdbb830000 - 0x00007ffdbb862000 	C:\Program Files\NVIDIA Corporation\CoProcManager\nvd3d9wrapx.dll
0x00007ffdbf380000 - 0x00007ffdbf7a9000 	C:\WINDOWS\system32\SETUPAPI.dll
0x00007ffdbdec0000 - 0x00007ffdbdf03000 	C:\WINDOWS\system32\CFGMGR32.dll
0x00007ffdbb7d0000 - 0x00007ffdbb7f2000 	C:\Program Files\NVIDIA Corporation\CoProcManager\nvdxgiwrapx.dll
0x000000006bc60000 - 0x000000006c114000 	C:\Program Files\NetBeans 8.1\platform\lib\nbexec64.dll
0x000000006b490000 - 0x000000006bc59000 	C:\Program Files\Java\jdk1.7.0_45\jre\bin\server\jvm.dll
0x00007ffdc0010000 - 0x00007ffdc0018000 	C:\WINDOWS\system32\PSAPI.DLL
0x00007ffdbbbf0000 - 0x00007ffdbbc13000 	C:\WINDOWS\SYSTEM32\WINMM.dll
0x00007ffdb3c70000 - 0x00007ffdb3c79000 	C:\WINDOWS\SYSTEM32\WSOCK32.dll
0x000000006ca20000 - 0x000000006caf2000 	C:\Program Files\Java\jdk1.7.0_45\jre\bin\MSVCR100.dll
0x00007ffdbf1a0000 - 0x00007ffdbf20b000 	C:\WINDOWS\system32\WS2_32.dll
0x00007ffdbbb30000 - 0x00007ffdbbb5c000 	C:\WINDOWS\SYSTEM32\WINMMBASE.dll
0x000000006c9e0000 - 0x000000006ca1f000 	C:\Program Files\Java\jdk1.7.0_45\jre\bin\splashscreen.dll
0x000000006c9d0000 - 0x000000006c9df000 	C:\Program Files\Java\jdk1.7.0_45\jre\bin\verify.dll
0x000000006c9a0000 - 0x000000006c9c8000 	C:\Program Files\Java\jdk1.7.0_45\jre\bin\java.dll
0x00007ffdbc810000 - 0x00007ffdbc8a6000 	C:\WINDOWS\system32\uxtheme.dll
0x00007ffdbfab0000 - 0x00007ffdbfd2d000 	C:\WINDOWS\system32\combase.dll
0x00007ffdbe9b0000 - 0x00007ffdbea1a000 	C:\WINDOWS\system32\bcryptPrimitives.dll
0x00007ffdbec30000 - 0x00007ffdbed8a000 	C:\WINDOWS\system32\MSCTF.dll
0x000000006c980000 - 0x000000006c995000 	C:\Program Files\Java\jdk1.7.0_45\jre\bin\zip.dll
0x00007ffdbde60000 - 0x00007ffdbde6f000 	C:\WINDOWS\system32\kernel.appcore.dll
0x000000006c960000 - 0x000000006c979000 	C:\Program Files\Java\jdk1.7.0_45\jre\bin\net.dll
0x00007ffdbd6b0000 - 0x00007ffdbd70c000 	C:\WINDOWS\system32\mswsock.dll
0x000000006c940000 - 0x000000006c951000 	C:\Program Files\Java\jdk1.7.0_45\jre\bin\nio.dll
0x00007ffdb8dc0000 - 0x00007ffdb8df8000 	C:\WINDOWS\SYSTEM32\IPHLPAPI.DLL
0x00007ffdbfaa0000 - 0x00007ffdbfaa8000 	C:\WINDOWS\system32\NSI.dll
0x00007ffdb6630000 - 0x00007ffdb6646000 	C:\WINDOWS\SYSTEM32\dhcpcsvc6.DLL
0x00007ffdb6aa0000 - 0x00007ffdb6aba000 	C:\WINDOWS\SYSTEM32\dhcpcsvc.DLL
0x000000006b2f0000 - 0x000000006b485000 	C:\Program Files\Java\jdk1.7.0_45\jre\bin\awt.dll
0x00007ffdbf860000 - 0x00007ffdbf921000 	C:\WINDOWS\system32\OLEAUT32.dll
0x00007ffdbd760000 - 0x00007ffdbd777000 	C:\WINDOWS\SYSTEM32\CRYPTSP.dll
0x00007ffdbd3f0000 - 0x00007ffdbd424000 	C:\WINDOWS\system32\rsaenh.dll
0x00007ffdbdd70000 - 0x00007ffdbdd99000 	C:\WINDOWS\SYSTEM32\bcrypt.dll
0x00007ffdbd540000 - 0x00007ffdbd55f000 	C:\WINDOWS\SYSTEM32\USERENV.dll
0x00007ffdbde30000 - 0x00007ffdbde44000 	C:\WINDOWS\system32\profapi.dll
0x00007ffdbd880000 - 0x00007ffdbd88b000 	C:\WINDOWS\SYSTEM32\CRYPTBASE.dll
0x00007ffdae840000 - 0x00007ffdae856000 	C:\WINDOWS\system32\napinsp.dll
0x00007ffdae820000 - 0x00007ffdae83a000 	C:\WINDOWS\system32\pnrpnsp.dll
0x00007ffdbc2c0000 - 0x00007ffdbc2d8000 	C:\WINDOWS\system32\NLAapi.dll
0x00007ffdbc760000 - 0x00007ffdbc80a000 	C:\WINDOWS\SYSTEM32\DNSAPI.dll
0x00007ffdb1400000 - 0x00007ffdb140d000 	C:\WINDOWS\System32\winrnr.dll
0x000000006ce30000 - 0x000000006ce56000 	C:\Program Files\Bonjour\mdnsNSP.dll
0x00007ffdb4530000 - 0x00007ffdb453a000 	C:\Windows\System32\rasadhlp.dll
0x00007ffdb6a30000 - 0x00007ffdb6a97000 	C:\WINDOWS\System32\fwpuclnt.dll
0x00007ffdbb6f0000 - 0x00007ffdbb712000 	C:\WINDOWS\system32\DWMAPI.DLL
0x00007ffdb9ec0000 - 0x00007ffdba134000 	C:\WINDOWS\WinSxS\amd64_microsoft.windows.common-controls_6595b64144ccf1df_6.0.10586.0_none_8c15ae12515e1c22\COMCTL32.dll
0x00007ffdbefe0000 - 0x00007ffdbf123000 	C:\WINDOWS\system32\ole32.dll
0x00007ffdc01f0000 - 0x00007ffdc174c000 	C:\WINDOWS\system32\SHELL32.dll
0x000000000e840000 - 0x000000000ee84000 	C:\WINDOWS\system32\windows.storage.dll
0x00007ffdbf2c0000 - 0x00007ffdbf312000 	C:\WINDOWS\system32\shlwapi.dll
0x00007ffdbdf10000 - 0x00007ffdbdfc5000 	C:\WINDOWS\system32\shcore.dll
0x00007ffdbde70000 - 0x00007ffdbdebb000 	C:\WINDOWS\system32\powrprof.dll
0x000000006c8f0000 - 0x000000006c936000 	C:\Program Files\Java\jdk1.7.0_45\jre\bin\fontmanager.dll
0x000000006c8a0000 - 0x000000006c8e1000 	C:\Program Files\Java\jdk1.7.0_45\jre\bin\t2k.dll
0x0000000180000000 - 0x0000000180038000 	C:\Program Files\NetBeans 8.1\platform\modules\lib\amd64\jnidispatch-410.dll
0x00007ffdbaf10000 - 0x00007ffdbafd8000 	C:\WINDOWS\SYSTEM32\winhttp.dll
0x00007ffda5f90000 - 0x00007ffda60fa000 	C:\Windows\System32\CLIPSJNI2.dll
0x00007ffdbf210000 - 0x00007ffdbf2b7000 	C:\WINDOWS\system32\clbcatq.dll
0x00007ffdb95c0000 - 0x00007ffdb9771000 	C:\WINDOWS\SYSTEM32\WindowsCodecs.dll
0x00007ffdac2e0000 - 0x00007ffdac32a000 	C:\WINDOWS\system32\dataexchange.dll
0x00007ffdbb170000 - 0x00007ffdbb418000 	C:\WINDOWS\system32\d3d11.dll
0x00007ffdbc1d0000 - 0x00007ffdbc2b3000 	C:\WINDOWS\system32\dcomp.dll
0x00007ffdba9c0000 - 0x00007ffdbaa62000 	C:\WINDOWS\system32\dxgi.dll
0x00007ffdbc8e0000 - 0x00007ffdbc9e0000 	C:\WINDOWS\system32\twinapi.appcore.dll
0x00007ffdb90f0000 - 0x00007ffdb919a000 	C:\WINDOWS\WinSxS\amd64_microsoft.windows.common-controls_6595b64144ccf1df_5.82.10586.0_none_396e892957c7fb25\comctl32.dll
0x00007ffdbc8b0000 - 0x00007ffdbc8d7000 	C:\WINDOWS\SYSTEM32\DEVOBJ.dll
0x00007ffdbdfd0000 - 0x00007ffdbe025000 	C:\WINDOWS\system32\WINTRUST.dll
0x00007ffdbde50000 - 0x00007ffdbde60000 	C:\WINDOWS\system32\MSASN1.dll
0x00007ffdbea40000 - 0x00007ffdbec08000 	C:\WINDOWS\system32\CRYPT32.dll
0x00007ffdbafe0000 - 0x00007ffdbb166000 	C:\WINDOWS\system32\propsys.dll
0x00007ffda34f0000 - 0x00007ffda3617000 	C:\WINDOWS\system32\NetworkExplorer.dll
0x00007ffdbaa70000 - 0x00007ffdbaf03000 	C:\Windows\System32\ActXPrxy.dll
0x00007ffdaab60000 - 0x00007ffdaabad000 	C:\Windows\System32\thumbcache.dll
0x00007ffdaecd0000 - 0x00007ffdaeceb000 	C:\WINDOWS\SYSTEM32\MPR.dll
0x00007ffdb6f00000 - 0x00007ffdb6f0b000 	C:\WINDOWS\System32\drprov.dll
0x00007ffdbdcb0000 - 0x00007ffdbdd06000 	C:\WINDOWS\System32\WINSTA.dll
0x00007ffdb28c0000 - 0x00007ffdb28d6000 	C:\WINDOWS\System32\ntlanman.dll
0x00007ffdae6f0000 - 0x00007ffdae710000 	C:\WINDOWS\System32\davclnt.dll
0x00007ffdb9840000 - 0x00007ffdb984c000 	C:\WINDOWS\System32\DAVHLPR.dll
0x00007ffdb8ed0000 - 0x00007ffdb8ee6000 	C:\WINDOWS\System32\wkscli.dll
0x00007ffdb01c0000 - 0x00007ffdb01d2000 	C:\WINDOWS\SYSTEM32\cscapi.dll
0x00007ffdbd1f0000 - 0x00007ffdbd1fc000 	C:\WINDOWS\System32\netutils.dll
0x00007ffda0ef0000 - 0x00007ffda0f6f000 	C:\Windows\System32\dlnashext.dll
0x00007ffdb3e50000 - 0x00007ffdb3ec4000 	C:\Windows\System32\PlayToDevice.dll
0x00007ffdadae0000 - 0x00007ffdadaff000 	C:\Windows\System32\DevDispItemProvider.dll
0x00007ffdb9310000 - 0x00007ffdb9380000 	C:\WINDOWS\System32\MMDevApi.dll
0x00007ffdb6ef0000 - 0x00007ffdb6efb000 	C:\WINDOWS\SYSTEM32\WINNSI.DLL
0x00007ffdb1440000 - 0x00007ffdb1480000 	C:\WINDOWS\System32\netprofm.dll
0x00007ffdb2db0000 - 0x00007ffdb2dbe000 	C:\WINDOWS\System32\npmproxy.dll
0x00007ffda3250000 - 0x00007ffda3453000 	C:\WINDOWS\system32\wpdshext.dll
0x00007ffdb8f40000 - 0x00007ffdb90e8000 	C:\WINDOWS\WinSxS\amd64_microsoft.windows.gdiplus_6595b64144ccf1df_1.1.10586.20_none_db007f1392e69ef4\gdiplus.dll
0x00007ffdbb8e0000 - 0x00007ffdbb981000 	C:\Windows\System32\PortableDeviceApi.dll
0x00007ffda6560000 - 0x00007ffda6597000 	C:\Windows\System32\EhStorShell.dll
0x00007ffdb44d0000 - 0x00007ffdb44f6000 	C:\Windows\System32\EhStorAPI.dll
0x00007ffdbbb70000 - 0x00007ffdbbb83000 	C:\Windows\System32\WTSAPI32.dll
0x00007ffdaec80000 - 0x00007ffdaec8d000 	C:\WINDOWS\SYSTEM32\LINKINFO.dll
0x00007ffdbda60000 - 0x00007ffdbda8d000 	C:\WINDOWS\SYSTEM32\SspiCli.dll
0x00007ffdae300000 - 0x00007ffdae328000 	C:\WINDOWS\System32\IDStore.dll
0x00007ffdbb550000 - 0x00007ffdbb56c000 	C:\WINDOWS\System32\SAMLIB.dll
0x00007ffdaaac0000 - 0x00007ffdaab57000 	C:\WINDOWS\System32\wlidprov.dll
0x000000006c890000 - 0x000000006c89b000 	C:\Program Files\Java\jdk1.7.0_45\jre\bin\management.dll
0x00007ffda8f30000 - 0x00007ffda90bc000 	C:\WINDOWS\SYSTEM32\dbghelp.dll

VM Arguments:
jvm_args: -Dnetbeans.logger.console=true -ea -Djdk.home=C:\Program Files\Java\jdk1.7.0_45 -splash:E:\AssistingLiving\assistedliving\build\testuserdir\var\cache\splash.png -Dnetbeans.home=C:\Program Files\NetBeans 8.1\platform -Dnetbeans.user=E:\AssistingLiving\assistedliving\build\testuserdir -Dnetbeans.default_userdir_root= -XX:+HeapDumpOnOutOfMemoryError -XX:HeapDumpPath=E:\AssistingLiving\assistedliving\build\testuserdir\var\log\heapdump.hprof -Dsun.awt.keepWorkingSetOnMinimize=true -Dnetbeans.dirs=E:\AssistingLiving\assistedliving\build\cluster;C:\Program Files\NetBeans 8.1\platform exit 
java_command: <unknown>
Launcher Type: generic

Environment Variables:
CLASSPATH=.;
PATH=C:\ProgramData\Oracle\Java\javapath;C:\Program Files (x86)\NVIDIA Corporation\PhysX\Common;C:\WINDOWS\system32;C:\WINDOWS;C:\WINDOWS\System32\Wbem;C:\WINDOWS\System32\WindowsPowerShell\v1.0\;C:\Program Files\Java\jdk1.7.0_09\bin;C:\MinGW\bin;C:\Program Files (x86)\nodejs\;C:\Program Files\TortoiseSVN\bin;C:\Program Files\Git\cmd;C:\Users\Gianluca\AppData\Roaming\npm
USERNAME=Gianluca
OS=Windows_NT
PROCESSOR_IDENTIFIER=Intel64 Family 6 Model 42 Stepping 7, GenuineIntel



---------------  S Y S T E M  ---------------

OS: Windows 8 , 64 bit Build 9200 

CPU:total 8 (4 cores per cpu, 2 threads per core) family 6 model 42 stepping 7, cmov, cx8, fxsr, mmx, sse, sse2, sse3, ssse3, sse4.1, sse4.2, popcnt, avx, aes, ht, tsc, tscinvbit

Memory: 4k page, physical 4085928k(428208k free), swap 6314152k(851196k free)

vm_info: Java HotSpot(TM) 64-Bit Server VM (24.45-b08) for windows-amd64 JRE (1.7.0_45-b18), built on Oct  8 2013 05:47:22 by "java_re" with unknown MS VC++:1600

time: Tue Jun 21 21:40:21 2016
elapsed time: 35 seconds

