#
# A fatal error has been detected by the Java Runtime Environment:
#
#  EXCEPTION_ACCESS_VIOLATION (0xc0000005) at pc=0x00007ffcd1b18991, pid=4028, tid=12736
#
# JRE version: Java(TM) SE Runtime Environment (8.0_91-b15) (build 1.8.0_91-b15)
# Java VM: Java HotSpot(TM) 64-Bit Server VM (25.91-b15 mixed mode windows-amd64 compressed oops)
# Problematic frame:
# C  [CLIPSJNI2.dll+0x48991]
#
# Failed to write core dump. Minidumps are not enabled by default on client versions of Windows
#
# If you would like to submit a bug report, please visit:
#   http://bugreport.java.com/bugreport/crash.jsp
# The crash happened outside the Java Virtual Machine in native code.
# See problematic frame for where to report the bug.
#

---------------  T H R E A D  ---------------

Current thread (0x000000001c460800):  JavaThread "AWT-EventQueue-0" [_thread_in_native, id=12736, stack(0x000000001d970000,0x000000001db70000)]

siginfo: ExceptionCode=0xc0000005, reading address 0x0000000000000215

Registers:
RAX=0x000000000000020d, RBX=0x0000000021e9aca0, RCX=0x00000000008458c0, RDX=0x0000000000000080
RSP=0x000000001db6caa0, RBP=0x000000001db6cc10, RSI=0x00000000006c01e8, RDI=0x0000000011c4e000
R8 =0x00000000008769d0, R9 =0x000000000000ff00, R10=0x0000000000000000, R11=0x000000001db6c960
R12=0x0000000000000000, R13=0x0000000021e9aca0, R14=0x000000001db6cc40, R15=0x000000001c460800
RIP=0x00007ffcd1b18991, EFLAGS=0x0000000000010202

Top of Stack: (sp=0x000000001db6caa0)
0x000000001db6caa0:   0000000000000000 0000000000000000
0x000000001db6cab0:   0000000000000000 0000000000000000
0x000000001db6cac0:   00000000000001db 0000000000000000
0x000000001db6cad0:   000000000000020d 0000000000000000
0x000000001db6cae0:   000000000000020d 0000000000000000
0x000000001db6caf0:   0000000021e9aca0 00007ffcd1b0fe08
0x000000001db6cb00:   0000000000845440 00000000ffffffff
0x000000001db6cb10:   0000000000000000 0000000000000000
0x000000001db6cb20:   0000000100000032 0000000000845440
0x000000001db6cb30:   00000000008368a0 000000001c460800
0x000000001db6cb40:   0000000000873ae0 000000001c460800
0x000000001db6cb50:   0000000011c4e000 00007ffcd1b7db9c
0x000000001db6cb60:   0000000000845440 000000001c4609f8
0x000000001db6cb70:   0000000021e9aca0 00000000006c01e8
0x000000001db6cb80:   00000000006c01e8 0000000002cb7f54
0x000000001db6cb90:   000000001c4609f8 000000001db6cc40 

Instructions: (pc=0x00007ffcd1b18991)
0x00007ffcd1b18971:   24 20 48 8b 40 08 48 8b 04 c8 48 89 44 24 30 48
0x00007ffcd1b18981:   83 7c 24 30 00 0f 84 c1 00 00 00 48 8b 44 24 30
0x00007ffcd1b18991:   48 8b 40 08 48 89 44 24 40 b8 08 00 00 00 48 6b
0x00007ffcd1b189a1:   c0 3b 48 8b 4c 24 60 48 8b 49 28 48 8b 04 01 48 


Register to memory mapping:

RAX=0x000000000000020d is an unknown value
RBX={method} {0x0000000021e9aca8} 'destroyEnvironment' '(J)V' in 'net/sf/clipsrules/jni/Environment'
RCX=0x00000000008458c0 is an unknown value
RDX=0x0000000000000080 is an unknown value
RSP=0x000000001db6caa0 is pointing into the stack for thread: 0x000000001c460800
RBP=0x000000001db6cc10 is pointing into the stack for thread: 0x000000001c460800
RSI=0x00000000006c01e8 is an unknown value
RDI=0x0000000011c4e000 is an unknown value
R8 =0x00000000008769d0 is an unknown value
R9 =0x000000000000ff00 is an unknown value
R10=0x0000000000000000 is an unknown value
R11=0x000000001db6c960 is pointing into the stack for thread: 0x000000001c460800
R12=0x0000000000000000 is an unknown value
R13={method} {0x0000000021e9aca8} 'destroyEnvironment' '(J)V' in 'net/sf/clipsrules/jni/Environment'
R14=0x000000001db6cc40 is pointing into the stack for thread: 0x000000001c460800
R15=0x000000001c460800 is a thread


Stack: [0x000000001d970000,0x000000001db70000],  sp=0x000000001db6caa0,  free space=2034k
Native frames: (J=compiled Java code, j=interpreted, Vv=VM code, C=native code)
C  [CLIPSJNI2.dll+0x48991]
C  [CLIPSJNI2.dll+0x3fe08]
C  [CLIPSJNI2.dll+0xadb9c]
C  0x0000000002cb7f54

Java frames: (J=compiled Java code, j=interpreted, Vv=VM code)
j  net.sf.clipsrules.jni.Environment.destroyEnvironment(J)V+0
j  net.sf.clipsrules.jni.Environment.destroy()V+5
j  org.clipsmonitor.clips.ClipsCore.clearInstance()V+13
j  org.clipsmonitor.core.MonitorCore.resetApplication()V+0
j  org.clipsmonitor.gui.ControlsTopComponent.resetButtonActionPerformed(Ljava/awt/event/ActionEvent;)V+4
j  org.clipsmonitor.gui.ControlsTopComponent.access$1000(Lorg/clipsmonitor/gui/ControlsTopComponent;Ljava/awt/event/ActionEvent;)V+2
j  org.clipsmonitor.gui.ControlsTopComponent$9.actionPerformed(Ljava/awt/event/ActionEvent;)V+5
j  javax.swing.AbstractButton.fireActionPerformed(Ljava/awt/event/ActionEvent;)V+83
j  javax.swing.AbstractButton$Handler.actionPerformed(Ljava/awt/event/ActionEvent;)V+5
j  javax.swing.DefaultButtonModel.fireActionPerformed(Ljava/awt/event/ActionEvent;)V+34
j  javax.swing.DefaultButtonModel.setPressed(Z)V+117
j  javax.swing.plaf.basic.BasicButtonListener.mouseReleased(Ljava/awt/event/MouseEvent;)V+35
j  java.awt.AWTEventMulticaster.mouseReleased(Ljava/awt/event/MouseEvent;)V+8
j  java.awt.Component.processMouseEvent(Ljava/awt/event/MouseEvent;)V+64
j  javax.swing.JComponent.processMouseEvent(Ljava/awt/event/MouseEvent;)V+23
J 4887 C1 java.awt.Component.processEvent(Ljava/awt/AWTEvent;)V (220 bytes) @ 0x0000000003a8c4c4 [0x0000000003a8bfa0+0x524]
J 4802 C1 java.awt.Container.processEvent(Ljava/awt/AWTEvent;)V (22 bytes) @ 0x000000000318da4c [0x000000000318d720+0x32c]
J 4848 C1 java.awt.Component.dispatchEventImpl(Ljava/awt/AWTEvent;)V (883 bytes) @ 0x0000000003a73e5c [0x0000000003a6e980+0x54dc]
J 4199 C1 java.awt.Container.dispatchEventImpl(Ljava/awt/AWTEvent;)V (129 bytes) @ 0x000000000306a184 [0x000000000306a040+0x144]
J 4842 C1 java.awt.LightweightDispatcher.retargetMouseEvent(Ljava/awt/Component;ILjava/awt/event/MouseEvent;)V (350 bytes) @ 0x0000000003a697ac [0x0000000003a67240+0x256c]
j  java.awt.LightweightDispatcher.processMouseEvent(Ljava/awt/event/MouseEvent;)Z+155
j  java.awt.LightweightDispatcher.dispatchEvent(Ljava/awt/AWTEvent;)Z+50
J 4199 C1 java.awt.Container.dispatchEventImpl(Ljava/awt/AWTEvent;)V (129 bytes) @ 0x000000000306a124 [0x000000000306a040+0xe4]
j  java.awt.Window.dispatchEventImpl(Ljava/awt/AWTEvent;)V+19
J 4688 C1 java.awt.EventQueue.dispatchEventImpl(Ljava/awt/AWTEvent;Ljava/lang/Object;)V (149 bytes) @ 0x00000000037d0b3c [0x00000000037cf300+0x183c]
J 4163 C1 java.awt.EventQueue$3.run()Ljava/lang/Void; (60 bytes) @ 0x0000000002dbfe8c [0x0000000002dbfc80+0x20c]
J 4162 C1 java.awt.EventQueue$3.run()Ljava/lang/Object; (5 bytes) @ 0x0000000002fbd70c [0x0000000002fbd680+0x8c]
v  ~StubRoutines::call_stub
J 933  java.security.AccessController.doPrivileged(Ljava/security/PrivilegedAction;Ljava/security/AccessControlContext;)Ljava/lang/Object; (0 bytes) @ 0x00000000030137a6 [0x0000000003013740+0x66]
J 4874 C1 java.awt.EventQueue$4.run()Ljava/lang/Object; (5 bytes) @ 0x0000000003a8385c [0x0000000003a83440+0x41c]
v  ~StubRoutines::call_stub
J 933  java.security.AccessController.doPrivileged(Ljava/security/PrivilegedAction;Ljava/security/AccessControlContext;)Ljava/lang/Object; (0 bytes) @ 0x00000000030137a6 [0x0000000003013740+0x66]
J 3862 C1 java.awt.EventQueue.dispatchEvent(Ljava/awt/AWTEvent;)V (80 bytes) @ 0x0000000003997ebc [0x0000000003997040+0xe7c]
J 4071 C1 org.netbeans.core.TimableEventQueue.dispatchEvent(Ljava/awt/AWTEvent;)V (43 bytes) @ 0x0000000002dd7ea4 [0x0000000002dd7da0+0x104]
J 3863 C1 java.awt.EventDispatchThread.pumpOneEventForFilters(I)V (295 bytes) @ 0x000000000398fd34 [0x000000000398df40+0x1df4]
j  java.awt.EventDispatchThread.pumpEventsForFilter(ILjava/awt/Conditional;Ljava/awt/EventFilter;)V+35
j  java.awt.EventDispatchThread.pumpEventsForHierarchy(ILjava/awt/Conditional;Ljava/awt/Component;)V+11
j  java.awt.EventDispatchThread.pumpEvents(ILjava/awt/Conditional;)V+4
j  java.awt.EventDispatchThread.pumpEvents(Ljava/awt/Conditional;)V+3
j  java.awt.EventDispatchThread.run()V+9
v  ~StubRoutines::call_stub

---------------  P R O C E S S  ---------------

Java Threads: ( => current thread )
  0x000000001e48d800 JavaThread "Inactive RequestProcessor thread [Was:Folder Instance Processor/org.openide.loaders.FolderInstance$1R]" daemon [_thread_blocked, id=13304, stack(0x0000000025ab0000,0x0000000025cb0000)]
  0x000000001e48c000 JavaThread "Image Fetcher 1" daemon [_thread_blocked, id=11760, stack(0x00000000258b0000,0x0000000025ab0000)]
  0x000000001e48b800 JavaThread "Swing-Shell" daemon [_thread_blocked, id=2060, stack(0x00000000236b0000,0x00000000238b0000)]
  0x000000001e48d000 JavaThread "Image Fetcher 0" daemon [_thread_blocked, id=12544, stack(0x00000000228a0000,0x0000000022aa0000)]
  0x000000001e488800 JavaThread "Flushing caches" [_thread_blocked, id=12588, stack(0x00000000220a0000,0x00000000222a0000)]
  0x000000001e48a000 JavaThread "TimerQueue" daemon [_thread_blocked, id=10356, stack(0x0000000021ea0000,0x00000000220a0000)]
  0x000000001e487800 JavaThread "Thread-2" daemon [_thread_blocked, id=5868, stack(0x0000000021aa0000,0x0000000021ca0000)]
  0x000000001e48a800 JavaThread "File Watcher" daemon [_thread_blocked, id=6996, stack(0x0000000020510000,0x0000000020710000)]
  0x000000001e489000 JavaThread "Inactive RequestProcessor thread [Was:NbStatusDisplayer/org.netbeans.core.NbStatusDisplayer$MessageImpl]" daemon [_thread_blocked, id=10688, stack(0x000000001eb40000,0x000000001ed40000)]
=>0x000000001c460800 JavaThread "AWT-EventQueue-0" [_thread_in_native, id=12736, stack(0x000000001d970000,0x000000001db70000)]
  0x000000001c45b800 JavaThread "AWT-Windows" daemon [_thread_in_native, id=10960, stack(0x000000001d6b0000,0x000000001d8b0000)]
  0x000000001c45b000 JavaThread "AWT-Shutdown" [_thread_blocked, id=7908, stack(0x000000001d4b0000,0x000000001d6b0000)]
  0x000000001c3f7000 JavaThread "Java2D Disposer" daemon [_thread_blocked, id=1292, stack(0x000000001d2b0000,0x000000001d4b0000)]
  0x000000001c3ec800 JavaThread "RequestProcessor queue manager" daemon [_thread_blocked, id=11672, stack(0x000000001ceb0000,0x000000001d0b0000)]
  0x000000001c1fd000 JavaThread "Inactive RequestProcessor thread [Was:Folder recognizer/org.openide.loaders.FolderList$ListTask]" daemon [_thread_blocked, id=13440, stack(0x000000001cab0000,0x000000001ccb0000)]
  0x000000001c10c800 JavaThread "CLI Requests Server" daemon [_thread_in_native, id=12640, stack(0x000000001c7b0000,0x000000001c9b0000)]
  0x000000001bf81000 JavaThread "Active Reference Queue Daemon" daemon [_thread_blocked, id=14272, stack(0x000000001c5b0000,0x000000001c7b0000)]
  0x0000000019297800 JavaThread "Service Thread" daemon [_thread_blocked, id=568, stack(0x000000001b9b0000,0x000000001bbb0000)]
  0x00000000191f9800 JavaThread "C1 CompilerThread3" daemon [_thread_blocked, id=8316, stack(0x000000001b6b0000,0x000000001b8b0000)]
  0x00000000191f6800 JavaThread "C2 CompilerThread2" daemon [_thread_blocked, id=12200, stack(0x000000001b4b0000,0x000000001b6b0000)]
  0x00000000191f4800 JavaThread "C2 CompilerThread1" daemon [_thread_blocked, id=4800, stack(0x000000001b2b0000,0x000000001b4b0000)]
  0x00000000191f1800 JavaThread "C2 CompilerThread0" daemon [_thread_blocked, id=6160, stack(0x000000001b0b0000,0x000000001b2b0000)]
  0x00000000191ef800 JavaThread "Attach Listener" daemon [_thread_blocked, id=5300, stack(0x000000001aeb0000,0x000000001b0b0000)]
  0x00000000191ee800 JavaThread "Signal Dispatcher" daemon [_thread_blocked, id=11344, stack(0x000000001acb0000,0x000000001aeb0000)]
  0x00000000191d9800 JavaThread "Finalizer" daemon [_thread_blocked, id=10268, stack(0x000000001a9b0000,0x000000001abb0000)]
  0x00000000191b8000 JavaThread "Reference Handler" daemon [_thread_blocked, id=11368, stack(0x000000001a7b0000,0x000000001a9b0000)]
  0x00000000025f0800 JavaThread "main" [_thread_blocked, id=13140, stack(0x0000000000440000,0x0000000000640000)]

Other Threads:
  0x00000000028ee000 VMThread [stack: 0x000000001a5b0000,0x000000001a7b0000] [id=13712]
  0x0000000019222000 WatcherThread [stack: 0x000000001bbb0000,0x000000001bdb0000] [id=9248]

VM state:not at safepoint (normal execution)

VM Mutex/Monitor currently owned by a thread: None

Heap:
 PSYoungGen      total 72192K, used 54867K [0x00000000d6180000, 0x00000000dce00000, 0x0000000100000000)
  eden space 57344K, 81% used [0x00000000d6180000,0x00000000d8f06a10,0x00000000d9980000)
  from space 14848K, 55% used [0x00000000d9980000,0x00000000da18e5a8,0x00000000da800000)
  to   space 14336K, 0% used [0x00000000dc000000,0x00000000dc000000,0x00000000dce00000)
 ParOldGen       total 65536K, used 22843K [0x0000000082400000, 0x0000000086400000, 0x00000000d6180000)
  object space 65536K, 34% used [0x0000000082400000,0x0000000083a4ee78,0x0000000086400000)
 Metaspace       used 32291K, capacity 33968K, committed 34304K, reserved 1079296K
  class space    used 4035K, capacity 4570K, committed 4608K, reserved 1048576K

Card table byte_map: [0x0000000012060000,0x0000000012450000] byte_map_base: 0x0000000011c4e000

Marking Bits: (ParMarkBitMap*) 0x0000000077f72f70
 Begin Bits: [0x00000000136f0000, 0x0000000015660000)
 End Bits:   [0x0000000015660000, 0x00000000175d0000)

Polling page: 0x00000000001e0000

CodeCache: size=245760Kb used=14275Kb max_used=14275Kb free=231484Kb
 bounds [0x0000000002ca0000, 0x0000000003ab0000, 0x0000000011ca0000]
 total_blobs=4881 nmethods=4282 adapters=509
 compilation: enabled

Compilation events (10 events):
Event: 9.085 Thread 0x00000000191f9800 4912       3       org.openide.util.lookup.ProxyLookup::setData (267 bytes)
Event: 9.086 Thread 0x00000000191f6800 4914       4       javax.swing.border.AbstractBorder::getBorderInsets (17 bytes)
Event: 9.086 Thread 0x00000000191f9800 nmethod 4912 0x0000000003a9d390 code [0x0000000003a9d840, 0x0000000003aa02e8]
Event: 9.086 Thread 0x00000000191f9800 4911   !   3       org.openide.util.lookup.MetaInfServicesLookup$Item::getInstance (205 bytes)
Event: 9.087 Thread 0x00000000191f6800 nmethod 4914 0x0000000003a93290 code [0x0000000003a933e0, 0x0000000003a934d8]
Event: 9.088 Thread 0x00000000191f9800 nmethod 4911 0x0000000003aa3910 code [0x0000000003aa3ce0, 0x0000000003aa6498]
Event: 9.088 Thread 0x00000000191f9800 4913       1       org.openide.util.lookup.ProxyLookup$RealInternalData::isEmpty (2 bytes)
Event: 9.088 Thread 0x00000000191f9800 nmethod 4913 0x0000000003a92f90 code [0x0000000003a930e0, 0x0000000003a931f0]
Event: 9.138 Thread 0x00000000191f9800 4915       3       java.util.PriorityQueue::add (6 bytes)
Event: 9.138 Thread 0x00000000191f9800 nmethod 4915 0x0000000003a97ad0 code [0x0000000003a97c40, 0x0000000003a97de8]

GC Heap History (10 events):
Event: 3.056 GC heap before
{Heap before GC invocations=6 (full 1):
 PSYoungGen      total 37888K, used 37873K [0x00000000d6180000, 0x00000000d9700000, 0x0000000100000000)
  eden space 32768K, 100% used [0x00000000d6180000,0x00000000d8180000,0x00000000d8180000)
  from space 5120K, 99% used [0x00000000d8680000,0x00000000d8b7c5c0,0x00000000d8b80000)
  to   space 5120K, 0% used [0x00000000d8180000,0x00000000d8180000,0x00000000d8680000)
 ParOldGen       total 65536K, used 8341K [0x0000000082400000, 0x0000000086400000, 0x00000000d6180000)
  object space 65536K, 12% used [0x0000000082400000,0x0000000082c254b0,0x0000000086400000)
 Metaspace       used 28240K, capacity 29706K, committed 29824K, reserved 1075200K
  class space    used 3495K, capacity 3940K, committed 3968K, reserved 1048576K
Event: 3.064 GC heap after
Heap after GC invocations=6 (full 1):
 PSYoungGen      total 37888K, used 5109K [0x00000000d6180000, 0x00000000daf00000, 0x0000000100000000)
  eden space 32768K, 0% used [0x00000000d6180000,0x00000000d6180000,0x00000000d8180000)
  from space 5120K, 99% used [0x00000000d8180000,0x00000000d867d4f8,0x00000000d8680000)
  to   space 17408K, 0% used [0x00000000d9e00000,0x00000000d9e00000,0x00000000daf00000)
 ParOldGen       total 65536K, used 22811K [0x0000000082400000, 0x0000000086400000, 0x00000000d6180000)
  object space 65536K, 34% used [0x0000000082400000,0x0000000083a46e78,0x0000000086400000)
 Metaspace       used 28240K, capacity 29706K, committed 29824K, reserved 1075200K
  class space    used 3495K, capacity 3940K, committed 3968K, reserved 1048576K
}
Event: 3.947 GC heap before
{Heap before GC invocations=7 (full 1):
 PSYoungGen      total 37888K, used 37877K [0x00000000d6180000, 0x00000000daf00000, 0x0000000100000000)
  eden space 32768K, 100% used [0x00000000d6180000,0x00000000d8180000,0x00000000d8180000)
  from space 5120K, 99% used [0x00000000d8180000,0x00000000d867d4f8,0x00000000d8680000)
  to   space 17408K, 0% used [0x00000000d9e00000,0x00000000d9e00000,0x00000000daf00000)
 ParOldGen       total 65536K, used 22811K [0x0000000082400000, 0x0000000086400000, 0x00000000d6180000)
  object space 65536K, 34% used [0x0000000082400000,0x0000000083a46e78,0x0000000086400000)
 Metaspace       used 29916K, capacity 31590K, committed 31744K, reserved 1077248K
  class space    used 3781K, capacity 4259K, committed 4352K, reserved 1048576K
Event: 3.952 GC heap after
Heap after GC invocations=7 (full 1):
 PSYoungGen      total 58880K, used 6367K [0x00000000d6180000, 0x00000000dad00000, 0x0000000100000000)
  eden space 43520K, 0% used [0x00000000d6180000,0x00000000d6180000,0x00000000d8c00000)
  from space 15360K, 41% used [0x00000000d9e00000,0x00000000da437df0,0x00000000dad00000)
  to   space 16896K, 0% used [0x00000000d8c00000,0x00000000d8c00000,0x00000000d9c80000)
 ParOldGen       total 65536K, used 22819K [0x0000000082400000, 0x0000000086400000, 0x00000000d6180000)
  object space 65536K, 34% used [0x0000000082400000,0x0000000083a48e78,0x0000000086400000)
 Metaspace       used 29916K, capacity 31590K, committed 31744K, reserved 1077248K
  class space    used 3781K, capacity 4259K, committed 4352K, reserved 1048576K
}
Event: 5.900 GC heap before
{Heap before GC invocations=8 (full 1):
 PSYoungGen      total 58880K, used 49887K [0x00000000d6180000, 0x00000000dad00000, 0x0000000100000000)
  eden space 43520K, 100% used [0x00000000d6180000,0x00000000d8c00000,0x00000000d8c00000)
  from space 15360K, 41% used [0x00000000d9e00000,0x00000000da437df0,0x00000000dad00000)
  to   space 16896K, 0% used [0x00000000d8c00000,0x00000000d8c00000,0x00000000d9c80000)
 ParOldGen       total 65536K, used 22819K [0x0000000082400000, 0x0000000086400000, 0x00000000d6180000)
  object space 65536K, 34% used [0x0000000082400000,0x0000000083a48e78,0x0000000086400000)
 Metaspace       used 31848K, capacity 33480K, committed 33792K, reserved 1079296K
  class space    used 4019K, capacity 4538K, committed 4608K, reserved 1048576K
Event: 5.906 GC heap after
Heap after GC invocations=8 (full 1):
 PSYoungGen      total 60416K, used 7882K [0x00000000d6180000, 0x00000000db780000, 0x0000000100000000)
  eden space 43520K, 0% used [0x00000000d6180000,0x00000000d6180000,0x00000000d8c00000)
  from space 16896K, 46% used [0x00000000d8c00000,0x00000000d93b28f0,0x00000000d9c80000)
  to   space 15872K, 0% used [0x00000000da800000,0x00000000da800000,0x00000000db780000)
 ParOldGen       total 65536K, used 22827K [0x0000000082400000, 0x0000000086400000, 0x00000000d6180000)
  object space 65536K, 34% used [0x0000000082400000,0x0000000083a4ae78,0x0000000086400000)
 Metaspace       used 31848K, capacity 33480K, committed 33792K, reserved 1079296K
  class space    used 4019K, capacity 4538K, committed 4608K, reserved 1048576K
}
Event: 5.930 GC heap before
{Heap before GC invocations=9 (full 1):
 PSYoungGen      total 60416K, used 51402K [0x00000000d6180000, 0x00000000db780000, 0x0000000100000000)
  eden space 43520K, 100% used [0x00000000d6180000,0x00000000d8c00000,0x00000000d8c00000)
  from space 16896K, 46% used [0x00000000d8c00000,0x00000000d93b28f0,0x00000000d9c80000)
  to   space 15872K, 0% used [0x00000000da800000,0x00000000da800000,0x00000000db780000)
 ParOldGen       total 65536K, used 22827K [0x0000000082400000, 0x0000000086400000, 0x00000000d6180000)
  object space 65536K, 34% used [0x0000000082400000,0x0000000083a4ae78,0x0000000086400000)
 Metaspace       used 31853K, capacity 33544K, committed 33792K, reserved 1079296K
  class space    used 4019K, capacity 4538K, committed 4608K, reserved 1048576K
Event: 5.936 GC heap after
Heap after GC invocations=9 (full 1):
 PSYoungGen      total 73216K, used 7978K [0x00000000d6180000, 0x00000000dc900000, 0x0000000100000000)
  eden space 57344K, 0% used [0x00000000d6180000,0x00000000d6180000,0x00000000d9980000)
  from space 15872K, 50% used [0x00000000da800000,0x00000000dafca8f0,0x00000000db780000)
  to   space 14848K, 0% used [0x00000000d9980000,0x00000000d9980000,0x00000000da800000)
 ParOldGen       total 65536K, used 22835K [0x0000000082400000, 0x0000000086400000, 0x00000000d6180000)
  object space 65536K, 34% used [0x0000000082400000,0x0000000083a4ce78,0x0000000086400000)
 Metaspace       used 31853K, capacity 33544K, committed 33792K, reserved 1079296K
  class space    used 4019K, capacity 4538K, committed 4608K, reserved 1048576K
}
Event: 6.236 GC heap before
{Heap before GC invocations=10 (full 1):
 PSYoungGen      total 73216K, used 65322K [0x00000000d6180000, 0x00000000dc900000, 0x0000000100000000)
  eden space 57344K, 100% used [0x00000000d6180000,0x00000000d9980000,0x00000000d9980000)
  from space 15872K, 50% used [0x00000000da800000,0x00000000dafca8f0,0x00000000db780000)
  to   space 14848K, 0% used [0x00000000d9980000,0x00000000d9980000,0x00000000da800000)
 ParOldGen       total 65536K, used 22835K [0x0000000082400000, 0x0000000086400000, 0x00000000d6180000)
  object space 65536K, 34% used [0x0000000082400000,0x0000000083a4ce78,0x0000000086400000)
 Metaspace       used 32095K, capacity 33736K, committed 34048K, reserved 1079296K
  class space    used 4021K, capacity 4538K, committed 4608K, reserved 1048576K
Event: 6.244 GC heap after
Heap after GC invocations=10 (full 1):
 PSYoungGen      total 72192K, used 8249K [0x00000000d6180000, 0x00000000dce00000, 0x0000000100000000)
  eden space 57344K, 0% used [0x00000000d6180000,0x00000000d6180000,0x00000000d9980000)
  from space 14848K, 55% used [0x00000000d9980000,0x00000000da18e5a8,0x00000000da800000)
  to   space 14336K, 0% used [0x00000000dc000000,0x00000000dc000000,0x00000000dce00000)
 ParOldGen       total 65536K, used 22843K [0x0000000082400000, 0x0000000086400000, 0x00000000d6180000)
  object space 65536K, 34% used [0x0000000082400000,0x0000000083a4ee78,0x0000000086400000)
 Metaspace       used 32095K, capacity 33736K, committed 34048K, reserved 1079296K
  class space    used 4021K, capacity 4538K, committed 4608K, reserved 1048576K
}

Deoptimization events (10 events):
Event: 3.527 Thread 0x000000001c460800 Uncommon trap: reason=class_check action=maybe_recompile pc=0x0000000003469f34 method=java.util.Hashtable.put(Ljava/lang/Object;Ljava/lang/Object;)Ljava/lang/Object; @ 60
Event: 4.064 Thread 0x000000001c460800 Uncommon trap: reason=unstable_if action=reinterpret pc=0x0000000003531290 method=java.util.WeakHashMap.maskNull(Ljava/lang/Object;)Ljava/lang/Object; @ 1
Event: 4.134 Thread 0x000000001e48a000 Uncommon trap: reason=unstable_if action=reinterpret pc=0x000000000393acc0 method=java.util.concurrent.locks.AbstractQueuedSynchronizer.transferForSignal(Ljava/util/concurrent/locks/AbstractQueuedSynchronizer$Node;)Z @ 7
Event: 4.643 Thread 0x000000001c1fd000 Uncommon trap: reason=unstable_if action=reinterpret pc=0x000000000353821c method=org.openide.filesystems.MultiFileObject.weightOf(Lorg/openide/filesystems/FileObject;Lorg/openide/filesystems/FileSystem;)Ljava/lang/Number; @ 30
Event: 4.644 Thread 0x000000001c1fd000 Uncommon trap: reason=unstable_if action=reinterpret pc=0x00000000035a43e8 method=org.openide.filesystems.MultiFileObject.weightOf(Lorg/openide/filesystems/FileObject;Lorg/openide/filesystems/FileSystem;)Ljava/lang/Number; @ 30
Event: 4.837 Thread 0x000000001c460800 Uncommon trap: reason=bimorphic action=maybe_recompile pc=0x0000000003600b34 method=java.io.BufferedInputStream.read1([BII)I @ 39
Event: 4.837 Thread 0x000000001c460800 Uncommon trap: reason=bimorphic action=maybe_recompile pc=0x00000000035d53ec method=java.io.BufferedInputStream.read1([BII)I @ 39
Event: 4.856 Thread 0x000000001c460800 Uncommon trap: reason=unstable_if action=reinterpret pc=0x0000000003012f18 method=java.lang.Character.isHighSurrogate(C)Z @ 3
Event: 5.810 Thread 0x000000001c460800 Uncommon trap: reason=unstable_if action=reinterpret pc=0x000000000388d184 method=sun.awt.SunToolkit.isInstanceOf(Ljava/lang/Class;Ljava/lang/String;)Z @ 14
Event: 6.003 Thread 0x000000001c460800 Uncommon trap: reason=unstable_if action=reinterpret pc=0x000000000325e298 method=javax.swing.text.Utilities.getTabbedTextOffset(Ljavax/swing/text/View;Ljavax/swing/text/Segment;Ljava/awt/FontMetrics;IILjavax/swing/text/TabExpander;IZ[I)I @ 292

Internal exceptions (10 events):
Event: 0.523 Thread 0x000000001c1ff800 Exception <a 'java/io/FileNotFoundException'> (0x00000000d6e2dcf8) thrown at [C:\re\workspace\8-2-build-windows-amd64-cygwin\jdk8u91\7017\hotspot\src\share\vm\prims\jni.cpp, line 709]
Event: 0.634 Thread 0x000000001c1ff800 Implicit null exception at 0x0000000002f633fb to 0x0000000002f63aa5
Event: 1.231 Thread 0x000000001c1ff800 Implicit null exception at 0x0000000002ec1254 to 0x0000000002ec15a9
Event: 1.231 Thread 0x000000001c1ff800 Implicit null exception at 0x0000000002e70259 to 0x0000000002e705b5
Event: 1.232 Thread 0x000000001c1ff800 Exception <a 'java/lang/ClassNotFoundException': sun/net/www/content/content/unknown> (0x00000000d7d5bb88) thrown at [C:\re\workspace\8-2-build-windows-amd64-cygwin\jdk8u91\7017\hotspot\src\share\vm\classfile\systemDictionary.cpp, line 210]
Event: 1.812 Thread 0x000000001c1ff800 Exception <a 'java/io/FileNotFoundException'> (0x00000000d63f78c8) thrown at [C:\re\workspace\8-2-build-windows-amd64-cygwin\jdk8u91\7017\hotspot\src\share\vm\prims\jni.cpp, line 709]
Event: 3.227 Thread 0x000000001c460800 Implicit null exception at 0x0000000003588a99 to 0x0000000003588b6d
Event: 4.064 Thread 0x000000001c460800 Implicit null exception at 0x0000000003531114 to 0x0000000003531285
Event: 9.137 Thread 0x000000001e486800 Implicit null exception at 0x000000000318e90d to 0x0000000003191672
Event: 9.137 Thread 0x000000001e486800 Exception <a 'java/lang/NullPointerException'> (0x00000000d8edfe18) thrown at [C:\re\workspace\8-2-build-windows-amd64-cygwin\jdk8u91\7017\hotspot\src\share\vm\runtime\sharedRuntime.cpp, line 605]

Events (10 events):
Event: 6.244 Executing VM operation: RevokeBias
Event: 6.244 Executing VM operation: RevokeBias done
Event: 6.244 Executing VM operation: RevokeBias
Event: 6.244 Executing VM operation: RevokeBias done
Event: 6.244 Executing VM operation: RevokeBias
Event: 6.244 Executing VM operation: RevokeBias done
Event: 6.245 Executing VM operation: RevokeBias
Event: 6.245 Executing VM operation: RevokeBias done
Event: 6.245 Executing VM operation: RevokeBias
Event: 6.245 Executing VM operation: RevokeBias done


Dynamic libraries:
0x0000000000400000 - 0x000000000043a000 	C:\Program Files\NetBeans 8.1\platform\lib\nbexec64.exe
0x00007ffcf5d10000 - 0x00007ffcf5ed1000 	C:\WINDOWS\SYSTEM32\ntdll.dll
0x00007ffcf4e30000 - 0x00007ffcf4edd000 	C:\WINDOWS\system32\KERNEL32.DLL
0x00007ffcf2dc0000 - 0x00007ffcf2fa8000 	C:\WINDOWS\system32\KERNELBASE.dll
0x00007ffcf3260000 - 0x00007ffcf3307000 	C:\WINDOWS\system32\ADVAPI32.dll
0x00007ffcf4ce0000 - 0x00007ffcf4d7d000 	C:\WINDOWS\system32\msvcrt.dll
0x00007ffcf51a0000 - 0x00007ffcf51fb000 	C:\WINDOWS\system32\sechost.dll
0x00007ffcf4bc0000 - 0x00007ffcf4cdc000 	C:\WINDOWS\system32\RPCRT4.dll
0x00007ffcf5040000 - 0x00007ffcf5196000 	C:\WINDOWS\system32\USER32.dll
0x00007ffcf54e0000 - 0x00007ffcf5666000 	C:\WINDOWS\system32\GDI32.dll
0x00007ffcf5cd0000 - 0x00007ffcf5d0b000 	C:\WINDOWS\system32\IMM32.DLL
0x00007ffcf2220000 - 0x00007ffcf2251000 	C:\windows\system32\nvinitx.dll
0x00007ffcf2210000 - 0x00007ffcf221a000 	C:\WINDOWS\SYSTEM32\VERSION.dll
0x00000000500e0000 - 0x0000000050594000 	C:\Program Files\NetBeans 8.1\platform\lib\nbexec64.dll
0x0000000077760000 - 0x0000000077ff3000 	C:\Program Files\Java\jdk1.8.0_91\jre\bin\server\jvm.dll
0x00007ffcf4bb0000 - 0x00007ffcf4bb8000 	C:\WINDOWS\system32\PSAPI.DLL
0x0000000050770000 - 0x0000000050842000 	C:\Program Files\Java\jdk1.8.0_91\jre\bin\MSVCR100.dll
0x00007ffce3520000 - 0x00007ffce3529000 	C:\WINDOWS\SYSTEM32\WSOCK32.dll
0x00007ffcf0b50000 - 0x00007ffcf0b73000 	C:\WINDOWS\SYSTEM32\WINMM.dll
0x00007ffcf4b40000 - 0x00007ffcf4bab000 	C:\WINDOWS\system32\WS2_32.dll
0x0000000000670000 - 0x000000000069c000 	C:\WINDOWS\SYSTEM32\WINMMBASE.dll
0x00007ffcf2fb0000 - 0x00007ffcf2ff3000 	C:\WINDOWS\system32\cfgmgr32.dll
0x0000000050730000 - 0x0000000050769000 	C:\Program Files\Java\jdk1.8.0_91\jre\bin\splashscreen.dll
0x0000000050cb0000 - 0x0000000050cbf000 	C:\Program Files\Java\jdk1.8.0_91\jre\bin\verify.dll
0x0000000050700000 - 0x0000000050729000 	C:\Program Files\Java\jdk1.8.0_91\jre\bin\java.dll
0x00007ffcf0e40000 - 0x00007ffcf0ed6000 	C:\WINDOWS\system32\uxtheme.dll
0x00007ffcf5200000 - 0x00007ffcf547d000 	C:\WINDOWS\system32\combase.dll
0x00007ffcf2480000 - 0x00007ffcf24ea000 	C:\WINDOWS\system32\bcryptPrimitives.dll
0x00007ffcf4ee0000 - 0x00007ffcf503a000 	C:\WINDOWS\system32\MSCTF.dll
0x00000000506e0000 - 0x00000000506f6000 	C:\Program Files\Java\jdk1.8.0_91\jre\bin\zip.dll
0x00007ffcf2350000 - 0x00007ffcf235f000 	C:\WINDOWS\system32\kernel.appcore.dll
0x00007ffcf3380000 - 0x00007ffcf48dc000 	C:\WINDOWS\system32\SHELL32.dll
0x00007ffcf25a0000 - 0x00007ffcf2be4000 	C:\WINDOWS\system32\windows.storage.dll
0x00007ffcf48e0000 - 0x00007ffcf4932000 	C:\WINDOWS\system32\shlwapi.dll
0x00007ffcf23c0000 - 0x00007ffcf2475000 	C:\WINDOWS\system32\shcore.dll
0x00007ffcf2360000 - 0x00007ffcf23ab000 	C:\WINDOWS\system32\powrprof.dll
0x00007ffcf2330000 - 0x00007ffcf2344000 	C:\WINDOWS\system32\profapi.dll
0x00000000506c0000 - 0x00000000506da000 	C:\Program Files\Java\jdk1.8.0_91\jre\bin\net.dll
0x00007ffcf1bb0000 - 0x00007ffcf1c0c000 	C:\WINDOWS\system32\mswsock.dll
0x00000000506a0000 - 0x00000000506b1000 	C:\Program Files\Java\jdk1.8.0_91\jre\bin\nio.dll
0x00007ffcef5b0000 - 0x00007ffcef5e8000 	C:\WINDOWS\SYSTEM32\IPHLPAPI.DLL
0x00007ffcf3370000 - 0x00007ffcf3378000 	C:\WINDOWS\system32\NSI.dll
0x00007ffceae60000 - 0x00007ffceae76000 	C:\WINDOWS\SYSTEM32\dhcpcsvc6.DLL
0x00007ffceaa80000 - 0x00007ffceaa9a000 	C:\WINDOWS\SYSTEM32\dhcpcsvc.DLL
0x00000000775c0000 - 0x0000000077758000 	C:\Program Files\Java\jdk1.8.0_91\jre\bin\awt.dll
0x00007ffcf4a70000 - 0x00007ffcf4b31000 	C:\WINDOWS\system32\OLEAUT32.dll
0x00007ffcf0a70000 - 0x00007ffcf0ae9000 	C:\WINDOWS\system32\apphelp.dll
0x00007ffcf1c60000 - 0x00007ffcf1c77000 	C:\WINDOWS\SYSTEM32\CRYPTSP.dll
0x00007ffcf18f0000 - 0x00007ffcf1924000 	C:\WINDOWS\system32\rsaenh.dll
0x00007ffcf2260000 - 0x00007ffcf2289000 	C:\WINDOWS\SYSTEM32\bcrypt.dll
0x00007ffcf1a40000 - 0x00007ffcf1a5f000 	C:\WINDOWS\SYSTEM32\USERENV.dll
0x00007ffcf1d80000 - 0x00007ffcf1d8b000 	C:\WINDOWS\SYSTEM32\CRYPTBASE.dll
0x00007ffce2e90000 - 0x00007ffce2ea6000 	C:\WINDOWS\system32\napinsp.dll
0x00007ffce35a0000 - 0x00007ffce35ba000 	C:\WINDOWS\system32\pnrpnsp.dll
0x00007ffceb9d0000 - 0x00007ffceb9e8000 	C:\WINDOWS\system32\NLAapi.dll
0x00007ffcf0c40000 - 0x00007ffcf0cea000 	C:\WINDOWS\SYSTEM32\DNSAPI.dll
0x00007ffce35c0000 - 0x00007ffce35cd000 	C:\WINDOWS\System32\winrnr.dll
0x00007ffce7260000 - 0x00007ffce726a000 	C:\Windows\System32\rasadhlp.dll
0x00007ffceb240000 - 0x00007ffceb2a7000 	C:\WINDOWS\System32\fwpuclnt.dll
0x00007ffcefa00000 - 0x00007ffcefa22000 	C:\WINDOWS\system32\DWMAPI.DLL
0x00007ffce1a50000 - 0x00007ffce1cc4000 	C:\WINDOWS\WinSxS\amd64_microsoft.windows.common-controls_6595b64144ccf1df_6.0.10586.0_none_8c15ae12515e1c22\COMCTL32.dll
0x00007ffcf3110000 - 0x00007ffcf3253000 	C:\WINDOWS\system32\ole32.dll
0x0000000050650000 - 0x0000000050697000 	C:\Program Files\Java\jdk1.8.0_91\jre\bin\fontmanager.dll
0x0000000050600000 - 0x0000000050642000 	C:\Program Files\Java\jdk1.8.0_91\jre\bin\t2k.dll
0x0000000180000000 - 0x0000000180038000 	C:\Program Files\NetBeans 8.1\platform\modules\lib\amd64\jnidispatch-410.dll
0x00007ffcef100000 - 0x00007ffcef1c8000 	C:\WINDOWS\SYSTEM32\winhttp.dll
0x00007ffcd1ad0000 - 0x00007ffcd1c3a000 	C:\Windows\System32\CLIPSJNI2.dll
0x00007ffcf4d80000 - 0x00007ffcf4e27000 	C:\WINDOWS\system32\clbcatq.dll
0x00007ffced010000 - 0x00007ffced1c1000 	C:\WINDOWS\SYSTEM32\WindowsCodecs.dll
0x00007ffcde790000 - 0x00007ffcde7da000 	C:\WINDOWS\system32\dataexchange.dll
0x00007ffcee4e0000 - 0x00007ffcee788000 	C:\WINDOWS\system32\d3d11.dll
0x00007ffcf0610000 - 0x00007ffcf06f3000 	C:\WINDOWS\system32\dcomp.dll
0x00007ffcef040000 - 0x00007ffcef0e2000 	C:\WINDOWS\system32\dxgi.dll
0x00007ffcf0d40000 - 0x00007ffcf0e40000 	C:\WINDOWS\system32\twinapi.appcore.dll
0x00007ffce86c0000 - 0x00007ffce876a000 	C:\WINDOWS\WinSxS\amd64_microsoft.windows.common-controls_6595b64144ccf1df_5.82.10586.0_none_396e892957c7fb25\comctl32.dll
0x00007ffcefbe0000 - 0x00007ffcefd66000 	C:\WINDOWS\system32\propsys.dll
0x00007ffcd90f0000 - 0x00007ffcd9217000 	C:\WINDOWS\system32\NetworkExplorer.dll
0x00007ffcefef0000 - 0x00007ffcf0383000 	C:\Windows\System32\ActXPrxy.dll
0x00007ffcdbb70000 - 0x00007ffcdbbbd000 	C:\Windows\System32\thumbcache.dll
0x00007ffce36c0000 - 0x00007ffce36db000 	C:\WINDOWS\SYSTEM32\MPR.dll
0x00007ffce3ba0000 - 0x00007ffce3bab000 	C:\WINDOWS\System32\drprov.dll
0x00007ffcf2110000 - 0x00007ffcf2166000 	C:\WINDOWS\System32\WINSTA.dll
0x00007ffccc790000 - 0x00007ffccc7a6000 	C:\WINDOWS\System32\ntlanman.dll
0x00007ffccc570000 - 0x00007ffccc590000 	C:\WINDOWS\System32\davclnt.dll
0x00007ffce8c80000 - 0x00007ffce8c8c000 	C:\WINDOWS\System32\DAVHLPR.dll
0x00007ffceb120000 - 0x00007ffceb136000 	C:\WINDOWS\System32\wkscli.dll
0x00007ffce49f0000 - 0x00007ffce4a02000 	C:\WINDOWS\SYSTEM32\cscapi.dll
0x00007ffcf16f0000 - 0x00007ffcf16fc000 	C:\WINDOWS\System32\netutils.dll
0x00007ffcea6e0000 - 0x00007ffcea75f000 	C:\Windows\System32\dlnashext.dll
0x00007ffcd8ca0000 - 0x00007ffcd8d14000 	C:\Windows\System32\PlayToDevice.dll
0x00007ffce9250000 - 0x00007ffce926f000 	C:\Windows\System32\DevDispItemProvider.dll
0x00007ffceb630000 - 0x00007ffceb6a0000 	C:\WINDOWS\System32\MMDevApi.dll
0x00007ffcf0d10000 - 0x00007ffcf0d37000 	C:\WINDOWS\System32\DEVOBJ.dll
0x00007ffccd610000 - 0x00007ffccd813000 	C:\WINDOWS\system32\wpdshext.dll
0x00007ffce8400000 - 0x00007ffce85a8000 	C:\WINDOWS\WinSxS\amd64_microsoft.windows.gdiplus_6595b64144ccf1df_1.1.10586.20_none_db007f1392e69ef4\gdiplus.dll
0x00007ffcefae0000 - 0x00007ffcefb81000 	C:\Windows\System32\PortableDeviceApi.dll
0x00007ffcf5680000 - 0x00007ffcf5aa9000 	C:\WINDOWS\system32\SETUPAPI.dll
0x00007ffcf3000000 - 0x00007ffcf3055000 	C:\WINDOWS\system32\WINTRUST.dll
0x00007ffcf23b0000 - 0x00007ffcf23c0000 	C:\WINDOWS\system32\MSASN1.dll
0x00007ffcf2bf0000 - 0x00007ffcf2db8000 	C:\WINDOWS\system32\CRYPT32.dll
0x00007ffce8b30000 - 0x00007ffce8b67000 	C:\Windows\System32\EhStorShell.dll
0x00007ffce76e0000 - 0x00007ffce7706000 	C:\Windows\System32\EhStorAPI.dll
0x00007ffcf04f0000 - 0x00007ffcf0503000 	C:\Windows\System32\WTSAPI32.dll
0x00007ffce3b20000 - 0x00007ffce3b2d000 	C:\WINDOWS\SYSTEM32\LINKINFO.dll
0x00007ffcf1f60000 - 0x00007ffcf1f8d000 	C:\WINDOWS\SYSTEM32\SspiCli.dll
0x00000000505f0000 - 0x00000000505fd000 	C:\Program Files\Java\jdk1.8.0_91\jre\bin\management.dll
0x00007ffcec0c0000 - 0x00007ffcec24c000 	C:\WINDOWS\SYSTEM32\dbghelp.dll

VM Arguments:
jvm_args: -Dnetbeans.logger.console=true -ea -Djdk.home=C:\Program Files\Java\jdk1.8.0_91 -splash:C:\Users\Miki\Documents\NetBeansProjects\ClipsMonitor-master\build\testuserdir\var\cache\splash.png -Dnetbeans.home=C:\Program Files\NetBeans 8.1\platform -Dnetbeans.user=C:\Users\Miki\Documents\NetBeansProjects\ClipsMonitor-master\build\testuserdir -Dnetbeans.default_userdir_root= -XX:+HeapDumpOnOutOfMemoryError -XX:HeapDumpPath=C:\Users\Miki\Documents\NetBeansProjects\ClipsMonitor-master\build\testuserdir\var\log\heapdump.hprof -Dsun.awt.keepWorkingSetOnMinimize=true -Dnetbeans.dirs=C:\Users\Miki\Documents\NetBeansProjects\ClipsMonitor-master\build\cluster;C:\Program Files\NetBeans 8.1\platform exit 
java_command: <unknown>
java_class_path (initial): C:\Program Files\NetBeans 8.1\platform\lib\boot.jar;C:\Program Files\NetBeans 8.1\platform\lib\org-openide-modules.jar;C:\Program Files\NetBeans 8.1\platform\lib\org-openide-util-lookup.jar;C:\Program Files\NetBeans 8.1\platform\lib\org-openide-util-ui.jar;C:\Program Files\NetBeans 8.1\platform\lib\org-openide-util.jar;C:\Program Files\NetBeans 8.1\platform\lib\locale\boot_ja.jar;C:\Program Files\NetBeans 8.1\platform\lib\locale\boot_pt_BR.jar;C:\Program Files\NetBeans 8.1\platform\lib\locale\boot_ru.jar;C:\Program Files\NetBeans 8.1\platform\lib\locale\boot_zh_CN.jar;C:\Program Files\NetBeans 8.1\platform\lib\locale\org-openide-modules_ja.jar;C:\Program Files\NetBeans 8.1\platform\lib\locale\org-openide-modules_pt_BR.jar;C:\Program Files\NetBeans 8.1\platform\lib\locale\org-openide-modules_ru.jar;C:\Program Files\NetBeans 8.1\platform\lib\locale\org-openide-modules_zh_CN.jar;C:\Program Files\NetBeans 8.1\platform\lib\locale\org-openide-util-lookup_ja.jar;C:\Program Files\NetBeans 8.1\platform\lib\locale\org-openide-util-lookup_pt_BR.jar;C:\Program Files\NetBeans 8.1\platform\lib\locale\org-openide-util-lookup_ru.jar;C:\Program Files\NetBeans 8.1\platform\lib\locale\org-openide-util-lookup_zh_CN.jar;C:\Program Files\NetBeans 8.1\platform\lib\locale\org-openide-util-ui_ja.jar;C:\Program Files\NetBeans 8.1\platform\lib\locale\org-openide-util-ui_pt_BR.jar;C:\Program Files\NetBeans 8.1\platform\lib\locale\org-openide-util-ui_ru.jar;C:\Program Files\NetBeans 8.1\platform\lib\locale\org-openide-util-ui_zh_CN.jar;C:\Program Files\NetBeans 8.1\platform\lib\locale\org-openide-util_ja.jar;C:\Program Files\NetBeans 8.1\platform\lib\locale\org-openide-util_pt_BR.jar;C:\Program Files\NetBeans 8.1\platform\lib\locale\org-openide-util_ru.jar;C:\Program Files\NetBeans 8.1\platform\lib\locale\org-openide-util_zh_CN.jar;C:\Program Files\Java\jdk1.8.0_91\lib\dt.jar;C:\Program Files\Java\jdk1.8.0_91\lib\tools.jar
Launcher Type: generic

Environment Variables:
CLASSPATH=C:\Users\Miki\Documents\junit-4.10.jar;
PATH=C:\Program Files (x86)\Intel\iCLS Client\;C:\Program Files\Intel\iCLS Client\;C:\ProgramData\Oracle\Java\javapath;C:\Program Files\Java\jdk1.8.0_91\bin;C:\Program Files (x86)\NVIDIA Corporation\PhysX\Common;C:\WINDOWS\system32;C:\WINDOWS;C:\WINDOWS\System32\Wbem;C:\WINDOWS\System32\WindowsPowerShell\v1.0\;C:\Program Files\Intel\WiFi\bin\;C:\Program Files\Common Files\Intel\WirelessCommon\;C:\Program Files\MATLAB\MATLAB Production Server\R2015a\bin;C:\Program Files (x86)\GtkSharp\2.12\bin;C:\Program Files (x86)\Skype\Phone\;C:\Program Files (x86)\Intel\Intel(R) Management Engine Components\DAL;C:\Program Files\Intel\Intel(R) Management Engine Components\DAL;C:\Program Files (x86)\Intel\Intel(R) Management Engine Components\IPT;C:\Program Files\Intel\Intel(R) Management Engine Components\IPT;C:\Program Files\Intel\WiFi\bin\;C:\Program Files\Common Files\Intel\WirelessCommon\;C:\Users\Miki\AppData\Local\atom\bin
USERNAME=Miki
OS=Windows_NT
PROCESSOR_IDENTIFIER=Intel64 Family 6 Model 58 Stepping 9, GenuineIntel



---------------  S Y S T E M  ---------------

OS: Windows 10.0 , 64 bit Build 10586 (10.0.10586.0)

CPU:total 8 (4 cores per cpu, 2 threads per core) family 6 model 58 stepping 9, cmov, cx8, fxsr, mmx, sse, sse2, sse3, ssse3, sse4.1, sse4.2, popcnt, avx, aes, clmul, erms, ht, tsc, tscinvbit, tscinv

Memory: 4k page, physical 8240660k(3233236k free), swap 10518340k(3383012k free)

vm_info: Java HotSpot(TM) 64-Bit Server VM (25.91-b15) for windows-amd64 JRE (1.8.0_91-b15), built on May 20 2016 17:43:15 by "java_re" with MS VC++ 10.0 (VS2010)

time: Mon Jun 20 14:49:37 2016
elapsed time: 9 seconds (0d 0h 0m 9s)

