#
# A fatal error has been detected by the Java Runtime Environment:
#
#  SIGSEGV (0xb) at pc=0x000000017d77a45c, pid=23977, tid=59139
#
# JRE version: Java(TM) SE Runtime Environment (8.0_91-b14) (build 1.8.0_91-b14)
# Java VM: Java HotSpot(TM) 64-Bit Server VM (25.91-b14 mixed mode bsd-amd64 compressed oops)
# Problematic frame:
# C  [libCLIPSJNI2.jnilib+0x3d45c]  DestroyEnvironment+0x2c
#
# Failed to write core dump. Core dumps have been disabled. To enable core dumping, try "ulimit -c unlimited" before starting Java again
#
# If you would like to submit a bug report, please visit:
#   http://bugreport.java.com/bugreport/crash.jsp
# The crash happened outside the Java Virtual Machine in native code.
# See problematic frame for where to report the bug.
#

---------------  T H R E A D  ---------------

Current thread (0x00007fe9a61ec800):  JavaThread "AWT-EventQueue-0" [_thread_in_native, id=59139, stack(0x0000700002106000,0x0000700002206000)]

siginfo: si_signo: 11 (SIGSEGV), si_code: 1 (SEGV_MAPERR), si_addr: 0x00000000000001d8

Registers:
RAX=0x00007fe9aa4cb140, RBX=0x000000017c0bcca0, RCX=0x0000000000000010, RDX=0x0000000000000000
RSP=0x0000700002203070, RBP=0x00007000022030c0, RSI=0xffffffffffffffff, RDI=0x0000000000000000
R8 =0x0000000000000000, R9 =0x000000076b632c40, R10=0x00000001067ab9a8, R11=0x0000000105cde357
R12=0x0000000000000000, R13=0x000000017c0bcca0, R14=0x00007000022031a0, R15=0x00007fe9a61ec800
RIP=0x000000017d77a45c, EFLAGS=0x0000000000010246, ERR=0x0000000000000004
  TRAPNO=0x000000000000000e

Top of Stack: (sp=0x0000700002203070)
0x0000700002203070:   00007000022030d8 0000000502203168
0x0000700002203080:   000000076b632cd8 00007fe9a61ec800
0x0000700002203090:   00007fe9aa4cb140 0000000100000000
0x00007000022030a0:   00000007c0003a78 00007fe9a9099790
0x00007000022030b0:   00007fe9a61ec9f8 00007fe9aa4cb140
0x00007000022030c0:   0000700002203100 000000017d838c81
0x00007000022030d0:   00007fe9a61ec800 0000000000000000
0x00007000022030e0:   00007fe9a9099790 00007fe9aa4cb140
0x00007000022030f0:   00007000022031a0 00007fe9a61ec9f8
0x0000700002203100:   0000700002203170 00000001067ab9d4
0x0000700002203110:   0000700002203140 00007fe9a61ec800
0x0000700002203120:   00007fe9a61ec800 0000000105b8dda1
0x0000700002203130:   0000700002203130 0000000000000000
0x0000700002203140:   00007000022031a0 000000017d3abff0
0x0000700002203150:   0000000000000000 000000017c0bcca0
0x0000700002203160:   0000000000000000 0000700002203190
0x0000700002203170:   00007000022031e8 000000010679c2bd
0x0000700002203180:   0000000000000000 00000001067a5538
0x0000700002203190:   00007fe9aa4cb140 00007fe9a61ec800
0x00007000022031a0:   00000006c078a710 00007000022031a8
0x00007000022031b0:   000000017d3abe2d 00007000022031f8
0x00007000022031c0:   000000017d3abff0 0000000000000000
0x00007000022031d0:   000000017d3abe48 0000700002203190
0x00007000022031e0:   00007000022031f8 0000700002203250
0x00007000022031f0:   000000010679c2bd 00000006c078a710
0x0000700002203200:   0000000106028670 00000006c0850a68
0x0000700002203210:   0000700002203200 000000017d39631d
0x0000700002203220:   0000700002203258 000000017d399680
0x0000700002203230:   0000000000000000 000000017d396340
0x0000700002203240:   00007000022031f8 0000700002203260
0x0000700002203250:   00007000022032a0 000000010679c2bd
0x0000700002203260:   0000700002203260 000000017d3bb750 

Instructions: (pc=0x000000017d77a45c)
0x000000017d77a43c:   ff ff ff 31 d2 48 89 7d f8 c7 45 dc 01 00 00 00
0x000000017d77a44c:   48 8b 7d f8 48 89 7d d0 48 8b 7d d0 48 8b 7f 30
0x000000017d77a45c:   48 8b bf d8 01 00 00 48 89 7d e0 48 8b 7d d0 e8
0x000000017d77a46c:   b0 9e 04 00 c7 45 ec 00 00 00 00 48 89 45 c8 83 

Register to memory mapping:

RAX=0x00007fe9aa4cb140 is an unknown value
RBX={method} {0x000000017c0bcca0} 'destroyEnvironment' '(J)V' in 'net/sf/clipsrules/jni/Environment'
RCX=0x0000000000000010 is an unknown value
RDX=0x0000000000000000 is an unknown value
RSP=0x0000700002203070 is pointing into the stack for thread: 0x00007fe9a61ec800
RBP=0x00007000022030c0 is pointing into the stack for thread: 0x00007fe9a61ec800
RSI=0xffffffffffffffff is an unknown value
RDI=0x0000000000000000 is an unknown value
R8 =0x0000000000000000 is an unknown value
R9 =0x000000076b632c40 is an oop
[Ljava.security.ProtectionDomain; 
 - klass: 'java/security/ProtectionDomain'[]
 - length: 6
R10=0x00000001067ab9a8 is at code_begin+808 in an Interpreter codelet
method entry point (kind = native)  [0x00000001067ab680, 0x00000001067abf80]  2304 bytes
R11=0x0000000105cde357: throw_unsatisfied_link_error+0 in /Library/Java/JavaVirtualMachines/jdk1.8.0_91.jdk/Contents/Home/jre/lib/server/libjvm.dylib at 0x0000000105800000
R12=0x0000000000000000 is an unknown value
R13={method} {0x000000017c0bcca0} 'destroyEnvironment' '(J)V' in 'net/sf/clipsrules/jni/Environment'
R14=0x00007000022031a0 is pointing into the stack for thread: 0x00007fe9a61ec800
R15=0x00007fe9a61ec800 is a thread


Stack: [0x0000700002106000,0x0000700002206000],  sp=0x0000700002203070,  free space=1012k
Native frames: (J=compiled Java code, j=interpreted, Vv=VM code, C=native code)
C  [libCLIPSJNI2.jnilib+0x3d45c]  DestroyEnvironment+0x2c
C  [libCLIPSJNI2.jnilib+0xfbc81]  Java_net_sf_clipsrules_jni_Environment_destroyEnvironment+0x41
j  net.sf.clipsrules.jni.Environment.destroyEnvironment(J)V+0
j  net.sf.clipsrules.jni.Environment.destroy()V+5
j  org.clipsmonitor.clips.ClipsCore.clearInstance()V+13
j  org.clipsmonitor.core.MonitorCore.resetApplication()V+0
j  org.clipsmonitor.gui.ControlsTopComponent.resetButtonActionPerformed(Ljava/awt/event/ActionEvent;)V+4
j  org.clipsmonitor.gui.ControlsTopComponent.access$1000(Lorg/clipsmonitor/gui/ControlsTopComponent;Ljava/awt/event/ActionEvent;)V+2
j  org.clipsmonitor.gui.ControlsTopComponent$9.actionPerformed(Ljava/awt/event/ActionEvent;)V+5
j  javax.swing.AbstractButton.fireActionPerformed(Ljava/awt/event/ActionEvent;)V+83
j  javax.swing.AbstractButton$Handler.actionPerformed(Ljava/awt/event/ActionEvent;)V+5
j  javax.swing.DefaultButtonModel.fireActionPerformed(Ljava/awt/event/ActionEvent;)V+34
j  javax.swing.DefaultButtonModel.setPressed(Z)V+117
j  javax.swing.plaf.basic.BasicButtonListener.mouseReleased(Ljava/awt/event/MouseEvent;)V+35
j  java.awt.AWTEventMulticaster.mouseReleased(Ljava/awt/event/MouseEvent;)V+8
j  java.awt.Component.processMouseEvent(Ljava/awt/event/MouseEvent;)V+64
j  javax.swing.JComponent.processMouseEvent(Ljava/awt/event/MouseEvent;)V+23
J 3454 C1 java.awt.Component.processEvent(Ljava/awt/AWTEvent;)V (220 bytes) @ 0x00000001071f161c [0x00000001071f1100+0x51c]
J 3452 C1 java.awt.Container.processEvent(Ljava/awt/AWTEvent;)V (22 bytes) @ 0x00000001071f0804 [0x00000001071f04e0+0x324]
J 2847 C1 java.awt.Component.dispatchEventImpl(Ljava/awt/AWTEvent;)V (883 bytes) @ 0x0000000106cb5c94 [0x0000000106cb0780+0x5514]
J 2846 C1 java.awt.Container.dispatchEventImpl(Ljava/awt/AWTEvent;)V (129 bytes) @ 0x0000000106f892ec [0x0000000106f891a0+0x14c]
J 4109 C1 java.awt.LightweightDispatcher.retargetMouseEvent(Ljava/awt/Component;ILjava/awt/event/MouseEvent;)V (350 bytes) @ 0x000000010732e0c4 [0x000000010732bb60+0x2564]
J 4927 C1 java.awt.LightweightDispatcher.processMouseEvent(Ljava/awt/event/MouseEvent;)Z (286 bytes) @ 0x00000001075f142c [0x00000001075efce0+0x174c]
J 4173 C1 java.awt.LightweightDispatcher.dispatchEvent(Ljava/awt/AWTEvent;)Z (73 bytes) @ 0x0000000107361d34 [0x0000000107361900+0x434]
J 2846 C1 java.awt.Container.dispatchEventImpl(Ljava/awt/AWTEvent;)V (129 bytes) @ 0x0000000106f8928c [0x0000000106f891a0+0xec]
J 4118 C1 java.awt.Window.dispatchEventImpl(Ljava/awt/AWTEvent;)V (23 bytes) @ 0x000000010733058c [0x000000010732ffa0+0x5ec]
J 3564 C1 java.awt.EventQueue.dispatchEventImpl(Ljava/awt/AWTEvent;Ljava/lang/Object;)V (149 bytes) @ 0x000000010721cfac [0x000000010721b680+0x192c]
J 3562 C1 java.awt.EventQueue$3.run()Ljava/lang/Void; (60 bytes) @ 0x000000010721aa94 [0x000000010721a880+0x214]
J 3561 C1 java.awt.EventQueue$3.run()Ljava/lang/Object; (5 bytes) @ 0x00000001068a8fbc [0x00000001068a8f40+0x7c]
v  ~StubRoutines::call_stub
V  [libjvm.dylib+0x2ec1e6]  JavaCalls::call_helper(JavaValue*, methodHandle*, JavaCallArguments*, Thread*)+0x6ae
V  [libjvm.dylib+0x34c8e0]  JVM_DoPrivileged+0x4b8
J 906  java.security.AccessController.doPrivileged(Ljava/security/PrivilegedAction;Ljava/security/AccessControlContext;)Ljava/lang/Object; (0 bytes) @ 0x0000000106b0f895 [0x0000000106b0f7c0+0xd5]
J 3589 C1 java.awt.EventQueue$4.run()Ljava/lang/Object; (5 bytes) @ 0x00000001072296ac [0x0000000107229280+0x42c]
v  ~StubRoutines::call_stub
V  [libjvm.dylib+0x2ec1e6]  JavaCalls::call_helper(JavaValue*, methodHandle*, JavaCallArguments*, Thread*)+0x6ae
V  [libjvm.dylib+0x34c8e0]  JVM_DoPrivileged+0x4b8
J 906  java.security.AccessController.doPrivileged(Ljava/security/PrivilegedAction;Ljava/security/AccessControlContext;)Ljava/lang/Object; (0 bytes) @ 0x0000000106b0f895 [0x0000000106b0f7c0+0xd5]
J 2705 C1 java.awt.EventQueue.dispatchEvent(Ljava/awt/AWTEvent;)V (80 bytes) @ 0x0000000106c18734 [0x0000000106c17880+0xeb4]
J 3232 C1 org.netbeans.core.TimableEventQueue.dispatchEvent(Ljava/awt/AWTEvent;)V (43 bytes) @ 0x00000001071475cc [0x00000001071474c0+0x10c]
J 3614 C1 java.awt.EventDispatchThread.pumpOneEventForFilters(I)V (295 bytes) @ 0x0000000107231ee4 [0x0000000107230100+0x1de4]
j  java.awt.EventDispatchThread.pumpEventsForFilter(ILjava/awt/Conditional;Ljava/awt/EventFilter;)V+35
j  java.awt.EventDispatchThread.pumpEventsForHierarchy(ILjava/awt/Conditional;Ljava/awt/Component;)V+11
j  java.awt.EventDispatchThread.pumpEvents(ILjava/awt/Conditional;)V+4
j  java.awt.EventDispatchThread.pumpEvents(Ljava/awt/Conditional;)V+3
j  java.awt.EventDispatchThread.run()V+9
v  ~StubRoutines::call_stub
V  [libjvm.dylib+0x2ec1e6]  JavaCalls::call_helper(JavaValue*, methodHandle*, JavaCallArguments*, Thread*)+0x6ae
V  [libjvm.dylib+0x2ec974]  JavaCalls::call_virtual(JavaValue*, KlassHandle, Symbol*, Symbol*, JavaCallArguments*, Thread*)+0x164
V  [libjvm.dylib+0x2ecb20]  JavaCalls::call_virtual(JavaValue*, Handle, KlassHandle, Symbol*, Symbol*, Thread*)+0x4a
V  [libjvm.dylib+0x34726d]  thread_entry(JavaThread*, Thread*)+0x7c
V  [libjvm.dylib+0x563d17]  JavaThread::thread_main_inner()+0x9b
V  [libjvm.dylib+0x565412]  JavaThread::run()+0x1c2
V  [libjvm.dylib+0x484f82]  java_start(Thread*)+0xf6
C  [libsystem_pthread.dylib+0x399d]  _pthread_body+0x83
C  [libsystem_pthread.dylib+0x391a]  _pthread_body+0x0
C  [libsystem_pthread.dylib+0x1351]  thread_start+0xd
C  0x0000000000000000

Java frames: (J=compiled Java code, j=interpreted, Vv=VM code)
j  net.sf.clipsrules.jni.Environment.destroyEnvironment(J)V+0
j  net.sf.clipsrules.jni.Environment.destroy()V+5
j  org.clipsmonitor.clips.ClipsCore.clearInstance()V+13
j  org.clipsmonitor.core.MonitorCore.resetApplication()V+0
j  org.clipsmonitor.gui.ControlsTopComponent.resetButtonActionPerformed(Ljava/awt/event/ActionEvent;)V+4
j  org.clipsmonitor.gui.ControlsTopComponent.access$1000(Lorg/clipsmonitor/gui/ControlsTopComponent;Ljava/awt/event/ActionEvent;)V+2
j  org.clipsmonitor.gui.ControlsTopComponent$9.actionPerformed(Ljava/awt/event/ActionEvent;)V+5
j  javax.swing.AbstractButton.fireActionPerformed(Ljava/awt/event/ActionEvent;)V+83
j  javax.swing.AbstractButton$Handler.actionPerformed(Ljava/awt/event/ActionEvent;)V+5
j  javax.swing.DefaultButtonModel.fireActionPerformed(Ljava/awt/event/ActionEvent;)V+34
j  javax.swing.DefaultButtonModel.setPressed(Z)V+117
j  javax.swing.plaf.basic.BasicButtonListener.mouseReleased(Ljava/awt/event/MouseEvent;)V+35
j  java.awt.AWTEventMulticaster.mouseReleased(Ljava/awt/event/MouseEvent;)V+8
j  java.awt.Component.processMouseEvent(Ljava/awt/event/MouseEvent;)V+64
j  javax.swing.JComponent.processMouseEvent(Ljava/awt/event/MouseEvent;)V+23
J 3454 C1 java.awt.Component.processEvent(Ljava/awt/AWTEvent;)V (220 bytes) @ 0x00000001071f161c [0x00000001071f1100+0x51c]
J 3452 C1 java.awt.Container.processEvent(Ljava/awt/AWTEvent;)V (22 bytes) @ 0x00000001071f0804 [0x00000001071f04e0+0x324]
J 2847 C1 java.awt.Component.dispatchEventImpl(Ljava/awt/AWTEvent;)V (883 bytes) @ 0x0000000106cb5c94 [0x0000000106cb0780+0x5514]
J 2846 C1 java.awt.Container.dispatchEventImpl(Ljava/awt/AWTEvent;)V (129 bytes) @ 0x0000000106f892ec [0x0000000106f891a0+0x14c]
J 4109 C1 java.awt.LightweightDispatcher.retargetMouseEvent(Ljava/awt/Component;ILjava/awt/event/MouseEvent;)V (350 bytes) @ 0x000000010732e0c4 [0x000000010732bb60+0x2564]
J 4927 C1 java.awt.LightweightDispatcher.processMouseEvent(Ljava/awt/event/MouseEvent;)Z (286 bytes) @ 0x00000001075f142c [0x00000001075efce0+0x174c]
J 4173 C1 java.awt.LightweightDispatcher.dispatchEvent(Ljava/awt/AWTEvent;)Z (73 bytes) @ 0x0000000107361d34 [0x0000000107361900+0x434]
J 2846 C1 java.awt.Container.dispatchEventImpl(Ljava/awt/AWTEvent;)V (129 bytes) @ 0x0000000106f8928c [0x0000000106f891a0+0xec]
J 4118 C1 java.awt.Window.dispatchEventImpl(Ljava/awt/AWTEvent;)V (23 bytes) @ 0x000000010733058c [0x000000010732ffa0+0x5ec]
J 3564 C1 java.awt.EventQueue.dispatchEventImpl(Ljava/awt/AWTEvent;Ljava/lang/Object;)V (149 bytes) @ 0x000000010721cfac [0x000000010721b680+0x192c]
J 3562 C1 java.awt.EventQueue$3.run()Ljava/lang/Void; (60 bytes) @ 0x000000010721aa94 [0x000000010721a880+0x214]
J 3561 C1 java.awt.EventQueue$3.run()Ljava/lang/Object; (5 bytes) @ 0x00000001068a8fbc [0x00000001068a8f40+0x7c]
v  ~StubRoutines::call_stub
J 906  java.security.AccessController.doPrivileged(Ljava/security/PrivilegedAction;Ljava/security/AccessControlContext;)Ljava/lang/Object; (0 bytes) @ 0x0000000106b0f823 [0x0000000106b0f7c0+0x63]
J 3589 C1 java.awt.EventQueue$4.run()Ljava/lang/Object; (5 bytes) @ 0x00000001072296ac [0x0000000107229280+0x42c]
v  ~StubRoutines::call_stub
J 906  java.security.AccessController.doPrivileged(Ljava/security/PrivilegedAction;Ljava/security/AccessControlContext;)Ljava/lang/Object; (0 bytes) @ 0x0000000106b0f823 [0x0000000106b0f7c0+0x63]
J 2705 C1 java.awt.EventQueue.dispatchEvent(Ljava/awt/AWTEvent;)V (80 bytes) @ 0x0000000106c18734 [0x0000000106c17880+0xeb4]
J 3232 C1 org.netbeans.core.TimableEventQueue.dispatchEvent(Ljava/awt/AWTEvent;)V (43 bytes) @ 0x00000001071475cc [0x00000001071474c0+0x10c]
J 3614 C1 java.awt.EventDispatchThread.pumpOneEventForFilters(I)V (295 bytes) @ 0x0000000107231ee4 [0x0000000107230100+0x1de4]
j  java.awt.EventDispatchThread.pumpEventsForFilter(ILjava/awt/Conditional;Ljava/awt/EventFilter;)V+35
j  java.awt.EventDispatchThread.pumpEventsForHierarchy(ILjava/awt/Conditional;Ljava/awt/Component;)V+11
j  java.awt.EventDispatchThread.pumpEvents(ILjava/awt/Conditional;)V+4
j  java.awt.EventDispatchThread.pumpEvents(Ljava/awt/Conditional;)V+3
j  java.awt.EventDispatchThread.run()V+9
v  ~StubRoutines::call_stub

---------------  P R O C E S S  ---------------

Java Threads: ( => current thread )
  0x00007fe9ac226800 JavaThread "Inactive RequestProcessor thread [Was:Logging Flush/org.netbeans.core.startup.logging.DispatchingHandler]" daemon [_thread_blocked, id=73475, stack(0x0000700002a2a000,0x0000700002b2a000)]
  0x00007fe9ac1b9800 JavaThread "Inactive RequestProcessor thread [Was:Folder recognizer/org.openide.loaders.FolderList$ListTask]" daemon [_thread_blocked, id=73271, stack(0x000070000238f000,0x000070000248f000)]
  0x00007fe9a7004000 JavaThread "DestroyJavaVM" [_thread_blocked, id=5891, stack(0x000070000011a000,0x000070000021a000)]
  0x00007fe9aa86a000 JavaThread "TimerQueue" daemon [_thread_blocked, id=40523, stack(0x00007000018e5000,0x00007000019e5000)]
  0x00007fe9ab002000 JavaThread "RequestProcessor queue manager" daemon [_thread_blocked, id=54283, stack(0x0000700000dc1000,0x0000700000ec1000)]
  0x00007fe9a709f800 JavaThread "Thread-2" daemon [_thread_blocked, id=69379, stack(0x0000700002698000,0x0000700002798000)]
  0x00007fe9a4549000 JavaThread "File Watcher" daemon [_thread_blocked, id=68867, stack(0x0000700002595000,0x0000700002695000)]
  0x00007fe9a8070000 JavaThread "Thread-1" daemon [_thread_in_native, id=66563, stack(0x0000700002492000,0x0000700002592000)]
  0x00007fe9a7027000 JavaThread "Inactive RequestProcessor thread [Was:Folder recognizer/org.openide.loaders.FolderList$ListTask]" daemon [_thread_blocked, id=64519, stack(0x000070000228c000,0x000070000238c000)]
=>0x00007fe9a61ec800 JavaThread "AWT-EventQueue-0" [_thread_in_native, id=59139, stack(0x0000700002106000,0x0000700002206000)]
  0x00007fe9a4aa6000 JavaThread "Java2D Disposer" daemon [_thread_blocked, id=58627, stack(0x0000700002003000,0x0000700002103000)]
  0x00007fe9a4a4d800 JavaThread "Java2D Queue Flusher" daemon [_thread_blocked, id=55815, stack(0x0000700001f00000,0x0000700002000000)]
  0x00007fe9a50db000 JavaThread "Inactive RequestProcessor thread [Was:Warm Up/org.netbeans.core.startup.WarmUpSupport]" daemon [_thread_blocked, id=47419, stack(0x0000700001bf7000,0x0000700001cf7000)]
  0x00007fe9a50ab000 JavaThread "AWT-Shutdown" [_thread_blocked, id=32275, stack(0x00007000017e2000,0x00007000018e2000)]
  0x00007fe9a50a6800 JavaThread "AppKit Thread" daemon [_thread_in_native, id=1295, stack(0x00007fff5aff7000,0x00007fff5b7f7000)]
  0x00007fe9a6101800 JavaThread "CLI Requests Server" daemon [_thread_in_native, id=23043, stack(0x00007000016df000,0x00007000017df000)]
  0x00007fe9a4071000 JavaThread "Active Reference Queue Daemon" daemon [_thread_blocked, id=22531, stack(0x00007000015dc000,0x00007000016dc000)]
  0x00007fe9a5001000 JavaThread "Service Thread" daemon [_thread_blocked, id=21507, stack(0x00007000013d6000,0x00007000014d6000)]
  0x00007fe9a4813800 JavaThread "C1 CompilerThread3" daemon [_thread_blocked, id=20995, stack(0x00007000012d3000,0x00007000013d3000)]
  0x00007fe9a5039800 JavaThread "C2 CompilerThread2" daemon [_thread_blocked, id=20483, stack(0x00007000011d0000,0x00007000012d0000)]
  0x00007fe9a480a800 JavaThread "C2 CompilerThread1" daemon [_thread_blocked, id=19971, stack(0x00007000010cd000,0x00007000011cd000)]
  0x00007fe9a6019000 JavaThread "C2 CompilerThread0" daemon [_thread_blocked, id=19459, stack(0x0000700000fca000,0x00007000010ca000)]
  0x00007fe9a6018800 JavaThread "Signal Dispatcher" daemon [_thread_blocked, id=18715, stack(0x0000700000ec7000,0x0000700000fc7000)]
  0x00007fe9a4809000 JavaThread "Finalizer" daemon [_thread_blocked, id=14339, stack(0x0000700000c3b000,0x0000700000d3b000)]
  0x00007fe9a4806000 JavaThread "Reference Handler" daemon [_thread_blocked, id=13827, stack(0x0000700000b38000,0x0000700000c38000)]

Other Threads:
  0x00007fe9a403e800 VMThread [stack: 0x0000700000a35000,0x0000700000b35000] [id=13315]
  0x00007fe9a505e000 WatcherThread [stack: 0x00007000014d9000,0x00007000015d9000] [id=22019]

VM state:not at safepoint (normal execution)

VM Mutex/Monitor currently owned by a thread: None

Heap:
 PSYoungGen      total 535552K, used 12130K [0x000000076ab00000, 0x0000000796d00000, 0x00000007c0000000)
  eden space 519168K, 2% used [0x000000076ab00000,0x000000076b6d8a00,0x000000078a600000)
  from space 16384K, 0% used [0x000000078a600000,0x000000078a600000,0x000000078b600000)
  to   space 15872K, 0% used [0x0000000795d80000,0x0000000795d80000,0x0000000796d00000)
 ParOldGen       total 161792K, used 21768K [0x00000006c0000000, 0x00000006c9e00000, 0x000000076ab00000)
  object space 161792K, 13% used [0x00000006c0000000,0x00000006c1542068,0x00000006c9e00000)
 Metaspace       used 34005K, capacity 35712K, committed 35752K, reserved 1081344K
  class space    used 4249K, capacity 4760K, committed 4784K, reserved 1048576K

Card table byte_map: [0x0000000115b54000,0x0000000116355000] byte_map_base: 0x0000000112554000

Marking Bits: (ParMarkBitMap*) 0x00000001060e6eb0
 Begin Bits: [0x00000001168ab000, 0x000000011a8ab000)
 End Bits:   [0x000000011a8ab000, 0x000000011e8ab000)

Polling page: 0x00000001046cc000

CodeCache: size=245760Kb used=15492Kb max_used=15728Kb free=230267Kb
 bounds [0x0000000106794000, 0x0000000107724000, 0x0000000115794000]
 total_blobs=5247 nmethods=4597 adapters=560
 compilation: enabled

Compilation events (10 events):
Event: 108.398 Thread 0x00007fe9a4813800 5493       3       org.netbeans.swing.tabcontrol.plaf.AbstractViewTabDisplayerUI::getTxtFont (86 bytes)
Event: 108.399 Thread 0x00007fe9a4813800 nmethod 5493 0x0000000107596a10 code [0x0000000107596c00, 0x00000001075974a8]
Event: 108.400 Thread 0x00007fe9a4813800 5496       3       org.openide.util.lookup.AbstractLookup::modifyListenerList (97 bytes)
Event: 108.401 Thread 0x00007fe9a4813800 nmethod 5496 0x00000001070e95d0 code [0x00000001070e9840, 0x00000001070eab38]
Event: 108.402 Thread 0x00007fe9a4813800 5497       3       java.util.Collections$UnmodifiableList$1::hasNext (10 bytes)
Event: 108.402 Thread 0x00007fe9a4813800 nmethod 5497 0x0000000106cfedd0 code [0x0000000106cfef40, 0x0000000106cff168]
Event: 108.403 Thread 0x00007fe9a4813800 5494       3       sun.java2d.SurfaceData::getPaintSurfaceType (144 bytes)
Event: 108.403 Thread 0x00007fe9a4813800 nmethod 5494 0x0000000106f6a310 code [0x0000000106f6a4e0, 0x0000000106f6ab58]
Event: 108.404 Thread 0x00007fe9a4813800 5495       3       sun.java2d.SurfaceData::getFillCompositeType (32 bytes)
Event: 108.404 Thread 0x00007fe9a4813800 nmethod 5495 0x000000010690d350 code [0x000000010690d4c0, 0x000000010690d6b0]

GC Heap History (10 events):
Event: 88.169 GC heap before
{Heap before GC invocations=11 (full 1):
 PSYoungGen      total 286720K, used 273804K [0x000000076ab00000, 0x0000000784c00000, 0x00000007c0000000)
  eden space 271360K, 100% used [0x000000076ab00000,0x000000077b400000,0x000000077b400000)
  from space 15360K, 15% used [0x000000077b400000,0x000000077b6631c0,0x000000077c300000)
  to   space 15872K, 0% used [0x0000000783c80000,0x0000000783c80000,0x0000000784c00000)
 ParOldGen       total 111104K, used 20758K [0x00000006c0000000, 0x00000006c6c80000, 0x000000076ab00000)
  object space 111104K, 18% used [0x00000006c0000000,0x00000006c1445988,0x00000006c6c80000)
 Metaspace       used 33220K, capacity 34700K, committed 34864K, reserved 1079296K
  class space    used 4147K, capacity 4620K, committed 4656K, reserved 1048576K
Event: 88.174 GC heap after
Heap after GC invocations=11 (full 1):
 PSYoungGen      total 392704K, used 3471K [0x000000076ab00000, 0x0000000784300000, 0x00000007c0000000)
  eden space 386048K, 0% used [0x000000076ab00000,0x000000076ab00000,0x0000000782400000)
  from space 6656K, 52% used [0x0000000783c80000,0x0000000783fe3cc8,0x0000000784300000)
  to   space 15872K, 0% used [0x0000000782400000,0x0000000782400000,0x0000000783380000)
 ParOldGen       total 111104K, used 22464K [0x00000006c0000000, 0x00000006c6c80000, 0x000000076ab00000)
  object space 111104K, 20% used [0x00000006c0000000,0x00000006c15f01e8,0x00000006c6c80000)
 Metaspace       used 33220K, capacity 34700K, committed 34864K, reserved 1079296K
  class space    used 4147K, capacity 4620K, committed 4656K, reserved 1048576K
}
Event: 95.884 GC heap before
{Heap before GC invocations=12 (full 1):
 PSYoungGen      total 392704K, used 389519K [0x000000076ab00000, 0x0000000784300000, 0x00000007c0000000)
  eden space 386048K, 100% used [0x000000076ab00000,0x0000000782400000,0x0000000782400000)
  from space 6656K, 52% used [0x0000000783c80000,0x0000000783fe3cc8,0x0000000784300000)
  to   space 15872K, 0% used [0x0000000782400000,0x0000000782400000,0x0000000783380000)
 ParOldGen       total 111104K, used 22464K [0x00000006c0000000, 0x00000006c6c80000, 0x000000076ab00000)
  object space 111104K, 20% used [0x00000006c0000000,0x00000006c15f01e8,0x00000006c6c80000)
 Metaspace       used 33315K, capacity 34772K, committed 34864K, reserved 1079296K
  class space    used 4147K, capacity 4620K, committed 4656K, reserved 1048576K
Event: 95.890 GC heap after
Heap after GC invocations=12 (full 1):
 PSYoungGen      total 401920K, used 3122K [0x000000076ab00000, 0x000000078d400000, 0x00000007c0000000)
  eden space 386048K, 0% used [0x000000076ab00000,0x000000076ab00000,0x0000000782400000)
  from space 15872K, 19% used [0x0000000782400000,0x000000078270ca00,0x0000000783380000)
  to   space 15872K, 0% used [0x000000078c480000,0x000000078c480000,0x000000078d400000)
 ParOldGen       total 111104K, used 25642K [0x00000006c0000000, 0x00000006c6c80000, 0x000000076ab00000)
  object space 111104K, 23% used [0x00000006c0000000,0x00000006c190a8d0,0x00000006c6c80000)
 Metaspace       used 33315K, capacity 34772K, committed 34864K, reserved 1079296K
  class space    used 4147K, capacity 4620K, committed 4656K, reserved 1048576K
}
Event: 103.521 GC heap before
{Heap before GC invocations=13 (full 1):
 PSYoungGen      total 401920K, used 389170K [0x000000076ab00000, 0x000000078d400000, 0x00000007c0000000)
  eden space 386048K, 100% used [0x000000076ab00000,0x0000000782400000,0x0000000782400000)
  from space 15872K, 19% used [0x0000000782400000,0x000000078270ca00,0x0000000783380000)
  to   space 15872K, 0% used [0x000000078c480000,0x000000078c480000,0x000000078d400000)
 ParOldGen       total 111104K, used 25642K [0x00000006c0000000, 0x00000006c6c80000, 0x000000076ab00000)
  object space 111104K, 23% used [0x00000006c0000000,0x00000006c190a8d0,0x00000006c6c80000)
 Metaspace       used 33327K, capacity 34836K, committed 35120K, reserved 1079296K
  class space    used 4147K, capacity 4620K, committed 4656K, reserved 1048576K
Event: 103.525 GC heap after
Heap after GC invocations=13 (full 1):
 PSYoungGen      total 520704K, used 192K [0x000000076ab00000, 0x000000078c600000, 0x00000007c0000000)
  eden space 519168K, 0% used [0x000000076ab00000,0x000000076ab00000,0x000000078a600000)
  from space 1536K, 12% used [0x000000078c480000,0x000000078c4b0000,0x000000078c600000)
  to   space 16384K, 0% used [0x000000078a600000,0x000000078a600000,0x000000078b600000)
 ParOldGen       total 111104K, used 28798K [0x00000006c0000000, 0x00000006c6c80000, 0x000000076ab00000)
  object space 111104K, 25% used [0x00000006c0000000,0x00000006c1c1faf0,0x00000006c6c80000)
 Metaspace       used 33327K, capacity 34836K, committed 35120K, reserved 1079296K
  class space    used 4147K, capacity 4620K, committed 4656K, reserved 1048576K
}
Event: 103.966 GC heap before
{Heap before GC invocations=14 (full 1):
 PSYoungGen      total 520704K, used 23816K [0x000000076ab00000, 0x000000078c600000, 0x00000007c0000000)
  eden space 519168K, 4% used [0x000000076ab00000,0x000000076c212228,0x000000078a600000)
  from space 1536K, 12% used [0x000000078c480000,0x000000078c4b0000,0x000000078c600000)
  to   space 16384K, 0% used [0x000000078a600000,0x000000078a600000,0x000000078b600000)
 ParOldGen       total 111104K, used 28798K [0x00000006c0000000, 0x00000006c6c80000, 0x000000076ab00000)
  object space 111104K, 25% used [0x00000006c0000000,0x00000006c1c1faf0,0x00000006c6c80000)
 Metaspace       used 33814K, capacity 35414K, committed 35496K, reserved 1079296K
  class space    used 4231K, capacity 4725K, committed 4784K, reserved 1048576K
Event: 103.974 GC heap after
Heap after GC invocations=14 (full 1):
 PSYoungGen      total 535552K, used 4417K [0x000000076ab00000, 0x0000000796d00000, 0x00000007c0000000)
  eden space 519168K, 0% used [0x000000076ab00000,0x000000076ab00000,0x000000078a600000)
  from space 16384K, 26% used [0x000000078a600000,0x000000078aa50770,0x000000078b600000)
  to   space 15872K, 0% used [0x0000000795d80000,0x0000000795d80000,0x0000000796d00000)
 ParOldGen       total 111104K, used 28814K [0x00000006c0000000, 0x00000006c6c80000, 0x000000076ab00000)
  object space 111104K, 25% used [0x00000006c0000000,0x00000006c1c23af0,0x00000006c6c80000)
 Metaspace       used 33814K, capacity 35414K, committed 35496K, reserved 1079296K
  class space    used 4231K, capacity 4725K, committed 4784K, reserved 1048576K
}
Event: 103.974 GC heap before
{Heap before GC invocations=15 (full 2):
 PSYoungGen      total 535552K, used 4417K [0x000000076ab00000, 0x0000000796d00000, 0x00000007c0000000)
  eden space 519168K, 0% used [0x000000076ab00000,0x000000076ab00000,0x000000078a600000)
  from space 16384K, 26% used [0x000000078a600000,0x000000078aa50770,0x000000078b600000)
  to   space 15872K, 0% used [0x0000000795d80000,0x0000000795d80000,0x0000000796d00000)
 ParOldGen       total 111104K, used 28814K [0x00000006c0000000, 0x00000006c6c80000, 0x000000076ab00000)
  object space 111104K, 25% used [0x00000006c0000000,0x00000006c1c23af0,0x00000006c6c80000)
 Metaspace       used 33814K, capacity 35414K, committed 35496K, reserved 1079296K
  class space    used 4231K, capacity 4725K, committed 4784K, reserved 1048576K
Event: 104.043 GC heap after
Heap after GC invocations=15 (full 2):
 PSYoungGen      total 535552K, used 0K [0x000000076ab00000, 0x0000000796d00000, 0x00000007c0000000)
  eden space 519168K, 0% used [0x000000076ab00000,0x000000076ab00000,0x000000078a600000)
  from space 16384K, 0% used [0x000000078a600000,0x000000078a600000,0x000000078b600000)
  to   space 15872K, 0% used [0x0000000795d80000,0x0000000795d80000,0x0000000796d00000)
 ParOldGen       total 161792K, used 21768K [0x00000006c0000000, 0x00000006c9e00000, 0x000000076ab00000)
  object space 161792K, 13% used [0x00000006c0000000,0x00000006c1542068,0x00000006c9e00000)
 Metaspace       used 33814K, capacity 35414K, committed 35496K, reserved 1079296K
  class space    used 4231K, capacity 4725K, committed 4784K, reserved 1048576K
}

Deoptimization events (10 events):
Event: 90.653 Thread 0x00007fe9a61ec800 Uncommon trap: reason=unstable_if action=reinterpret pc=0x0000000107592540 method=org.openide.util.RequestProcessor$TickTac.compare(Lorg/openide/util/RequestProcessor$Item;Lorg/openide/util/RequestProcessor$Item;)I @ 23
Event: 103.843 Thread 0x00007fe9a4e21000 Uncommon trap: reason=null_check action=maybe_recompile pc=0x00000001074f31e0 method=org.clipsmonitor.clips.ClipsCore.findFact(Ljava/lang/String;Ljava/lang/String;Ljava/lang/String;[Ljava/lang/String;)[Ljava/lang/String; @ 4
Event: 103.853 Thread 0x00007fe9a61ec800 Uncommon trap: reason=unstable_if action=reinterpret pc=0x00000001073d09f8 method=java.awt.Font.equals(Ljava/lang/Object;)Z @ 8
Event: 103.889 Thread 0x00007fe9a61ec800 Uncommon trap: reason=unstable_if action=reinterpret pc=0x000000010767c4e8 method=java.awt.geom.AffineTransform.translate(DD)V @ 527
Event: 104.043 Thread 0x00007fe9a4806000 Uncommon trap: reason=unstable_if action=reinterpret pc=0x0000000107616b08 method=java.lang.ref.Reference.tryHandlePending(Z)Z @ 20
Event: 104.048 Thread 0x00007fe9a61ec800 Uncommon trap: reason=unstable_if action=reinterpret pc=0x00000001073dbff8 method=javax.swing.text.Utilities.getTabbedTextWidth(Ljavax/swing/text/View;Ljavax/swing/text/Segment;Ljava/awt/FontMetrics;ILjavax/swing/text/TabExpander;I[I)I @ 132
Event: 104.208 Thread 0x00007fe9a61ec800 Uncommon trap: reason=bimorphic action=maybe_recompile pc=0x0000000107668534 method=javax.swing.text.BoxView.updateChildSizes()V @ 80
Event: 104.209 Thread 0x00007fe9a61ec800 Uncommon trap: reason=bimorphic action=maybe_recompile pc=0x0000000107668534 method=javax.swing.text.BoxView.updateChildSizes()V @ 80
Event: 104.210 Thread 0x00007fe9a61ec800 Uncommon trap: reason=unstable_if action=reinterpret pc=0x00000001076df4a8 method=javax.swing.text.Utilities.drawTabbedText(Ljavax/swing/text/View;Ljavax/swing/text/Segment;IILjava/awt/Graphics;Ljavax/swing/text/TabExpander;I[I)I @ 153
Event: 104.346 Thread 0x00007fe9ac226800 Uncommon trap: reason=unstable_if action=reinterpret pc=0x000000010747f340 method=java.io.BufferedOutputStream.write([BII)V @ 6

Internal exceptions (10 events):
Event: 103.849 Thread 0x00007fe9a61ec800 Exception <a 'java/lang/StackOverflowError'> (0x000000076be7e250) thrown at [/Users/java_re/workspace/8-2-build-macosx-x86_64/jdk8u91/6644/hotspot/src/share/vm/prims/jvm.cpp, line 1390]
Event: 103.849 Thread 0x00007fe9a61ec800 Exception <a 'java/lang/StackOverflowError'> (0x000000076be7e250) thrown at [/Users/java_re/workspace/8-2-build-macosx-x86_64/jdk8u91/6644/hotspot/src/share/vm/prims/jvm.cpp, line 1390]
Event: 103.853 Thread 0x00007fe9a61ec800 Implicit null exception at 0x00000001073d073e to 0x00000001073d09e5
Event: 103.960 Thread 0x00007fe9ac226800 Exception <a 'java/security/PrivilegedActionException'> (0x000000076c1cdd70) thrown at [/Users/java_re/workspace/8-2-build-macosx-x86_64/jdk8u91/6644/hotspot/src/share/vm/prims/jvm.cpp, line 1386]
Event: 103.961 Thread 0x00007fe9ac226800 Exception <a 'java/lang/ArrayIndexOutOfBoundsException'> (0x000000076c1cf5b0) thrown at [/Users/java_re/workspace/8-2-build-macosx-x86_64/jdk8u91/6644/hotspot/src/share/vm/runtime/sharedRuntime.cpp, line 605]
Event: 103.962 Thread 0x00007fe9ac226800 Exception <a 'java/lang/ArrayIndexOutOfBoundsException'> (0x000000076c1d03c0) thrown at [/Users/java_re/workspace/8-2-build-macosx-x86_64/jdk8u91/6644/hotspot/src/share/vm/runtime/sharedRuntime.cpp, line 605]
Event: 103.962 Thread 0x00007fe9ac226800 Exception <a 'java/lang/ArrayIndexOutOfBoundsException'> (0x000000076c1d1e80) thrown at [/Users/java_re/workspace/8-2-build-macosx-x86_64/jdk8u91/6644/hotspot/src/share/vm/runtime/sharedRuntime.cpp, line 605]
Event: 103.963 Thread 0x00007fe9ac226800 Exception <a 'java/lang/ArrayIndexOutOfBoundsException'> (0x000000076c1d4920) thrown at [/Users/java_re/workspace/8-2-build-macosx-x86_64/jdk8u91/6644/hotspot/src/share/vm/runtime/sharedRuntime.cpp, line 605]
Event: 103.963 Thread 0x00007fe9ac226800 Exception <a 'java/lang/ArrayIndexOutOfBoundsException'> (0x000000076c1d70a0) thrown at [/Users/java_re/workspace/8-2-build-macosx-x86_64/jdk8u91/6644/hotspot/src/share/vm/runtime/sharedRuntime.cpp, line 605]
Event: 103.964 Thread 0x00007fe9ac226800 Exception <a 'java/lang/ArrayIndexOutOfBoundsException'> (0x000000076c1d9248) thrown at [/Users/java_re/workspace/8-2-build-macosx-x86_64/jdk8u91/6644/hotspot/src/share/vm/runtime/sharedRuntime.cpp, line 605]

Events (10 events):
Event: 108.398 Executing VM operation: RevokeBias
Event: 108.398 Executing VM operation: RevokeBias done
Event: 108.398 Thread 0x00007fe9ac18d000 Thread exited: 0x00007fe9ac18d000
Event: 108.399 Thread 0x00007fe9a4813800 flushing nmethod 0x0000000106ba7bd0
Event: 108.399 Thread 0x00007fe9a4813800 flushing nmethod 0x0000000106bd8f90
Event: 108.400 Thread 0x00007fe9a4813800 flushing nmethod 0x0000000106c016d0
Event: 108.401 Thread 0x00007fe9a4813800 flushing nmethod 0x0000000106cacd90
Event: 108.402 Thread 0x00007fe9a4813800 flushing nmethod 0x0000000106cfeed0
Event: 108.405 Thread 0x00007fe9a4813800 flushing nmethod 0x0000000106f85690
Event: 108.405 Thread 0x00007fe9a4813800 flushing nmethod 0x0000000106f87610


Dynamic libraries:
0x000000000664b000 	/System/Library/Frameworks/Cocoa.framework/Versions/A/Cocoa
0x000000000664b000 	/System/Library/Frameworks/Security.framework/Versions/A/Security
0x000000000664b000 	/System/Library/Frameworks/ApplicationServices.framework/Versions/A/ApplicationServices
0x000000000664b000 	/usr/lib/libz.1.dylib
0x000000000664b000 	/usr/lib/libSystem.B.dylib
0x000000000664b000 	/usr/lib/libobjc.A.dylib
0x000000000664b000 	/System/Library/Frameworks/CoreFoundation.framework/Versions/A/CoreFoundation
0x000000000664b000 	/System/Library/Frameworks/Foundation.framework/Versions/C/Foundation
0x000000000664b000 	/System/Library/Frameworks/AppKit.framework/Versions/C/AppKit
0x000000000664b000 	/System/Library/Frameworks/CoreData.framework/Versions/A/CoreData
0x000000000664b000 	/System/Library/PrivateFrameworks/RemoteViewServices.framework/Versions/A/RemoteViewServices
0x000000000664b000 	/System/Library/PrivateFrameworks/UIFoundation.framework/Versions/A/UIFoundation
0x000000000664b000 	/usr/lib/libScreenReader.dylib
0x000000000664b000 	/System/Library/Frameworks/Accelerate.framework/Versions/A/Accelerate
0x000000000664b000 	/System/Library/Frameworks/IOSurface.framework/Versions/A/IOSurface
0x000000000664b000 	/System/Library/Frameworks/AudioToolbox.framework/Versions/A/AudioToolbox
0x000000000664b000 	/System/Library/Frameworks/AudioUnit.framework/Versions/A/AudioUnit
0x000000000664b000 	/System/Library/PrivateFrameworks/DataDetectorsCore.framework/Versions/A/DataDetectorsCore
0x000000000664b000 	/System/Library/PrivateFrameworks/DesktopServicesPriv.framework/Versions/A/DesktopServicesPriv
0x000000000664b000 	/System/Library/Frameworks/Carbon.framework/Versions/A/Frameworks/HIToolbox.framework/Versions/A/HIToolbox
0x000000000664b000 	/System/Library/Frameworks/QuartzCore.framework/Versions/A/QuartzCore
0x000000000664b000 	/System/Library/Frameworks/Carbon.framework/Versions/A/Frameworks/SpeechRecognition.framework/Versions/A/SpeechRecognition
0x000000000664b000 	/usr/lib/libauto.dylib
0x000000000664b000 	/usr/lib/libicucore.A.dylib
0x000000000664b000 	/usr/lib/libxml2.2.dylib
0x000000000664b000 	/System/Library/PrivateFrameworks/CoreUI.framework/Versions/A/CoreUI
0x000000000664b000 	/System/Library/Frameworks/CoreAudio.framework/Versions/A/CoreAudio
0x000000000664b000 	/System/Library/Frameworks/DiskArbitration.framework/Versions/A/DiskArbitration
0x000000000664b000 	/usr/lib/liblangid.dylib
0x000000000664b000 	/System/Library/PrivateFrameworks/MultitouchSupport.framework/Versions/A/MultitouchSupport
0x000000000664b000 	/System/Library/Frameworks/IOKit.framework/Versions/A/IOKit
0x000000000664b000 	/usr/lib/libDiagnosticMessagesClient.dylib
0x000000000664b000 	/System/Library/Frameworks/CoreServices.framework/Versions/A/CoreServices
0x000000000664b000 	/System/Library/PrivateFrameworks/PerformanceAnalysis.framework/Versions/A/PerformanceAnalysis
0x000000000664b000 	/System/Library/PrivateFrameworks/GenerationalStorage.framework/Versions/A/GenerationalStorage
0x000000000664b000 	/System/Library/Frameworks/OpenGL.framework/Versions/A/OpenGL
0x000000000664b000 	/System/Library/PrivateFrameworks/Sharing.framework/Versions/A/Sharing
0x000000000664b000 	/System/Library/Frameworks/CoreGraphics.framework/Versions/A/CoreGraphics
0x000000000664b000 	/System/Library/Frameworks/CoreImage.framework/Versions/A/CoreImage
0x000000000664b000 	/System/Library/Frameworks/CoreText.framework/Versions/A/CoreText
0x000000000664b000 	/System/Library/Frameworks/ImageIO.framework/Versions/A/ImageIO
0x000000000664b000 	/System/Library/PrivateFrameworks/Backup.framework/Versions/A/Backup
0x000000000664b000 	/usr/lib/libextension.dylib
0x000000000664b000 	/usr/lib/libarchive.2.dylib
0x000000000664b000 	/System/Library/Frameworks/CFNetwork.framework/Versions/A/CFNetwork
0x000000000664b000 	/System/Library/Frameworks/SystemConfiguration.framework/Versions/A/SystemConfiguration
0x000000000664b000 	/usr/lib/libCRFSuite.dylib
0x000000000664b000 	/usr/lib/libc++.1.dylib
0x000000000664b000 	/usr/lib/libc++abi.dylib
0x000000000664b000 	/usr/lib/system/libcache.dylib
0x000000000664b000 	/usr/lib/system/libcommonCrypto.dylib
0x000000000664b000 	/usr/lib/system/libcompiler_rt.dylib
0x000000000664b000 	/usr/lib/system/libcopyfile.dylib
0x000000000664b000 	/usr/lib/system/libcorecrypto.dylib
0x000000000664b000 	/usr/lib/system/libdispatch.dylib
0x000000000664b000 	/usr/lib/system/libdyld.dylib
0x000000000664b000 	/usr/lib/system/libkeymgr.dylib
0x000000000664b000 	/usr/lib/system/liblaunch.dylib
0x000000000664b000 	/usr/lib/system/libmacho.dylib
0x000000000664b000 	/usr/lib/system/libquarantine.dylib
0x000000000664b000 	/usr/lib/system/libremovefile.dylib
0x000000000664b000 	/usr/lib/system/libsystem_asl.dylib
0x000000000664b000 	/usr/lib/system/libsystem_blocks.dylib
0x000000000664b000 	/usr/lib/system/libsystem_c.dylib
0x000000000664b000 	/usr/lib/system/libsystem_configuration.dylib
0x000000000664b000 	/usr/lib/system/libsystem_coreservices.dylib
0x000000000664b000 	/usr/lib/system/libsystem_coretls.dylib
0x000000000664b000 	/usr/lib/system/libsystem_dnssd.dylib
0x000000000664b000 	/usr/lib/system/libsystem_info.dylib
0x000000000664b000 	/usr/lib/system/libsystem_kernel.dylib
0x000000000664b000 	/usr/lib/system/libsystem_m.dylib
0x000000000664b000 	/usr/lib/system/libsystem_malloc.dylib
0x000000000664b000 	/usr/lib/system/libsystem_network.dylib
0x000000000664b000 	/usr/lib/system/libsystem_networkextension.dylib
0x000000000664b000 	/usr/lib/system/libsystem_notify.dylib
0x000000000664b000 	/usr/lib/system/libsystem_platform.dylib
0x000000000664b000 	/usr/lib/system/libsystem_pthread.dylib
0x000000000664b000 	/usr/lib/system/libsystem_sandbox.dylib
0x000000000664b000 	/usr/lib/system/libsystem_secinit.dylib
0x000000000664b000 	/usr/lib/system/libsystem_trace.dylib
0x000000000664b000 	/usr/lib/system/libunc.dylib
0x000000000664b000 	/usr/lib/system/libunwind.dylib
0x000000000664b000 	/usr/lib/system/libxpc.dylib
0x000000000664b000 	/usr/lib/libenergytrace.dylib
0x000000000664b000 	/usr/lib/libbsm.0.dylib
0x000000000664b000 	/usr/lib/system/libkxld.dylib
0x000000000664b000 	/usr/lib/libxar.1.dylib
0x000000000664b000 	/usr/lib/libsqlite3.dylib
0x000000000664b000 	/usr/lib/libpam.2.dylib
0x000000000664b000 	/usr/lib/libOpenScriptingUtil.dylib
0x000000000664b000 	/usr/lib/libbz2.1.0.dylib
0x000000000664b000 	/usr/lib/liblzma.5.dylib
0x000000000664b000 	/System/Library/Frameworks/CoreServices.framework/Versions/A/Frameworks/FSEvents.framework/Versions/A/FSEvents
0x000000000664b000 	/System/Library/Frameworks/CoreServices.framework/Versions/A/Frameworks/CarbonCore.framework/Versions/A/CarbonCore
0x000000000664b000 	/System/Library/Frameworks/CoreServices.framework/Versions/A/Frameworks/Metadata.framework/Versions/A/Metadata
0x000000000664b000 	/System/Library/Frameworks/CoreServices.framework/Versions/A/Frameworks/OSServices.framework/Versions/A/OSServices
0x000000000664b000 	/System/Library/Frameworks/CoreServices.framework/Versions/A/Frameworks/SearchKit.framework/Versions/A/SearchKit
0x000000000664b000 	/System/Library/Frameworks/CoreServices.framework/Versions/A/Frameworks/AE.framework/Versions/A/AE
0x000000000664b000 	/System/Library/Frameworks/CoreServices.framework/Versions/A/Frameworks/LaunchServices.framework/Versions/A/LaunchServices
0x000000000664b000 	/System/Library/Frameworks/CoreServices.framework/Versions/A/Frameworks/DictionaryServices.framework/Versions/A/DictionaryServices
0x000000000664b000 	/System/Library/Frameworks/CoreServices.framework/Versions/A/Frameworks/SharedFileList.framework/Versions/A/SharedFileList
0x000000000664b000 	/System/Library/Frameworks/NetFS.framework/Versions/A/NetFS
0x000000000664b000 	/System/Library/PrivateFrameworks/NetAuth.framework/Versions/A/NetAuth
0x000000000664b000 	/System/Library/PrivateFrameworks/login.framework/Versions/A/Frameworks/loginsupport.framework/Versions/A/loginsupport
0x000000000664b000 	/System/Library/PrivateFrameworks/TCC.framework/Versions/A/TCC
0x000000000664b000 	/usr/lib/libmecabra.dylib
0x000000000664b000 	/System/Library/Frameworks/ApplicationServices.framework/Versions/A/Frameworks/ATS.framework/Versions/A/ATS
0x000000000664b000 	/System/Library/Frameworks/ApplicationServices.framework/Versions/A/Frameworks/ColorSync.framework/Versions/A/ColorSync
0x000000000664b000 	/System/Library/Frameworks/ApplicationServices.framework/Versions/A/Frameworks/HIServices.framework/Versions/A/HIServices
0x000000000664b000 	/System/Library/Frameworks/ApplicationServices.framework/Versions/A/Frameworks/LangAnalysis.framework/Versions/A/LangAnalysis
0x000000000664b000 	/System/Library/Frameworks/ApplicationServices.framework/Versions/A/Frameworks/PrintCore.framework/Versions/A/PrintCore
0x000000000664b000 	/System/Library/Frameworks/ApplicationServices.framework/Versions/A/Frameworks/QD.framework/Versions/A/QD
0x000000000664b000 	/System/Library/Frameworks/ApplicationServices.framework/Versions/A/Frameworks/SpeechSynthesis.framework/Versions/A/SpeechSynthesis
0x000000000664b000 	/System/Library/Frameworks/Metal.framework/Versions/A/Metal
0x000000000664b000 	/System/Library/Frameworks/Accelerate.framework/Versions/A/Frameworks/vImage.framework/Versions/A/vImage
0x000000000664b000 	/System/Library/Frameworks/Accelerate.framework/Versions/A/Frameworks/vecLib.framework/Versions/A/vecLib
0x000000000664b000 	/System/Library/Frameworks/Accelerate.framework/Versions/A/Frameworks/vecLib.framework/Versions/A/libvDSP.dylib
0x000000000664b000 	/System/Library/Frameworks/Accelerate.framework/Versions/A/Frameworks/vecLib.framework/Versions/A/libvMisc.dylib
0x000000000664b000 	/System/Library/Frameworks/Accelerate.framework/Versions/A/Frameworks/vecLib.framework/Versions/A/libLAPACK.dylib
0x000000000664b000 	/System/Library/Frameworks/Accelerate.framework/Versions/A/Frameworks/vecLib.framework/Versions/A/libBLAS.dylib
0x000000000664b000 	/System/Library/Frameworks/Accelerate.framework/Versions/A/Frameworks/vecLib.framework/Versions/A/libLinearAlgebra.dylib
0x000000000664b000 	/System/Library/Frameworks/Accelerate.framework/Versions/A/Frameworks/vecLib.framework/Versions/A/libSparseBLAS.dylib
0x000000000664b000 	/System/Library/PrivateFrameworks/GPUCompiler.framework/libmetal_timestamp.dylib
0x000000000664b000 	/System/Library/Frameworks/OpenGL.framework/Versions/A/Libraries/libCoreFSCache.dylib
0x000000000664b000 	/System/Library/PrivateFrameworks/IOAccelerator.framework/Versions/A/IOAccelerator
0x000000000664b000 	/System/Library/Frameworks/ApplicationServices.framework/Versions/A/Frameworks/ATS.framework/Versions/A/Resources/libFontParser.dylib
0x000000000664b000 	/System/Library/Frameworks/ApplicationServices.framework/Versions/A/Frameworks/ATS.framework/Versions/A/Resources/libFontRegistry.dylib
0x000000000664b000 	/System/Library/PrivateFrameworks/AppleVPA.framework/Versions/A/AppleVPA
0x000000000664b000 	/System/Library/PrivateFrameworks/AppleJPEG.framework/Versions/A/AppleJPEG
0x000000000664b000 	/System/Library/Frameworks/ImageIO.framework/Versions/A/Resources/libJPEG.dylib
0x000000000664b000 	/System/Library/Frameworks/ImageIO.framework/Versions/A/Resources/libTIFF.dylib
0x000000000664b000 	/System/Library/Frameworks/ImageIO.framework/Versions/A/Resources/libPng.dylib
0x000000000664b000 	/System/Library/Frameworks/ImageIO.framework/Versions/A/Resources/libGIF.dylib
0x000000000664b000 	/System/Library/Frameworks/ImageIO.framework/Versions/A/Resources/libJP2.dylib
0x000000000664b000 	/System/Library/Frameworks/ImageIO.framework/Versions/A/Resources/libRadiance.dylib
0x000000000664b000 	/System/Library/Frameworks/CoreVideo.framework/Versions/A/CoreVideo
0x000000000664b000 	/System/Library/Frameworks/OpenGL.framework/Versions/A/Libraries/libGLU.dylib
0x000000000664b000 	/System/Library/Frameworks/OpenGL.framework/Versions/A/Libraries/libGFXShared.dylib
0x000000000664b000 	/System/Library/Frameworks/OpenGL.framework/Versions/A/Libraries/libGL.dylib
0x000000000664b000 	/System/Library/Frameworks/OpenGL.framework/Versions/A/Libraries/libGLImage.dylib
0x000000000664b000 	/System/Library/Frameworks/OpenGL.framework/Versions/A/Libraries/libCVMSPluginSupport.dylib
0x000000000664b000 	/System/Library/Frameworks/OpenGL.framework/Versions/A/Libraries/libCoreVMClient.dylib
0x000000000664b000 	/usr/lib/libcompression.dylib
0x000000000664b000 	/usr/lib/libcups.2.dylib
0x000000000664b000 	/System/Library/Frameworks/Kerberos.framework/Versions/A/Kerberos
0x000000000664b000 	/System/Library/Frameworks/GSS.framework/Versions/A/GSS
0x000000000664b000 	/usr/lib/libresolv.9.dylib
0x000000000664b000 	/usr/lib/libiconv.2.dylib
0x000000000664b000 	/System/Library/PrivateFrameworks/Heimdal.framework/Versions/A/Heimdal
0x000000000664b000 	/usr/lib/libheimdal-asn1.dylib
0x000000000664b000 	/System/Library/Frameworks/OpenDirectory.framework/Versions/A/OpenDirectory
0x000000000664b000 	/System/Library/PrivateFrameworks/CommonAuth.framework/Versions/A/CommonAuth
0x000000000664b000 	/System/Library/Frameworks/OpenDirectory.framework/Versions/A/Frameworks/CFOpenDirectory.framework/Versions/A/CFOpenDirectory
0x000000000664b000 	/System/Library/Frameworks/SecurityFoundation.framework/Versions/A/SecurityFoundation
0x000000000664b000 	/System/Library/PrivateFrameworks/LanguageModeling.framework/Versions/A/LanguageModeling
0x000000000664b000 	/usr/lib/libmarisa.dylib
0x000000000664b000 	/usr/lib/libChineseTokenizer.dylib
0x000000000664b000 	/usr/lib/libcmph.dylib
0x000000000664b000 	/System/Library/Frameworks/ServiceManagement.framework/Versions/A/ServiceManagement
0x000000000664b000 	/usr/lib/libxslt.1.dylib
0x000000000664b000 	/System/Library/Frameworks/Carbon.framework/Versions/A/Frameworks/Ink.framework/Versions/A/Ink
0x000000000664b000 	/usr/lib/libFosl_dynamic.dylib
0x000000000664b000 	/System/Library/PrivateFrameworks/FaceCore.framework/Versions/A/FaceCore
0x000000000664b000 	/System/Library/Frameworks/OpenCL.framework/Versions/A/OpenCL
0x000000000664b000 	/System/Library/PrivateFrameworks/CrashReporterSupport.framework/Versions/A/CrashReporterSupport
0x000000000664b000 	/System/Library/PrivateFrameworks/IconServices.framework/Versions/A/IconServices
0x000000000664b000 	/System/Library/PrivateFrameworks/Apple80211.framework/Versions/A/Apple80211
0x000000000664b000 	/System/Library/Frameworks/CoreWLAN.framework/Versions/A/CoreWLAN
0x000000000664b000 	/System/Library/Frameworks/IOBluetooth.framework/Versions/A/IOBluetooth
0x000000000664b000 	/System/Library/PrivateFrameworks/CoreWiFi.framework/Versions/A/CoreWiFi
0x000000000664b000 	/System/Library/Frameworks/CoreBluetooth.framework/Versions/A/CoreBluetooth
0x000000000664b000 	/System/Library/PrivateFrameworks/ChunkingLibrary.framework/Versions/A/ChunkingLibrary
0x000000000664b000 	/System/Library/PrivateFrameworks/DebugSymbols.framework/Versions/A/DebugSymbols
0x000000000664b000 	/System/Library/PrivateFrameworks/CoreSymbolication.framework/Versions/A/CoreSymbolication
0x000000000664b000 	/System/Library/PrivateFrameworks/Symbolication.framework/Versions/A/Symbolication
0x000000000664b000 	/System/Library/PrivateFrameworks/SpeechRecognitionCore.framework/Versions/A/SpeechRecognitionCore
0x0000000105800000 	/Library/Java/JavaVirtualMachines/jdk1.8.0_91.jdk/Contents/Home/jre/lib/server/libjvm.dylib
0x000000000664b000 	/usr/lib/libstdc++.6.dylib
0x0000000104689000 	/Library/Java/JavaVirtualMachines/jdk1.8.0_91.jdk/Contents/Home/jre/lib/libverify.dylib
0x0000000104697000 	/Library/Java/JavaVirtualMachines/jdk1.8.0_91.jdk/Contents/Home/jre/lib/libjava.dylib
0x00000001046d6000 	/Library/Java/JavaVirtualMachines/jdk1.8.0_91.jdk/Contents/Home/jre/lib/libzip.dylib
0x0000000121736000 	/System/Library/Frameworks/JavaVM.framework/Frameworks/JavaRuntimeSupport.framework/JavaRuntimeSupport
0x0000000121751000 	/System/Library/Frameworks/JavaVM.framework/Versions/A/Frameworks/JavaNativeFoundation.framework/Versions/A/JavaNativeFoundation
0x00000001047f3000 	/System/Library/Frameworks/JavaVM.framework/Versions/A/JavaVM
0x000000000664b000 	/System/Library/Frameworks/Carbon.framework/Versions/A/Carbon
0x0000000121766000 	/System/Library/PrivateFrameworks/JavaLaunching.framework/Versions/A/JavaLaunching
0x000000000664b000 	/System/Library/Frameworks/Carbon.framework/Versions/A/Frameworks/CommonPanels.framework/Versions/A/CommonPanels
0x000000000664b000 	/System/Library/Frameworks/Carbon.framework/Versions/A/Frameworks/Help.framework/Versions/A/Help
0x000000000664b000 	/System/Library/Frameworks/Carbon.framework/Versions/A/Frameworks/ImageCapture.framework/Versions/A/ImageCapture
0x000000000664b000 	/System/Library/Frameworks/Carbon.framework/Versions/A/Frameworks/OpenScripting.framework/Versions/A/OpenScripting
0x000000000664b000 	/System/Library/Frameworks/Carbon.framework/Versions/A/Frameworks/Print.framework/Versions/A/Print
0x000000000664b000 	/System/Library/Frameworks/Carbon.framework/Versions/A/Frameworks/SecurityHI.framework/Versions/A/SecurityHI
0x000000012309a000 	/Library/Java/JavaVirtualMachines/jdk1.8.0_91.jdk/Contents/Home/jre/lib/libnio.dylib
0x00000001230aa000 	/Library/Java/JavaVirtualMachines/jdk1.8.0_91.jdk/Contents/Home/jre/lib/./libnet.dylib
0x0000000123211000 	/Library/Java/JavaVirtualMachines/jdk1.8.0_91.jdk/Contents/Home/jre/lib/libawt.dylib
0x00000001232b9000 	/Library/Java/JavaVirtualMachines/jdk1.8.0_91.jdk/Contents/Home/jre/lib/./libmlib_image.dylib
0x0000000123385000 	/Library/Java/JavaVirtualMachines/jdk1.8.0_91.jdk/Contents/Home/jre/lib/libawt_lwawt.dylib
0x000000012343a000 	/Library/Java/JavaVirtualMachines/jdk1.8.0_91.jdk/Contents/Home/jre/lib/./libosxapp.dylib
0x000000000664b000 	/System/Library/Frameworks/ExceptionHandling.framework/Versions/A/ExceptionHandling
0x000000000664b000 	/System/Library/PrivateFrameworks/CoreServicesInternal.framework/Versions/A/CoreServicesInternal
0x000000000664b000 	/System/Library/Frameworks/CoreGraphics.framework/Versions/A/Resources/libRIP.A.dylib
0x000000000664b000 	/System/Library/Frameworks/Accelerate.framework/Versions/A/Frameworks/vImage.framework/Versions/A/Libraries/libCGInterfaces.dylib
0x000000000664b000 	/System/Library/Frameworks/CoreGraphics.framework/Versions/A/Resources/libCGXType.A.dylib
0x000000000664b000 	/System/Library/Frameworks/OpenCL.framework/Versions/A/Libraries/libcldcpuengine.dylib
0x000000000664b000 	/System/Library/PrivateFrameworks/DiskImages.framework/Versions/A/DiskImages
0x000000000664b000 	/System/Library/Frameworks/DiscRecording.framework/Versions/A/DiscRecording
0x000000000664b000 	/usr/lib/libcsfde.dylib
0x000000000664b000 	/usr/lib/libcurl.4.dylib
0x000000000664b000 	/System/Library/PrivateFrameworks/MediaKit.framework/Versions/A/MediaKit
0x000000000664b000 	/System/Library/PrivateFrameworks/ProtectedCloudStorage.framework/Versions/A/ProtectedCloudStorage
0x000000000664b000 	/usr/lib/libCoreStorage.dylib
0x000000000664b000 	/System/Library/PrivateFrameworks/EFILogin.framework/Versions/A/EFILogin
0x000000000664b000 	/usr/lib/libutil.dylib
0x000000000664b000 	/System/Library/PrivateFrameworks/FindMyDevice.framework/Versions/A/FindMyDevice
0x000000000664b000 	/System/Library/Frameworks/LDAP.framework/Versions/A/LDAP
0x000000000664b000 	/usr/lib/libsasl2.2.dylib
0x000000000664b000 	/System/Library/PrivateFrameworks/CoreDaemon.framework/Versions/B/CoreDaemon
0x000000000664b000 	/usr/lib/libcrypto.0.9.8.dylib
0x000000000664b000 	/System/Library/PrivateFrameworks/AppleSRP.framework/Versions/A/AppleSRP
0x000000000664b000 	/System/Library/PrivateFrameworks/TrustEvaluationAgent.framework/Versions/A/TrustEvaluationAgent
0x000000012532d000 	cl_kernels
0x000000000664b000 	/System/Library/Frameworks/OpenCL.framework/Versions/A/Libraries/ImageFormats/unorm8_bgra.dylib
0x000000000664b000 	/System/Library/Frameworks/OpenCL.framework/Versions/A/Libraries/ImageFormats/unorm8_rgba.dylib
0x000000000664b000 	/System/Library/PrivateFrameworks/FamilyControls.framework/Versions/A/FamilyControls
0x000000000664b000 	/System/Library/PrivateFrameworks/CommerceKit.framework/Versions/A/Frameworks/CommerceCore.framework/Versions/A/CommerceCore
0x000000000664b000 	/System/Library/PrivateFrameworks/SystemAdministration.framework/Versions/A/SystemAdministration
0x000000000664b000 	/System/Library/PrivateFrameworks/AppContainer.framework/Versions/A/AppContainer
0x000000000664b000 	/System/Library/PrivateFrameworks/SecCodeWrapper.framework/Versions/A/SecCodeWrapper
0x000000000664b000 	/System/Library/Frameworks/DirectoryService.framework/Versions/A/DirectoryService
0x000000000664b000 	/System/Library/PrivateFrameworks/LoginUIKit.framework/Versions/A/Frameworks/LoginUICore.framework/Versions/A/LoginUICore
0x000000000664b000 	/usr/lib/libodfde.dylib
0x000000000664b000 	/System/Library/Frameworks/OpenGL.framework/Versions/A/Resources/GLEngine.bundle/GLEngine
0x000000000664b000 	/System/Library/Frameworks/OpenGL.framework/Versions/A/Libraries/libGLProgrammability.dylib
0x000000012647b000 	/System/Library/Extensions/AppleIntelHD5000GraphicsGLDriver.bundle/Contents/MacOS/AppleIntelHD5000GraphicsGLDriver
0x000000000664b000 	/System/Library/PrivateFrameworks/GPUSupport.framework/Versions/A/Libraries/libGPUSupportMercury.dylib
0x000000000664b000 	/System/Library/Frameworks/OpenGL.framework/Versions/A/Resources/GLRendererFloat.bundle/GLRendererFloat
0x000000012761f000 	/Library/Java/JavaVirtualMachines/jdk1.8.0_91.jdk/Contents/Home/jre/lib/libsplashscreen.dylib
0x0000000127678000 	/Library/Java/JavaVirtualMachines/jdk1.8.0_91.jdk/Contents/Home/jre/lib/libfontmanager.dylib
0x00000001276df000 	/Library/Java/JavaVirtualMachines/jdk1.8.0_91.jdk/Contents/Home/jre/lib/libosxui.dylib
0x000000012950e000 	/System/Library/Extensions/AppleIntelHD5000GraphicsMTLDriver.bundle/Contents/MacOS/AppleIntelHD5000GraphicsMTLDriver
0x0000000130ed9000 	/Applications/NetBeans/NetBeans 8.1.app/Contents/Resources/NetBeans/platform/modules/lib/libjnidispatch-410.jnilib
0x000000000664b000 	/System/Library/Frameworks/ApplicationServices.framework/Versions/A/Frameworks/ATS.framework/Versions/A/Resources/libTrueTypeScaler.dylib
0x000000017cb7f000 	/System/Library/CoreServices/RawCamera.bundle/Contents/MacOS/RawCamera
0x000000017d73d000 	/Library/Java/Extensions/libCLIPSJNI2.jnilib
0x000000012460b000 	/Library/Java/JavaVirtualMachines/jdk1.8.0_91.jdk/Contents/Home/jre/lib/libdcpr.dylib
0x000000000664b000 	/System/Library/PrivateFrameworks/CloudDocs.framework/Versions/A/CloudDocs
0x000000000664b000 	/System/Library/PrivateFrameworks/CoreDuet.framework/Versions/A/CoreDuet
0x000000000664b000 	/System/Library/Frameworks/CloudKit.framework/Versions/A/CloudKit
0x000000000664b000 	/System/Library/PrivateFrameworks/ProtocolBuffer.framework/Versions/A/ProtocolBuffer
0x000000000664b000 	/System/Library/PrivateFrameworks/CoreDuetDaemonProtocol.framework/Versions/A/CoreDuetDaemonProtocol
0x000000000664b000 	/System/Library/PrivateFrameworks/CoreDuetDebugLogging.framework/Versions/A/CoreDuetDebugLogging
0x000000000664b000 	/System/Library/PrivateFrameworks/MMCS.framework/Versions/A/MMCS
0x000000000664b000 	/System/Library/Frameworks/CoreLocation.framework/Versions/A/CoreLocation
0x000000000664b000 	/System/Library/PrivateFrameworks/AssetCacheServices.framework/Versions/A/AssetCacheServices
0x000000000664b000 	/System/Library/PrivateFrameworks/GeoServices.framework/Versions/A/GeoServices
0x00000001271fa000 	/Library/Java/JavaVirtualMachines/jdk1.8.0_91.jdk/Contents/Home/jre/lib/libmanagement.dylib

VM Arguments:
jvm_args: -Djdk.home=/Library/Java/JavaVirtualMachines/jdk1.8.0_91.jdk/Contents/Home -Dnetbeans.dirs=/Users/gianlucaturin/NetBeansProjects/ClipsMonitor/assistedliving/build/cluster:/Applications/NetBeans/NetBeans 8.1.app/Contents/Resources/NetBeans/platform -Dnetbeans.home=/Applications/NetBeans/NetBeans 8.1.app/Contents/Resources/NetBeans/platform -Dnetbeans.logger.console=true -ea -XX:+HeapDumpOnOutOfMemoryError -XX:HeapDumpPath=/Users/gianlucaturin/NetBeansProjects/ClipsMonitor/assistedliving/ClipsMonitorCore/../build/testuserdir/var/log/heapdump.hprof 
java_command: org.netbeans.Main --cachedir /Users/gianlucaturin/NetBeansProjects/ClipsMonitor/assistedliving/ClipsMonitorCore/../build/testuserdir/var/cache --userdir /Users/gianlucaturin/NetBeansProjects/ClipsMonitor/assistedliving/ClipsMonitorCore/../build/testuserdir --branding clipsmonitor
java_class_path (initial): /Applications/NetBeans/NetBeans 8.1.app/Contents/Resources/NetBeans/platform/lib/boot.jar:/Applications/NetBeans/NetBeans 8.1.app/Contents/Resources/NetBeans/platform/lib/org-openide-modules.jar:/Applications/NetBeans/NetBeans 8.1.app/Contents/Resources/NetBeans/platform/lib/org-openide-util-lookup.jar:/Applications/NetBeans/NetBeans 8.1.app/Contents/Resources/NetBeans/platform/lib/org-openide-util-ui.jar:/Applications/NetBeans/NetBeans 8.1.app/Contents/Resources/NetBeans/platform/lib/org-openide-util.jar:/Applications/NetBeans/NetBeans 8.1.app/Contents/Resources/NetBeans/platform/lib/locale/boot_ja.jar:/Applications/NetBeans/NetBeans 8.1.app/Contents/Resources/NetBeans/platform/lib/locale/boot_pt_BR.jar:/Applications/NetBeans/NetBeans 8.1.app/Contents/Resources/NetBeans/platform/lib/locale/boot_ru.jar:/Applications/NetBeans/NetBeans 8.1.app/Contents/Resources/NetBeans/platform/lib/locale/boot_zh_CN.jar:/Applications/NetBeans/NetBeans 8.1.app/Contents/Resources/NetBeans/platform/lib/locale/org-openide-modules_ja.jar:/Applications/NetBeans/NetBeans 8.1.app/Contents/Resources/NetBeans/platform/lib/locale/org-openide-modules_pt_BR.jar:/Applications/NetBeans/NetBeans 8.1.app/Contents/Resources/NetBeans/platform/lib/locale/org-openide-modules_ru.jar:/Applications/NetBeans/NetBeans 8.1.app/Contents/Resources/NetBeans/platform/lib/locale/org-openide-modules_zh_CN.jar:/Applications/NetBeans/NetBeans 8.1.app/Contents/Resources/NetBeans/platform/lib/locale/org-openide-util-lookup_ja.jar:/Applications/NetBeans/NetBeans 8.1.app/Contents/Resources/NetBeans/platform/lib/locale/org-openide-util-lookup_pt_BR.jar:/Applications/NetBeans/NetBeans 8.1.app/Contents/Resources/NetBeans/platform/lib/locale/org-openide-util-lookup_ru.jar:/Applications/NetBeans/NetBeans 8.1.app/Contents/Resources/NetBeans/platform/lib/locale/org-openide-util-lookup_zh_CN.jar:/Applications/NetBeans/NetBeans 8.1.app/Contents/Resources/NetBeans/platform/lib/locale/org-openide-util-u
Launcher Type: SUN_STANDARD

Environment Variables:
PATH=/usr/bin:/bin:/usr/sbin:/sbin
LD_LIBRARY_PATH=/Library/Java/JavaVirtualMachines/jdk1.8.0_91.jdk/Contents/Home/jre/lib/amd64:/Library/Java/JavaVirtualMachines/jdk1.8.0_91.jdk/Contents/Home/jre/lib/i386:
SHELL=/bin/bash

Signal Handlers:
SIGSEGV: [libjvm.dylib+0x5a97a1], sa_mask[0]=11111111011111110111111111111111, sa_flags=SA_ONSTACK|SA_RESTART|SA_SIGINFO
SIGBUS: [libjvm.dylib+0x5a97a1], sa_mask[0]=11111111011111110111111111111111, sa_flags=SA_RESTART|SA_SIGINFO
SIGFPE: [libjvm.dylib+0x482594], sa_mask[0]=11111111011111110111111111111111, sa_flags=SA_RESTART|SA_SIGINFO
SIGPIPE: [libjvm.dylib+0x482594], sa_mask[0]=11111111011111110111111111111111, sa_flags=SA_RESTART|SA_SIGINFO
SIGXFSZ: [libjvm.dylib+0x482594], sa_mask[0]=11111111011111110111111111111111, sa_flags=SA_RESTART|SA_SIGINFO
SIGILL: [libjvm.dylib+0x482594], sa_mask[0]=11111111011111110111111111111111, sa_flags=SA_RESTART|SA_SIGINFO
SIGUSR1: SIG_DFL, sa_mask[0]=00000000000000000000000000000000, sa_flags=none
SIGUSR2: [libjvm.dylib+0x4820b2], sa_mask[0]=00100000000000000000000000000000, sa_flags=SA_RESTART|SA_SIGINFO
SIGHUP: [libjvm.dylib+0x480689], sa_mask[0]=11111111011111110111111111111111, sa_flags=SA_RESTART|SA_SIGINFO
SIGINT: [libCLIPSJNI2.jnilib+0xe83e0], sa_mask[0]=00000000000000000000000000000000, sa_flags=SA_RESTART
SIGTERM: [libjvm.dylib+0x480689], sa_mask[0]=11111111011111110111111111111111, sa_flags=SA_RESTART|SA_SIGINFO
SIGQUIT: [libjvm.dylib+0x480689], sa_mask[0]=11111111011111110111111111111111, sa_flags=SA_RESTART|SA_SIGINFO


---------------  S Y S T E M  ---------------

OS:Bsduname:Darwin 15.5.0 Darwin Kernel Version 15.5.0: Tue Apr 19 18:36:36 PDT 2016; root:xnu-3248.50.21~8/RELEASE_X86_64 x86_64
rlimit: STACK 8192k, CORE 0k, NPROC 709, NOFILE 10240, AS infinity
load average:2.49 1.78 1.51

CPU:total 8 (4 cores per cpu, 2 threads per core) family 6 model 70 stepping 1, cmov, cx8, fxsr, mmx, sse, sse2, sse3, ssse3, sse4.1, sse4.2, popcnt, avx, avx2, aes, clmul, erms, lzcnt, ht, tsc, tscinvbit, bmi1, bmi2

Memory: 4k page, physical 16777216k(2046852k free)

/proc/meminfo:


vm_info: Java HotSpot(TM) 64-Bit Server VM (25.91-b14) for bsd-amd64 JRE (1.8.0_91-b14), built on Apr  1 2016 01:03:00 by "java_re" with gcc 4.2.1 (Based on Apple Inc. build 5658) (LLVM build 2336.11.00)

time: Wed Jun 29 14:24:33 2016
elapsed time: 110 seconds (0d 0h 1m 50s)

