#
# A fatal error has been detected by the Java Runtime Environment:
#
#  EXCEPTION_ACCESS_VIOLATION (0xc0000005) at pc=0x00007ffcd1be0343, pid=13812, tid=8204
#
# JRE version: Java(TM) SE Runtime Environment (8.0_91-b15) (build 1.8.0_91-b15)
# Java VM: Java HotSpot(TM) 64-Bit Server VM (25.91-b15 mixed mode windows-amd64 compressed oops)
# Problematic frame:
# C  [CLIPSJNI2.dll+0x110343]
#
# Failed to write core dump. Minidumps are not enabled by default on client versions of Windows
#
# If you would like to submit a bug report, please visit:
#   http://bugreport.java.com/bugreport/crash.jsp
# The crash happened outside the Java Virtual Machine in native code.
# See problematic frame for where to report the bug.
#

---------------  T H R E A D  ---------------

Current thread (0x000000001c1dd000):  JavaThread "Thread-10" [_thread_in_native, id=8204, stack(0x00000000282c0000,0x00000000284c0000)]

siginfo: ExceptionCode=0xc0000005, reading address 0x0000000000000000

Registers:
RAX=0x72656e6567666564, RBX=0x0000000020323ea0, RCX=0x00007ffcd1c1d600, RDX=0xffff80032e3e2a00
RSP=0x00000000284beff8, RBP=0x00000000284bf420, RSI=0x00000000837711d0, RDI=0x00000000ebef6ff0
R8 =0x00000000238b3c50, R9 =0x68636d607351ff72, R10=0xfefefefefefefeff, R11=0x8080808080808080
R12=0x0000000000000000, R13=0x00000000284bf458, R14=0x0000000000000000, R15=0x000000001c1dd000
RIP=0x00007ffcd1be0343, EFLAGS=0x0000000000010293

Top of Stack: (sp=0x00000000284beff8)
0x00000000284beff8:   00007ffcd1bca4ea 00007ffcd1c1d600
0x00000000284bf008:   000000000000f847 000000001c1dd000
0x00000000284bf018:   0000000077d5e708 00000000026020f0
0x00000000284bf028:   00007ffcd1b6b78c 000000000000f81e
0x00000000284bf038:   000000000088ad30 0000000000000000
0x00000000284bf048:   000000007789cd55 0000000000000000
0x00000000284bf058:   000000000086d1e0 00000000837711d0
0x00000000284bf068:   00007ffcd1b6b632 000000002510ae20
0x00000000284bf078:   00007ffcd1c1d600 0000000020323ea0
0x00000000284bf088:   00007ffcd1bc68a6 000000001f8b4790
0x00000000284bf098:   00007ffcd1bc65c6 000000002387c500
0x00000000284bf0a8:   000000001c1dd1f8 000000002510b820
0x00000000284bf0b8:   000000000088ed10 9c5e4ca100000009
0x00000000284bf0c8:   00007ffcd1bc67e1 9c5e4ca100000009
0x00000000284bf0d8:   00007ffcd1af42fa 000000002510ae20
0x00000000284bf0e8:   00007ffcd1c1d600 0000000000000000 

Instructions: (pc=0x00007ffcd1be0343)
0x00007ffcd1be0323:   80 80 80 49 ba ff fe fe fe fe fe fe fe 67 8d 04
0x00007ffcd1be0333:   11 25 ff 0f 00 00 3d f8 0f 00 00 77 c8 48 8b 01
0x00007ffcd1be0343:   48 3b 04 11 75 bf 4d 8d 0c 02 48 f7 d0 48 83 c1
0x00007ffcd1be0353:   08 49 23 c1 49 85 c3 74 d4 33 c0 c3 48 1b c0 48 


Register to memory mapping:

RAX=0x72656e6567666564 is an unknown value
RBX={method} {0x0000000020323ea8} 'eval' '(Ljava/lang/String;)Lnet/sf/clipsrules/jni/PrimitiveValue;' in 'net/sf/clipsrules/jni/Environment'
RCX=0x00007ffcd1c1d600 is an unknown value
RDX=0xffff80032e3e2a00 is an unknown value
RSP=0x00000000284beff8 is pointing into the stack for thread: 0x000000001c1dd000
RBP=0x00000000284bf420 is pointing into the stack for thread: 0x000000001c1dd000
RSI=0x00000000837711d0 is pointing into object: 0x00000000837711c0
[C 
 - klass: {type array char}
 - length: 5
RDI=0x00000000ebef6ff0 is an oop

[error occurred during error reporting (printing register info), id 0xc0000005]

Stack: [0x00000000282c0000,0x00000000284c0000],  sp=0x00000000284beff8,  free space=2043k
Native frames: (J=compiled Java code, j=interpreted, Vv=VM code, C=native code)
C  [CLIPSJNI2.dll+0x110343]
C  [CLIPSJNI2.dll+0xfa4ea]
C  [CLIPSJNI2.dll+0x9b632]
C  [CLIPSJNI2.dll+0x242fa]
C  [CLIPSJNI2.dll+0x667d9]
C  [CLIPSJNI2.dll+0x45f5d]
C  [CLIPSJNI2.dll+0x45dfd]
C  [CLIPSJNI2.dll+0x46cd9]
C  [CLIPSJNI2.dll+0xf4586]
C  [CLIPSJNI2.dll+0xad4a7]
C  0x00000000033f8995

Java frames: (J=compiled Java code, j=interpreted, Vv=VM code)
J 4532  net.sf.clipsrules.jni.Environment.eval(JLjava/lang/String;)Lnet/sf/clipsrules/jni/PrimitiveValue; (0 bytes) @ 0x00000000033f890f [0x00000000033f88c0+0x4f]
J 5882 C2 net.sf.clipsrules.jni.Environment.eval(Ljava/lang/String;)Lnet/sf/clipsrules/jni/PrimitiveValue; (10 bytes) @ 0x00000000030ba3d8 [0x00000000030ba3a0+0x38]
j  org.clipsmonitor.clips.ClipsCore.getFocusStack()[Ljava/lang/String;+66
j  org.clipsmonitor.core.MonitorModel.getFocusStack()[Ljava/lang/String;+4
j  org.clipsmonitor.gui.FocusTopComponent.updateFocusStack()V+4
j  org.clipsmonitor.gui.FocusTopComponent.update(Ljava/util/Observable;Ljava/lang/Object;)V+25
j  java.util.Observable.notifyObservers(Ljava/lang/Object;)V+55
j  org.clipsmonitor.core.MonitorModel.run()V+613
j  java.lang.Thread.run()V+11
v  ~StubRoutines::call_stub

---------------  P R O C E S S  ---------------

Java Threads: ( => current thread )
=>0x000000001c1dd000 JavaThread "Thread-10" [_thread_in_native, id=8204, stack(0x00000000282c0000,0x00000000284c0000)]
  0x000000001c1dc000 JavaThread "RequestProcessor queue manager" daemon [_thread_blocked, id=12080, stack(0x00000000280c0000,0x00000000282c0000)]
  0x000000001c1e3800 JavaThread "Thread-8" [_thread_blocked, id=5488, stack(0x0000000027ac0000,0x0000000027cc0000)]
  0x000000001c1df000 JavaThread "Swing-Shell" daemon [_thread_blocked, id=13700, stack(0x0000000024ab0000,0x0000000024cb0000)]
  0x0000000019172000 JavaThread "TimerQueue" daemon [_thread_blocked, id=6824, stack(0x00000000230f0000,0x00000000232f0000)]
  0x000000001916e000 JavaThread "Thread-2" daemon [_thread_blocked, id=11416, stack(0x0000000021880000,0x0000000021a80000)]
  0x000000001916d800 JavaThread "File Watcher" daemon [_thread_blocked, id=12428, stack(0x00000000204b0000,0x00000000206b0000)]
  0x000000001c4c4800 JavaThread "AWT-EventQueue-0" [_thread_in_native, id=13580, stack(0x000000001d980000,0x000000001db80000)]
  0x000000001c4c3000 JavaThread "AWT-Windows" daemon [_thread_in_native, id=8696, stack(0x000000001d6c0000,0x000000001d8c0000)]
  0x000000001c4c2000 JavaThread "AWT-Shutdown" [_thread_blocked, id=3864, stack(0x000000001d4c0000,0x000000001d6c0000)]
  0x000000001c4bd000 JavaThread "Java2D Disposer" daemon [_thread_blocked, id=13640, stack(0x000000001d2c0000,0x000000001d4c0000)]
  0x000000001c43e000 JavaThread "Inactive RequestProcessor thread [Was:System clipboard synchronizer/org.netbeans.NbClipboard$GetContents]" daemon [_thread_blocked, id=10360, stack(0x000000001cac0000,0x000000001ccc0000)]
  0x000000001c204000 JavaThread "CLI Requests Server" daemon [_thread_in_native, id=1476, stack(0x000000001c7c0000,0x000000001c9c0000)]
  0x000000001bf9e800 JavaThread "Active Reference Queue Daemon" daemon [_thread_blocked, id=6268, stack(0x000000001c5c0000,0x000000001c7c0000)]
  0x0000000019202000 JavaThread "Service Thread" daemon [_thread_blocked, id=7344, stack(0x000000001b930000,0x000000001bb30000)]
  0x0000000019172800 JavaThread "C1 CompilerThread3" daemon [_thread_blocked, id=2188, stack(0x000000001b630000,0x000000001b830000)]
  0x0000000019174000 JavaThread "C2 CompilerThread2" daemon [_thread_blocked, id=10132, stack(0x000000001b430000,0x000000001b630000)]
  0x0000000019160000 JavaThread "C2 CompilerThread1" daemon [_thread_blocked, id=10976, stack(0x000000001b230000,0x000000001b430000)]
  0x0000000019159000 JavaThread "C2 CompilerThread0" daemon [_thread_blocked, id=4624, stack(0x000000001b030000,0x000000001b230000)]
  0x000000001916a800 JavaThread "Attach Listener" daemon [_thread_blocked, id=13792, stack(0x000000001ae30000,0x000000001b030000)]
  0x0000000019169800 JavaThread "Signal Dispatcher" daemon [_thread_blocked, id=13524, stack(0x000000001ac30000,0x000000001ae30000)]
  0x0000000019149000 JavaThread "Finalizer" daemon [_thread_blocked, id=7880, stack(0x000000001a930000,0x000000001ab30000)]
  0x00000000026a4000 JavaThread "Reference Handler" daemon [_thread_blocked, id=9904, stack(0x000000001a730000,0x000000001a930000)]
  0x00000000025b0800 JavaThread "main" [_thread_blocked, id=10736, stack(0x0000000000440000,0x0000000000640000)]

Other Threads:
  0x00000000028ae800 VMThread [stack: 0x000000001a530000,0x000000001a730000] [id=11304]
  0x000000001922e000 WatcherThread [stack: 0x000000001bb30000,0x000000001bd30000] [id=1288]

VM state:not at safepoint (normal execution)

VM Mutex/Monitor currently owned by a thread: None

Heap:
 PSYoungGen      total 672256K, used 370469K [0x00000000d6180000, 0x00000000ffe80000, 0x0000000100000000)
  eden space 660480K, 56% used [0x00000000d6180000,0x00000000ecaeaeb8,0x00000000fe680000)
  from space 11776K, 3% used [0x00000000ff300000,0x00000000ff35e658,0x00000000ffe80000)
  to   space 12288K, 0% used [0x00000000fe680000,0x00000000fe680000,0x00000000ff280000)
 ParOldGen       total 99840K, used 52558K [0x0000000082400000, 0x0000000088580000, 0x00000000d6180000)
  object space 99840K, 52% used [0x0000000082400000,0x00000000857539f0,0x0000000088580000)
 Metaspace       used 34731K, capacity 36432K, committed 36736K, reserved 1081344K
  class space    used 4210K, capacity 4678K, committed 4736K, reserved 1048576K

Card table byte_map: [0x0000000011fd0000,0x00000000123c0000] byte_map_base: 0x0000000011bbe000

Marking Bits: (ParMarkBitMap*) 0x0000000077f72f70
 Begin Bits: [0x0000000013660000, 0x00000000155d0000)
 End Bits:   [0x00000000155d0000, 0x0000000017540000)

Polling page: 0x00000000001e0000

CodeCache: size=245760Kb used=20539Kb max_used=21054Kb free=225220Kb
 bounds [0x0000000002c10000, 0x00000000040e0000, 0x0000000011c10000]
 total_blobs=6230 nmethods=5612 adapters=526
 compilation: enabled

Compilation events (10 events):
Event: 159.222 Thread 0x0000000019172800 7045       3       java.util.concurrent.atomic.AtomicBoolean::getAndSet (16 bytes)
Event: 159.222 Thread 0x0000000019172800 nmethod 7045 0x00000000031068d0 code [0x0000000003106a40, 0x0000000003106f10]
Event: 159.222 Thread 0x0000000019172800 7046       3       sun.awt.SunToolkit::isDispatchThreadForAppContext (28 bytes)
Event: 159.222 Thread 0x0000000019172800 nmethod 7046 0x0000000003753550 code [0x0000000003753740, 0x00000000037541e8]
Event: 159.222 Thread 0x0000000019172800 7047       3       java.awt.EventQueue$2::isDispatchThreadImpl (5 bytes)
Event: 159.222 Thread 0x0000000019172800 nmethod 7047 0x0000000003244fd0 code [0x0000000003245140, 0x0000000003245348]
Event: 159.233 Thread 0x0000000019172800 7048       3       java.io.StringWriter::write (53 bytes)
Event: 159.233 Thread 0x0000000019172800 nmethod 7048 0x000000000367a990 code [0x000000000367ab20, 0x000000000367b158]
Event: 159.242 Thread 0x0000000019159000 7049       4       javax.swing.SwingUtilities::getValidateRoot (98 bytes)
Event: 159.246 Thread 0x0000000019159000 nmethod 7049 0x0000000003872a50 code [0x0000000003872bc0, 0x0000000003872e98]

GC Heap History (10 events):
Event: 155.990 GC heap before
{Heap before GC invocations=44 (full 2):
 PSYoungGen      total 669184K, used 653613K [0x00000000d6180000, 0x0000000100000000, 0x0000000100000000)
  eden space 653312K, 100% used [0x00000000d6180000,0x00000000fdf80000,0x00000000fdf80000)
  from space 15872K, 1% used [0x00000000fdf80000,0x00000000fdfcb698,0x00000000fef00000)
  to   space 15360K, 0% used [0x00000000ff100000,0x00000000ff100000,0x0000000100000000)
 ParOldGen       total 99840K, used 48293K [0x0000000082400000, 0x0000000088580000, 0x00000000d6180000)
  object space 99840K, 48% used [0x0000000082400000,0x00000000853296d8,0x0000000088580000)
 Metaspace       used 34688K, capacity 36432K, committed 36736K, reserved 1081344K
  class space    used 4206K, capacity 4678K, committed 4736K, reserved 1048576K
Event: 155.992 GC heap after
Heap after GC invocations=44 (full 2):
 PSYoungGen      total 669184K, used 354K [0x00000000d6180000, 0x00000000ffe80000, 0x0000000100000000)
  eden space 655360K, 0% used [0x00000000d6180000,0x00000000d6180000,0x00000000fe180000)
  from space 13824K, 2% used [0x00000000ff100000,0x00000000ff158918,0x00000000ffe80000)
  to   space 14848K, 0% used [0x00000000fe180000,0x00000000fe180000,0x00000000ff000000)
 ParOldGen       total 99840K, used 48309K [0x0000000082400000, 0x0000000088580000, 0x00000000d6180000)
  object space 99840K, 48% used [0x0000000082400000,0x000000008532d6d8,0x0000000088580000)
 Metaspace       used 34688K, capacity 36432K, committed 36736K, reserved 1081344K
  class space    used 4206K, capacity 4678K, committed 4736K, reserved 1048576K
}
Event: 158.820 GC heap before
{Heap before GC invocations=45 (full 2):
 PSYoungGen      total 669184K, used 655714K [0x00000000d6180000, 0x00000000ffe80000, 0x0000000100000000)
  eden space 655360K, 100% used [0x00000000d6180000,0x00000000fe180000,0x00000000fe180000)
  from space 13824K, 2% used [0x00000000ff100000,0x00000000ff158918,0x00000000ffe80000)
  to   space 14848K, 0% used [0x00000000fe180000,0x00000000fe180000,0x00000000ff000000)
 ParOldGen       total 99840K, used 48309K [0x0000000082400000, 0x0000000088580000, 0x00000000d6180000)
  object space 99840K, 48% used [0x0000000082400000,0x000000008532d6d8,0x0000000088580000)
 Metaspace       used 34725K, capacity 36432K, committed 36736K, reserved 1081344K
  class space    used 4210K, capacity 4678K, committed 4736K, reserved 1048576K
Event: 158.824 GC heap after
Heap after GC invocations=45 (full 2):
 PSYoungGen      total 670208K, used 4304K [0x00000000d6180000, 0x00000000fff00000, 0x0000000100000000)
  eden space 655360K, 0% used [0x00000000d6180000,0x00000000d6180000,0x00000000fe180000)
  from space 14848K, 28% used [0x00000000fe180000,0x00000000fe5b42d8,0x00000000ff000000)
  to   space 13824K, 0% used [0x00000000ff180000,0x00000000ff180000,0x00000000fff00000)
 ParOldGen       total 99840K, used 48309K [0x0000000082400000, 0x0000000088580000, 0x00000000d6180000)
  object space 99840K, 48% used [0x0000000082400000,0x000000008532d6d8,0x0000000088580000)
 Metaspace       used 34725K, capacity 36432K, committed 36736K, reserved 1081344K
  class space    used 4210K, capacity 4678K, committed 4736K, reserved 1048576K
}
Event: 158.936 GC heap before
{Heap before GC invocations=46 (full 2):
 PSYoungGen      total 670208K, used 659664K [0x00000000d6180000, 0x00000000fff00000, 0x0000000100000000)
  eden space 655360K, 100% used [0x00000000d6180000,0x00000000fe180000,0x00000000fe180000)
  from space 14848K, 28% used [0x00000000fe180000,0x00000000fe5b42d8,0x00000000ff000000)
  to   space 13824K, 0% used [0x00000000ff180000,0x00000000ff180000,0x00000000fff00000)
 ParOldGen       total 99840K, used 48309K [0x0000000082400000, 0x0000000088580000, 0x00000000d6180000)
  object space 99840K, 48% used [0x0000000082400000,0x000000008532d6d8,0x0000000088580000)
 Metaspace       used 34726K, capacity 36432K, committed 36736K, reserved 1081344K
  class space    used 4210K, capacity 4678K, committed 4736K, reserved 1048576K
Event: 158.939 GC heap after
Heap after GC invocations=46 (full 2):
 PSYoungGen      total 670720K, used 4341K [0x00000000d6180000, 0x00000000ffe00000, 0x0000000100000000)
  eden space 657920K, 0% used [0x00000000d6180000,0x00000000d6180000,0x00000000fe400000)
  from space 12800K, 33% used [0x00000000ff180000,0x00000000ff5bd700,0x00000000ffe00000)
  to   space 13312K, 0% used [0x00000000fe400000,0x00000000fe400000,0x00000000ff100000)
 ParOldGen       total 99840K, used 48309K [0x0000000082400000, 0x0000000088580000, 0x00000000d6180000)
  object space 99840K, 48% used [0x0000000082400000,0x000000008532d6d8,0x0000000088580000)
 Metaspace       used 34726K, capacity 36432K, committed 36736K, reserved 1081344K
  class space    used 4210K, capacity 4678K, committed 4736K, reserved 1048576K
}
Event: 159.048 GC heap before
{Heap before GC invocations=47 (full 2):
 PSYoungGen      total 670720K, used 662261K [0x00000000d6180000, 0x00000000ffe00000, 0x0000000100000000)
  eden space 657920K, 100% used [0x00000000d6180000,0x00000000fe400000,0x00000000fe400000)
  from space 12800K, 33% used [0x00000000ff180000,0x00000000ff5bd700,0x00000000ffe00000)
  to   space 13312K, 0% used [0x00000000fe400000,0x00000000fe400000,0x00000000ff100000)
 ParOldGen       total 99840K, used 48309K [0x0000000082400000, 0x0000000088580000, 0x00000000d6180000)
  object space 99840K, 48% used [0x0000000082400000,0x000000008532d6d8,0x0000000088580000)
 Metaspace       used 34726K, capacity 36432K, committed 36736K, reserved 1081344K
  class space    used 4210K, capacity 4678K, committed 4736K, reserved 1048576K
Event: 159.051 GC heap after
Heap after GC invocations=47 (full 2):
 PSYoungGen      total 671232K, used 291K [0x00000000d6180000, 0x00000000fff80000, 0x0000000100000000)
  eden space 657920K, 0% used [0x00000000d6180000,0x00000000d6180000,0x00000000fe400000)
  from space 13312K, 2% used [0x00000000fe400000,0x00000000fe448cd0,0x00000000ff100000)
  to   space 12800K, 0% used [0x00000000ff300000,0x00000000ff300000,0x00000000fff80000)
 ParOldGen       total 99840K, used 52401K [0x0000000082400000, 0x0000000088580000, 0x00000000d6180000)
  object space 99840K, 52% used [0x0000000082400000,0x000000008572c540,0x0000000088580000)
 Metaspace       used 34726K, capacity 36432K, committed 36736K, reserved 1081344K
  class space    used 4210K, capacity 4678K, committed 4736K, reserved 1048576K
}
Event: 159.160 GC heap before
{Heap before GC invocations=48 (full 2):
 PSYoungGen      total 671232K, used 658211K [0x00000000d6180000, 0x00000000fff80000, 0x0000000100000000)
  eden space 657920K, 100% used [0x00000000d6180000,0x00000000fe400000,0x00000000fe400000)
  from space 13312K, 2% used [0x00000000fe400000,0x00000000fe448cd0,0x00000000ff100000)
  to   space 12800K, 0% used [0x00000000ff300000,0x00000000ff300000,0x00000000fff80000)
 ParOldGen       total 99840K, used 52401K [0x0000000082400000, 0x0000000088580000, 0x00000000d6180000)
  object space 99840K, 52% used [0x0000000082400000,0x000000008572c540,0x0000000088580000)
 Metaspace       used 34726K, capacity 36432K, committed 36736K, reserved 1081344K
  class space    used 4210K, capacity 4678K, committed 4736K, reserved 1048576K
Event: 159.162 GC heap after
Heap after GC invocations=48 (full 2):
 PSYoungGen      total 672256K, used 377K [0x00000000d6180000, 0x00000000ffe80000, 0x0000000100000000)
  eden space 660480K, 0% used [0x00000000d6180000,0x00000000d6180000,0x00000000fe680000)
  from space 11776K, 3% used [0x00000000ff300000,0x00000000ff35e658,0x00000000ffe80000)
  to   space 12288K, 0% used [0x00000000fe680000,0x00000000fe680000,0x00000000ff280000)
 ParOldGen       total 99840K, used 52558K [0x0000000082400000, 0x0000000088580000, 0x00000000d6180000)
  object space 99840K, 52% used [0x0000000082400000,0x00000000857539f0,0x0000000088580000)
 Metaspace       used 34726K, capacity 36432K, committed 36736K, reserved 1081344K
  class space    used 4210K, capacity 4678K, committed 4736K, reserved 1048576K
}

Deoptimization events (10 events):
Event: 107.899 Thread 0x000000001c43e000 Uncommon trap: reason=unstable_if action=reinterpret pc=0x0000000003dad5bc method=org.openide.util.RequestProcessor$TickTac.cancel(Lorg/openide/util/RequestProcessor$Item;)V @ 3
Event: 127.344 Thread 0x000000001c1e0800 Uncommon trap: reason=unstable_if action=reinterpret pc=0x0000000002f527d8 method=java.util.PriorityQueue.poll()Ljava/lang/Object; @ 4
Event: 135.175 Thread 0x000000001c4c4800 Uncommon trap: reason=bimorphic action=maybe_recompile pc=0x0000000003c67940 method=sun.java2d.pipe.DrawImage.blitSurfaceData(Lsun/java2d/SunGraphics2D;Lsun/java2d/pipe/Region;Lsun/java2d/SurfaceData;Lsun/java2d/SurfaceData;Lsun/java2d/loops/SurfaceType;LsﬂêÃ;4c@
Event: 153.625 Thread 0x000000001c4c4800 Uncommon trap: reason=unstable_if action=reinterpret pc=0x0000000003ecd910 method=javax.swing.JComponent._paintImmediately(IIII)V @ 343
Event: 153.625 Thread 0x000000001c4c4800 Uncommon trap: reason=unstable_if action=reinterpret pc=0x0000000003a8abf8 method=javax.swing.JComponent.paintChildren(Ljava/awt/Graphics;)V @ 29
Event: 155.432 Thread 0x000000001c1dd000 Uncommon trap: reason=unstable_if action=reinterpret pc=0x0000000002faf454 method=org.clipsmonitor.core.MonitorModel.run()V @ 547
Event: 156.184 Thread 0x000000001c1dd000 Uncommon trap: reason=bimorphic action=maybe_recompile pc=0x0000000003bb7e90 method=java.util.regex.Pattern$Start.match(Ljava/util/regex/Matcher;ILjava/lang/CharSequence;)Z @ 44
Event: 156.184 Thread 0x000000001c1dd000 Uncommon trap: reason=bimorphic action=maybe_recompile pc=0x000000000345656c method=java.util.regex.Pattern$Curly.match0(Ljava/util/regex/Matcher;IILjava/lang/CharSequence;)Z @ 170
Event: 156.281 Thread 0x000000001c4c4800 Uncommon trap: reason=unstable_if action=reinterpret pc=0x0000000003a76ff0 method=javax.swing.SwingUtilities.getValidateRoot(Ljava/awt/Container;Z)Ljava/awt/Container; @ 67
Event: 156.293 Thread 0x000000001c1dd000 Uncommon trap: reason=unstable_if action=reinterpret pc=0x0000000003ca36e0 method=java.awt.EventQueue.coalesceMouseEvent(Ljava/awt/event/MouseEvent;)Z @ 12

Internal exceptions (10 events):
Event: 20.306 Thread 0x000000001c43e000 Implicit null exception at 0x0000000003451ba6 to 0x0000000003451f25
Event: 49.121 Thread 0x000000001c43e000 Exception <a 'java/security/PrivilegedActionException'> (0x00000000d6f09f00) thrown at [C:\re\workspace\8-2-build-windows-amd64-cygwin\jdk8u91\7017\hotspot\src\share\vm\prims\jvm.cpp, line 1386]
Event: 49.121 Thread 0x000000001c43e000 Exception <a 'java/lang/ArrayIndexOutOfBoundsException'> (0x00000000d6f0b740) thrown at [C:\re\workspace\8-2-build-windows-amd64-cygwin\jdk8u91\7017\hotspot\src\share\vm\runtime\sharedRuntime.cpp, line 605]
Event: 49.122 Thread 0x000000001c43e000 Exception <a 'java/lang/ArrayIndexOutOfBoundsException'> (0x00000000d6f0c550) thrown at [C:\re\workspace\8-2-build-windows-amd64-cygwin\jdk8u91\7017\hotspot\src\share\vm\runtime\sharedRuntime.cpp, line 605]
Event: 49.122 Thread 0x000000001c43e000 Exception <a 'java/lang/ArrayIndexOutOfBoundsException'> (0x00000000d6f0e010) thrown at [C:\re\workspace\8-2-build-windows-amd64-cygwin\jdk8u91\7017\hotspot\src\share\vm\runtime\sharedRuntime.cpp, line 605]
Event: 49.123 Thread 0x000000001c43e000 Exception <a 'java/lang/ArrayIndexOutOfBoundsException'> (0x00000000d6f10db0) thrown at [C:\re\workspace\8-2-build-windows-amd64-cygwin\jdk8u91\7017\hotspot\src\share\vm\runtime\sharedRuntime.cpp, line 605]
Event: 49.123 Thread 0x000000001c43e000 Exception <a 'java/lang/ArrayIndexOutOfBoundsException'> (0x00000000d6f12bb8) thrown at [C:\re\workspace\8-2-build-windows-amd64-cygwin\jdk8u91\7017\hotspot\src\share\vm\runtime\sharedRuntime.cpp, line 605]
Event: 49.123 Thread 0x000000001c43e000 Exception <a 'java/lang/ArrayIndexOutOfBoundsException'> (0x00000000d6f153d8) thrown at [C:\re\workspace\8-2-build-windows-amd64-cygwin\jdk8u91\7017\hotspot\src\share\vm\runtime\sharedRuntime.cpp, line 605]
Event: 49.191 Thread 0x000000001c1e3000 Implicit null exception at 0x0000000003cc12d0 to 0x0000000003cc1316
Event: 156.292 Thread 0x000000001c1dd000 Implicit null exception at 0x0000000003ca2bf7 to 0x0000000003ca36c1

Events (10 events):
Event: 158.712 Executing VM operation: RevokeBias done
Event: 158.712 Thread 0x0000000019172800 flushing nmethod 0x0000000003f2f1d0
Event: 158.820 Executing VM operation: ParallelGCFailedAllocation
Event: 158.824 Executing VM operation: ParallelGCFailedAllocation done
Event: 158.936 Executing VM operation: ParallelGCFailedAllocation
Event: 158.939 Executing VM operation: ParallelGCFailedAllocation done
Event: 159.048 Executing VM operation: ParallelGCFailedAllocation
Event: 159.051 Executing VM operation: ParallelGCFailedAllocation done
Event: 159.160 Executing VM operation: ParallelGCFailedAllocation
Event: 159.162 Executing VM operation: ParallelGCFailedAllocation done


Dynamic libraries:
0x0000000000400000 - 0x000000000043a000 	C:\Program Files\NetBeans 8.1\platform\lib\nbexec64.exe
0x00007ffcf5d10000 - 0x00007ffcf5ed1000 	C:\WINDOWS\SYSTEM32\ntdll.dll
0x00007ffcf4e30000 - 0x00007ffcf4edd000 	C:\WINDOWS\system32\KERNEL32.DLL
0x00007ffcf2dc0000 - 0x00007ffcf2fa8000 	C:\WINDOWS\system32\KERNELBASE.dll
0x00007ffcf3260000 - 0x00007ffcf3307000 	C:\WINDOWS\system32\ADVAPI32.dll
0x00007ffcf4ce0000 - 0x00007ffcf4d7d000 	C:\WINDOWS\system32\msvcrt.dll
0x00007ffcf51a0000 - 0x00007ffcf51fb000 	C:\WINDOWS\system32\sechost.dll
0x00007ffcf4bc0000 - 0x00007ffcf4cdc000 	C:\WINDOWS\system32\RPCRT4.dll
0x00007ffcf5040000 - 0x00007ffcf5196000 	C:\WINDOWS\system32\USER32.dll
0x00007ffcf54e0000 - 0x00007ffcf5666000 	C:\WINDOWS\system32\GDI32.dll
0x00007ffcf5cd0000 - 0x00007ffcf5d0b000 	C:\WINDOWS\system32\IMM32.DLL
0x00007ffcf2220000 - 0x00007ffcf2251000 	C:\windows\system32\nvinitx.dll
0x00007ffcf2210000 - 0x00007ffcf221a000 	C:\WINDOWS\SYSTEM32\VERSION.dll
0x00000000500e0000 - 0x0000000050594000 	C:\Program Files\NetBeans 8.1\platform\lib\nbexec64.dll
0x0000000077760000 - 0x0000000077ff3000 	C:\Program Files\Java\jdk1.8.0_91\jre\bin\server\jvm.dll
0x00007ffcf4bb0000 - 0x00007ffcf4bb8000 	C:\WINDOWS\system32\PSAPI.DLL
0x00007ffce3520000 - 0x00007ffce3529000 	C:\WINDOWS\SYSTEM32\WSOCK32.dll
0x0000000050770000 - 0x0000000050842000 	C:\Program Files\Java\jdk1.8.0_91\jre\bin\MSVCR100.dll
0x00007ffcf0b50000 - 0x00007ffcf0b73000 	C:\WINDOWS\SYSTEM32\WINMM.dll
0x00007ffcf4b40000 - 0x00007ffcf4bab000 	C:\WINDOWS\system32\WS2_32.dll
0x0000000000670000 - 0x000000000069c000 	C:\WINDOWS\SYSTEM32\WINMMBASE.dll
0x00007ffcf2fb0000 - 0x00007ffcf2ff3000 	C:\WINDOWS\system32\cfgmgr32.dll
0x0000000050730000 - 0x0000000050769000 	C:\Program Files\Java\jdk1.8.0_91\jre\bin\splashscreen.dll
0x0000000050cb0000 - 0x0000000050cbf000 	C:\Program Files\Java\jdk1.8.0_91\jre\bin\verify.dll
0x0000000050700000 - 0x0000000050729000 	C:\Program Files\Java\jdk1.8.0_91\jre\bin\java.dll
0x00007ffcf0e40000 - 0x00007ffcf0ed6000 	C:\WINDOWS\system32\uxtheme.dll
0x00007ffcf5200000 - 0x00007ffcf547d000 	C:\WINDOWS\system32\combase.dll
0x00007ffcf2480000 - 0x00007ffcf24ea000 	C:\WINDOWS\system32\bcryptPrimitives.dll
0x00007ffcf4ee0000 - 0x00007ffcf503a000 	C:\WINDOWS\system32\MSCTF.dll
0x00000000506e0000 - 0x00000000506f6000 	C:\Program Files\Java\jdk1.8.0_91\jre\bin\zip.dll
0x00007ffcf2350000 - 0x00007ffcf235f000 	C:\WINDOWS\system32\kernel.appcore.dll
0x00007ffcf3380000 - 0x00007ffcf48dc000 	C:\WINDOWS\system32\SHELL32.dll
0x00007ffcf25a0000 - 0x00007ffcf2be4000 	C:\WINDOWS\system32\windows.storage.dll
0x00007ffcf48e0000 - 0x00007ffcf4932000 	C:\WINDOWS\system32\shlwapi.dll
0x00007ffcf23c0000 - 0x00007ffcf2475000 	C:\WINDOWS\system32\shcore.dll
0x00007ffcf2360000 - 0x00007ffcf23ab000 	C:\WINDOWS\system32\powrprof.dll
0x00007ffcf2330000 - 0x00007ffcf2344000 	C:\WINDOWS\system32\profapi.dll
0x00000000506c0000 - 0x00000000506da000 	C:\Program Files\Java\jdk1.8.0_91\jre\bin\net.dll
0x00007ffcf1bb0000 - 0x00007ffcf1c0c000 	C:\WINDOWS\system32\mswsock.dll
0x00000000506a0000 - 0x00000000506b1000 	C:\Program Files\Java\jdk1.8.0_91\jre\bin\nio.dll
0x00007ffcef5b0000 - 0x00007ffcef5e8000 	C:\WINDOWS\SYSTEM32\IPHLPAPI.DLL
0x00007ffcf3370000 - 0x00007ffcf3378000 	C:\WINDOWS\system32\NSI.dll
0x00007ffceae60000 - 0x00007ffceae76000 	C:\WINDOWS\SYSTEM32\dhcpcsvc6.DLL
0x00007ffceaa80000 - 0x00007ffceaa9a000 	C:\WINDOWS\SYSTEM32\dhcpcsvc.DLL
0x00000000775c0000 - 0x0000000077758000 	C:\Program Files\Java\jdk1.8.0_91\jre\bin\awt.dll
0x00007ffcf4a70000 - 0x00007ffcf4b31000 	C:\WINDOWS\system32\OLEAUT32.dll
0x00007ffcf0a70000 - 0x00007ffcf0ae9000 	C:\WINDOWS\system32\apphelp.dll
0x00007ffcf1c60000 - 0x00007ffcf1c77000 	C:\WINDOWS\SYSTEM32\CRYPTSP.dll
0x00007ffcf18f0000 - 0x00007ffcf1924000 	C:\WINDOWS\system32\rsaenh.dll
0x00007ffcf2260000 - 0x00007ffcf2289000 	C:\WINDOWS\SYSTEM32\bcrypt.dll
0x00007ffcf1a40000 - 0x00007ffcf1a5f000 	C:\WINDOWS\SYSTEM32\USERENV.dll
0x00007ffcf1d80000 - 0x00007ffcf1d8b000 	C:\WINDOWS\SYSTEM32\CRYPTBASE.dll
0x00007ffce2e90000 - 0x00007ffce2ea6000 	C:\WINDOWS\system32\napinsp.dll
0x00007ffce35a0000 - 0x00007ffce35ba000 	C:\WINDOWS\system32\pnrpnsp.dll
0x00007ffceb9d0000 - 0x00007ffceb9e8000 	C:\WINDOWS\system32\NLAapi.dll
0x00007ffcf0c40000 - 0x00007ffcf0cea000 	C:\WINDOWS\SYSTEM32\DNSAPI.dll
0x00007ffce35c0000 - 0x00007ffce35cd000 	C:\WINDOWS\System32\winrnr.dll
0x00007ffce7260000 - 0x00007ffce726a000 	C:\Windows\System32\rasadhlp.dll
0x00007ffceb240000 - 0x00007ffceb2a7000 	C:\WINDOWS\System32\fwpuclnt.dll
0x00007ffcefa00000 - 0x00007ffcefa22000 	C:\WINDOWS\system32\DWMAPI.DLL
0x00007ffce1a50000 - 0x00007ffce1cc4000 	C:\WINDOWS\WinSxS\amd64_microsoft.windows.common-controls_6595b64144ccf1df_6.0.10586.0_none_8c15ae12515e1c22\COMCTL32.dll
0x00007ffcf3110000 - 0x00007ffcf3253000 	C:\WINDOWS\system32\ole32.dll
0x0000000050650000 - 0x0000000050697000 	C:\Program Files\Java\jdk1.8.0_91\jre\bin\fontmanager.dll
0x0000000050600000 - 0x0000000050642000 	C:\Program Files\Java\jdk1.8.0_91\jre\bin\t2k.dll
0x0000000180000000 - 0x0000000180038000 	C:\Program Files\NetBeans 8.1\platform\modules\lib\amd64\jnidispatch-410.dll
0x00007ffcef100000 - 0x00007ffcef1c8000 	C:\WINDOWS\SYSTEM32\winhttp.dll
0x00007ffcd1ad0000 - 0x00007ffcd1c3a000 	C:\Windows\System32\CLIPSJNI2.dll
0x00007ffcf4d80000 - 0x00007ffcf4e27000 	C:\WINDOWS\system32\clbcatq.dll
0x00007ffced010000 - 0x00007ffced1c1000 	C:\WINDOWS\SYSTEM32\WindowsCodecs.dll
0x00007ffcde790000 - 0x00007ffcde7da000 	C:\WINDOWS\system32\dataexchange.dll
0x00007ffcee4e0000 - 0x00007ffcee788000 	C:\WINDOWS\system32\d3d11.dll
0x00007ffcf0610000 - 0x00007ffcf06f3000 	C:\WINDOWS\system32\dcomp.dll
0x00007ffcef040000 - 0x00007ffcef0e2000 	C:\WINDOWS\system32\dxgi.dll
0x00007ffcf0d40000 - 0x00007ffcf0e40000 	C:\WINDOWS\system32\twinapi.appcore.dll
0x00007ffce86c0000 - 0x00007ffce876a000 	C:\WINDOWS\WinSxS\amd64_microsoft.windows.common-controls_6595b64144ccf1df_5.82.10586.0_none_396e892957c7fb25\comctl32.dll
0x00007ffcefbe0000 - 0x00007ffcefd66000 	C:\WINDOWS\system32\propsys.dll
0x00007ffcd90f0000 - 0x00007ffcd9217000 	C:\WINDOWS\system32\NetworkExplorer.dll
0x00007ffcefef0000 - 0x00007ffcf0383000 	C:\Windows\System32\ActXPrxy.dll
0x00007ffcdbb70000 - 0x00007ffcdbbbd000 	C:\Windows\System32\thumbcache.dll
0x00007ffce36c0000 - 0x00007ffce36db000 	C:\WINDOWS\SYSTEM32\MPR.dll
0x00007ffce3ba0000 - 0x00007ffce3bab000 	C:\WINDOWS\System32\drprov.dll
0x00007ffcf2110000 - 0x00007ffcf2166000 	C:\WINDOWS\System32\WINSTA.dll
0x00007ffccc790000 - 0x00007ffccc7a6000 	C:\WINDOWS\System32\ntlanman.dll
0x00007ffccc570000 - 0x00007ffccc590000 	C:\WINDOWS\System32\davclnt.dll
0x00007ffce8c80000 - 0x00007ffce8c8c000 	C:\WINDOWS\System32\DAVHLPR.dll
0x00007ffceb120000 - 0x00007ffceb136000 	C:\WINDOWS\System32\wkscli.dll
0x00007ffce49f0000 - 0x00007ffce4a02000 	C:\WINDOWS\SYSTEM32\cscapi.dll
0x00007ffcf16f0000 - 0x00007ffcf16fc000 	C:\WINDOWS\System32\netutils.dll
0x00007ffcea6e0000 - 0x00007ffcea75f000 	C:\Windows\System32\dlnashext.dll
0x00007ffcd8ca0000 - 0x00007ffcd8d14000 	C:\Windows\System32\PlayToDevice.dll
0x00007ffce9250000 - 0x00007ffce926f000 	C:\Windows\System32\DevDispItemProvider.dll
0x00007ffceb630000 - 0x00007ffceb6a0000 	C:\WINDOWS\System32\MMDevApi.dll
0x00007ffcf0d10000 - 0x00007ffcf0d37000 	C:\WINDOWS\System32\DEVOBJ.dll
0x00007ffccd610000 - 0x00007ffccd813000 	C:\WINDOWS\system32\wpdshext.dll
0x00007ffce8400000 - 0x00007ffce85a8000 	C:\WINDOWS\WinSxS\amd64_microsoft.windows.gdiplus_6595b64144ccf1df_1.1.10586.20_none_db007f1392e69ef4\gdiplus.dll
0x00007ffcefae0000 - 0x00007ffcefb81000 	C:\Windows\System32\PortableDeviceApi.dll
0x00007ffcf5680000 - 0x00007ffcf5aa9000 	C:\WINDOWS\system32\SETUPAPI.dll
0x00007ffcf3000000 - 0x00007ffcf3055000 	C:\WINDOWS\system32\WINTRUST.dll
0x00007ffcf23b0000 - 0x00007ffcf23c0000 	C:\WINDOWS\system32\MSASN1.dll
0x00007ffcf2bf0000 - 0x00007ffcf2db8000 	C:\WINDOWS\system32\CRYPT32.dll
0x00007ffce8b30000 - 0x00007ffce8b67000 	C:\Windows\System32\EhStorShell.dll
0x00007ffce76e0000 - 0x00007ffce7706000 	C:\Windows\System32\EhStorAPI.dll
0x00007ffcf04f0000 - 0x00007ffcf0503000 	C:\Windows\System32\WTSAPI32.dll
0x00007ffce3b20000 - 0x00007ffce3b2d000 	C:\WINDOWS\SYSTEM32\LINKINFO.dll
0x00007ffcf1f60000 - 0x00007ffcf1f8d000 	C:\WINDOWS\SYSTEM32\SspiCli.dll
0x00000000505f0000 - 0x00000000505fd000 	C:\Program Files\Java\jdk1.8.0_91\jre\bin\management.dll
0x00007ffcec0c0000 - 0x00007ffcec24c000 	C:\WINDOWS\SYSTEM32\dbghelp.dll

VM Arguments:
jvm_args: -Dnetbeans.logger.console=true -ea -Djdk.home=C:\Program Files\Java\jdk1.8.0_91 -splash:C:\Users\Miki\Documents\NetBeansProjects\ClipsMonitor-master\build\testuserdir\var\cache\splash.png -Dnetbeans.home=C:\Program Files\NetBeans 8.1\platform -Dnetbeans.user=C:\Users\Miki\Documents\NetBeansProjects\ClipsMonitor-master\build\testuserdir -Dnetbeans.default_userdir_root= -XX:+HeapDumpOnOutOfMemoryError -XX:HeapDumpPath=C:\Users\Miki\Documents\NetBeansProjects\ClipsMonitor-master\build\testuserdir\var\log\heapdump.hprof -Dsun.awt.keepWorkingSetOnMinimize=true -Dnetbeans.dirs=C:\Users\Miki\Documents\NetBeansProjects\ClipsMonitor-master\build\cluster;C:\Program Files\NetBeans 8.1\platform exit 
java_command: <unknown>
java_class_path (initial): C:\Program Files\NetBeans 8.1\platform\lib\boot.jar;C:\Program Files\NetBeans 8.1\platform\lib\org-openide-modules.jar;C:\Program Files\NetBeans 8.1\platform\lib\org-openide-util-lookup.jar;C:\Program Files\NetBeans 8.1\platform\lib\org-openide-util-ui.jar;C:\Program Files\NetBeans 8.1\platform\lib\org-openide-util.jar;C:\Program Files\NetBeans 8.1\platform\lib\locale\boot_ja.jar;C:\Program Files\NetBeans 8.1\platform\lib\locale\boot_pt_BR.jar;C:\Program Files\NetBeans 8.1\platform\lib\locale\boot_ru.jar;C:\Program Files\NetBeans 8.1\platform\lib\locale\boot_zh_CN.jar;C:\Program Files\NetBeans 8.1\platform\lib\locale\org-openide-modules_ja.jar;C:\Program Files\NetBeans 8.1\platform\lib\locale\org-openide-modules_pt_BR.jar;C:\Program Files\NetBeans 8.1\platform\lib\locale\org-openide-modules_ru.jar;C:\Program Files\NetBeans 8.1\platform\lib\locale\org-openide-modules_zh_CN.jar;C:\Program Files\NetBeans 8.1\platform\lib\locale\org-openide-util-lookup_ja.jar;C:\Program Files\NetBeans 8.1\platform\lib\locale\org-openide-util-lookup_pt_BR.jar;C:\Program Files\NetBeans 8.1\platform\lib\locale\org-openide-util-lookup_ru.jar;C:\Program Files\NetBeans 8.1\platform\lib\locale\org-openide-util-lookup_zh_CN.jar;C:\Program Files\NetBeans 8.1\platform\lib\locale\org-openide-util-ui_ja.jar;C:\Program Files\NetBeans 8.1\platform\lib\locale\org-openide-util-ui_pt_BR.jar;C:\Program Files\NetBeans 8.1\platform\lib\locale\org-openide-util-ui_ru.jar;C:\Program Files\NetBeans 8.1\platform\lib\locale\org-openide-util-ui_zh_CN.jar;C:\Program Files\NetBeans 8.1\platform\lib\locale\org-openide-util_ja.jar;C:\Program Files\NetBeans 8.1\platform\lib\locale\org-openide-util_pt_BR.jar;C:\Program Files\NetBeans 8.1\platform\lib\locale\org-openide-util_ru.jar;C:\Program Files\NetBeans 8.1\platform\lib\locale\org-openide-util_zh_CN.jar;C:\Program Files\Java\jdk1.8.0_91\lib\dt.jar;C:\Program Files\Java\jdk1.8.0_91\lib\tools.jar
Launcher Type: generic

Environment Variables:
CLASSPATH=C:\Users\Miki\Documents\junit-4.10.jar;
PATH=C:\Program Files (x86)\Intel\iCLS Client\;C:\Program Files\Intel\iCLS Client\;C:\ProgramData\Oracle\Java\javapath;C:\Program Files\Java\jdk1.8.0_91\bin;C:\Program Files (x86)\NVIDIA Corporation\PhysX\Common;C:\WINDOWS\system32;C:\WINDOWS;C:\WINDOWS\System32\Wbem;C:\WINDOWS\System32\WindowsPowerShell\v1.0\;C:\Program Files\Intel\WiFi\bin\;C:\Program Files\Common Files\Intel\WirelessCommon\;C:\Program Files\MATLAB\MATLAB Production Server\R2015a\bin;C:\Program Files (x86)\GtkSharp\2.12\bin;C:\Program Files (x86)\Skype\Phone\;C:\Program Files (x86)\Intel\Intel(R) Management Engine Components\DAL;C:\Program Files\Intel\Intel(R) Management Engine Components\DAL;C:\Program Files (x86)\Intel\Intel(R) Management Engine Components\IPT;C:\Program Files\Intel\Intel(R) Management Engine Components\IPT;C:\Program Files\Intel\WiFi\bin\;C:\Program Files\Common Files\Intel\WirelessCommon\;C:\Users\Miki\AppData\Local\atom\bin
USERNAME=Miki
OS=Windows_NT
PROCESSOR_IDENTIFIER=Intel64 Family 6 Model 58 Stepping 9, GenuineIntel



---------------  S Y S T E M  ---------------

OS: Windows 10.0 , 64 bit Build 10586 (10.0.10586.0)

CPU:total 8 (4 cores per cpu, 2 threads per core) family 6 model 58 stepping 9, cmov, cx8, fxsr, mmx, sse, sse2, sse3, ssse3, sse4.1, sse4.2, popcnt, avx, aes, clmul, erms, ht, tsc, tscinvbit, tscinv

Memory: 4k page, physical 8240660k(2701084k free), swap 10518340k(2822092k free)

vm_info: Java HotSpot(TM) 64-Bit Server VM (25.91-b15) for windows-amd64 JRE (1.8.0_91-b15), built on May 20 2016 17:43:15 by "java_re" with MS VC++ 10.0 (VS2010)

time: Mon Jun 20 14:52:30 2016
elapsed time: 159 seconds (0d 0h 2m 39s)

