#
# A fatal error has been detected by the Java Runtime Environment:
#
#  EXCEPTION_ACCESS_VIOLATION (0xc0000005) at pc=0x00007ffcd4e55614, pid=10096, tid=9812
#
# JRE version: Java(TM) SE Runtime Environment (8.0_91-b15) (build 1.8.0_91-b15)
# Java VM: Java HotSpot(TM) 64-Bit Server VM (25.91-b15 mixed mode windows-amd64 compressed oops)
# Problematic frame:
# C  [CLIPSJNI2.dll+0x45614]
#
# Failed to write core dump. Minidumps are not enabled by default on client versions of Windows
#
# If you would like to submit a bug report, please visit:
#   http://bugreport.java.com/bugreport/crash.jsp
# The crash happened outside the Java Virtual Machine in native code.
# See problematic frame for where to report the bug.
#

---------------  T H R E A D  ---------------

Current thread (0x000000001ee51800):  JavaThread "Thread-3" [_thread_in_native, id=9812, stack(0x0000000025ec0000,0x00000000260c0000)]

siginfo: ExceptionCode=0xc0000005, reading address 0xffffffffffffffff

Registers:
RAX=0x5835000000000000, RBX=0x0000000021e9cea0, RCX=0x0000000000838ee0, RDX=0x0000000000000100
RSP=0x00000000260bf170, RBP=0x00000000260bf5a0, RSI=0x000000000000000c, RDI=0x0000000000000003
R8 =0x0000000000849c00, R9 =0x0000000019999999, R10=0x00007ffcd4f47b00, R11=0x00000000260bf220
R12=0x0000000000000000, R13=0x00000000260bf5e0, R14=0x0000000000000000, R15=0x000000001ee51800
RIP=0x00007ffcd4e55614, EFLAGS=0x0000000000010206

Top of Stack: (sp=0x00000000260bf170)
0x00000000260bf170:   0000000000823250 00007ffcd4f0a705
0x00000000260bf180:   0000000000823250 0000000023b56700
0x00000000260bf190:   0000000023b50002 0000000023b50002
0x00000000260bf1a0:   000000000000000a 00007ffcd4e3dd9d
0x00000000260bf1b0:   0000000000823250 0000000000000002
0x00000000260bf1c0:   000000000083f2b0 0000000023b56700
0x00000000260bf1d0:   0000000000000050 0000000023acf320
0x00000000260bf1e0:   0000000023acf320 0000000023b57510
0x00000000260bf1f0:   0000000000823250 00007ffcd4e3eb97
0x00000000260bf200:   0000000000823250 00007ffcd4f60002
0x00000000260bf210:   00000000008b5380 00000000260bf200
0x00000000260bf220:   0000000023acc3e0 0000000000000000
0x00000000260bf230:   0000000000000000 00007ffcd4e556c5
0x00000000260bf240:   0000000000823250 0000000000000077
0x00000000260bf250:   0000000021e9cea0 00007ffcd4e56ad7
0x00000000260bf260:   00000000260bf5a0 0000000023acc3e0 

Instructions: (pc=0x00007ffcd4e55614)
0x00007ffcd4e555f4:   00 00 48 6b c9 3b 48 8b 54 24 40 48 8b 52 28 48
0x00007ffcd4e55604:   8b 0c 0a ba 08 00 00 00 48 6b d2 20 48 8b 49 20
0x00007ffcd4e55614:   48 8b 00 48 89 04 0a b8 08 00 00 00 48 6b c0 3b
0x00007ffcd4e55624:   48 8b 4c 24 40 48 8b 49 28 48 8b 04 01 48 8b 40 


Register to memory mapping:

RAX=0x5835000000000000 is an unknown value
RBX={method} {0x0000000021e9cea8} 'eval' '(Ljava/lang/String;)Lnet/sf/clipsrules/jni/PrimitiveValue;' in 'net/sf/clipsrules/jni/Environment'
RCX=0x0000000000838ee0 is an unknown value
RDX=0x0000000000000100 is an unknown value
RSP=0x00000000260bf170 is pointing into the stack for thread: 0x000000001ee51800
RBP=0x00000000260bf5a0 is pointing into the stack for thread: 0x000000001ee51800
RSI=0x000000000000000c is an unknown value
RDI=0x0000000000000003 is an unknown value
R8 =0x0000000000849c00 is an unknown value
R9 =0x0000000019999999 is an unknown value
R10=0x00007ffcd4f47b00 is an unknown value
R11=0x00000000260bf220 is pointing into the stack for thread: 0x000000001ee51800
R12=0x0000000000000000 is an unknown value
R13=0x00000000260bf5e0 is pointing into the stack for thread: 0x000000001ee51800
R14=0x0000000000000000 is an unknown value
R15=0x000000001ee51800 is a thread


Stack: [0x0000000025ec0000,0x00000000260c0000],  sp=0x00000000260bf170,  free space=2044k
Native frames: (J=compiled Java code, j=interpreted, Vv=VM code, C=native code)
C  [CLIPSJNI2.dll+0x45614]
C  [CLIPSJNI2.dll+0x2dd9d]
C  [CLIPSJNI2.dll+0x2eb97]
C  [CLIPSJNI2.dll+0x456c5]
C  [CLIPSJNI2.dll+0x4760d]
C  [CLIPSJNI2.dll+0x46354]
C  [CLIPSJNI2.dll+0x45dfd]
C  [CLIPSJNI2.dll+0x46cd9]
C  [CLIPSJNI2.dll+0xf4586]
C  [CLIPSJNI2.dll+0xad4a7]
C  0x000000000365c415

Java frames: (J=compiled Java code, j=interpreted, Vv=VM code)
J 4404  net.sf.clipsrules.jni.Environment.eval(JLjava/lang/String;)Lnet/sf/clipsrules/jni/PrimitiveValue; (0 bytes) @ 0x000000000365c38f [0x000000000365c340+0x4f]
J 4896 C2 net.sf.clipsrules.jni.Environment.eval(Ljava/lang/String;)Lnet/sf/clipsrules/jni/PrimitiveValue; (10 bytes) @ 0x0000000003afd8d8 [0x0000000003afd8a0+0x38]
j  org.clipsmonitor.clips.ClipsCore.getFocusStack()[Ljava/lang/String;+126
j  org.clipsmonitor.core.MonitorModel.getFocusStack()[Ljava/lang/String;+4
j  org.clipsmonitor.gui.FocusTopComponent.updateFocusStack()V+4
j  org.clipsmonitor.gui.FocusTopComponent.update(Ljava/util/Observable;Ljava/lang/Object;)V+25
j  java.util.Observable.notifyObservers(Ljava/lang/Object;)V+55
j  org.clipsmonitor.core.MonitorModel.run()V+613
j  java.lang.Thread.run()V+11
v  ~StubRoutines::call_stub

---------------  P R O C E S S  ---------------

Java Threads: ( => current thread )
=>0x000000001ee51800 JavaThread "Thread-3" [_thread_in_native, id=9812, stack(0x0000000025ec0000,0x00000000260c0000)]
  0x000000001ee50800 JavaThread "Inactive RequestProcessor thread [Was:Folder Instance Processor/org.openide.loaders.FolderInstance$1R]" daemon [_thread_blocked, id=11928, stack(0x0000000025cc0000,0x0000000025ec0000)]
  0x000000001ee50000 JavaThread "Swing-Shell" daemon [_thread_blocked, id=13532, stack(0x00000000234b0000,0x00000000236b0000)]
  0x000000001ee52000 JavaThread "Flushing caches" [_thread_blocked, id=5748, stack(0x00000000220a0000,0x00000000222a0000)]
  0x000000001ee4b800 JavaThread "TimerQueue" daemon [_thread_blocked, id=6080, stack(0x0000000021ea0000,0x00000000220a0000)]
  0x000000001ee4d800 JavaThread "Thread-2" daemon [_thread_blocked, id=13280, stack(0x0000000021aa0000,0x0000000021ca0000)]
  0x000000001ee4e800 JavaThread "File Watcher" daemon [_thread_blocked, id=1720, stack(0x00000000205b0000,0x00000000207b0000)]
  0x000000001ee4d000 JavaThread "Inactive RequestProcessor thread [Was:System clipboard synchronizer/org.netbeans.NbClipboard$GetContents]" daemon [_thread_blocked, id=7204, stack(0x000000001db80000,0x000000001dd80000)]
  0x000000001c54e800 JavaThread "AWT-EventQueue-0" [_thread_in_native, id=10536, stack(0x000000001d980000,0x000000001db80000)]
  0x000000001c54d800 JavaThread "AWT-Windows" daemon [_thread_in_native, id=2072, stack(0x000000001d780000,0x000000001d980000)]
  0x000000001c54c000 JavaThread "AWT-Shutdown" [_thread_blocked, id=9368, stack(0x000000001d580000,0x000000001d780000)]
  0x000000001c544800 JavaThread "Java2D Disposer" daemon [_thread_blocked, id=13524, stack(0x000000001d380000,0x000000001d580000)]
  0x000000001c4dc800 JavaThread "RequestProcessor queue manager" daemon [_thread_blocked, id=2632, stack(0x000000001cf80000,0x000000001d180000)]
  0x000000001c363800 JavaThread "Inactive RequestProcessor thread [Was:Folder recognizer/org.openide.loaders.FolderList$ListTask]" daemon [_thread_blocked, id=3564, stack(0x000000001cb80000,0x000000001cd80000)]
  0x000000001c311800 JavaThread "CLI Requests Server" daemon [_thread_in_native, id=7880, stack(0x000000001c880000,0x000000001ca80000)]
  0x000000001c053800 JavaThread "Active Reference Queue Daemon" daemon [_thread_blocked, id=8712, stack(0x000000001c680000,0x000000001c880000)]
  0x00000000192ec800 JavaThread "Service Thread" daemon [_thread_blocked, id=260, stack(0x000000001ba80000,0x000000001bc80000)]
  0x00000000192cb000 JavaThread "C1 CompilerThread3" daemon [_thread_blocked, id=13928, stack(0x000000001b780000,0x000000001b980000)]
  0x00000000192c8000 JavaThread "C2 CompilerThread2" daemon [_thread_in_native, id=13728, stack(0x000000001b580000,0x000000001b780000)]
  0x00000000192c4000 JavaThread "C2 CompilerThread1" daemon [_thread_blocked, id=13612, stack(0x000000001b380000,0x000000001b580000)]
  0x00000000192c1000 JavaThread "C2 CompilerThread0" daemon [_thread_blocked, id=13008, stack(0x000000001b180000,0x000000001b380000)]
  0x00000000192be800 JavaThread "Attach Listener" daemon [_thread_blocked, id=12708, stack(0x000000001af80000,0x000000001b180000)]
  0x00000000192bd000 JavaThread "Signal Dispatcher" daemon [_thread_blocked, id=12028, stack(0x000000001ad80000,0x000000001af80000)]
  0x00000000192a9800 JavaThread "Finalizer" daemon [_thread_blocked, id=10976, stack(0x000000001aa80000,0x000000001ac80000)]
  0x0000000019287800 JavaThread "Reference Handler" daemon [_thread_blocked, id=8252, stack(0x000000001a880000,0x000000001aa80000)]
  0x000000000266b000 JavaThread "main" [_thread_blocked, id=9056, stack(0x0000000000440000,0x0000000000640000)]

Other Threads:
  0x0000000019282800 VMThread [stack: 0x000000001a680000,0x000000001a880000] [id=6920]
  0x00000000192f0000 WatcherThread [stack: 0x000000001bc80000,0x000000001be80000] [id=8340]

VM state:not at safepoint (normal execution)

VM Mutex/Monitor currently owned by a thread: None

Heap:
 PSYoungGen      total 670208K, used 183999K [0x00000000d6180000, 0x00000000fff00000, 0x0000000100000000)
  eden space 667136K, 27% used [0x00000000d6180000,0x00000000e127d918,0x00000000fed00000)
  from space 3072K, 89% used [0x00000000fed00000,0x00000000fefb25b0,0x00000000ff000000)
  to   space 9216K, 0% used [0x00000000ff600000,0x00000000ff600000,0x00000000fff00000)
 ParOldGen       total 66048K, used 37096K [0x0000000082400000, 0x0000000086480000, 0x00000000d6180000)
  object space 66048K, 56% used [0x0000000082400000,0x000000008483a070,0x0000000086480000)
 Metaspace       used 32755K, capacity 34330K, committed 34560K, reserved 1079296K
  class space    used 4095K, capacity 4569K, committed 4608K, reserved 1048576K

Card table byte_map: [0x0000000012130000,0x0000000012520000] byte_map_base: 0x0000000011d1e000

Marking Bits: (ParMarkBitMap*) 0x0000000077f72f70
 Begin Bits: [0x00000000137c0000, 0x0000000015730000)
 End Bits:   [0x0000000015730000, 0x00000000176a0000)

Polling page: 0x00000000001e0000

CodeCache: size=245760Kb used=15388Kb max_used=15416Kb free=230371Kb
 bounds [0x0000000002d70000, 0x0000000003ca0000, 0x0000000011d70000]
 total_blobs=5028 nmethods=4422 adapters=515
 compilation: enabled

Compilation events (10 events):
Event: 13.311 Thread 0x00000000192c4000 5204       4       javax.swing.text.BoxView::baselineRequirements (471 bytes)
Event: 13.318 Thread 0x00000000192c4000 nmethod 5204 0x0000000002f0a210 code [0x0000000002f0a3e0, 0x0000000002f0ab18]
Event: 13.318 Thread 0x00000000192c4000 5206       4       javax.swing.text.ParagraphView$Row::layoutMinorAxis (10 bytes)
Event: 13.318 Thread 0x00000000192c4000 nmethod 5206 0x000000000315ce90 code [0x000000000315cfe0, 0x000000000315d068]
Event: 13.318 Thread 0x00000000192c4000 5202       4       javax.swing.text.FlowView$FlowStrategy::createView (55 bytes)
Event: 13.325 Thread 0x00000000192c4000 nmethod 5202 0x000000000398bdd0 code [0x000000000398bf80, 0x000000000398c3f8]
Event: 13.325 Thread 0x00000000192c4000 5209       4       javax.swing.text.SegmentCache::releaseSharedSegment (8 bytes)
Event: 13.331 Thread 0x00000000192c4000 nmethod 5209 0x0000000002f095d0 code [0x0000000002f09740, 0x0000000002f09d98]
Event: 13.331 Thread 0x00000000192c4000 5192       4       java.awt.Dimension::<init> (15 bytes)
Event: 13.332 Thread 0x00000000192c4000 nmethod 5192 0x000000000325a7d0 code [0x000000000325a900, 0x000000000325a958]

GC Heap History (10 events):
Event: 9.870 GC heap before
{Heap before GC invocations=28 (full 1):
 PSYoungGen      total 675328K, used 664917K [0x00000000d6180000, 0x00000000fff00000, 0x0000000100000000)
  eden space 664576K, 100% used [0x00000000d6180000,0x00000000fea80000,0x00000000fea80000)
  from space 10752K, 3% used [0x00000000ff480000,0x00000000ff4d5500,0x00000000fff00000)
  to   space 10240K, 0% used [0x00000000fea80000,0x00000000fea80000,0x00000000ff480000)
 ParOldGen       total 66048K, used 35017K [0x0000000082400000, 0x0000000086480000, 0x00000000d6180000)
  object space 66048K, 53% used [0x0000000082400000,0x0000000084632688,0x0000000086480000)
 Metaspace       used 32252K, capacity 33818K, committed 34048K, reserved 1079296K
  class space    used 4031K, capacity 4505K, committed 4608K, reserved 1048576K
Event: 9.872 GC heap after
Heap after GC invocations=28 (full 1):
 PSYoungGen      total 674816K, used 2308K [0x00000000d6180000, 0x00000000ffd80000, 0x0000000100000000)
  eden space 664576K, 0% used [0x00000000d6180000,0x00000000d6180000,0x00000000fea80000)
  from space 10240K, 22% used [0x00000000fea80000,0x00000000fecc1328,0x00000000ff480000)
  to   space 9216K, 0% used [0x00000000ff480000,0x00000000ff480000,0x00000000ffd80000)
 ParOldGen       total 66048K, used 35041K [0x0000000082400000, 0x0000000086480000, 0x00000000d6180000)
  object space 66048K, 53% used [0x0000000082400000,0x0000000084638688,0x0000000086480000)
 Metaspace       used 32252K, capacity 33818K, committed 34048K, reserved 1079296K
  class space    used 4031K, capacity 4505K, committed 4608K, reserved 1048576K
}
Event: 12.879 GC heap before
{Heap before GC invocations=29 (full 1):
 PSYoungGen      total 674816K, used 666884K [0x00000000d6180000, 0x00000000ffd80000, 0x0000000100000000)
  eden space 664576K, 100% used [0x00000000d6180000,0x00000000fea80000,0x00000000fea80000)
  from space 10240K, 22% used [0x00000000fea80000,0x00000000fecc1328,0x00000000ff480000)
  to   space 9216K, 0% used [0x00000000ff480000,0x00000000ff480000,0x00000000ffd80000)
 ParOldGen       total 66048K, used 35041K [0x0000000082400000, 0x0000000086480000, 0x00000000d6180000)
  object space 66048K, 53% used [0x0000000082400000,0x0000000084638688,0x0000000086480000)
 Metaspace       used 32700K, capacity 34266K, committed 34560K, reserved 1079296K
  class space    used 4095K, capacity 4569K, committed 4608K, reserved 1048576K
Event: 12.883 GC heap after
Heap after GC invocations=29 (full 1):
 PSYoungGen      total 674304K, used 4618K [0x00000000d6180000, 0x0000000100000000, 0x0000000100000000)
  eden space 665088K, 0% used [0x00000000d6180000,0x00000000d6180000,0x00000000feb00000)
  from space 9216K, 50% used [0x00000000ff480000,0x00000000ff902850,0x00000000ffd80000)
  to   space 9728K, 0% used [0x00000000feb00000,0x00000000feb00000,0x00000000ff480000)
 ParOldGen       total 66048K, used 35049K [0x0000000082400000, 0x0000000086480000, 0x00000000d6180000)
  object space 66048K, 53% used [0x0000000082400000,0x000000008463a688,0x0000000086480000)
 Metaspace       used 32700K, capacity 34266K, committed 34560K, reserved 1079296K
  class space    used 4095K, capacity 4569K, committed 4608K, reserved 1048576K
}
Event: 12.993 GC heap before
{Heap before GC invocations=30 (full 1):
 PSYoungGen      total 674304K, used 669706K [0x00000000d6180000, 0x0000000100000000, 0x0000000100000000)
  eden space 665088K, 100% used [0x00000000d6180000,0x00000000feb00000,0x00000000feb00000)
  from space 9216K, 50% used [0x00000000ff480000,0x00000000ff902850,0x00000000ffd80000)
  to   space 9728K, 0% used [0x00000000feb00000,0x00000000feb00000,0x00000000ff480000)
 ParOldGen       total 66048K, used 35049K [0x0000000082400000, 0x0000000086480000, 0x00000000d6180000)
  object space 66048K, 53% used [0x0000000082400000,0x000000008463a688,0x0000000086480000)
 Metaspace       used 32701K, capacity 34266K, committed 34560K, reserved 1079296K
  class space    used 4095K, capacity 4569K, committed 4608K, reserved 1048576K
Event: 12.996 GC heap after
Heap after GC invocations=30 (full 1):
 PSYoungGen      total 674816K, used 4716K [0x00000000d6180000, 0x0000000100000000, 0x0000000100000000)
  eden space 665088K, 0% used [0x00000000d6180000,0x00000000d6180000,0x00000000feb00000)
  from space 9728K, 48% used [0x00000000feb00000,0x00000000fef9b108,0x00000000ff480000)
  to   space 9728K, 0% used [0x00000000ff680000,0x00000000ff680000,0x0000000100000000)
 ParOldGen       total 66048K, used 35049K [0x0000000082400000, 0x0000000086480000, 0x00000000d6180000)
  object space 66048K, 53% used [0x0000000082400000,0x000000008463a688,0x0000000086480000)
 Metaspace       used 32701K, capacity 34266K, committed 34560K, reserved 1079296K
  class space    used 4095K, capacity 4569K, committed 4608K, reserved 1048576K
}
Event: 13.103 GC heap before
{Heap before GC invocations=31 (full 1):
 PSYoungGen      total 674816K, used 669804K [0x00000000d6180000, 0x0000000100000000, 0x0000000100000000)
  eden space 665088K, 100% used [0x00000000d6180000,0x00000000feb00000,0x00000000feb00000)
  from space 9728K, 48% used [0x00000000feb00000,0x00000000fef9b108,0x00000000ff480000)
  to   space 9728K, 0% used [0x00000000ff680000,0x00000000ff680000,0x0000000100000000)
 ParOldGen       total 66048K, used 35049K [0x0000000082400000, 0x0000000086480000, 0x00000000d6180000)
  object space 66048K, 53% used [0x0000000082400000,0x000000008463a688,0x0000000086480000)
 Metaspace       used 32732K, capacity 34330K, committed 34560K, reserved 1079296K
  class space    used 4095K, capacity 4569K, committed 4608K, reserved 1048576K
Event: 13.106 GC heap after
Heap after GC invocations=31 (full 1):
 PSYoungGen      total 676864K, used 4694K [0x00000000d6180000, 0x0000000100000000, 0x0000000100000000)
  eden space 667136K, 0% used [0x00000000d6180000,0x00000000d6180000,0x00000000fed00000)
  from space 9728K, 48% used [0x00000000ff680000,0x00000000ffb15ab8,0x0000000100000000)
  to   space 9728K, 0% used [0x00000000fed00000,0x00000000fed00000,0x00000000ff680000)
 ParOldGen       total 66048K, used 35057K [0x0000000082400000, 0x0000000086480000, 0x00000000d6180000)
  object space 66048K, 53% used [0x0000000082400000,0x000000008463c688,0x0000000086480000)
 Metaspace       used 32732K, capacity 34330K, committed 34560K, reserved 1079296K
  class space    used 4095K, capacity 4569K, committed 4608K, reserved 1048576K
}
Event: 13.212 GC heap before
{Heap before GC invocations=32 (full 1):
 PSYoungGen      total 676864K, used 671830K [0x00000000d6180000, 0x0000000100000000, 0x0000000100000000)
  eden space 667136K, 100% used [0x00000000d6180000,0x00000000fed00000,0x00000000fed00000)
  from space 9728K, 48% used [0x00000000ff680000,0x00000000ffb15ab8,0x0000000100000000)
  to   space 9728K, 0% used [0x00000000fed00000,0x00000000fed00000,0x00000000ff680000)
 ParOldGen       total 66048K, used 35057K [0x0000000082400000, 0x0000000086480000, 0x00000000d6180000)
  object space 66048K, 53% used [0x0000000082400000,0x000000008463c688,0x0000000086480000)
 Metaspace       used 32737K, capacity 34330K, committed 34560K, reserved 1079296K
  class space    used 4095K, capacity 4569K, committed 4608K, reserved 1048576K
Event: 13.215 GC heap after
Heap after GC invocations=32 (full 1):
 PSYoungGen      total 670208K, used 2761K [0x00000000d6180000, 0x00000000fff00000, 0x0000000100000000)
  eden space 667136K, 0% used [0x00000000d6180000,0x00000000d6180000,0x00000000fed00000)
  from space 3072K, 89% used [0x00000000fed00000,0x00000000fefb25b0,0x00000000ff000000)
  to   space 9216K, 0% used [0x00000000ff600000,0x00000000ff600000,0x00000000fff00000)
 ParOldGen       total 66048K, used 37096K [0x0000000082400000, 0x0000000086480000, 0x00000000d6180000)
  object space 66048K, 56% used [0x0000000082400000,0x000000008483a070,0x0000000086480000)
 Metaspace       used 32737K, capacity 34330K, committed 34560K, reserved 1079296K
  class space    used 4095K, capacity 4569K, committed 4608K, reserved 1048576K
}

Deoptimization events (10 events):
Event: 10.013 Thread 0x000000001ee51800 Uncommon trap: reason=class_check action=maybe_recompile pc=0x0000000003244490 method=java.util.AbstractList$Itr.hasNext()Z @ 8
Event: 10.013 Thread 0x000000001ee51800 Uncommon trap: reason=class_check action=maybe_recompile pc=0x00000000032dc0c4 method=java.util.AbstractList$Itr.next()Ljava/lang/Object; @ 14
Event: 10.013 Thread 0x000000001ee51800 Uncommon trap: reason=class_check action=maybe_recompile pc=0x0000000003244490 method=java.util.AbstractList$Itr.hasNext()Z @ 8
Event: 10.013 Thread 0x000000001ee51800 Uncommon trap: reason=class_check action=maybe_recompile pc=0x0000000003244490 method=java.util.AbstractList$Itr.hasNext()Z @ 8
Event: 10.013 Thread 0x000000001ee51800 Uncommon trap: reason=class_check action=maybe_recompile pc=0x00000000032dc0c4 method=java.util.AbstractList$Itr.next()Ljava/lang/Object; @ 14
Event: 10.013 Thread 0x000000001ee51800 Uncommon trap: reason=class_check action=maybe_recompile pc=0x0000000003244490 method=java.util.AbstractList$Itr.hasNext()Z @ 8
Event: 10.013 Thread 0x000000001ee51800 Uncommon trap: reason=class_check action=maybe_recompile pc=0x00000000032dc0c4 method=java.util.AbstractList$Itr.next()Ljava/lang/Object; @ 14
Event: 10.025 Thread 0x000000001ee4d000 Uncommon trap: reason=null_check action=make_not_entrant pc=0x00000000037b1194 method=java.util.Objects.equals(Ljava/lang/Object;Ljava/lang/Object;)Z @ 11
Event: 11.407 Thread 0x000000001ee51800 Uncommon trap: reason=class_check action=maybe_recompile pc=0x00000000032dc0c4 method=java.util.AbstractList$Itr.next()Ljava/lang/Object; @ 14
Event: 11.412 Thread 0x000000001c54e800 Uncommon trap: reason=unstable_if action=reinterpret pc=0x0000000003babd6c method=sun.java2d.SunGraphics2D.validateColor()V @ 38

Internal exceptions (10 events):
Event: 1.108 Thread 0x000000001c39c800 Implicit null exception at 0x0000000002f921d6 to 0x0000000002f9250d
Event: 1.108 Thread 0x000000001c39c800 Implicit null exception at 0x0000000002f40a96 to 0x0000000002f40dbd
Event: 1.109 Thread 0x000000001c39c800 Exception <a 'java/lang/ClassNotFoundException': sun/net/www/content/content/unknown> (0x00000000d7e8d548) thrown at [C:\re\workspace\8-2-build-windows-amd64-cygwin\jdk8u91\7017\hotspot\src\share\vm\classfile\systemDictionary.cpp, line 210]
Event: 1.687 Thread 0x000000001c39c800 Exception <a 'java/io/FileNotFoundException'> (0x00000000d6480a30) thrown at [C:\re\workspace\8-2-build-windows-amd64-cygwin\jdk8u91\7017\hotspot\src\share\vm\prims\jni.cpp, line 709]
Event: 3.043 Thread 0x000000001c54e800 Implicit null exception at 0x000000000362bc19 to 0x000000000362bced
Event: 4.647 Thread 0x000000001ee50800 Implicit null exception at 0x0000000003a97cd4 to 0x0000000003a99029
Event: 8.008 Thread 0x000000001c54e800 Exception <a 'net/sf/clipsrules/jni/CLIPSError'> (0x00000000d6edd4e8) thrown at [C:\re\workspace\8-2-build-windows-amd64-cygwin\jdk8u91\7017\hotspot\src\share\vm\prims\jni.cpp, line 709]
Event: 8.010 Thread 0x000000001c54e800 Exception <a 'net/sf/clipsrules/jni/CLIPSError'> (0x00000000d6eec128) thrown at [C:\re\workspace\8-2-build-windows-amd64-cygwin\jdk8u91\7017\hotspot\src\share\vm\prims\jni.cpp, line 709]
Event: 8.012 Thread 0x000000001c54e800 Exception <a 'net/sf/clipsrules/jni/CLIPSError'> (0x00000000d6efe5a8) thrown at [C:\re\workspace\8-2-build-windows-amd64-cygwin\jdk8u91\7017\hotspot\src\share\vm\prims\jni.cpp, line 709]
Event: 10.025 Thread 0x000000001ee4d000 Implicit null exception at 0x00000000037b0027 to 0x00000000037b1185

Events (10 events):
Event: 12.884 Executing VM operation: RevokeBias
Event: 12.884 Executing VM operation: RevokeBias done
Event: 12.884 Executing VM operation: BulkRevokeBias
Event: 12.884 Executing VM operation: BulkRevokeBias done
Event: 12.993 Executing VM operation: ParallelGCFailedAllocation
Event: 12.996 Executing VM operation: ParallelGCFailedAllocation done
Event: 13.103 Executing VM operation: ParallelGCFailedAllocation
Event: 13.106 Executing VM operation: ParallelGCFailedAllocation done
Event: 13.212 Executing VM operation: ParallelGCFailedAllocation
Event: 13.215 Executing VM operation: ParallelGCFailedAllocation done


Dynamic libraries:
0x0000000000400000 - 0x000000000043a000 	C:\Program Files\NetBeans 8.1\platform\lib\nbexec64.exe
0x00007ffcf5d10000 - 0x00007ffcf5ed1000 	C:\WINDOWS\SYSTEM32\ntdll.dll
0x00007ffcf4e30000 - 0x00007ffcf4edd000 	C:\WINDOWS\system32\KERNEL32.DLL
0x00007ffcf2dc0000 - 0x00007ffcf2fa8000 	C:\WINDOWS\system32\KERNELBASE.dll
0x00007ffcf3260000 - 0x00007ffcf3307000 	C:\WINDOWS\system32\ADVAPI32.dll
0x00007ffcf4ce0000 - 0x00007ffcf4d7d000 	C:\WINDOWS\system32\msvcrt.dll
0x00007ffcf51a0000 - 0x00007ffcf51fb000 	C:\WINDOWS\system32\sechost.dll
0x00007ffcf4bc0000 - 0x00007ffcf4cdc000 	C:\WINDOWS\system32\RPCRT4.dll
0x00007ffcf5040000 - 0x00007ffcf5196000 	C:\WINDOWS\system32\USER32.dll
0x00007ffcf54e0000 - 0x00007ffcf5666000 	C:\WINDOWS\system32\GDI32.dll
0x00007ffcf5cd0000 - 0x00007ffcf5d0b000 	C:\WINDOWS\system32\IMM32.DLL
0x00007ffcf2220000 - 0x00007ffcf2251000 	C:\windows\system32\nvinitx.dll
0x00007ffcf2210000 - 0x00007ffcf221a000 	C:\WINDOWS\SYSTEM32\VERSION.dll
0x00000000500e0000 - 0x0000000050594000 	C:\Program Files\NetBeans 8.1\platform\lib\nbexec64.dll
0x0000000077760000 - 0x0000000077ff3000 	C:\Program Files\Java\jdk1.8.0_91\jre\bin\server\jvm.dll
0x00007ffcf4bb0000 - 0x00007ffcf4bb8000 	C:\WINDOWS\system32\PSAPI.DLL
0x0000000050770000 - 0x0000000050842000 	C:\Program Files\Java\jdk1.8.0_91\jre\bin\MSVCR100.dll
0x00007ffcf0b50000 - 0x00007ffcf0b73000 	C:\WINDOWS\SYSTEM32\WINMM.dll
0x00007ffce3520000 - 0x00007ffce3529000 	C:\WINDOWS\SYSTEM32\WSOCK32.dll
0x00007ffcf4b40000 - 0x00007ffcf4bab000 	C:\WINDOWS\system32\WS2_32.dll
0x0000000000640000 - 0x000000000066c000 	C:\WINDOWS\SYSTEM32\WINMMBASE.dll
0x00007ffcf2fb0000 - 0x00007ffcf2ff3000 	C:\WINDOWS\system32\cfgmgr32.dll
0x0000000050730000 - 0x0000000050769000 	C:\Program Files\Java\jdk1.8.0_91\jre\bin\splashscreen.dll
0x00007ffcf0e40000 - 0x00007ffcf0ed6000 	C:\WINDOWS\system32\uxtheme.dll
0x00007ffcf5200000 - 0x00007ffcf547d000 	C:\WINDOWS\system32\combase.dll
0x00007ffcf2480000 - 0x00007ffcf24ea000 	C:\WINDOWS\system32\bcryptPrimitives.dll
0x0000000050cb0000 - 0x0000000050cbf000 	C:\Program Files\Java\jdk1.8.0_91\jre\bin\verify.dll
0x0000000050700000 - 0x0000000050729000 	C:\Program Files\Java\jdk1.8.0_91\jre\bin\java.dll
0x00007ffcf4ee0000 - 0x00007ffcf503a000 	C:\WINDOWS\system32\MSCTF.dll
0x00000000506e0000 - 0x00000000506f6000 	C:\Program Files\Java\jdk1.8.0_91\jre\bin\zip.dll
0x00007ffcf2350000 - 0x00007ffcf235f000 	C:\WINDOWS\system32\kernel.appcore.dll
0x00007ffcf3380000 - 0x00007ffcf48dc000 	C:\WINDOWS\system32\SHELL32.dll
0x00007ffcf25a0000 - 0x00007ffcf2be4000 	C:\WINDOWS\system32\windows.storage.dll
0x00007ffcf48e0000 - 0x00007ffcf4932000 	C:\WINDOWS\system32\shlwapi.dll
0x00007ffcf23c0000 - 0x00007ffcf2475000 	C:\WINDOWS\system32\shcore.dll
0x00007ffcf2360000 - 0x00007ffcf23ab000 	C:\WINDOWS\system32\powrprof.dll
0x00007ffcf2330000 - 0x00007ffcf2344000 	C:\WINDOWS\system32\profapi.dll
0x00000000506c0000 - 0x00000000506da000 	C:\Program Files\Java\jdk1.8.0_91\jre\bin\net.dll
0x00007ffcf1bb0000 - 0x00007ffcf1c0c000 	C:\WINDOWS\system32\mswsock.dll
0x00000000506a0000 - 0x00000000506b1000 	C:\Program Files\Java\jdk1.8.0_91\jre\bin\nio.dll
0x00007ffcef5b0000 - 0x00007ffcef5e8000 	C:\WINDOWS\SYSTEM32\IPHLPAPI.DLL
0x00007ffcf3370000 - 0x00007ffcf3378000 	C:\WINDOWS\system32\NSI.dll
0x00007ffceae60000 - 0x00007ffceae76000 	C:\WINDOWS\SYSTEM32\dhcpcsvc6.DLL
0x00007ffceaa80000 - 0x00007ffceaa9a000 	C:\WINDOWS\SYSTEM32\dhcpcsvc.DLL
0x00000000775c0000 - 0x0000000077758000 	C:\Program Files\Java\jdk1.8.0_91\jre\bin\awt.dll
0x00007ffcf4a70000 - 0x00007ffcf4b31000 	C:\WINDOWS\system32\OLEAUT32.dll
0x00007ffcf0a70000 - 0x00007ffcf0ae9000 	C:\WINDOWS\system32\apphelp.dll
0x00007ffcf1c60000 - 0x00007ffcf1c77000 	C:\WINDOWS\SYSTEM32\CRYPTSP.dll
0x00007ffcf18f0000 - 0x00007ffcf1924000 	C:\WINDOWS\system32\rsaenh.dll
0x00007ffcf2260000 - 0x00007ffcf2289000 	C:\WINDOWS\SYSTEM32\bcrypt.dll
0x00007ffcf1a40000 - 0x00007ffcf1a5f000 	C:\WINDOWS\SYSTEM32\USERENV.dll
0x00007ffcf1d80000 - 0x00007ffcf1d8b000 	C:\WINDOWS\SYSTEM32\CRYPTBASE.dll
0x00007ffcefa00000 - 0x00007ffcefa22000 	C:\WINDOWS\system32\DWMAPI.DLL
0x00007ffce2e90000 - 0x00007ffce2ea6000 	C:\WINDOWS\system32\napinsp.dll
0x00007ffce35a0000 - 0x00007ffce35ba000 	C:\WINDOWS\system32\pnrpnsp.dll
0x00007ffceb9d0000 - 0x00007ffceb9e8000 	C:\WINDOWS\system32\NLAapi.dll
0x00007ffcf0c40000 - 0x00007ffcf0cea000 	C:\WINDOWS\SYSTEM32\DNSAPI.dll
0x00007ffce35c0000 - 0x00007ffce35cd000 	C:\WINDOWS\System32\winrnr.dll
0x00007ffce7260000 - 0x00007ffce726a000 	C:\Windows\System32\rasadhlp.dll
0x00007ffceb240000 - 0x00007ffceb2a7000 	C:\WINDOWS\System32\fwpuclnt.dll
0x00007ffce1a50000 - 0x00007ffce1cc4000 	C:\WINDOWS\WinSxS\amd64_microsoft.windows.common-controls_6595b64144ccf1df_6.0.10586.0_none_8c15ae12515e1c22\COMCTL32.dll
0x00007ffcf3110000 - 0x00007ffcf3253000 	C:\WINDOWS\system32\ole32.dll
0x0000000050650000 - 0x0000000050697000 	C:\Program Files\Java\jdk1.8.0_91\jre\bin\fontmanager.dll
0x0000000050600000 - 0x0000000050642000 	C:\Program Files\Java\jdk1.8.0_91\jre\bin\t2k.dll
0x0000000180000000 - 0x0000000180038000 	C:\Program Files\NetBeans 8.1\platform\modules\lib\amd64\jnidispatch-410.dll
0x00007ffcef100000 - 0x00007ffcef1c8000 	C:\WINDOWS\SYSTEM32\winhttp.dll
0x00007ffcd4e10000 - 0x00007ffcd4f7a000 	C:\Windows\System32\CLIPSJNI2.dll
0x00007ffcf4d80000 - 0x00007ffcf4e27000 	C:\WINDOWS\system32\clbcatq.dll
0x00007ffced010000 - 0x00007ffced1c1000 	C:\WINDOWS\SYSTEM32\WindowsCodecs.dll
0x00007ffcde790000 - 0x00007ffcde7da000 	C:\WINDOWS\system32\dataexchange.dll
0x00007ffcee4e0000 - 0x00007ffcee788000 	C:\WINDOWS\system32\d3d11.dll
0x00007ffcf0610000 - 0x00007ffcf06f3000 	C:\WINDOWS\system32\dcomp.dll
0x00007ffcef040000 - 0x00007ffcef0e2000 	C:\WINDOWS\system32\dxgi.dll
0x00007ffcf0d40000 - 0x00007ffcf0e40000 	C:\WINDOWS\system32\twinapi.appcore.dll
0x00007ffce86c0000 - 0x00007ffce876a000 	C:\WINDOWS\WinSxS\amd64_microsoft.windows.common-controls_6595b64144ccf1df_5.82.10586.0_none_396e892957c7fb25\comctl32.dll
0x00007ffcefbe0000 - 0x00007ffcefd66000 	C:\WINDOWS\system32\propsys.dll
0x00007ffcd90f0000 - 0x00007ffcd9217000 	C:\WINDOWS\system32\NetworkExplorer.dll
0x00007ffcefef0000 - 0x00007ffcf0383000 	C:\Windows\System32\ActXPrxy.dll
0x00007ffcdbb70000 - 0x00007ffcdbbbd000 	C:\Windows\System32\thumbcache.dll
0x00007ffce36c0000 - 0x00007ffce36db000 	C:\WINDOWS\SYSTEM32\MPR.dll
0x00007ffce3ba0000 - 0x00007ffce3bab000 	C:\WINDOWS\System32\drprov.dll
0x00007ffcf2110000 - 0x00007ffcf2166000 	C:\WINDOWS\System32\WINSTA.dll
0x00007ffccc790000 - 0x00007ffccc7a6000 	C:\WINDOWS\System32\ntlanman.dll
0x00007ffccc570000 - 0x00007ffccc590000 	C:\WINDOWS\System32\davclnt.dll
0x00007ffce8c80000 - 0x00007ffce8c8c000 	C:\WINDOWS\System32\DAVHLPR.dll
0x00007ffceb120000 - 0x00007ffceb136000 	C:\WINDOWS\System32\wkscli.dll
0x00007ffce49f0000 - 0x00007ffce4a02000 	C:\WINDOWS\SYSTEM32\cscapi.dll
0x00007ffcf16f0000 - 0x00007ffcf16fc000 	C:\WINDOWS\System32\netutils.dll
0x00007ffcea6e0000 - 0x00007ffcea75f000 	C:\Windows\System32\dlnashext.dll
0x00007ffcd8ca0000 - 0x00007ffcd8d14000 	C:\Windows\System32\PlayToDevice.dll
0x00007ffce9250000 - 0x00007ffce926f000 	C:\Windows\System32\DevDispItemProvider.dll
0x00007ffceb630000 - 0x00007ffceb6a0000 	C:\WINDOWS\System32\MMDevApi.dll
0x00007ffcf0d10000 - 0x00007ffcf0d37000 	C:\WINDOWS\System32\DEVOBJ.dll
0x00007ffcd46f0000 - 0x00007ffcd48f3000 	C:\WINDOWS\system32\wpdshext.dll
0x00007ffce8400000 - 0x00007ffce85a8000 	C:\WINDOWS\WinSxS\amd64_microsoft.windows.gdiplus_6595b64144ccf1df_1.1.10586.20_none_db007f1392e69ef4\gdiplus.dll
0x00007ffcefae0000 - 0x00007ffcefb81000 	C:\Windows\System32\PortableDeviceApi.dll
0x00007ffcf5680000 - 0x00007ffcf5aa9000 	C:\WINDOWS\system32\SETUPAPI.dll
0x00007ffcf3000000 - 0x00007ffcf3055000 	C:\WINDOWS\system32\WINTRUST.dll
0x00007ffcf23b0000 - 0x00007ffcf23c0000 	C:\WINDOWS\system32\MSASN1.dll
0x00007ffcf2bf0000 - 0x00007ffcf2db8000 	C:\WINDOWS\system32\CRYPT32.dll
0x00007ffce8b30000 - 0x00007ffce8b67000 	C:\Windows\System32\EhStorShell.dll
0x00007ffce03f0000 - 0x00007ffce0416000 	C:\Windows\System32\EhStorAPI.dll
0x00007ffcf04f0000 - 0x00007ffcf0503000 	C:\Windows\System32\WTSAPI32.dll
0x00007ffce3b20000 - 0x00007ffce3b2d000 	C:\WINDOWS\SYSTEM32\LINKINFO.dll
0x00007ffcf1f60000 - 0x00007ffcf1f8d000 	C:\WINDOWS\SYSTEM32\SspiCli.dll
0x00000000505f0000 - 0x00000000505fd000 	C:\Program Files\Java\jdk1.8.0_91\jre\bin\management.dll
0x00007ffcec0c0000 - 0x00007ffcec24c000 	C:\WINDOWS\SYSTEM32\dbghelp.dll

VM Arguments:
jvm_args: -Dnetbeans.logger.console=true -ea -Djdk.home=C:\Program Files\Java\jdk1.8.0_91 -splash:C:\Users\Miki\Documents\NetBeansProjects\ClipsMonitor-master\build\testuserdir\var\cache\splash.png -Dnetbeans.home=C:\Program Files\NetBeans 8.1\platform -Dnetbeans.user=C:\Users\Miki\Documents\NetBeansProjects\ClipsMonitor-master\build\testuserdir -Dnetbeans.default_userdir_root= -XX:+HeapDumpOnOutOfMemoryError -XX:HeapDumpPath=C:\Users\Miki\Documents\NetBeansProjects\ClipsMonitor-master\build\testuserdir\var\log\heapdump.hprof -Dsun.awt.keepWorkingSetOnMinimize=true -Dnetbeans.dirs=C:\Users\Miki\Documents\NetBeansProjects\ClipsMonitor-master\build\cluster;C:\Program Files\NetBeans 8.1\platform exit 
java_command: <unknown>
java_class_path (initial): C:\Program Files\NetBeans 8.1\platform\lib\boot.jar;C:\Program Files\NetBeans 8.1\platform\lib\org-openide-modules.jar;C:\Program Files\NetBeans 8.1\platform\lib\org-openide-util-lookup.jar;C:\Program Files\NetBeans 8.1\platform\lib\org-openide-util-ui.jar;C:\Program Files\NetBeans 8.1\platform\lib\org-openide-util.jar;C:\Program Files\NetBeans 8.1\platform\lib\locale\boot_ja.jar;C:\Program Files\NetBeans 8.1\platform\lib\locale\boot_pt_BR.jar;C:\Program Files\NetBeans 8.1\platform\lib\locale\boot_ru.jar;C:\Program Files\NetBeans 8.1\platform\lib\locale\boot_zh_CN.jar;C:\Program Files\NetBeans 8.1\platform\lib\locale\org-openide-modules_ja.jar;C:\Program Files\NetBeans 8.1\platform\lib\locale\org-openide-modules_pt_BR.jar;C:\Program Files\NetBeans 8.1\platform\lib\locale\org-openide-modules_ru.jar;C:\Program Files\NetBeans 8.1\platform\lib\locale\org-openide-modules_zh_CN.jar;C:\Program Files\NetBeans 8.1\platform\lib\locale\org-openide-util-lookup_ja.jar;C:\Program Files\NetBeans 8.1\platform\lib\locale\org-openide-util-lookup_pt_BR.jar;C:\Program Files\NetBeans 8.1\platform\lib\locale\org-openide-util-lookup_ru.jar;C:\Program Files\NetBeans 8.1\platform\lib\locale\org-openide-util-lookup_zh_CN.jar;C:\Program Files\NetBeans 8.1\platform\lib\locale\org-openide-util-ui_ja.jar;C:\Program Files\NetBeans 8.1\platform\lib\locale\org-openide-util-ui_pt_BR.jar;C:\Program Files\NetBeans 8.1\platform\lib\locale\org-openide-util-ui_ru.jar;C:\Program Files\NetBeans 8.1\platform\lib\locale\org-openide-util-ui_zh_CN.jar;C:\Program Files\NetBeans 8.1\platform\lib\locale\org-openide-util_ja.jar;C:\Program Files\NetBeans 8.1\platform\lib\locale\org-openide-util_pt_BR.jar;C:\Program Files\NetBeans 8.1\platform\lib\locale\org-openide-util_ru.jar;C:\Program Files\NetBeans 8.1\platform\lib\locale\org-openide-util_zh_CN.jar;C:\Program Files\Java\jdk1.8.0_91\lib\dt.jar;C:\Program Files\Java\jdk1.8.0_91\lib\tools.jar
Launcher Type: generic

Environment Variables:
CLASSPATH=C:\Users\Miki\Documents\junit-4.10.jar;
PATH=C:\Program Files (x86)\Intel\iCLS Client\;C:\Program Files\Intel\iCLS Client\;C:\ProgramData\Oracle\Java\javapath;C:\Program Files\Java\jdk1.8.0_91\bin;C:\Program Files (x86)\NVIDIA Corporation\PhysX\Common;C:\WINDOWS\system32;C:\WINDOWS;C:\WINDOWS\System32\Wbem;C:\WINDOWS\System32\WindowsPowerShell\v1.0\;C:\Program Files\Intel\WiFi\bin\;C:\Program Files\Common Files\Intel\WirelessCommon\;C:\Program Files\MATLAB\MATLAB Production Server\R2015a\bin;C:\Program Files (x86)\GtkSharp\2.12\bin;C:\Program Files (x86)\Skype\Phone\;C:\Program Files (x86)\Intel\Intel(R) Management Engine Components\DAL;C:\Program Files\Intel\Intel(R) Management Engine Components\DAL;C:\Program Files (x86)\Intel\Intel(R) Management Engine Components\IPT;C:\Program Files\Intel\Intel(R) Management Engine Components\IPT;C:\Program Files\Intel\WiFi\bin\;C:\Program Files\Common Files\Intel\WirelessCommon\;C:\Users\Miki\AppData\Local\atom\bin
USERNAME=Miki
OS=Windows_NT
PROCESSOR_IDENTIFIER=Intel64 Family 6 Model 58 Stepping 9, GenuineIntel



---------------  S Y S T E M  ---------------

OS: Windows 10.0 , 64 bit Build 10586 (10.0.10586.0)

CPU:total 8 (4 cores per cpu, 2 threads per core) family 6 model 58 stepping 9, cmov, cx8, fxsr, mmx, sse, sse2, sse3, ssse3, sse4.1, sse4.2, popcnt, avx, aes, clmul, erms, ht, tsc, tscinvbit, tscinv

Memory: 4k page, physical 8240660k(2700056k free), swap 10518480k(2609784k free)

vm_info: Java HotSpot(TM) 64-Bit Server VM (25.91-b15) for windows-amd64 JRE (1.8.0_91-b15), built on May 20 2016 17:43:15 by "java_re" with MS VC++ 10.0 (VS2010)

time: Mon Jun 20 11:51:43 2016
elapsed time: 13 seconds (0d 0h 0m 13s)

