#
# A fatal error has been detected by the Java Runtime Environment:
#
#  EXCEPTION_ACCESS_VIOLATION (0xc0000005) at pc=0x00007ffcd1920343, pid=13068, tid=12308
#
# JRE version: Java(TM) SE Runtime Environment (8.0_91-b15) (build 1.8.0_91-b15)
# Java VM: Java HotSpot(TM) 64-Bit Server VM (25.91-b15 mixed mode windows-amd64 compressed oops)
# Problematic frame:
# C  [CLIPSJNI2.dll+0x110343]
#
# Failed to write core dump. Minidumps are not enabled by default on client versions of Windows
#
# If you would like to submit a bug report, please visit:
#   http://bugreport.java.com/bugreport/crash.jsp
# The crash happened outside the Java Virtual Machine in native code.
# See problematic frame for where to report the bug.
#

---------------  T H R E A D  ---------------

Current thread (0x000000001eb8a800):  JavaThread "Thread-3" [_thread_in_native, id=12308, stack(0x0000000027200000,0x0000000027400000)]

siginfo: ExceptionCode=0xc0000005, reading address 0x0000000000000000

Registers:
RAX=0x72656e6567666564, RBX=0x00000000210d12a0, RCX=0x00007ffcd195d600, RDX=0xffff80032e6a2a00
RSP=0x00000000273fedc8, RBP=0x00000000273ff1f0, RSI=0x0000000084122a68, RDI=0x0000000082c694f8
R8 =0x000000000071e470, R9 =0xfefefefefefeff72, R10=0xfefefefefefefeff, R11=0x8080808080808080
R12=0x0000000000000000, R13=0x00000000273ff260, R14=0x0000000000000000, R15=0x000000001eb8a800
RIP=0x00007ffcd1920343, EFLAGS=0x0000000000010293

Top of Stack: (sp=0x00000000273fedc8)
0x00000000273fedc8:   00007ffcd190a4ea 00007ffcd195d600
0x00000000273fedd8:   000000000000f847 000000001eb8a800
0x00000000273fede8:   000000007789e708 0000000000e24f40
0x00000000273fedf8:   00007ffcd18ab78c 000000000000f81e
0x00000000273fee08:   0000000025ad8110 0000000000000000
0x00000000273fee18:   00000000773dcd55 0000000000000000
0x00000000273fee28:   0000000025b731e0 0000000084122a68
0x00000000273fee38:   00007ffcd18ab632 000000000075b850
0x00000000273fee48:   00007ffcd195d600 00000000210d12a0
0x00000000273fee58:   00007ffcd19068a6 000000001e8a5390
0x00000000273fee68:   00007ffcd19065c6 0000000025b2b300
0x00000000273fee78:   000000001eb8a9f8 000000000075b8a0
0x00000000273fee88:   00000000007a3c00 5319d79c00000009
0x00000000273fee98:   00007ffcd19067e1 5319d79c00000009
0x00000000273feea8:   00007ffcd18342fa 000000000075b850
0x00000000273feeb8:   00007ffcd195d600 0000000000000000 

Instructions: (pc=0x00007ffcd1920343)
0x00007ffcd1920323:   80 80 80 49 ba ff fe fe fe fe fe fe fe 67 8d 04
0x00007ffcd1920333:   11 25 ff 0f 00 00 3d f8 0f 00 00 77 c8 48 8b 01
0x00007ffcd1920343:   48 3b 04 11 75 bf 4d 8d 0c 02 48 f7 d0 48 83 c1
0x00007ffcd1920353:   08 49 23 c1 49 85 c3 74 d4 33 c0 c3 48 1b c0 48 


Register to memory mapping:

RAX=0x72656e6567666564 is an unknown value
RBX={method} {0x00000000210d12a8} 'eval' '(Ljava/lang/String;)Lnet/sf/clipsrules/jni/PrimitiveValue;' in 'net/sf/clipsrules/jni/Environment'
RCX=0x00007ffcd195d600 is an unknown value
RDX=0xffff80032e6a2a00 is an unknown value
RSP=0x00000000273fedc8 is pointing into the stack for thread: 0x000000001eb8a800
RBP=0x00000000273ff1f0 is pointing into the stack for thread: 0x000000001eb8a800
RSI=0x0000000084122a68 is an oop
java.lang.String 
 - klass: 'java/lang/String'
RDI=0x0000000082c694f8 is an oop
net.sf.clipsrules.jni.Environment 
 - klass: 'net/sf/clipsrules/jni/Environment'
R8 =0x000000000071e470 is an unknown value
R9 =0xfefefefefefeff72 is an unknown value
R10=0xfefefefefefefeff is an unknown value
R11=0x8080808080808080 is an unknown value
R12=0x0000000000000000 is an unknown value
R13=0x00000000273ff260 is pointing into the stack for thread: 0x000000001eb8a800
R14=0x0000000000000000 is an unknown value
R15=0x000000001eb8a800 is a thread


Stack: [0x0000000027200000,0x0000000027400000],  sp=0x00000000273fedc8,  free space=2043k
Native frames: (J=compiled Java code, j=interpreted, Vv=VM code, C=native code)
C  [CLIPSJNI2.dll+0x110343]
C  [CLIPSJNI2.dll+0xfa4ea]
C  [CLIPSJNI2.dll+0x9b632]
C  [CLIPSJNI2.dll+0x242fa]
C  [CLIPSJNI2.dll+0x667d9]
C  [CLIPSJNI2.dll+0x45f5d]
C  [CLIPSJNI2.dll+0x45dfd]
C  [CLIPSJNI2.dll+0x46cd9]
C  [CLIPSJNI2.dll+0xf4586]
C  [CLIPSJNI2.dll+0xad4a7]
C  0x0000000003329515

Java frames: (J=compiled Java code, j=interpreted, Vv=VM code)
J 4059  net.sf.clipsrules.jni.Environment.eval(JLjava/lang/String;)Lnet/sf/clipsrules/jni/PrimitiveValue; (0 bytes) @ 0x000000000332948f [0x0000000003329440+0x4f]
J 4058 C1 net.sf.clipsrules.jni.Environment.eval(Ljava/lang/String;)Lnet/sf/clipsrules/jni/PrimitiveValue; (10 bytes) @ 0x000000000350d49c [0x000000000350d400+0x9c]
j  org.clipsmonitor.clips.ClipsCore.getFocusStack()[Ljava/lang/String;+56
j  org.clipsmonitor.core.MonitorModel.getFocusStack()[Ljava/lang/String;+4
j  org.clipsmonitor.gui.FocusTopComponent.updateFocusStack()V+4
j  org.clipsmonitor.gui.FocusTopComponent.update(Ljava/util/Observable;Ljava/lang/Object;)V+25
j  java.util.Observable.notifyObservers(Ljava/lang/Object;)V+55
j  org.clipsmonitor.core.MonitorModel.run()V+613
j  java.lang.Thread.run()V+11
v  ~StubRoutines::call_stub

---------------  P R O C E S S  ---------------

Java Threads: ( => current thread )
  0x00000000277b4800 JavaThread "Inactive RequestProcessor thread [Was:Folder Instance Processor/org.openide.loaders.FolderInstance$1R]" daemon [_thread_blocked, id=8940, stack(0x00000000287d0000,0x00000000289d0000)]
  0x000000001eb8d000 JavaThread "Image Fetcher 0" daemon [_thread_blocked, id=14216, stack(0x00000000285d0000,0x00000000287d0000)]
  0x000000001eb8b000 JavaThread "Inactive RequestProcessor thread [Was:Folder recognizer/org.openide.loaders.FolderList$ListTask]" daemon [_thread_blocked, id=5524, stack(0x0000000027400000,0x0000000027600000)]
=>0x000000001eb8a800 JavaThread "Thread-3" [_thread_in_native, id=12308, stack(0x0000000027200000,0x0000000027400000)]
  0x000000001eb8c000 JavaThread "Swing-Shell" daemon [_thread_blocked, id=988, stack(0x0000000024e00000,0x0000000025000000)]
  0x000000001eb90800 JavaThread "Flushing caches" [_thread_blocked, id=1036, stack(0x0000000021890000,0x0000000021a90000)]
  0x000000001eb90000 JavaThread "TimerQueue" daemon [_thread_blocked, id=12748, stack(0x0000000021690000,0x0000000021890000)]
  0x000000001eb89800 JavaThread "Thread-2" daemon [_thread_blocked, id=10416, stack(0x0000000021200000,0x0000000021400000)]
  0x000000001eb8d800 JavaThread "File Watcher" daemon [_thread_blocked, id=932, stack(0x0000000020ce0000,0x0000000020ee0000)]
  0x000000001eb8e800 JavaThread "Inactive RequestProcessor thread [Was:Logging Flush/org.netbeans.core.startup.logging.DispatchingHandler]" daemon [_thread_blocked, id=3460, stack(0x000000001f670000,0x000000001f870000)]
  0x000000001e3c6800 JavaThread "org.netbeans.modules.debugger.jpda.visual AWT Access Loop" daemon [_thread_blocked, id=11100, stack(0x000000001f070000,0x000000001f270000)]
  0x000000001ca2f800 JavaThread "AWT-EventQueue-0" [_thread_in_native, id=6996, stack(0x000000001dea0000,0x000000001e0a0000)]
  0x000000001ca27800 JavaThread "AWT-Windows" daemon [_thread_in_native, id=1708, stack(0x000000001dbe0000,0x000000001dde0000)]
  0x000000001ca1c800 JavaThread "AWT-Shutdown" [_thread_blocked, id=12024, stack(0x000000001d9e0000,0x000000001dbe0000)]
  0x000000001ca15000 JavaThread "Java2D Disposer" daemon [_thread_blocked, id=9824, stack(0x000000001d7e0000,0x000000001d9e0000)]
  0x000000001c99b000 JavaThread "RequestProcessor queue manager" daemon [_thread_blocked, id=8480, stack(0x000000001d3e0000,0x000000001d5e0000)]
  0x000000001c878000 JavaThread "Inactive RequestProcessor thread [Was:Folder recognizer/org.openide.loaders.FolderList$ListTask]" daemon [_thread_blocked, id=10068, stack(0x000000001cfe0000,0x000000001d1e0000)]
  0x000000001c690000 JavaThread "CLI Requests Server" daemon [_thread_in_native, id=11408, stack(0x000000001cce0000,0x000000001cee0000)]
  0x000000001c50b000 JavaThread "Active Reference Queue Daemon" daemon [_thread_blocked, id=10504, stack(0x000000001cae0000,0x000000001cce0000)]
  0x000000001915c000 JavaThread "Service Thread" daemon [_thread_blocked, id=6104, stack(0x000000001bee0000,0x000000001c0e0000)]
  0x0000000019141000 JavaThread "C1 CompilerThread3" daemon [_thread_blocked, id=11924, stack(0x000000001bce0000,0x000000001bee0000)]
  0x0000000019140800 JavaThread "C2 CompilerThread2" daemon [_thread_in_native, id=7304, stack(0x000000001bae0000,0x000000001bce0000)]
  0x000000001913f800 JavaThread "C2 CompilerThread1" daemon [_thread_blocked, id=5108, stack(0x000000001b8e0000,0x000000001bae0000)]
  0x0000000019136000 JavaThread "C2 CompilerThread0" daemon [_thread_blocked, id=13172, stack(0x000000001b6e0000,0x000000001b8e0000)]
  0x0000000019128800 JavaThread "JDWP Command Reader" daemon [_thread_in_native, id=1628, stack(0x000000001b3e0000,0x000000001b5e0000)]
  0x0000000019127800 JavaThread "JDWP Event Helper Thread" daemon [_thread_blocked, id=13960, stack(0x000000001b1e0000,0x000000001b3e0000)]
  0x000000001911b000 JavaThread "JDWP Transport Listener: dt_socket" daemon [_thread_blocked, id=5128, stack(0x000000001afe0000,0x000000001b1e0000)]
  0x000000001910a000 JavaThread "Attach Listener" daemon [_thread_blocked, id=8300, stack(0x000000001ade0000,0x000000001afe0000)]
  0x0000000019109000 JavaThread "Signal Dispatcher" daemon [_thread_blocked, id=8084, stack(0x000000001abe0000,0x000000001ade0000)]
  0x00000000190f9800 JavaThread "Finalizer" daemon [_thread_blocked, id=5864, stack(0x000000001a8e0000,0x000000001aae0000)]
  0x0000000000ec5000 JavaThread "Reference Handler" daemon [_thread_blocked, id=10168, stack(0x000000001a6e0000,0x000000001a8e0000)]
  0x00000000027ae000 JavaThread "main" [_thread_blocked, id=7964, stack(0x0000000000440000,0x0000000000640000)]

Other Threads:
  0x00000000190d0800 VMThread [stack: 0x000000001a4e0000,0x000000001a6e0000] [id=13032]
  0x00000000191f3000 WatcherThread [stack: 0x000000001c0e0000,0x000000001c2e0000] [id=12612]

VM state:not at safepoint (normal execution)

VM Mutex/Monitor currently owned by a thread: None

Heap:
 PSYoungGen      total 675328K, used 168144K [0x00000000d6180000, 0x00000000fff80000, 0x0000000100000000)
  eden space 665600K, 25% used [0x00000000d6180000,0x00000000e054bad8,0x00000000feb80000)
  from space 9728K, 4% used [0x00000000feb80000,0x00000000febe8818,0x00000000ff500000)
  to   space 9216K, 0% used [0x00000000ff680000,0x00000000ff680000,0x00000000fff80000)
 ParOldGen       total 67072K, used 47398K [0x0000000082400000, 0x0000000086580000, 0x00000000d6180000)
  object space 67072K, 70% used [0x0000000082400000,0x0000000085249b48,0x0000000086580000)
 Metaspace       used 32644K, capacity 34224K, committed 34560K, reserved 1079296K
  class space    used 4047K, capacity 4506K, committed 4608K, reserved 1048576K

Card table byte_map: [0x0000000011f70000,0x0000000012360000] byte_map_base: 0x0000000011b5e000

Marking Bits: (ParMarkBitMap*) 0x0000000077ab2f70
 Begin Bits: [0x0000000013600000, 0x0000000015570000)
 End Bits:   [0x0000000015570000, 0x00000000174e0000)

Polling page: 0x00000000001e0000

CodeCache: size=245760Kb used=14158Kb max_used=14176Kb free=231601Kb
 bounds [0x0000000002bb0000, 0x00000000039b0000, 0x0000000011bb0000]
 total_blobs=4750 nmethods=4154 adapters=513
 compilation: enabled

Compilation events (10 events):
Event: 11.334 Thread 0x0000000019141000 4903       2       javax.swing.text.View::calculateUpdateIndexes (176 bytes)
Event: 11.335 Thread 0x0000000019141000 nmethod 4903 0x0000000003976a50 code [0x0000000003976c40, 0x0000000003977068]
Event: 11.337 Thread 0x0000000019141000 4904 %     3       javax.swing.text.FlowView$FlowStrategy::layout @ 111 (188 bytes)
Event: 11.339 Thread 0x0000000019141000 nmethod 4904% 0x0000000003982750 code [0x0000000003982a00, 0x0000000003984138]
Event: 11.340 Thread 0x0000000019141000 4905       2       java.awt.Component::getLocationOnScreen_NoTreeLock (104 bytes)
Event: 11.341 Thread 0x000000001913f800 nmethod 4876 0x0000000003984c90 code [0x0000000003984e60, 0x00000000039856c8]
Event: 11.341 Thread 0x000000001913f800 4882       4       javax.swing.text.StyleContext$SmallAttributeSet::hashCode (32 bytes)
Event: 11.341 Thread 0x0000000019141000 nmethod 4905 0x0000000003007850 code [0x0000000003007a40, 0x0000000003007f08]
Event: 11.343 Thread 0x000000001913f800 nmethod 4882 0x000000000397ad90 code [0x000000000397aee0, 0x000000000397b108]
Event: 11.343 Thread 0x000000001913f800 4887       4       javax.swing.text.StyleContext$SmallAttributeSet::<init> (92 bytes)

GC Heap History (10 events):
Event: 10.644 GC heap before
{Heap before GC invocations=26 (full 1):
 PSYoungGen      total 672768K, used 663216K [0x00000000d6180000, 0x00000000ffe80000, 0x0000000100000000)
  eden space 662528K, 100% used [0x00000000d6180000,0x00000000fe880000,0x00000000fe880000)
  from space 10240K, 6% used [0x00000000ff480000,0x00000000ff52c250,0x00000000ffe80000)
  to   space 11264K, 0% used [0x00000000fe880000,0x00000000fe880000,0x00000000ff380000)
 ParOldGen       total 67072K, used 41854K [0x0000000082400000, 0x0000000086580000, 0x00000000d6180000)
  object space 67072K, 62% used [0x0000000082400000,0x0000000084cdf940,0x0000000086580000)
 Metaspace       used 32489K, capacity 34096K, committed 34304K, reserved 1079296K
  class space    used 4040K, capacity 4506K, committed 4608K, reserved 1048576K
Event: 10.650 GC heap after
Heap after GC invocations=26 (full 1):
 PSYoungGen      total 673792K, used 4521K [0x00000000d6180000, 0x0000000100000000, 0x0000000100000000)
  eden space 662528K, 0% used [0x00000000d6180000,0x00000000d6180000,0x00000000fe880000)
  from space 11264K, 40% used [0x00000000fe880000,0x00000000fecea420,0x00000000ff380000)
  to   space 11264K, 0% used [0x00000000ff500000,0x00000000ff500000,0x0000000100000000)
 ParOldGen       total 67072K, used 42288K [0x0000000082400000, 0x0000000086580000, 0x00000000d6180000)
  object space 67072K, 63% used [0x0000000082400000,0x0000000084d4c170,0x0000000086580000)
 Metaspace       used 32489K, capacity 34096K, committed 34304K, reserved 1079296K
  class space    used 4040K, capacity 4506K, committed 4608K, reserved 1048576K
}
Event: 10.838 GC heap before
{Heap before GC invocations=27 (full 1):
 PSYoungGen      total 673792K, used 667049K [0x00000000d6180000, 0x0000000100000000, 0x0000000100000000)
  eden space 662528K, 100% used [0x00000000d6180000,0x00000000fe880000,0x00000000fe880000)
  from space 11264K, 40% used [0x00000000fe880000,0x00000000fecea420,0x00000000ff380000)
  to   space 11264K, 0% used [0x00000000ff500000,0x00000000ff500000,0x0000000100000000)
 ParOldGen       total 67072K, used 42288K [0x0000000082400000, 0x0000000086580000, 0x00000000d6180000)
  object space 67072K, 63% used [0x0000000082400000,0x0000000084d4c170,0x0000000086580000)
 Metaspace       used 32574K, capacity 34160K, committed 34304K, reserved 1079296K
  class space    used 4047K, capacity 4506K, committed 4608K, reserved 1048576K
Event: 10.841 GC heap after
Heap after GC invocations=27 (full 1):
 PSYoungGen      total 674304K, used 897K [0x00000000d6180000, 0x00000000fff00000, 0x0000000100000000)
  eden space 664064K, 0% used [0x00000000d6180000,0x00000000d6180000,0x00000000fea00000)
  from space 10240K, 8% used [0x00000000ff500000,0x00000000ff5e0568,0x00000000fff00000)
  to   space 10752K, 0% used [0x00000000fea00000,0x00000000fea00000,0x00000000ff480000)
 ParOldGen       total 67072K, used 46593K [0x0000000082400000, 0x0000000086580000, 0x00000000d6180000)
  object space 67072K, 69% used [0x0000000082400000,0x0000000085180780,0x0000000086580000)
 Metaspace       used 32574K, capacity 34160K, committed 34304K, reserved 1079296K
  class space    used 4047K, capacity 4506K, committed 4608K, reserved 1048576K
}
Event: 10.958 GC heap before
{Heap before GC invocations=28 (full 1):
 PSYoungGen      total 674304K, used 664961K [0x00000000d6180000, 0x00000000fff00000, 0x0000000100000000)
  eden space 664064K, 100% used [0x00000000d6180000,0x00000000fea00000,0x00000000fea00000)
  from space 10240K, 8% used [0x00000000ff500000,0x00000000ff5e0568,0x00000000fff00000)
  to   space 10752K, 0% used [0x00000000fea00000,0x00000000fea00000,0x00000000ff480000)
 ParOldGen       total 67072K, used 46593K [0x0000000082400000, 0x0000000086580000, 0x00000000d6180000)
  object space 67072K, 69% used [0x0000000082400000,0x0000000085180780,0x0000000086580000)
 Metaspace       used 32574K, capacity 34160K, committed 34304K, reserved 1079296K
  class space    used 4047K, capacity 4506K, committed 4608K, reserved 1048576K
Event: 10.960 GC heap after
Heap after GC invocations=28 (full 1):
 PSYoungGen      total 674816K, used 242K [0x00000000d6180000, 0x00000000fff80000, 0x0000000100000000)
  eden space 664064K, 0% used [0x00000000d6180000,0x00000000d6180000,0x00000000fea00000)
  from space 10752K, 2% used [0x00000000fea00000,0x00000000fea3c878,0x00000000ff480000)
  to   space 10240K, 0% used [0x00000000ff580000,0x00000000ff580000,0x00000000fff80000)
 ParOldGen       total 67072K, used 47323K [0x0000000082400000, 0x0000000086580000, 0x00000000d6180000)
  object space 67072K, 70% used [0x0000000082400000,0x0000000085236dd0,0x0000000086580000)
 Metaspace       used 32574K, capacity 34160K, committed 34304K, reserved 1079296K
  class space    used 4047K, capacity 4506K, committed 4608K, reserved 1048576K
}
Event: 11.095 GC heap before
{Heap before GC invocations=29 (full 1):
 PSYoungGen      total 674816K, used 664306K [0x00000000d6180000, 0x00000000fff80000, 0x0000000100000000)
  eden space 664064K, 100% used [0x00000000d6180000,0x00000000fea00000,0x00000000fea00000)
  from space 10752K, 2% used [0x00000000fea00000,0x00000000fea3c878,0x00000000ff480000)
  to   space 10240K, 0% used [0x00000000ff580000,0x00000000ff580000,0x00000000fff80000)
 ParOldGen       total 67072K, used 47323K [0x0000000082400000, 0x0000000086580000, 0x00000000d6180000)
  object space 67072K, 70% used [0x0000000082400000,0x0000000085236dd0,0x0000000086580000)
 Metaspace       used 32618K, capacity 34224K, committed 34560K, reserved 1079296K
  class space    used 4047K, capacity 4506K, committed 4608K, reserved 1048576K
Event: 11.096 GC heap after
Heap after GC invocations=29 (full 1):
 PSYoungGen      total 674816K, used 268K [0x00000000d6180000, 0x00000000ffe80000, 0x0000000100000000)
  eden space 665600K, 0% used [0x00000000d6180000,0x00000000d6180000,0x00000000feb80000)
  from space 9216K, 2% used [0x00000000ff580000,0x00000000ff5c3060,0x00000000ffe80000)
  to   space 9728K, 0% used [0x00000000feb80000,0x00000000feb80000,0x00000000ff500000)
 ParOldGen       total 67072K, used 47390K [0x0000000082400000, 0x0000000086580000, 0x00000000d6180000)
  object space 67072K, 70% used [0x0000000082400000,0x0000000085247b48,0x0000000086580000)
 Metaspace       used 32618K, capacity 34224K, committed 34560K, reserved 1079296K
  class space    used 4047K, capacity 4506K, committed 4608K, reserved 1048576K
}
Event: 11.241 GC heap before
{Heap before GC invocations=30 (full 1):
 PSYoungGen      total 674816K, used 665868K [0x00000000d6180000, 0x00000000ffe80000, 0x0000000100000000)
  eden space 665600K, 100% used [0x00000000d6180000,0x00000000feb80000,0x00000000feb80000)
  from space 9216K, 2% used [0x00000000ff580000,0x00000000ff5c3060,0x00000000ffe80000)
  to   space 9728K, 0% used [0x00000000feb80000,0x00000000feb80000,0x00000000ff500000)
 ParOldGen       total 67072K, used 47390K [0x0000000082400000, 0x0000000086580000, 0x00000000d6180000)
  object space 67072K, 70% used [0x0000000082400000,0x0000000085247b48,0x0000000086580000)
 Metaspace       used 32639K, capacity 34224K, committed 34560K, reserved 1079296K
  class space    used 4047K, capacity 4506K, committed 4608K, reserved 1048576K
Event: 11.243 GC heap after
Heap after GC invocations=30 (full 1):
 PSYoungGen      total 675328K, used 418K [0x00000000d6180000, 0x00000000fff80000, 0x0000000100000000)
  eden space 665600K, 0% used [0x00000000d6180000,0x00000000d6180000,0x00000000feb80000)
  from space 9728K, 4% used [0x00000000feb80000,0x00000000febe8818,0x00000000ff500000)
  to   space 9216K, 0% used [0x00000000ff680000,0x00000000ff680000,0x00000000fff80000)
 ParOldGen       total 67072K, used 47398K [0x0000000082400000, 0x0000000086580000, 0x00000000d6180000)
  object space 67072K, 70% used [0x0000000082400000,0x0000000085249b48,0x0000000086580000)
 Metaspace       used 32639K, capacity 34224K, committed 34560K, reserved 1079296K
  class space    used 4047K, capacity 4506K, committed 4608K, reserved 1048576K
}

Deoptimization events (10 events):
Event: 10.374 Thread 0x000000001ca2f800 Uncommon trap: reason=bimorphic action=maybe_recompile pc=0x000000000350390c method=java.io.BufferedInputStream.read1([BII)I @ 39
Event: 10.378 Thread 0x000000001eb8a800 Uncommon trap: reason=unstable_if action=reinterpret pc=0x00000000030251f8 method=javax.swing.text.GapContent.createPosition(I)Ljavax/swing/text/Position; @ 7
Event: 10.393 Thread 0x000000001ca2f800 Uncommon trap: reason=unstable_if action=reinterpret pc=0x0000000002f339dc method=java.lang.Character.isHighSurrogate(C)Z @ 3
Event: 10.394 Thread 0x000000001ca2f800 Uncommon trap: reason=unstable_if action=reinterpret pc=0x0000000002f33450 method=java.lang.Character.isHighSurrogate(C)Z @ 3
Event: 10.655 Thread 0x000000001eb8a800 Uncommon trap: reason=class_check action=maybe_recompile pc=0x000000000340c984 method=java.util.regex.Pattern$Start.match(Ljava/util/regex/Matcher;ILjava/lang/CharSequence;)Z @ 44
Event: 10.656 Thread 0x000000001eb8a800 Uncommon trap: reason=unstable_if action=reinterpret pc=0x00000000031c0b0c method=java.lang.AbstractStringBuilder.append(Ljava/lang/CharSequence;)Ljava/lang/AbstractStringBuilder; @ 13
Event: 10.656 Thread 0x000000001eb8a800 Uncommon trap: reason=class_check action=maybe_recompile pc=0x000000000340c984 method=java.util.regex.Pattern$Start.match(Ljava/util/regex/Matcher;ILjava/lang/CharSequence;)Z @ 44
Event: 10.656 Thread 0x000000001eb8a800 Uncommon trap: reason=class_check action=maybe_recompile pc=0x000000000340c984 method=java.util.regex.Pattern$Start.match(Ljava/util/regex/Matcher;ILjava/lang/CharSequence;)Z @ 44
Event: 10.656 Thread 0x000000001eb8a800 Uncommon trap: reason=class_check action=maybe_recompile pc=0x000000000340c984 method=java.util.regex.Pattern$Start.match(Ljava/util/regex/Matcher;ILjava/lang/CharSequence;)Z @ 44
Event: 11.271 Thread 0x000000001eb8a800 Uncommon trap: reason=unstable_if action=reinterpret pc=0x0000000003952e0c method=javax.swing.text.StyleContext.reclaim(Ljavax/swing/text/AttributeSet;)V @ 3

Internal exceptions (10 events):
Event: 0.560 Thread 0x000000001c87b800 Exception <a 'java/io/FileNotFoundException'> (0x00000000d6ecfd30) thrown at [C:\re\workspace\8-2-build-windows-amd64-cygwin\jdk8u91\7017\hotspot\src\share\vm\prims\jni.cpp, line 709]
Event: 1.321 Thread 0x000000001c87b800 Implicit null exception at 0x0000000002dde39c to 0x0000000002dde81d
Event: 1.321 Thread 0x000000001c87b800 Implicit null exception at 0x0000000002d878d7 to 0x0000000002d87d2d
Event: 1.322 Thread 0x000000001c87b800 Exception <a 'java/lang/ClassNotFoundException': sun/net/www/content/content/unknown> (0x00000000d7f5b630) thrown at [C:\re\workspace\8-2-build-windows-amd64-cygwin\jdk8u91\7017\hotspot\src\share\vm\classfile\systemDictionary.cpp, line 210]
Event: 1.909 Thread 0x000000001c87b800 Exception <a 'java/io/FileNotFoundException'> (0x00000000d638bfb8) thrown at [C:\re\workspace\8-2-build-windows-amd64-cygwin\jdk8u91\7017\hotspot\src\share\vm\prims\jni.cpp, line 709]
Event: 3.299 Thread 0x000000001ca2f800 Implicit null exception at 0x00000000034b6659 to 0x00000000034b672d
Event: 4.119 Thread 0x000000001ca2f800 Implicit null exception at 0x000000000350d1d5 to 0x000000000350d399
Event: 8.471 Thread 0x000000001ca2f800 Exception <a 'net/sf/clipsrules/jni/CLIPSError'> (0x00000000d758d830) thrown at [C:\re\workspace\8-2-build-windows-amd64-cygwin\jdk8u91\7017\hotspot\src\share\vm\prims\jni.cpp, line 709]
Event: 8.474 Thread 0x000000001ca2f800 Exception <a 'net/sf/clipsrules/jni/CLIPSError'> (0x00000000d759c470) thrown at [C:\re\workspace\8-2-build-windows-amd64-cygwin\jdk8u91\7017\hotspot\src\share\vm\prims\jni.cpp, line 709]
Event: 8.476 Thread 0x000000001ca2f800 Exception <a 'net/sf/clipsrules/jni/CLIPSError'> (0x00000000d75ae8f0) thrown at [C:\re\workspace\8-2-build-windows-amd64-cygwin\jdk8u91\7017\hotspot\src\share\vm\prims\jni.cpp, line 709]

Events (10 events):
Event: 11.243 Executing VM operation: RevokeBias done
Event: 11.243 Executing VM operation: RevokeBias
Event: 11.243 Executing VM operation: RevokeBias done
Event: 11.243 Executing VM operation: RevokeBias
Event: 11.244 Executing VM operation: RevokeBias done
Event: 11.244 Executing VM operation: RevokeBias
Event: 11.244 Executing VM operation: RevokeBias done
Event: 11.271 Thread 0x000000001eb8a800 Uncommon trap: trap_request=0xffffff65 fr.pc=0x0000000003952e0c
Event: 11.271 Thread 0x000000001eb8a800 DEOPT PACKING pc=0x0000000003952e0c sp=0x00000000273feb60
Event: 11.271 Thread 0x000000001eb8a800 DEOPT UNPACKING pc=0x0000000002bf582a sp=0x00000000273fea10 mode 2


Dynamic libraries:
0x0000000000400000 - 0x000000000043a000 	C:\Program Files\NetBeans 8.1\platform\lib\nbexec64.exe
0x00007ffcf5d10000 - 0x00007ffcf5ed1000 	C:\WINDOWS\SYSTEM32\ntdll.dll
0x00007ffcf4e30000 - 0x00007ffcf4edd000 	C:\WINDOWS\system32\KERNEL32.DLL
0x00007ffcf2dc0000 - 0x00007ffcf2fa8000 	C:\WINDOWS\system32\KERNELBASE.dll
0x00007ffcf3260000 - 0x00007ffcf3307000 	C:\WINDOWS\system32\ADVAPI32.dll
0x00007ffcf4ce0000 - 0x00007ffcf4d7d000 	C:\WINDOWS\system32\msvcrt.dll
0x00007ffcf51a0000 - 0x00007ffcf51fb000 	C:\WINDOWS\system32\sechost.dll
0x00007ffcf4bc0000 - 0x00007ffcf4cdc000 	C:\WINDOWS\system32\RPCRT4.dll
0x00007ffcf5040000 - 0x00007ffcf5196000 	C:\WINDOWS\system32\USER32.dll
0x00007ffcf54e0000 - 0x00007ffcf5666000 	C:\WINDOWS\system32\GDI32.dll
0x00007ffcf5cd0000 - 0x00007ffcf5d0b000 	C:\WINDOWS\system32\IMM32.DLL
0x00007ffcf2220000 - 0x00007ffcf2251000 	C:\windows\system32\nvinitx.dll
0x00007ffcf2210000 - 0x00007ffcf221a000 	C:\WINDOWS\SYSTEM32\VERSION.dll
0x0000000077b40000 - 0x0000000077ff4000 	C:\Program Files\NetBeans 8.1\platform\lib\nbexec64.dll
0x00000000772a0000 - 0x0000000077b33000 	C:\Program Files\Java\jdk1.8.0_91\jre\bin\server\jvm.dll
0x00007ffcf4bb0000 - 0x00007ffcf4bb8000 	C:\WINDOWS\system32\PSAPI.DLL
0x0000000050770000 - 0x0000000050842000 	C:\Program Files\Java\jdk1.8.0_91\jre\bin\MSVCR100.dll
0x00007ffcf0b50000 - 0x00007ffcf0b73000 	C:\WINDOWS\SYSTEM32\WINMM.dll
0x00007ffce3520000 - 0x00007ffce3529000 	C:\WINDOWS\SYSTEM32\WSOCK32.dll
0x00007ffcf4b40000 - 0x00007ffcf4bab000 	C:\WINDOWS\system32\WS2_32.dll
0x00007ffcf0af0000 - 0x00007ffcf0b1c000 	C:\WINDOWS\SYSTEM32\WINMMBASE.dll
0x00007ffcf2fb0000 - 0x00007ffcf2ff3000 	C:\WINDOWS\system32\cfgmgr32.dll
0x0000000050730000 - 0x0000000050769000 	C:\Program Files\Java\jdk1.8.0_91\jre\bin\splashscreen.dll
0x00007ffcf0e40000 - 0x00007ffcf0ed6000 	C:\WINDOWS\system32\uxtheme.dll
0x00007ffcf5200000 - 0x00007ffcf547d000 	C:\WINDOWS\system32\combase.dll
0x00007ffcf2480000 - 0x00007ffcf24ea000 	C:\WINDOWS\system32\bcryptPrimitives.dll
0x0000000050cb0000 - 0x0000000050cbf000 	C:\Program Files\Java\jdk1.8.0_91\jre\bin\verify.dll
0x0000000050700000 - 0x0000000050729000 	C:\Program Files\Java\jdk1.8.0_91\jre\bin\java.dll
0x00007ffcf4ee0000 - 0x00007ffcf503a000 	C:\WINDOWS\system32\MSCTF.dll
0x0000000050060000 - 0x0000000050095000 	C:\Program Files\Java\jdk1.8.0_91\jre\bin\jdwp.dll
0x0000000050050000 - 0x0000000050058000 	C:\Program Files\Java\jdk1.8.0_91\jre\bin\npt.dll
0x00000000506e0000 - 0x00000000506f6000 	C:\Program Files\Java\jdk1.8.0_91\jre\bin\zip.dll
0x00007ffcf2350000 - 0x00007ffcf235f000 	C:\WINDOWS\system32\kernel.appcore.dll
0x00007ffcf3380000 - 0x00007ffcf48dc000 	C:\WINDOWS\system32\SHELL32.dll
0x00007ffcf25a0000 - 0x00007ffcf2be4000 	C:\WINDOWS\system32\windows.storage.dll
0x00007ffcf48e0000 - 0x00007ffcf4932000 	C:\WINDOWS\system32\shlwapi.dll
0x00007ffcf23c0000 - 0x00007ffcf2475000 	C:\WINDOWS\system32\shcore.dll
0x00007ffcf2360000 - 0x00007ffcf23ab000 	C:\WINDOWS\system32\powrprof.dll
0x00007ffcf2330000 - 0x00007ffcf2344000 	C:\WINDOWS\system32\profapi.dll
0x0000000050040000 - 0x0000000050049000 	C:\Program Files\Java\jdk1.8.0_91\jre\bin\dt_socket.dll
0x00007ffcf1bb0000 - 0x00007ffcf1c0c000 	C:\WINDOWS\system32\mswsock.dll
0x00000000506c0000 - 0x00000000506da000 	C:\Program Files\Java\jdk1.8.0_91\jre\bin\net.dll
0x00000000506a0000 - 0x00000000506b1000 	C:\Program Files\Java\jdk1.8.0_91\jre\bin\nio.dll
0x00007ffcef5b0000 - 0x00007ffcef5e8000 	C:\WINDOWS\SYSTEM32\IPHLPAPI.DLL
0x00007ffcf3370000 - 0x00007ffcf3378000 	C:\WINDOWS\system32\NSI.dll
0x00007ffceae60000 - 0x00007ffceae76000 	C:\WINDOWS\SYSTEM32\dhcpcsvc6.DLL
0x00007ffceaa80000 - 0x00007ffceaa9a000 	C:\WINDOWS\SYSTEM32\dhcpcsvc.DLL
0x00000000500d0000 - 0x0000000050268000 	C:\Program Files\Java\jdk1.8.0_91\jre\bin\awt.dll
0x00007ffcf4a70000 - 0x00007ffcf4b31000 	C:\WINDOWS\system32\OLEAUT32.dll
0x00007ffcf0a70000 - 0x00007ffcf0ae9000 	C:\WINDOWS\system32\apphelp.dll
0x00007ffcf1c60000 - 0x00007ffcf1c77000 	C:\WINDOWS\SYSTEM32\CRYPTSP.dll
0x00007ffcf18f0000 - 0x00007ffcf1924000 	C:\WINDOWS\system32\rsaenh.dll
0x00007ffcf2260000 - 0x00007ffcf2289000 	C:\WINDOWS\SYSTEM32\bcrypt.dll
0x00007ffcf1a40000 - 0x00007ffcf1a5f000 	C:\WINDOWS\SYSTEM32\USERENV.dll
0x00007ffcf1d80000 - 0x00007ffcf1d8b000 	C:\WINDOWS\SYSTEM32\CRYPTBASE.dll
0x00007ffce2e90000 - 0x00007ffce2ea6000 	C:\WINDOWS\system32\napinsp.dll
0x00007ffce35a0000 - 0x00007ffce35ba000 	C:\WINDOWS\system32\pnrpnsp.dll
0x00007ffceb9d0000 - 0x00007ffceb9e8000 	C:\WINDOWS\system32\NLAapi.dll
0x00007ffcf0c40000 - 0x00007ffcf0cea000 	C:\WINDOWS\SYSTEM32\DNSAPI.dll
0x00007ffce35c0000 - 0x00007ffce35cd000 	C:\WINDOWS\System32\winrnr.dll
0x00007ffce7260000 - 0x00007ffce726a000 	C:\Windows\System32\rasadhlp.dll
0x00007ffceb240000 - 0x00007ffceb2a7000 	C:\WINDOWS\System32\fwpuclnt.dll
0x00007ffcefa00000 - 0x00007ffcefa22000 	C:\WINDOWS\system32\DWMAPI.DLL
0x00007ffce1a50000 - 0x00007ffce1cc4000 	C:\WINDOWS\WinSxS\amd64_microsoft.windows.common-controls_6595b64144ccf1df_6.0.10586.0_none_8c15ae12515e1c22\COMCTL32.dll
0x00007ffcf3110000 - 0x00007ffcf3253000 	C:\WINDOWS\system32\ole32.dll
0x0000000050650000 - 0x0000000050697000 	C:\Program Files\Java\jdk1.8.0_91\jre\bin\fontmanager.dll
0x0000000050600000 - 0x0000000050642000 	C:\Program Files\Java\jdk1.8.0_91\jre\bin\t2k.dll
0x0000000180000000 - 0x0000000180038000 	C:\Program Files\NetBeans 8.1\platform\modules\lib\amd64\jnidispatch-410.dll
0x00007ffcef100000 - 0x00007ffcef1c8000 	C:\WINDOWS\SYSTEM32\winhttp.dll
0x00007ffcd1810000 - 0x00007ffcd197a000 	C:\Windows\System32\CLIPSJNI2.dll
0x00007ffcf4d80000 - 0x00007ffcf4e27000 	C:\WINDOWS\system32\clbcatq.dll
0x00007ffced010000 - 0x00007ffced1c1000 	C:\WINDOWS\SYSTEM32\WindowsCodecs.dll
0x00007ffcde790000 - 0x00007ffcde7da000 	C:\WINDOWS\system32\dataexchange.dll
0x00007ffcee4e0000 - 0x00007ffcee788000 	C:\WINDOWS\system32\d3d11.dll
0x00007ffcf0610000 - 0x00007ffcf06f3000 	C:\WINDOWS\system32\dcomp.dll
0x00007ffcef040000 - 0x00007ffcef0e2000 	C:\WINDOWS\system32\dxgi.dll
0x00007ffcf0d40000 - 0x00007ffcf0e40000 	C:\WINDOWS\system32\twinapi.appcore.dll
0x00007ffce86c0000 - 0x00007ffce876a000 	C:\WINDOWS\WinSxS\amd64_microsoft.windows.common-controls_6595b64144ccf1df_5.82.10586.0_none_396e892957c7fb25\comctl32.dll
0x00007ffcefbe0000 - 0x00007ffcefd66000 	C:\WINDOWS\system32\propsys.dll
0x00007ffcd90f0000 - 0x00007ffcd9217000 	C:\WINDOWS\system32\NetworkExplorer.dll
0x00007ffcefef0000 - 0x00007ffcf0383000 	C:\Windows\System32\ActXPrxy.dll
0x00007ffcdbb70000 - 0x00007ffcdbbbd000 	C:\Windows\System32\thumbcache.dll
0x00007ffce36c0000 - 0x00007ffce36db000 	C:\WINDOWS\SYSTEM32\MPR.dll
0x00007ffce3ba0000 - 0x00007ffce3bab000 	C:\WINDOWS\System32\drprov.dll
0x00007ffcf2110000 - 0x00007ffcf2166000 	C:\WINDOWS\System32\WINSTA.dll
0x00007ffccc790000 - 0x00007ffccc7a6000 	C:\WINDOWS\System32\ntlanman.dll
0x00007ffccc570000 - 0x00007ffccc590000 	C:\WINDOWS\System32\davclnt.dll
0x00007ffce8c80000 - 0x00007ffce8c8c000 	C:\WINDOWS\System32\DAVHLPR.dll
0x00007ffceb120000 - 0x00007ffceb136000 	C:\WINDOWS\System32\wkscli.dll
0x00007ffce49f0000 - 0x00007ffce4a02000 	C:\WINDOWS\SYSTEM32\cscapi.dll
0x00007ffcf16f0000 - 0x00007ffcf16fc000 	C:\WINDOWS\System32\netutils.dll
0x00007ffcea6e0000 - 0x00007ffcea75f000 	C:\Windows\System32\dlnashext.dll
0x00007ffccd440000 - 0x00007ffccd4b4000 	C:\Windows\System32\PlayToDevice.dll
0x00007ffce9250000 - 0x00007ffce926f000 	C:\Windows\System32\DevDispItemProvider.dll
0x00007ffceb630000 - 0x00007ffceb6a0000 	C:\WINDOWS\System32\MMDevApi.dll
0x00007ffcf0d10000 - 0x00007ffcf0d37000 	C:\WINDOWS\System32\DEVOBJ.dll
0x00007ffccb3b0000 - 0x00007ffccb5b3000 	C:\WINDOWS\system32\wpdshext.dll
0x00007ffce8400000 - 0x00007ffce85a8000 	C:\WINDOWS\WinSxS\amd64_microsoft.windows.gdiplus_6595b64144ccf1df_1.1.10586.20_none_db007f1392e69ef4\gdiplus.dll
0x00007ffcefae0000 - 0x00007ffcefb81000 	C:\Windows\System32\PortableDeviceApi.dll
0x00007ffcf5680000 - 0x00007ffcf5aa9000 	C:\WINDOWS\system32\SETUPAPI.dll
0x00007ffcf3000000 - 0x00007ffcf3055000 	C:\WINDOWS\system32\WINTRUST.dll
0x00007ffcf23b0000 - 0x00007ffcf23c0000 	C:\WINDOWS\system32\MSASN1.dll
0x00007ffcf2bf0000 - 0x00007ffcf2db8000 	C:\WINDOWS\system32\CRYPT32.dll
0x00007ffce8b30000 - 0x00007ffce8b67000 	C:\Windows\System32\EhStorShell.dll
0x00007ffcd8b90000 - 0x00007ffcd8bb6000 	C:\Windows\System32\EhStorAPI.dll
0x00007ffcf04f0000 - 0x00007ffcf0503000 	C:\Windows\System32\WTSAPI32.dll
0x00007ffce3b20000 - 0x00007ffce3b2d000 	C:\WINDOWS\SYSTEM32\LINKINFO.dll
0x00007ffcf1f60000 - 0x00007ffcf1f8d000 	C:\WINDOWS\SYSTEM32\SspiCli.dll
0x00000000505f0000 - 0x00000000505fd000 	C:\Program Files\Java\jdk1.8.0_91\jre\bin\management.dll
0x00007ffcec0c0000 - 0x00007ffcec24c000 	C:\WINDOWS\SYSTEM32\dbghelp.dll

VM Arguments:
jvm_args: -Dnetbeans.logger.console=true -ea -Xdebug -Xrunjdwp:transport=dt_socket,suspend=y,server=n,address=127.0.0.1:54239 -Djdk.home=C:\Program Files\Java\jdk1.8.0_91 -splash:C:\Users\Miki\Documents\NetBeansProjects\ClipsMonitor-master\build\testuserdir\var\cache\splash.png -Dnetbeans.home=C:\Program Files\NetBeans 8.1\platform -Dnetbeans.user=C:\Users\Miki\Documents\NetBeansProjects\ClipsMonitor-master\build\testuserdir -Dnetbeans.default_userdir_root= -XX:+HeapDumpOnOutOfMemoryError -XX:HeapDumpPath=C:\Users\Miki\Documents\NetBeansProjects\ClipsMonitor-master\build\testuserdir\var\log\heapdump.hprof -Dsun.awt.keepWorkingSetOnMinimize=true -Dnetbeans.dirs=C:\Users\Miki\Documents\NetBeansProjects\ClipsMonitor-master\build\cluster;C:\Program Files\NetBeans 8.1\platform exit 
java_command: <unknown>
java_class_path (initial): C:\Program Files\NetBeans 8.1\platform\lib\boot.jar;C:\Program Files\NetBeans 8.1\platform\lib\org-openide-modules.jar;C:\Program Files\NetBeans 8.1\platform\lib\org-openide-util-lookup.jar;C:\Program Files\NetBeans 8.1\platform\lib\org-openide-util-ui.jar;C:\Program Files\NetBeans 8.1\platform\lib\org-openide-util.jar;C:\Program Files\NetBeans 8.1\platform\lib\locale\boot_ja.jar;C:\Program Files\NetBeans 8.1\platform\lib\locale\boot_pt_BR.jar;C:\Program Files\NetBeans 8.1\platform\lib\locale\boot_ru.jar;C:\Program Files\NetBeans 8.1\platform\lib\locale\boot_zh_CN.jar;C:\Program Files\NetBeans 8.1\platform\lib\locale\org-openide-modules_ja.jar;C:\Program Files\NetBeans 8.1\platform\lib\locale\org-openide-modules_pt_BR.jar;C:\Program Files\NetBeans 8.1\platform\lib\locale\org-openide-modules_ru.jar;C:\Program Files\NetBeans 8.1\platform\lib\locale\org-openide-modules_zh_CN.jar;C:\Program Files\NetBeans 8.1\platform\lib\locale\org-openide-util-lookup_ja.jar;C:\Program Files\NetBeans 8.1\platform\lib\locale\org-openide-util-lookup_pt_BR.jar;C:\Program Files\NetBeans 8.1\platform\lib\locale\org-openide-util-lookup_ru.jar;C:\Program Files\NetBeans 8.1\platform\lib\locale\org-openide-util-lookup_zh_CN.jar;C:\Program Files\NetBeans 8.1\platform\lib\locale\org-openide-util-ui_ja.jar;C:\Program Files\NetBeans 8.1\platform\lib\locale\org-openide-util-ui_pt_BR.jar;C:\Program Files\NetBeans 8.1\platform\lib\locale\org-openide-util-ui_ru.jar;C:\Program Files\NetBeans 8.1\platform\lib\locale\org-openide-util-ui_zh_CN.jar;C:\Program Files\NetBeans 8.1\platform\lib\locale\org-openide-util_ja.jar;C:\Program Files\NetBeans 8.1\platform\lib\locale\org-openide-util_pt_BR.jar;C:\Program Files\NetBeans 8.1\platform\lib\locale\org-openide-util_ru.jar;C:\Program Files\NetBeans 8.1\platform\lib\locale\org-openide-util_zh_CN.jar;C:\Program Files\Java\jdk1.8.0_91\lib\dt.jar;C:\Program Files\Java\jdk1.8.0_91\lib\tools.jar
Launcher Type: generic

Environment Variables:
CLASSPATH=C:\Users\Miki\Documents\junit-4.10.jar;
PATH=C:\Program Files (x86)\Intel\iCLS Client\;C:\Program Files\Intel\iCLS Client\;C:\ProgramData\Oracle\Java\javapath;C:\Program Files\Java\jdk1.8.0_91\bin;C:\Program Files (x86)\NVIDIA Corporation\PhysX\Common;C:\WINDOWS\system32;C:\WINDOWS;C:\WINDOWS\System32\Wbem;C:\WINDOWS\System32\WindowsPowerShell\v1.0\;C:\Program Files\Intel\WiFi\bin\;C:\Program Files\Common Files\Intel\WirelessCommon\;C:\Program Files\MATLAB\MATLAB Production Server\R2015a\bin;C:\Program Files (x86)\GtkSharp\2.12\bin;C:\Program Files (x86)\Skype\Phone\;C:\Program Files (x86)\Intel\Intel(R) Management Engine Components\DAL;C:\Program Files\Intel\Intel(R) Management Engine Components\DAL;C:\Program Files (x86)\Intel\Intel(R) Management Engine Components\IPT;C:\Program Files\Intel\Intel(R) Management Engine Components\IPT;C:\Program Files\Intel\WiFi\bin\;C:\Program Files\Common Files\Intel\WirelessCommon\;C:\Users\Miki\AppData\Local\atom\bin
USERNAME=Miki
OS=Windows_NT
PROCESSOR_IDENTIFIER=Intel64 Family 6 Model 58 Stepping 9, GenuineIntel



---------------  S Y S T E M  ---------------

OS: Windows 10.0 , 64 bit Build 10586 (10.0.10586.0)

CPU:total 8 (4 cores per cpu, 2 threads per core) family 6 model 58 stepping 9, cmov, cx8, fxsr, mmx, sse, sse2, sse3, ssse3, sse4.1, sse4.2, popcnt, avx, aes, clmul, erms, ht, tsc, tscinvbit, tscinv

Memory: 4k page, physical 8240660k(2145472k free), swap 10755772k(1699400k free)

vm_info: Java HotSpot(TM) 64-Bit Server VM (25.91-b15) for windows-amd64 JRE (1.8.0_91-b15), built on May 20 2016 17:43:15 by "java_re" with MS VC++ 10.0 (VS2010)

time: Mon Jun 20 00:57:33 2016
elapsed time: 11 seconds (0d 0h 0m 11s)

